<?xml version="1.0" encoding="UTF-8"?>
<testsuites>
  <testsuite name="" tests="675" assertions="675" errors="0" warnings="0" failures="0" skipped="0" time="150.881042">
    <testsuite name="Wallet Bench Suite" tests="675" assertions="675" errors="0" warnings="0" failures="0" skipped="0" time="150.881042">
      <testsuite name="Bavix\WalletBench\Test\Units\CartTest" file="/Users/babichev/projects/laravel-wallet-benchmark/tests/Units/CartTest.php" tests="50" assertions="50" errors="0" warnings="0" failures="0" skipped="0" time="101.578131">
        <testsuite name="Bavix\WalletBench\Test\Units\CartTest::testPay" tests="25" assertions="25" errors="0" warnings="0" failures="0" skipped="0" time="48.218739">
          <testcase name="testPay" class="Bavix\WalletBench\Test\Units\CartTest" classname="Bavix.WalletBench.Test.Units.CartTest" file="/Users/babichev/projects/laravel-wallet-benchmark/tests/Units/CartTest.php" line="20" assertions="1" time="2.400178"/>
          <testcase name="testPay" class="Bavix\WalletBench\Test\Units\CartTest" classname="Bavix.WalletBench.Test.Units.CartTest" file="/Users/babichev/projects/laravel-wallet-benchmark/tests/Units/CartTest.php" line="20" assertions="1" time="1.896313"/>
          <testcase name="testPay" class="Bavix\WalletBench\Test\Units\CartTest" classname="Bavix.WalletBench.Test.Units.CartTest" file="/Users/babichev/projects/laravel-wallet-benchmark/tests/Units/CartTest.php" line="20" assertions="1" time="1.919939"/>
          <testcase name="testPay" class="Bavix\WalletBench\Test\Units\CartTest" classname="Bavix.WalletBench.Test.Units.CartTest" file="/Users/babichev/projects/laravel-wallet-benchmark/tests/Units/CartTest.php" line="20" assertions="1" time="1.909819"/>
          <testcase name="testPay" class="Bavix\WalletBench\Test\Units\CartTest" classname="Bavix.WalletBench.Test.Units.CartTest" file="/Users/babichev/projects/laravel-wallet-benchmark/tests/Units/CartTest.php" line="20" assertions="1" time="1.929440"/>
          <testcase name="testPay" class="Bavix\WalletBench\Test\Units\CartTest" classname="Bavix.WalletBench.Test.Units.CartTest" file="/Users/babichev/projects/laravel-wallet-benchmark/tests/Units/CartTest.php" line="20" assertions="1" time="1.917569"/>
          <testcase name="testPay" class="Bavix\WalletBench\Test\Units\CartTest" classname="Bavix.WalletBench.Test.Units.CartTest" file="/Users/babichev/projects/laravel-wallet-benchmark/tests/Units/CartTest.php" line="20" assertions="1" time="1.908595"/>
          <testcase name="testPay" class="Bavix\WalletBench\Test\Units\CartTest" classname="Bavix.WalletBench.Test.Units.CartTest" file="/Users/babichev/projects/laravel-wallet-benchmark/tests/Units/CartTest.php" line="20" assertions="1" time="1.907587"/>
          <testcase name="testPay" class="Bavix\WalletBench\Test\Units\CartTest" classname="Bavix.WalletBench.Test.Units.CartTest" file="/Users/babichev/projects/laravel-wallet-benchmark/tests/Units/CartTest.php" line="20" assertions="1" time="1.897223"/>
          <testcase name="testPay" class="Bavix\WalletBench\Test\Units\CartTest" classname="Bavix.WalletBench.Test.Units.CartTest" file="/Users/babichev/projects/laravel-wallet-benchmark/tests/Units/CartTest.php" line="20" assertions="1" time="1.900170"/>
          <testcase name="testPay" class="Bavix\WalletBench\Test\Units\CartTest" classname="Bavix.WalletBench.Test.Units.CartTest" file="/Users/babichev/projects/laravel-wallet-benchmark/tests/Units/CartTest.php" line="20" assertions="1" time="1.883979"/>
          <testcase name="testPay" class="Bavix\WalletBench\Test\Units\CartTest" classname="Bavix.WalletBench.Test.Units.CartTest" file="/Users/babichev/projects/laravel-wallet-benchmark/tests/Units/CartTest.php" line="20" assertions="1" time="1.895502"/>
          <testcase name="testPay" class="Bavix\WalletBench\Test\Units\CartTest" classname="Bavix.WalletBench.Test.Units.CartTest" file="/Users/babichev/projects/laravel-wallet-benchmark/tests/Units/CartTest.php" line="20" assertions="1" time="1.889981"/>
          <testcase name="testPay" class="Bavix\WalletBench\Test\Units\CartTest" classname="Bavix.WalletBench.Test.Units.CartTest" file="/Users/babichev/projects/laravel-wallet-benchmark/tests/Units/CartTest.php" line="20" assertions="1" time="1.883878"/>
          <testcase name="testPay" class="Bavix\WalletBench\Test\Units\CartTest" classname="Bavix.WalletBench.Test.Units.CartTest" file="/Users/babichev/projects/laravel-wallet-benchmark/tests/Units/CartTest.php" line="20" assertions="1" time="1.881570"/>
          <testcase name="testPay" class="Bavix\WalletBench\Test\Units\CartTest" classname="Bavix.WalletBench.Test.Units.CartTest" file="/Users/babichev/projects/laravel-wallet-benchmark/tests/Units/CartTest.php" line="20" assertions="1" time="1.893564"/>
          <testcase name="testPay" class="Bavix\WalletBench\Test\Units\CartTest" classname="Bavix.WalletBench.Test.Units.CartTest" file="/Users/babichev/projects/laravel-wallet-benchmark/tests/Units/CartTest.php" line="20" assertions="1" time="1.893685"/>
          <testcase name="testPay" class="Bavix\WalletBench\Test\Units\CartTest" classname="Bavix.WalletBench.Test.Units.CartTest" file="/Users/babichev/projects/laravel-wallet-benchmark/tests/Units/CartTest.php" line="20" assertions="1" time="1.896157"/>
          <testcase name="testPay" class="Bavix\WalletBench\Test\Units\CartTest" classname="Bavix.WalletBench.Test.Units.CartTest" file="/Users/babichev/projects/laravel-wallet-benchmark/tests/Units/CartTest.php" line="20" assertions="1" time="1.898896"/>
          <testcase name="testPay" class="Bavix\WalletBench\Test\Units\CartTest" classname="Bavix.WalletBench.Test.Units.CartTest" file="/Users/babichev/projects/laravel-wallet-benchmark/tests/Units/CartTest.php" line="20" assertions="1" time="1.892902"/>
          <testcase name="testPay" class="Bavix\WalletBench\Test\Units\CartTest" classname="Bavix.WalletBench.Test.Units.CartTest" file="/Users/babichev/projects/laravel-wallet-benchmark/tests/Units/CartTest.php" line="20" assertions="1" time="1.903545"/>
          <testcase name="testPay" class="Bavix\WalletBench\Test\Units\CartTest" classname="Bavix.WalletBench.Test.Units.CartTest" file="/Users/babichev/projects/laravel-wallet-benchmark/tests/Units/CartTest.php" line="20" assertions="1" time="1.910325"/>
          <testcase name="testPay" class="Bavix\WalletBench\Test\Units\CartTest" classname="Bavix.WalletBench.Test.Units.CartTest" file="/Users/babichev/projects/laravel-wallet-benchmark/tests/Units/CartTest.php" line="20" assertions="1" time="1.904362"/>
          <testcase name="testPay" class="Bavix\WalletBench\Test\Units\CartTest" classname="Bavix.WalletBench.Test.Units.CartTest" file="/Users/babichev/projects/laravel-wallet-benchmark/tests/Units/CartTest.php" line="20" assertions="1" time="1.980061"/>
          <testcase name="testPay" class="Bavix\WalletBench\Test\Units\CartTest" classname="Bavix.WalletBench.Test.Units.CartTest" file="/Users/babichev/projects/laravel-wallet-benchmark/tests/Units/CartTest.php" line="20" assertions="1" time="2.023495"/>
        </testsuite>
        <testsuite name="Bavix\WalletBench\Test\Units\CartTest::testPayFree" tests="25" assertions="25" errors="0" warnings="0" failures="0" skipped="0" time="53.359392">
          <testcase name="testPayFree" class="Bavix\WalletBench\Test\Units\CartTest" classname="Bavix.WalletBench.Test.Units.CartTest" file="/Users/babichev/projects/laravel-wallet-benchmark/tests/Units/CartTest.php" line="33" assertions="1" time="2.157929"/>
          <testcase name="testPayFree" class="Bavix\WalletBench\Test\Units\CartTest" classname="Bavix.WalletBench.Test.Units.CartTest" file="/Users/babichev/projects/laravel-wallet-benchmark/tests/Units/CartTest.php" line="33" assertions="1" time="2.165698"/>
          <testcase name="testPayFree" class="Bavix\WalletBench\Test\Units\CartTest" classname="Bavix.WalletBench.Test.Units.CartTest" file="/Users/babichev/projects/laravel-wallet-benchmark/tests/Units/CartTest.php" line="33" assertions="1" time="2.140174"/>
          <testcase name="testPayFree" class="Bavix\WalletBench\Test\Units\CartTest" classname="Bavix.WalletBench.Test.Units.CartTest" file="/Users/babichev/projects/laravel-wallet-benchmark/tests/Units/CartTest.php" line="33" assertions="1" time="2.179330"/>
          <testcase name="testPayFree" class="Bavix\WalletBench\Test\Units\CartTest" classname="Bavix.WalletBench.Test.Units.CartTest" file="/Users/babichev/projects/laravel-wallet-benchmark/tests/Units/CartTest.php" line="33" assertions="1" time="2.248806"/>
          <testcase name="testPayFree" class="Bavix\WalletBench\Test\Units\CartTest" classname="Bavix.WalletBench.Test.Units.CartTest" file="/Users/babichev/projects/laravel-wallet-benchmark/tests/Units/CartTest.php" line="33" assertions="1" time="2.187137"/>
          <testcase name="testPayFree" class="Bavix\WalletBench\Test\Units\CartTest" classname="Bavix.WalletBench.Test.Units.CartTest" file="/Users/babichev/projects/laravel-wallet-benchmark/tests/Units/CartTest.php" line="33" assertions="1" time="2.203829"/>
          <testcase name="testPayFree" class="Bavix\WalletBench\Test\Units\CartTest" classname="Bavix.WalletBench.Test.Units.CartTest" file="/Users/babichev/projects/laravel-wallet-benchmark/tests/Units/CartTest.php" line="33" assertions="1" time="2.129174"/>
          <testcase name="testPayFree" class="Bavix\WalletBench\Test\Units\CartTest" classname="Bavix.WalletBench.Test.Units.CartTest" file="/Users/babichev/projects/laravel-wallet-benchmark/tests/Units/CartTest.php" line="33" assertions="1" time="2.116817"/>
          <testcase name="testPayFree" class="Bavix\WalletBench\Test\Units\CartTest" classname="Bavix.WalletBench.Test.Units.CartTest" file="/Users/babichev/projects/laravel-wallet-benchmark/tests/Units/CartTest.php" line="33" assertions="1" time="2.120835"/>
          <testcase name="testPayFree" class="Bavix\WalletBench\Test\Units\CartTest" classname="Bavix.WalletBench.Test.Units.CartTest" file="/Users/babichev/projects/laravel-wallet-benchmark/tests/Units/CartTest.php" line="33" assertions="1" time="2.111414"/>
          <testcase name="testPayFree" class="Bavix\WalletBench\Test\Units\CartTest" classname="Bavix.WalletBench.Test.Units.CartTest" file="/Users/babichev/projects/laravel-wallet-benchmark/tests/Units/CartTest.php" line="33" assertions="1" time="2.098814"/>
          <testcase name="testPayFree" class="Bavix\WalletBench\Test\Units\CartTest" classname="Bavix.WalletBench.Test.Units.CartTest" file="/Users/babichev/projects/laravel-wallet-benchmark/tests/Units/CartTest.php" line="33" assertions="1" time="2.118249"/>
          <testcase name="testPayFree" class="Bavix\WalletBench\Test\Units\CartTest" classname="Bavix.WalletBench.Test.Units.CartTest" file="/Users/babichev/projects/laravel-wallet-benchmark/tests/Units/CartTest.php" line="33" assertions="1" time="2.127604"/>
          <testcase name="testPayFree" class="Bavix\WalletBench\Test\Units\CartTest" classname="Bavix.WalletBench.Test.Units.CartTest" file="/Users/babichev/projects/laravel-wallet-benchmark/tests/Units/CartTest.php" line="33" assertions="1" time="2.140202"/>
          <testcase name="testPayFree" class="Bavix\WalletBench\Test\Units\CartTest" classname="Bavix.WalletBench.Test.Units.CartTest" file="/Users/babichev/projects/laravel-wallet-benchmark/tests/Units/CartTest.php" line="33" assertions="1" time="2.118871"/>
          <testcase name="testPayFree" class="Bavix\WalletBench\Test\Units\CartTest" classname="Bavix.WalletBench.Test.Units.CartTest" file="/Users/babichev/projects/laravel-wallet-benchmark/tests/Units/CartTest.php" line="33" assertions="1" time="2.117474"/>
          <testcase name="testPayFree" class="Bavix\WalletBench\Test\Units\CartTest" classname="Bavix.WalletBench.Test.Units.CartTest" file="/Users/babichev/projects/laravel-wallet-benchmark/tests/Units/CartTest.php" line="33" assertions="1" time="2.104054"/>
          <testcase name="testPayFree" class="Bavix\WalletBench\Test\Units\CartTest" classname="Bavix.WalletBench.Test.Units.CartTest" file="/Users/babichev/projects/laravel-wallet-benchmark/tests/Units/CartTest.php" line="33" assertions="1" time="2.109958"/>
          <testcase name="testPayFree" class="Bavix\WalletBench\Test\Units\CartTest" classname="Bavix.WalletBench.Test.Units.CartTest" file="/Users/babichev/projects/laravel-wallet-benchmark/tests/Units/CartTest.php" line="33" assertions="1" time="2.108581"/>
          <testcase name="testPayFree" class="Bavix\WalletBench\Test\Units\CartTest" classname="Bavix.WalletBench.Test.Units.CartTest" file="/Users/babichev/projects/laravel-wallet-benchmark/tests/Units/CartTest.php" line="33" assertions="1" time="2.115844"/>
          <testcase name="testPayFree" class="Bavix\WalletBench\Test\Units\CartTest" classname="Bavix.WalletBench.Test.Units.CartTest" file="/Users/babichev/projects/laravel-wallet-benchmark/tests/Units/CartTest.php" line="33" assertions="1" time="2.118735"/>
          <testcase name="testPayFree" class="Bavix\WalletBench\Test\Units\CartTest" classname="Bavix.WalletBench.Test.Units.CartTest" file="/Users/babichev/projects/laravel-wallet-benchmark/tests/Units/CartTest.php" line="33" assertions="1" time="2.102077"/>
          <testcase name="testPayFree" class="Bavix\WalletBench\Test\Units\CartTest" classname="Bavix.WalletBench.Test.Units.CartTest" file="/Users/babichev/projects/laravel-wallet-benchmark/tests/Units/CartTest.php" line="33" assertions="1" time="2.112247"/>
          <testcase name="testPayFree" class="Bavix\WalletBench\Test\Units\CartTest" classname="Bavix.WalletBench.Test.Units.CartTest" file="/Users/babichev/projects/laravel-wallet-benchmark/tests/Units/CartTest.php" line="33" assertions="1" time="2.105539"/>
        </testsuite>
      </testsuite>
      <testsuite name="Bavix\WalletBench\Test\Units\SoloTest" file="/Users/babichev/projects/laravel-wallet-benchmark/tests/Units/SoloTest.php" tests="600" assertions="600" errors="0" warnings="0" failures="0" skipped="0" time="16.051617">
        <testsuite name="Bavix\WalletBench\Test\Units\SoloTest::testGetBalance" tests="300" assertions="300" errors="0" warnings="0" failures="0" skipped="0" time="5.609904">
          <testcase name="testGetBalance" class="Bavix\WalletBench\Test\Units\SoloTest" classname="Bavix.WalletBench.Test.Units.SoloTest" file="/Users/babichev/projects/laravel-wallet-benchmark/tests/Units/SoloTest.php" line="17" assertions="1" time="0.018541"/>
          <testcase name="testGetBalance" class="Bavix\WalletBench\Test\Units\SoloTest" classname="Bavix.WalletBench.Test.Units.SoloTest" file="/Users/babichev/projects/laravel-wallet-benchmark/tests/Units/SoloTest.php" line="17" assertions="1" time="0.022500"/>
          <testcase name="testGetBalance" class="Bavix\WalletBench\Test\Units\SoloTest" classname="Bavix.WalletBench.Test.Units.SoloTest" file="/Users/babichev/projects/laravel-wallet-benchmark/tests/Units/SoloTest.php" line="17" assertions="1" time="0.018691"/>
          <testcase name="testGetBalance" class="Bavix\WalletBench\Test\Units\SoloTest" classname="Bavix.WalletBench.Test.Units.SoloTest" file="/Users/babichev/projects/laravel-wallet-benchmark/tests/Units/SoloTest.php" line="17" assertions="1" time="0.019312"/>
          <testcase name="testGetBalance" class="Bavix\WalletBench\Test\Units\SoloTest" classname="Bavix.WalletBench.Test.Units.SoloTest" file="/Users/babichev/projects/laravel-wallet-benchmark/tests/Units/SoloTest.php" line="17" assertions="1" time="0.018909"/>
          <testcase name="testGetBalance" class="Bavix\WalletBench\Test\Units\SoloTest" classname="Bavix.WalletBench.Test.Units.SoloTest" file="/Users/babichev/projects/laravel-wallet-benchmark/tests/Units/SoloTest.php" line="17" assertions="1" time="0.018312"/>
          <testcase name="testGetBalance" class="Bavix\WalletBench\Test\Units\SoloTest" classname="Bavix.WalletBench.Test.Units.SoloTest" file="/Users/babichev/projects/laravel-wallet-benchmark/tests/Units/SoloTest.php" line="17" assertions="1" time="0.021430"/>
          <testcase name="testGetBalance" class="Bavix\WalletBench\Test\Units\SoloTest" classname="Bavix.WalletBench.Test.Units.SoloTest" file="/Users/babichev/projects/laravel-wallet-benchmark/tests/Units/SoloTest.php" line="17" assertions="1" time="0.018648"/>
          <testcase name="testGetBalance" class="Bavix\WalletBench\Test\Units\SoloTest" classname="Bavix.WalletBench.Test.Units.SoloTest" file="/Users/babichev/projects/laravel-wallet-benchmark/tests/Units/SoloTest.php" line="17" assertions="1" time="0.018554"/>
          <testcase name="testGetBalance" class="Bavix\WalletBench\Test\Units\SoloTest" classname="Bavix.WalletBench.Test.Units.SoloTest" file="/Users/babichev/projects/laravel-wallet-benchmark/tests/Units/SoloTest.php" line="17" assertions="1" time="0.018580"/>
          <testcase name="testGetBalance" class="Bavix\WalletBench\Test\Units\SoloTest" classname="Bavix.WalletBench.Test.Units.SoloTest" file="/Users/babichev/projects/laravel-wallet-benchmark/tests/Units/SoloTest.php" line="17" assertions="1" time="0.017177"/>
          <testcase name="testGetBalance" class="Bavix\WalletBench\Test\Units\SoloTest" classname="Bavix.WalletBench.Test.Units.SoloTest" file="/Users/babichev/projects/laravel-wallet-benchmark/tests/Units/SoloTest.php" line="17" assertions="1" time="0.018471"/>
          <testcase name="testGetBalance" class="Bavix\WalletBench\Test\Units\SoloTest" classname="Bavix.WalletBench.Test.Units.SoloTest" file="/Users/babichev/projects/laravel-wallet-benchmark/tests/Units/SoloTest.php" line="17" assertions="1" time="0.018459"/>
          <testcase name="testGetBalance" class="Bavix\WalletBench\Test\Units\SoloTest" classname="Bavix.WalletBench.Test.Units.SoloTest" file="/Users/babichev/projects/laravel-wallet-benchmark/tests/Units/SoloTest.php" line="17" assertions="1" time="0.018625"/>
          <testcase name="testGetBalance" class="Bavix\WalletBench\Test\Units\SoloTest" classname="Bavix.WalletBench.Test.Units.SoloTest" file="/Users/babichev/projects/laravel-wallet-benchmark/tests/Units/SoloTest.php" line="17" assertions="1" time="0.019894"/>
          <testcase name="testGetBalance" class="Bavix\WalletBench\Test\Units\SoloTest" classname="Bavix.WalletBench.Test.Units.SoloTest" file="/Users/babichev/projects/laravel-wallet-benchmark/tests/Units/SoloTest.php" line="17" assertions="1" time="0.018787"/>
          <testcase name="testGetBalance" class="Bavix\WalletBench\Test\Units\SoloTest" classname="Bavix.WalletBench.Test.Units.SoloTest" file="/Users/babichev/projects/laravel-wallet-benchmark/tests/Units/SoloTest.php" line="17" assertions="1" time="0.017266"/>
          <testcase name="testGetBalance" class="Bavix\WalletBench\Test\Units\SoloTest" classname="Bavix.WalletBench.Test.Units.SoloTest" file="/Users/babichev/projects/laravel-wallet-benchmark/tests/Units/SoloTest.php" line="17" assertions="1" time="0.018101"/>
          <testcase name="testGetBalance" class="Bavix\WalletBench\Test\Units\SoloTest" classname="Bavix.WalletBench.Test.Units.SoloTest" file="/Users/babichev/projects/laravel-wallet-benchmark/tests/Units/SoloTest.php" line="17" assertions="1" time="0.019746"/>
          <testcase name="testGetBalance" class="Bavix\WalletBench\Test\Units\SoloTest" classname="Bavix.WalletBench.Test.Units.SoloTest" file="/Users/babichev/projects/laravel-wallet-benchmark/tests/Units/SoloTest.php" line="17" assertions="1" time="0.017767"/>
          <testcase name="testGetBalance" class="Bavix\WalletBench\Test\Units\SoloTest" classname="Bavix.WalletBench.Test.Units.SoloTest" file="/Users/babichev/projects/laravel-wallet-benchmark/tests/Units/SoloTest.php" line="17" assertions="1" time="0.018702"/>
          <testcase name="testGetBalance" class="Bavix\WalletBench\Test\Units\SoloTest" classname="Bavix.WalletBench.Test.Units.SoloTest" file="/Users/babichev/projects/laravel-wallet-benchmark/tests/Units/SoloTest.php" line="17" assertions="1" time="0.019695"/>
          <testcase name="testGetBalance" class="Bavix\WalletBench\Test\Units\SoloTest" classname="Bavix.WalletBench.Test.Units.SoloTest" file="/Users/babichev/projects/laravel-wallet-benchmark/tests/Units/SoloTest.php" line="17" assertions="1" time="0.017599"/>
          <testcase name="testGetBalance" class="Bavix\WalletBench\Test\Units\SoloTest" classname="Bavix.WalletBench.Test.Units.SoloTest" file="/Users/babichev/projects/laravel-wallet-benchmark/tests/Units/SoloTest.php" line="17" assertions="1" time="0.018493"/>
          <testcase name="testGetBalance" class="Bavix\WalletBench\Test\Units\SoloTest" classname="Bavix.WalletBench.Test.Units.SoloTest" file="/Users/babichev/projects/laravel-wallet-benchmark/tests/Units/SoloTest.php" line="17" assertions="1" time="0.018664"/>
          <testcase name="testGetBalance" class="Bavix\WalletBench\Test\Units\SoloTest" classname="Bavix.WalletBench.Test.Units.SoloTest" file="/Users/babichev/projects/laravel-wallet-benchmark/tests/Units/SoloTest.php" line="17" assertions="1" time="0.018128"/>
          <testcase name="testGetBalance" class="Bavix\WalletBench\Test\Units\SoloTest" classname="Bavix.WalletBench.Test.Units.SoloTest" file="/Users/babichev/projects/laravel-wallet-benchmark/tests/Units/SoloTest.php" line="17" assertions="1" time="0.019879"/>
          <testcase name="testGetBalance" class="Bavix\WalletBench\Test\Units\SoloTest" classname="Bavix.WalletBench.Test.Units.SoloTest" file="/Users/babichev/projects/laravel-wallet-benchmark/tests/Units/SoloTest.php" line="17" assertions="1" time="0.018769"/>
          <testcase name="testGetBalance" class="Bavix\WalletBench\Test\Units\SoloTest" classname="Bavix.WalletBench.Test.Units.SoloTest" file="/Users/babichev/projects/laravel-wallet-benchmark/tests/Units/SoloTest.php" line="17" assertions="1" time="0.018103"/>
          <testcase name="testGetBalance" class="Bavix\WalletBench\Test\Units\SoloTest" classname="Bavix.WalletBench.Test.Units.SoloTest" file="/Users/babichev/projects/laravel-wallet-benchmark/tests/Units/SoloTest.php" line="17" assertions="1" time="0.019012"/>
          <testcase name="testGetBalance" class="Bavix\WalletBench\Test\Units\SoloTest" classname="Bavix.WalletBench.Test.Units.SoloTest" file="/Users/babichev/projects/laravel-wallet-benchmark/tests/Units/SoloTest.php" line="17" assertions="1" time="0.020443"/>
          <testcase name="testGetBalance" class="Bavix\WalletBench\Test\Units\SoloTest" classname="Bavix.WalletBench.Test.Units.SoloTest" file="/Users/babichev/projects/laravel-wallet-benchmark/tests/Units/SoloTest.php" line="17" assertions="1" time="0.018427"/>
          <testcase name="testGetBalance" class="Bavix\WalletBench\Test\Units\SoloTest" classname="Bavix.WalletBench.Test.Units.SoloTest" file="/Users/babichev/projects/laravel-wallet-benchmark/tests/Units/SoloTest.php" line="17" assertions="1" time="0.019425"/>
          <testcase name="testGetBalance" class="Bavix\WalletBench\Test\Units\SoloTest" classname="Bavix.WalletBench.Test.Units.SoloTest" file="/Users/babichev/projects/laravel-wallet-benchmark/tests/Units/SoloTest.php" line="17" assertions="1" time="0.018294"/>
          <testcase name="testGetBalance" class="Bavix\WalletBench\Test\Units\SoloTest" classname="Bavix.WalletBench.Test.Units.SoloTest" file="/Users/babichev/projects/laravel-wallet-benchmark/tests/Units/SoloTest.php" line="17" assertions="1" time="0.019899"/>
          <testcase name="testGetBalance" class="Bavix\WalletBench\Test\Units\SoloTest" classname="Bavix.WalletBench.Test.Units.SoloTest" file="/Users/babichev/projects/laravel-wallet-benchmark/tests/Units/SoloTest.php" line="17" assertions="1" time="0.019168"/>
          <testcase name="testGetBalance" class="Bavix\WalletBench\Test\Units\SoloTest" classname="Bavix.WalletBench.Test.Units.SoloTest" file="/Users/babichev/projects/laravel-wallet-benchmark/tests/Units/SoloTest.php" line="17" assertions="1" time="0.018809"/>
          <testcase name="testGetBalance" class="Bavix\WalletBench\Test\Units\SoloTest" classname="Bavix.WalletBench.Test.Units.SoloTest" file="/Users/babichev/projects/laravel-wallet-benchmark/tests/Units/SoloTest.php" line="17" assertions="1" time="0.019116"/>
          <testcase name="testGetBalance" class="Bavix\WalletBench\Test\Units\SoloTest" classname="Bavix.WalletBench.Test.Units.SoloTest" file="/Users/babichev/projects/laravel-wallet-benchmark/tests/Units/SoloTest.php" line="17" assertions="1" time="0.017768"/>
          <testcase name="testGetBalance" class="Bavix\WalletBench\Test\Units\SoloTest" classname="Bavix.WalletBench.Test.Units.SoloTest" file="/Users/babichev/projects/laravel-wallet-benchmark/tests/Units/SoloTest.php" line="17" assertions="1" time="0.018451"/>
          <testcase name="testGetBalance" class="Bavix\WalletBench\Test\Units\SoloTest" classname="Bavix.WalletBench.Test.Units.SoloTest" file="/Users/babichev/projects/laravel-wallet-benchmark/tests/Units/SoloTest.php" line="17" assertions="1" time="0.017531"/>
          <testcase name="testGetBalance" class="Bavix\WalletBench\Test\Units\SoloTest" classname="Bavix.WalletBench.Test.Units.SoloTest" file="/Users/babichev/projects/laravel-wallet-benchmark/tests/Units/SoloTest.php" line="17" assertions="1" time="0.018345"/>
          <testcase name="testGetBalance" class="Bavix\WalletBench\Test\Units\SoloTest" classname="Bavix.WalletBench.Test.Units.SoloTest" file="/Users/babichev/projects/laravel-wallet-benchmark/tests/Units/SoloTest.php" line="17" assertions="1" time="0.018534"/>
          <testcase name="testGetBalance" class="Bavix\WalletBench\Test\Units\SoloTest" classname="Bavix.WalletBench.Test.Units.SoloTest" file="/Users/babichev/projects/laravel-wallet-benchmark/tests/Units/SoloTest.php" line="17" assertions="1" time="0.018444"/>
          <testcase name="testGetBalance" class="Bavix\WalletBench\Test\Units\SoloTest" classname="Bavix.WalletBench.Test.Units.SoloTest" file="/Users/babichev/projects/laravel-wallet-benchmark/tests/Units/SoloTest.php" line="17" assertions="1" time="0.019261"/>
          <testcase name="testGetBalance" class="Bavix\WalletBench\Test\Units\SoloTest" classname="Bavix.WalletBench.Test.Units.SoloTest" file="/Users/babichev/projects/laravel-wallet-benchmark/tests/Units/SoloTest.php" line="17" assertions="1" time="0.016770"/>
          <testcase name="testGetBalance" class="Bavix\WalletBench\Test\Units\SoloTest" classname="Bavix.WalletBench.Test.Units.SoloTest" file="/Users/babichev/projects/laravel-wallet-benchmark/tests/Units/SoloTest.php" line="17" assertions="1" time="0.018339"/>
          <testcase name="testGetBalance" class="Bavix\WalletBench\Test\Units\SoloTest" classname="Bavix.WalletBench.Test.Units.SoloTest" file="/Users/babichev/projects/laravel-wallet-benchmark/tests/Units/SoloTest.php" line="17" assertions="1" time="0.017939"/>
          <testcase name="testGetBalance" class="Bavix\WalletBench\Test\Units\SoloTest" classname="Bavix.WalletBench.Test.Units.SoloTest" file="/Users/babichev/projects/laravel-wallet-benchmark/tests/Units/SoloTest.php" line="17" assertions="1" time="0.018615"/>
          <testcase name="testGetBalance" class="Bavix\WalletBench\Test\Units\SoloTest" classname="Bavix.WalletBench.Test.Units.SoloTest" file="/Users/babichev/projects/laravel-wallet-benchmark/tests/Units/SoloTest.php" line="17" assertions="1" time="0.017752"/>
          <testcase name="testGetBalance" class="Bavix\WalletBench\Test\Units\SoloTest" classname="Bavix.WalletBench.Test.Units.SoloTest" file="/Users/babichev/projects/laravel-wallet-benchmark/tests/Units/SoloTest.php" line="17" assertions="1" time="0.019319"/>
          <testcase name="testGetBalance" class="Bavix\WalletBench\Test\Units\SoloTest" classname="Bavix.WalletBench.Test.Units.SoloTest" file="/Users/babichev/projects/laravel-wallet-benchmark/tests/Units/SoloTest.php" line="17" assertions="1" time="0.019985"/>
          <testcase name="testGetBalance" class="Bavix\WalletBench\Test\Units\SoloTest" classname="Bavix.WalletBench.Test.Units.SoloTest" file="/Users/babichev/projects/laravel-wallet-benchmark/tests/Units/SoloTest.php" line="17" assertions="1" time="0.020042"/>
          <testcase name="testGetBalance" class="Bavix\WalletBench\Test\Units\SoloTest" classname="Bavix.WalletBench.Test.Units.SoloTest" file="/Users/babichev/projects/laravel-wallet-benchmark/tests/Units/SoloTest.php" line="17" assertions="1" time="0.018177"/>
          <testcase name="testGetBalance" class="Bavix\WalletBench\Test\Units\SoloTest" classname="Bavix.WalletBench.Test.Units.SoloTest" file="/Users/babichev/projects/laravel-wallet-benchmark/tests/Units/SoloTest.php" line="17" assertions="1" time="0.017671"/>
          <testcase name="testGetBalance" class="Bavix\WalletBench\Test\Units\SoloTest" classname="Bavix.WalletBench.Test.Units.SoloTest" file="/Users/babichev/projects/laravel-wallet-benchmark/tests/Units/SoloTest.php" line="17" assertions="1" time="0.019371"/>
          <testcase name="testGetBalance" class="Bavix\WalletBench\Test\Units\SoloTest" classname="Bavix.WalletBench.Test.Units.SoloTest" file="/Users/babichev/projects/laravel-wallet-benchmark/tests/Units/SoloTest.php" line="17" assertions="1" time="0.017348"/>
          <testcase name="testGetBalance" class="Bavix\WalletBench\Test\Units\SoloTest" classname="Bavix.WalletBench.Test.Units.SoloTest" file="/Users/babichev/projects/laravel-wallet-benchmark/tests/Units/SoloTest.php" line="17" assertions="1" time="0.018009"/>
          <testcase name="testGetBalance" class="Bavix\WalletBench\Test\Units\SoloTest" classname="Bavix.WalletBench.Test.Units.SoloTest" file="/Users/babichev/projects/laravel-wallet-benchmark/tests/Units/SoloTest.php" line="17" assertions="1" time="0.017450"/>
          <testcase name="testGetBalance" class="Bavix\WalletBench\Test\Units\SoloTest" classname="Bavix.WalletBench.Test.Units.SoloTest" file="/Users/babichev/projects/laravel-wallet-benchmark/tests/Units/SoloTest.php" line="17" assertions="1" time="0.018119"/>
          <testcase name="testGetBalance" class="Bavix\WalletBench\Test\Units\SoloTest" classname="Bavix.WalletBench.Test.Units.SoloTest" file="/Users/babichev/projects/laravel-wallet-benchmark/tests/Units/SoloTest.php" line="17" assertions="1" time="0.018973"/>
          <testcase name="testGetBalance" class="Bavix\WalletBench\Test\Units\SoloTest" classname="Bavix.WalletBench.Test.Units.SoloTest" file="/Users/babichev/projects/laravel-wallet-benchmark/tests/Units/SoloTest.php" line="17" assertions="1" time="0.017810"/>
          <testcase name="testGetBalance" class="Bavix\WalletBench\Test\Units\SoloTest" classname="Bavix.WalletBench.Test.Units.SoloTest" file="/Users/babichev/projects/laravel-wallet-benchmark/tests/Units/SoloTest.php" line="17" assertions="1" time="0.018494"/>
          <testcase name="testGetBalance" class="Bavix\WalletBench\Test\Units\SoloTest" classname="Bavix.WalletBench.Test.Units.SoloTest" file="/Users/babichev/projects/laravel-wallet-benchmark/tests/Units/SoloTest.php" line="17" assertions="1" time="0.020089"/>
          <testcase name="testGetBalance" class="Bavix\WalletBench\Test\Units\SoloTest" classname="Bavix.WalletBench.Test.Units.SoloTest" file="/Users/babichev/projects/laravel-wallet-benchmark/tests/Units/SoloTest.php" line="17" assertions="1" time="0.019292"/>
          <testcase name="testGetBalance" class="Bavix\WalletBench\Test\Units\SoloTest" classname="Bavix.WalletBench.Test.Units.SoloTest" file="/Users/babichev/projects/laravel-wallet-benchmark/tests/Units/SoloTest.php" line="17" assertions="1" time="0.018655"/>
          <testcase name="testGetBalance" class="Bavix\WalletBench\Test\Units\SoloTest" classname="Bavix.WalletBench.Test.Units.SoloTest" file="/Users/babichev/projects/laravel-wallet-benchmark/tests/Units/SoloTest.php" line="17" assertions="1" time="0.018771"/>
          <testcase name="testGetBalance" class="Bavix\WalletBench\Test\Units\SoloTest" classname="Bavix.WalletBench.Test.Units.SoloTest" file="/Users/babichev/projects/laravel-wallet-benchmark/tests/Units/SoloTest.php" line="17" assertions="1" time="0.018995"/>
          <testcase name="testGetBalance" class="Bavix\WalletBench\Test\Units\SoloTest" classname="Bavix.WalletBench.Test.Units.SoloTest" file="/Users/babichev/projects/laravel-wallet-benchmark/tests/Units/SoloTest.php" line="17" assertions="1" time="0.018687"/>
          <testcase name="testGetBalance" class="Bavix\WalletBench\Test\Units\SoloTest" classname="Bavix.WalletBench.Test.Units.SoloTest" file="/Users/babichev/projects/laravel-wallet-benchmark/tests/Units/SoloTest.php" line="17" assertions="1" time="0.018499"/>
          <testcase name="testGetBalance" class="Bavix\WalletBench\Test\Units\SoloTest" classname="Bavix.WalletBench.Test.Units.SoloTest" file="/Users/babichev/projects/laravel-wallet-benchmark/tests/Units/SoloTest.php" line="17" assertions="1" time="0.017756"/>
          <testcase name="testGetBalance" class="Bavix\WalletBench\Test\Units\SoloTest" classname="Bavix.WalletBench.Test.Units.SoloTest" file="/Users/babichev/projects/laravel-wallet-benchmark/tests/Units/SoloTest.php" line="17" assertions="1" time="0.017890"/>
          <testcase name="testGetBalance" class="Bavix\WalletBench\Test\Units\SoloTest" classname="Bavix.WalletBench.Test.Units.SoloTest" file="/Users/babichev/projects/laravel-wallet-benchmark/tests/Units/SoloTest.php" line="17" assertions="1" time="0.018848"/>
          <testcase name="testGetBalance" class="Bavix\WalletBench\Test\Units\SoloTest" classname="Bavix.WalletBench.Test.Units.SoloTest" file="/Users/babichev/projects/laravel-wallet-benchmark/tests/Units/SoloTest.php" line="17" assertions="1" time="0.020268"/>
          <testcase name="testGetBalance" class="Bavix\WalletBench\Test\Units\SoloTest" classname="Bavix.WalletBench.Test.Units.SoloTest" file="/Users/babichev/projects/laravel-wallet-benchmark/tests/Units/SoloTest.php" line="17" assertions="1" time="0.018487"/>
          <testcase name="testGetBalance" class="Bavix\WalletBench\Test\Units\SoloTest" classname="Bavix.WalletBench.Test.Units.SoloTest" file="/Users/babichev/projects/laravel-wallet-benchmark/tests/Units/SoloTest.php" line="17" assertions="1" time="0.019746"/>
          <testcase name="testGetBalance" class="Bavix\WalletBench\Test\Units\SoloTest" classname="Bavix.WalletBench.Test.Units.SoloTest" file="/Users/babichev/projects/laravel-wallet-benchmark/tests/Units/SoloTest.php" line="17" assertions="1" time="0.019524"/>
          <testcase name="testGetBalance" class="Bavix\WalletBench\Test\Units\SoloTest" classname="Bavix.WalletBench.Test.Units.SoloTest" file="/Users/babichev/projects/laravel-wallet-benchmark/tests/Units/SoloTest.php" line="17" assertions="1" time="0.019095"/>
          <testcase name="testGetBalance" class="Bavix\WalletBench\Test\Units\SoloTest" classname="Bavix.WalletBench.Test.Units.SoloTest" file="/Users/babichev/projects/laravel-wallet-benchmark/tests/Units/SoloTest.php" line="17" assertions="1" time="0.018842"/>
          <testcase name="testGetBalance" class="Bavix\WalletBench\Test\Units\SoloTest" classname="Bavix.WalletBench.Test.Units.SoloTest" file="/Users/babichev/projects/laravel-wallet-benchmark/tests/Units/SoloTest.php" line="17" assertions="1" time="0.017648"/>
          <testcase name="testGetBalance" class="Bavix\WalletBench\Test\Units\SoloTest" classname="Bavix.WalletBench.Test.Units.SoloTest" file="/Users/babichev/projects/laravel-wallet-benchmark/tests/Units/SoloTest.php" line="17" assertions="1" time="0.018469"/>
          <testcase name="testGetBalance" class="Bavix\WalletBench\Test\Units\SoloTest" classname="Bavix.WalletBench.Test.Units.SoloTest" file="/Users/babichev/projects/laravel-wallet-benchmark/tests/Units/SoloTest.php" line="17" assertions="1" time="0.018310"/>
          <testcase name="testGetBalance" class="Bavix\WalletBench\Test\Units\SoloTest" classname="Bavix.WalletBench.Test.Units.SoloTest" file="/Users/babichev/projects/laravel-wallet-benchmark/tests/Units/SoloTest.php" line="17" assertions="1" time="0.018638"/>
          <testcase name="testGetBalance" class="Bavix\WalletBench\Test\Units\SoloTest" classname="Bavix.WalletBench.Test.Units.SoloTest" file="/Users/babichev/projects/laravel-wallet-benchmark/tests/Units/SoloTest.php" line="17" assertions="1" time="0.018390"/>
          <testcase name="testGetBalance" class="Bavix\WalletBench\Test\Units\SoloTest" classname="Bavix.WalletBench.Test.Units.SoloTest" file="/Users/babichev/projects/laravel-wallet-benchmark/tests/Units/SoloTest.php" line="17" assertions="1" time="0.028721"/>
          <testcase name="testGetBalance" class="Bavix\WalletBench\Test\Units\SoloTest" classname="Bavix.WalletBench.Test.Units.SoloTest" file="/Users/babichev/projects/laravel-wallet-benchmark/tests/Units/SoloTest.php" line="17" assertions="1" time="0.017650"/>
          <testcase name="testGetBalance" class="Bavix\WalletBench\Test\Units\SoloTest" classname="Bavix.WalletBench.Test.Units.SoloTest" file="/Users/babichev/projects/laravel-wallet-benchmark/tests/Units/SoloTest.php" line="17" assertions="1" time="0.017810"/>
          <testcase name="testGetBalance" class="Bavix\WalletBench\Test\Units\SoloTest" classname="Bavix.WalletBench.Test.Units.SoloTest" file="/Users/babichev/projects/laravel-wallet-benchmark/tests/Units/SoloTest.php" line="17" assertions="1" time="0.017646"/>
          <testcase name="testGetBalance" class="Bavix\WalletBench\Test\Units\SoloTest" classname="Bavix.WalletBench.Test.Units.SoloTest" file="/Users/babichev/projects/laravel-wallet-benchmark/tests/Units/SoloTest.php" line="17" assertions="1" time="0.019705"/>
          <testcase name="testGetBalance" class="Bavix\WalletBench\Test\Units\SoloTest" classname="Bavix.WalletBench.Test.Units.SoloTest" file="/Users/babichev/projects/laravel-wallet-benchmark/tests/Units/SoloTest.php" line="17" assertions="1" time="0.017361"/>
          <testcase name="testGetBalance" class="Bavix\WalletBench\Test\Units\SoloTest" classname="Bavix.WalletBench.Test.Units.SoloTest" file="/Users/babichev/projects/laravel-wallet-benchmark/tests/Units/SoloTest.php" line="17" assertions="1" time="0.018899"/>
          <testcase name="testGetBalance" class="Bavix\WalletBench\Test\Units\SoloTest" classname="Bavix.WalletBench.Test.Units.SoloTest" file="/Users/babichev/projects/laravel-wallet-benchmark/tests/Units/SoloTest.php" line="17" assertions="1" time="0.017978"/>
          <testcase name="testGetBalance" class="Bavix\WalletBench\Test\Units\SoloTest" classname="Bavix.WalletBench.Test.Units.SoloTest" file="/Users/babichev/projects/laravel-wallet-benchmark/tests/Units/SoloTest.php" line="17" assertions="1" time="0.019425"/>
          <testcase name="testGetBalance" class="Bavix\WalletBench\Test\Units\SoloTest" classname="Bavix.WalletBench.Test.Units.SoloTest" file="/Users/babichev/projects/laravel-wallet-benchmark/tests/Units/SoloTest.php" line="17" assertions="1" time="0.019447"/>
          <testcase name="testGetBalance" class="Bavix\WalletBench\Test\Units\SoloTest" classname="Bavix.WalletBench.Test.Units.SoloTest" file="/Users/babichev/projects/laravel-wallet-benchmark/tests/Units/SoloTest.php" line="17" assertions="1" time="0.019639"/>
          <testcase name="testGetBalance" class="Bavix\WalletBench\Test\Units\SoloTest" classname="Bavix.WalletBench.Test.Units.SoloTest" file="/Users/babichev/projects/laravel-wallet-benchmark/tests/Units/SoloTest.php" line="17" assertions="1" time="0.018460"/>
          <testcase name="testGetBalance" class="Bavix\WalletBench\Test\Units\SoloTest" classname="Bavix.WalletBench.Test.Units.SoloTest" file="/Users/babichev/projects/laravel-wallet-benchmark/tests/Units/SoloTest.php" line="17" assertions="1" time="0.018472"/>
          <testcase name="testGetBalance" class="Bavix\WalletBench\Test\Units\SoloTest" classname="Bavix.WalletBench.Test.Units.SoloTest" file="/Users/babichev/projects/laravel-wallet-benchmark/tests/Units/SoloTest.php" line="17" assertions="1" time="0.017722"/>
          <testcase name="testGetBalance" class="Bavix\WalletBench\Test\Units\SoloTest" classname="Bavix.WalletBench.Test.Units.SoloTest" file="/Users/babichev/projects/laravel-wallet-benchmark/tests/Units/SoloTest.php" line="17" assertions="1" time="0.019211"/>
          <testcase name="testGetBalance" class="Bavix\WalletBench\Test\Units\SoloTest" classname="Bavix.WalletBench.Test.Units.SoloTest" file="/Users/babichev/projects/laravel-wallet-benchmark/tests/Units/SoloTest.php" line="17" assertions="1" time="0.019782"/>
          <testcase name="testGetBalance" class="Bavix\WalletBench\Test\Units\SoloTest" classname="Bavix.WalletBench.Test.Units.SoloTest" file="/Users/babichev/projects/laravel-wallet-benchmark/tests/Units/SoloTest.php" line="17" assertions="1" time="0.019154"/>
          <testcase name="testGetBalance" class="Bavix\WalletBench\Test\Units\SoloTest" classname="Bavix.WalletBench.Test.Units.SoloTest" file="/Users/babichev/projects/laravel-wallet-benchmark/tests/Units/SoloTest.php" line="17" assertions="1" time="0.018428"/>
          <testcase name="testGetBalance" class="Bavix\WalletBench\Test\Units\SoloTest" classname="Bavix.WalletBench.Test.Units.SoloTest" file="/Users/babichev/projects/laravel-wallet-benchmark/tests/Units/SoloTest.php" line="17" assertions="1" time="0.018292"/>
          <testcase name="testGetBalance" class="Bavix\WalletBench\Test\Units\SoloTest" classname="Bavix.WalletBench.Test.Units.SoloTest" file="/Users/babichev/projects/laravel-wallet-benchmark/tests/Units/SoloTest.php" line="17" assertions="1" time="0.018115"/>
          <testcase name="testGetBalance" class="Bavix\WalletBench\Test\Units\SoloTest" classname="Bavix.WalletBench.Test.Units.SoloTest" file="/Users/babichev/projects/laravel-wallet-benchmark/tests/Units/SoloTest.php" line="17" assertions="1" time="0.017522"/>
          <testcase name="testGetBalance" class="Bavix\WalletBench\Test\Units\SoloTest" classname="Bavix.WalletBench.Test.Units.SoloTest" file="/Users/babichev/projects/laravel-wallet-benchmark/tests/Units/SoloTest.php" line="17" assertions="1" time="0.019492"/>
          <testcase name="testGetBalance" class="Bavix\WalletBench\Test\Units\SoloTest" classname="Bavix.WalletBench.Test.Units.SoloTest" file="/Users/babichev/projects/laravel-wallet-benchmark/tests/Units/SoloTest.php" line="17" assertions="1" time="0.017021"/>
          <testcase name="testGetBalance" class="Bavix\WalletBench\Test\Units\SoloTest" classname="Bavix.WalletBench.Test.Units.SoloTest" file="/Users/babichev/projects/laravel-wallet-benchmark/tests/Units/SoloTest.php" line="17" assertions="1" time="0.017655"/>
          <testcase name="testGetBalance" class="Bavix\WalletBench\Test\Units\SoloTest" classname="Bavix.WalletBench.Test.Units.SoloTest" file="/Users/babichev/projects/laravel-wallet-benchmark/tests/Units/SoloTest.php" line="17" assertions="1" time="0.017843"/>
          <testcase name="testGetBalance" class="Bavix\WalletBench\Test\Units\SoloTest" classname="Bavix.WalletBench.Test.Units.SoloTest" file="/Users/babichev/projects/laravel-wallet-benchmark/tests/Units/SoloTest.php" line="17" assertions="1" time="0.018611"/>
          <testcase name="testGetBalance" class="Bavix\WalletBench\Test\Units\SoloTest" classname="Bavix.WalletBench.Test.Units.SoloTest" file="/Users/babichev/projects/laravel-wallet-benchmark/tests/Units/SoloTest.php" line="17" assertions="1" time="0.019378"/>
          <testcase name="testGetBalance" class="Bavix\WalletBench\Test\Units\SoloTest" classname="Bavix.WalletBench.Test.Units.SoloTest" file="/Users/babichev/projects/laravel-wallet-benchmark/tests/Units/SoloTest.php" line="17" assertions="1" time="0.018455"/>
          <testcase name="testGetBalance" class="Bavix\WalletBench\Test\Units\SoloTest" classname="Bavix.WalletBench.Test.Units.SoloTest" file="/Users/babichev/projects/laravel-wallet-benchmark/tests/Units/SoloTest.php" line="17" assertions="1" time="0.016948"/>
          <testcase name="testGetBalance" class="Bavix\WalletBench\Test\Units\SoloTest" classname="Bavix.WalletBench.Test.Units.SoloTest" file="/Users/babichev/projects/laravel-wallet-benchmark/tests/Units/SoloTest.php" line="17" assertions="1" time="0.017319"/>
          <testcase name="testGetBalance" class="Bavix\WalletBench\Test\Units\SoloTest" classname="Bavix.WalletBench.Test.Units.SoloTest" file="/Users/babichev/projects/laravel-wallet-benchmark/tests/Units/SoloTest.php" line="17" assertions="1" time="0.018463"/>
          <testcase name="testGetBalance" class="Bavix\WalletBench\Test\Units\SoloTest" classname="Bavix.WalletBench.Test.Units.SoloTest" file="/Users/babichev/projects/laravel-wallet-benchmark/tests/Units/SoloTest.php" line="17" assertions="1" time="0.017686"/>
          <testcase name="testGetBalance" class="Bavix\WalletBench\Test\Units\SoloTest" classname="Bavix.WalletBench.Test.Units.SoloTest" file="/Users/babichev/projects/laravel-wallet-benchmark/tests/Units/SoloTest.php" line="17" assertions="1" time="0.017285"/>
          <testcase name="testGetBalance" class="Bavix\WalletBench\Test\Units\SoloTest" classname="Bavix.WalletBench.Test.Units.SoloTest" file="/Users/babichev/projects/laravel-wallet-benchmark/tests/Units/SoloTest.php" line="17" assertions="1" time="0.019750"/>
          <testcase name="testGetBalance" class="Bavix\WalletBench\Test\Units\SoloTest" classname="Bavix.WalletBench.Test.Units.SoloTest" file="/Users/babichev/projects/laravel-wallet-benchmark/tests/Units/SoloTest.php" line="17" assertions="1" time="0.018632"/>
          <testcase name="testGetBalance" class="Bavix\WalletBench\Test\Units\SoloTest" classname="Bavix.WalletBench.Test.Units.SoloTest" file="/Users/babichev/projects/laravel-wallet-benchmark/tests/Units/SoloTest.php" line="17" assertions="1" time="0.017596"/>
          <testcase name="testGetBalance" class="Bavix\WalletBench\Test\Units\SoloTest" classname="Bavix.WalletBench.Test.Units.SoloTest" file="/Users/babichev/projects/laravel-wallet-benchmark/tests/Units/SoloTest.php" line="17" assertions="1" time="0.019023"/>
          <testcase name="testGetBalance" class="Bavix\WalletBench\Test\Units\SoloTest" classname="Bavix.WalletBench.Test.Units.SoloTest" file="/Users/babichev/projects/laravel-wallet-benchmark/tests/Units/SoloTest.php" line="17" assertions="1" time="0.018435"/>
          <testcase name="testGetBalance" class="Bavix\WalletBench\Test\Units\SoloTest" classname="Bavix.WalletBench.Test.Units.SoloTest" file="/Users/babichev/projects/laravel-wallet-benchmark/tests/Units/SoloTest.php" line="17" assertions="1" time="0.017279"/>
          <testcase name="testGetBalance" class="Bavix\WalletBench\Test\Units\SoloTest" classname="Bavix.WalletBench.Test.Units.SoloTest" file="/Users/babichev/projects/laravel-wallet-benchmark/tests/Units/SoloTest.php" line="17" assertions="1" time="0.018542"/>
          <testcase name="testGetBalance" class="Bavix\WalletBench\Test\Units\SoloTest" classname="Bavix.WalletBench.Test.Units.SoloTest" file="/Users/babichev/projects/laravel-wallet-benchmark/tests/Units/SoloTest.php" line="17" assertions="1" time="0.019012"/>
          <testcase name="testGetBalance" class="Bavix\WalletBench\Test\Units\SoloTest" classname="Bavix.WalletBench.Test.Units.SoloTest" file="/Users/babichev/projects/laravel-wallet-benchmark/tests/Units/SoloTest.php" line="17" assertions="1" time="0.018922"/>
          <testcase name="testGetBalance" class="Bavix\WalletBench\Test\Units\SoloTest" classname="Bavix.WalletBench.Test.Units.SoloTest" file="/Users/babichev/projects/laravel-wallet-benchmark/tests/Units/SoloTest.php" line="17" assertions="1" time="0.019485"/>
          <testcase name="testGetBalance" class="Bavix\WalletBench\Test\Units\SoloTest" classname="Bavix.WalletBench.Test.Units.SoloTest" file="/Users/babichev/projects/laravel-wallet-benchmark/tests/Units/SoloTest.php" line="17" assertions="1" time="0.020391"/>
          <testcase name="testGetBalance" class="Bavix\WalletBench\Test\Units\SoloTest" classname="Bavix.WalletBench.Test.Units.SoloTest" file="/Users/babichev/projects/laravel-wallet-benchmark/tests/Units/SoloTest.php" line="17" assertions="1" time="0.019292"/>
          <testcase name="testGetBalance" class="Bavix\WalletBench\Test\Units\SoloTest" classname="Bavix.WalletBench.Test.Units.SoloTest" file="/Users/babichev/projects/laravel-wallet-benchmark/tests/Units/SoloTest.php" line="17" assertions="1" time="0.019566"/>
          <testcase name="testGetBalance" class="Bavix\WalletBench\Test\Units\SoloTest" classname="Bavix.WalletBench.Test.Units.SoloTest" file="/Users/babichev/projects/laravel-wallet-benchmark/tests/Units/SoloTest.php" line="17" assertions="1" time="0.018037"/>
          <testcase name="testGetBalance" class="Bavix\WalletBench\Test\Units\SoloTest" classname="Bavix.WalletBench.Test.Units.SoloTest" file="/Users/babichev/projects/laravel-wallet-benchmark/tests/Units/SoloTest.php" line="17" assertions="1" time="0.017586"/>
          <testcase name="testGetBalance" class="Bavix\WalletBench\Test\Units\SoloTest" classname="Bavix.WalletBench.Test.Units.SoloTest" file="/Users/babichev/projects/laravel-wallet-benchmark/tests/Units/SoloTest.php" line="17" assertions="1" time="0.018316"/>
          <testcase name="testGetBalance" class="Bavix\WalletBench\Test\Units\SoloTest" classname="Bavix.WalletBench.Test.Units.SoloTest" file="/Users/babichev/projects/laravel-wallet-benchmark/tests/Units/SoloTest.php" line="17" assertions="1" time="0.018743"/>
          <testcase name="testGetBalance" class="Bavix\WalletBench\Test\Units\SoloTest" classname="Bavix.WalletBench.Test.Units.SoloTest" file="/Users/babichev/projects/laravel-wallet-benchmark/tests/Units/SoloTest.php" line="17" assertions="1" time="0.017254"/>
          <testcase name="testGetBalance" class="Bavix\WalletBench\Test\Units\SoloTest" classname="Bavix.WalletBench.Test.Units.SoloTest" file="/Users/babichev/projects/laravel-wallet-benchmark/tests/Units/SoloTest.php" line="17" assertions="1" time="0.017892"/>
          <testcase name="testGetBalance" class="Bavix\WalletBench\Test\Units\SoloTest" classname="Bavix.WalletBench.Test.Units.SoloTest" file="/Users/babichev/projects/laravel-wallet-benchmark/tests/Units/SoloTest.php" line="17" assertions="1" time="0.019519"/>
          <testcase name="testGetBalance" class="Bavix\WalletBench\Test\Units\SoloTest" classname="Bavix.WalletBench.Test.Units.SoloTest" file="/Users/babichev/projects/laravel-wallet-benchmark/tests/Units/SoloTest.php" line="17" assertions="1" time="0.018279"/>
          <testcase name="testGetBalance" class="Bavix\WalletBench\Test\Units\SoloTest" classname="Bavix.WalletBench.Test.Units.SoloTest" file="/Users/babichev/projects/laravel-wallet-benchmark/tests/Units/SoloTest.php" line="17" assertions="1" time="0.018475"/>
          <testcase name="testGetBalance" class="Bavix\WalletBench\Test\Units\SoloTest" classname="Bavix.WalletBench.Test.Units.SoloTest" file="/Users/babichev/projects/laravel-wallet-benchmark/tests/Units/SoloTest.php" line="17" assertions="1" time="0.017336"/>
          <testcase name="testGetBalance" class="Bavix\WalletBench\Test\Units\SoloTest" classname="Bavix.WalletBench.Test.Units.SoloTest" file="/Users/babichev/projects/laravel-wallet-benchmark/tests/Units/SoloTest.php" line="17" assertions="1" time="0.018132"/>
          <testcase name="testGetBalance" class="Bavix\WalletBench\Test\Units\SoloTest" classname="Bavix.WalletBench.Test.Units.SoloTest" file="/Users/babichev/projects/laravel-wallet-benchmark/tests/Units/SoloTest.php" line="17" assertions="1" time="0.017962"/>
          <testcase name="testGetBalance" class="Bavix\WalletBench\Test\Units\SoloTest" classname="Bavix.WalletBench.Test.Units.SoloTest" file="/Users/babichev/projects/laravel-wallet-benchmark/tests/Units/SoloTest.php" line="17" assertions="1" time="0.018001"/>
          <testcase name="testGetBalance" class="Bavix\WalletBench\Test\Units\SoloTest" classname="Bavix.WalletBench.Test.Units.SoloTest" file="/Users/babichev/projects/laravel-wallet-benchmark/tests/Units/SoloTest.php" line="17" assertions="1" time="0.018205"/>
          <testcase name="testGetBalance" class="Bavix\WalletBench\Test\Units\SoloTest" classname="Bavix.WalletBench.Test.Units.SoloTest" file="/Users/babichev/projects/laravel-wallet-benchmark/tests/Units/SoloTest.php" line="17" assertions="1" time="0.018653"/>
          <testcase name="testGetBalance" class="Bavix\WalletBench\Test\Units\SoloTest" classname="Bavix.WalletBench.Test.Units.SoloTest" file="/Users/babichev/projects/laravel-wallet-benchmark/tests/Units/SoloTest.php" line="17" assertions="1" time="0.018481"/>
          <testcase name="testGetBalance" class="Bavix\WalletBench\Test\Units\SoloTest" classname="Bavix.WalletBench.Test.Units.SoloTest" file="/Users/babichev/projects/laravel-wallet-benchmark/tests/Units/SoloTest.php" line="17" assertions="1" time="0.019751"/>
          <testcase name="testGetBalance" class="Bavix\WalletBench\Test\Units\SoloTest" classname="Bavix.WalletBench.Test.Units.SoloTest" file="/Users/babichev/projects/laravel-wallet-benchmark/tests/Units/SoloTest.php" line="17" assertions="1" time="0.018964"/>
          <testcase name="testGetBalance" class="Bavix\WalletBench\Test\Units\SoloTest" classname="Bavix.WalletBench.Test.Units.SoloTest" file="/Users/babichev/projects/laravel-wallet-benchmark/tests/Units/SoloTest.php" line="17" assertions="1" time="0.019302"/>
          <testcase name="testGetBalance" class="Bavix\WalletBench\Test\Units\SoloTest" classname="Bavix.WalletBench.Test.Units.SoloTest" file="/Users/babichev/projects/laravel-wallet-benchmark/tests/Units/SoloTest.php" line="17" assertions="1" time="0.017772"/>
          <testcase name="testGetBalance" class="Bavix\WalletBench\Test\Units\SoloTest" classname="Bavix.WalletBench.Test.Units.SoloTest" file="/Users/babichev/projects/laravel-wallet-benchmark/tests/Units/SoloTest.php" line="17" assertions="1" time="0.018904"/>
          <testcase name="testGetBalance" class="Bavix\WalletBench\Test\Units\SoloTest" classname="Bavix.WalletBench.Test.Units.SoloTest" file="/Users/babichev/projects/laravel-wallet-benchmark/tests/Units/SoloTest.php" line="17" assertions="1" time="0.020122"/>
          <testcase name="testGetBalance" class="Bavix\WalletBench\Test\Units\SoloTest" classname="Bavix.WalletBench.Test.Units.SoloTest" file="/Users/babichev/projects/laravel-wallet-benchmark/tests/Units/SoloTest.php" line="17" assertions="1" time="0.020244"/>
          <testcase name="testGetBalance" class="Bavix\WalletBench\Test\Units\SoloTest" classname="Bavix.WalletBench.Test.Units.SoloTest" file="/Users/babichev/projects/laravel-wallet-benchmark/tests/Units/SoloTest.php" line="17" assertions="1" time="0.018677"/>
          <testcase name="testGetBalance" class="Bavix\WalletBench\Test\Units\SoloTest" classname="Bavix.WalletBench.Test.Units.SoloTest" file="/Users/babichev/projects/laravel-wallet-benchmark/tests/Units/SoloTest.php" line="17" assertions="1" time="0.018990"/>
          <testcase name="testGetBalance" class="Bavix\WalletBench\Test\Units\SoloTest" classname="Bavix.WalletBench.Test.Units.SoloTest" file="/Users/babichev/projects/laravel-wallet-benchmark/tests/Units/SoloTest.php" line="17" assertions="1" time="0.018126"/>
          <testcase name="testGetBalance" class="Bavix\WalletBench\Test\Units\SoloTest" classname="Bavix.WalletBench.Test.Units.SoloTest" file="/Users/babichev/projects/laravel-wallet-benchmark/tests/Units/SoloTest.php" line="17" assertions="1" time="0.018785"/>
          <testcase name="testGetBalance" class="Bavix\WalletBench\Test\Units\SoloTest" classname="Bavix.WalletBench.Test.Units.SoloTest" file="/Users/babichev/projects/laravel-wallet-benchmark/tests/Units/SoloTest.php" line="17" assertions="1" time="0.018024"/>
          <testcase name="testGetBalance" class="Bavix\WalletBench\Test\Units\SoloTest" classname="Bavix.WalletBench.Test.Units.SoloTest" file="/Users/babichev/projects/laravel-wallet-benchmark/tests/Units/SoloTest.php" line="17" assertions="1" time="0.018154"/>
          <testcase name="testGetBalance" class="Bavix\WalletBench\Test\Units\SoloTest" classname="Bavix.WalletBench.Test.Units.SoloTest" file="/Users/babichev/projects/laravel-wallet-benchmark/tests/Units/SoloTest.php" line="17" assertions="1" time="0.018680"/>
          <testcase name="testGetBalance" class="Bavix\WalletBench\Test\Units\SoloTest" classname="Bavix.WalletBench.Test.Units.SoloTest" file="/Users/babichev/projects/laravel-wallet-benchmark/tests/Units/SoloTest.php" line="17" assertions="1" time="0.020005"/>
          <testcase name="testGetBalance" class="Bavix\WalletBench\Test\Units\SoloTest" classname="Bavix.WalletBench.Test.Units.SoloTest" file="/Users/babichev/projects/laravel-wallet-benchmark/tests/Units/SoloTest.php" line="17" assertions="1" time="0.018669"/>
          <testcase name="testGetBalance" class="Bavix\WalletBench\Test\Units\SoloTest" classname="Bavix.WalletBench.Test.Units.SoloTest" file="/Users/babichev/projects/laravel-wallet-benchmark/tests/Units/SoloTest.php" line="17" assertions="1" time="0.019513"/>
          <testcase name="testGetBalance" class="Bavix\WalletBench\Test\Units\SoloTest" classname="Bavix.WalletBench.Test.Units.SoloTest" file="/Users/babichev/projects/laravel-wallet-benchmark/tests/Units/SoloTest.php" line="17" assertions="1" time="0.018990"/>
          <testcase name="testGetBalance" class="Bavix\WalletBench\Test\Units\SoloTest" classname="Bavix.WalletBench.Test.Units.SoloTest" file="/Users/babichev/projects/laravel-wallet-benchmark/tests/Units/SoloTest.php" line="17" assertions="1" time="0.018309"/>
          <testcase name="testGetBalance" class="Bavix\WalletBench\Test\Units\SoloTest" classname="Bavix.WalletBench.Test.Units.SoloTest" file="/Users/babichev/projects/laravel-wallet-benchmark/tests/Units/SoloTest.php" line="17" assertions="1" time="0.018152"/>
          <testcase name="testGetBalance" class="Bavix\WalletBench\Test\Units\SoloTest" classname="Bavix.WalletBench.Test.Units.SoloTest" file="/Users/babichev/projects/laravel-wallet-benchmark/tests/Units/SoloTest.php" line="17" assertions="1" time="0.017991"/>
          <testcase name="testGetBalance" class="Bavix\WalletBench\Test\Units\SoloTest" classname="Bavix.WalletBench.Test.Units.SoloTest" file="/Users/babichev/projects/laravel-wallet-benchmark/tests/Units/SoloTest.php" line="17" assertions="1" time="0.018343"/>
          <testcase name="testGetBalance" class="Bavix\WalletBench\Test\Units\SoloTest" classname="Bavix.WalletBench.Test.Units.SoloTest" file="/Users/babichev/projects/laravel-wallet-benchmark/tests/Units/SoloTest.php" line="17" assertions="1" time="0.017701"/>
          <testcase name="testGetBalance" class="Bavix\WalletBench\Test\Units\SoloTest" classname="Bavix.WalletBench.Test.Units.SoloTest" file="/Users/babichev/projects/laravel-wallet-benchmark/tests/Units/SoloTest.php" line="17" assertions="1" time="0.019493"/>
          <testcase name="testGetBalance" class="Bavix\WalletBench\Test\Units\SoloTest" classname="Bavix.WalletBench.Test.Units.SoloTest" file="/Users/babichev/projects/laravel-wallet-benchmark/tests/Units/SoloTest.php" line="17" assertions="1" time="0.019833"/>
          <testcase name="testGetBalance" class="Bavix\WalletBench\Test\Units\SoloTest" classname="Bavix.WalletBench.Test.Units.SoloTest" file="/Users/babichev/projects/laravel-wallet-benchmark/tests/Units/SoloTest.php" line="17" assertions="1" time="0.017728"/>
          <testcase name="testGetBalance" class="Bavix\WalletBench\Test\Units\SoloTest" classname="Bavix.WalletBench.Test.Units.SoloTest" file="/Users/babichev/projects/laravel-wallet-benchmark/tests/Units/SoloTest.php" line="17" assertions="1" time="0.018557"/>
          <testcase name="testGetBalance" class="Bavix\WalletBench\Test\Units\SoloTest" classname="Bavix.WalletBench.Test.Units.SoloTest" file="/Users/babichev/projects/laravel-wallet-benchmark/tests/Units/SoloTest.php" line="17" assertions="1" time="0.018317"/>
          <testcase name="testGetBalance" class="Bavix\WalletBench\Test\Units\SoloTest" classname="Bavix.WalletBench.Test.Units.SoloTest" file="/Users/babichev/projects/laravel-wallet-benchmark/tests/Units/SoloTest.php" line="17" assertions="1" time="0.019359"/>
          <testcase name="testGetBalance" class="Bavix\WalletBench\Test\Units\SoloTest" classname="Bavix.WalletBench.Test.Units.SoloTest" file="/Users/babichev/projects/laravel-wallet-benchmark/tests/Units/SoloTest.php" line="17" assertions="1" time="0.018160"/>
          <testcase name="testGetBalance" class="Bavix\WalletBench\Test\Units\SoloTest" classname="Bavix.WalletBench.Test.Units.SoloTest" file="/Users/babichev/projects/laravel-wallet-benchmark/tests/Units/SoloTest.php" line="17" assertions="1" time="0.021956"/>
          <testcase name="testGetBalance" class="Bavix\WalletBench\Test\Units\SoloTest" classname="Bavix.WalletBench.Test.Units.SoloTest" file="/Users/babichev/projects/laravel-wallet-benchmark/tests/Units/SoloTest.php" line="17" assertions="1" time="0.018331"/>
          <testcase name="testGetBalance" class="Bavix\WalletBench\Test\Units\SoloTest" classname="Bavix.WalletBench.Test.Units.SoloTest" file="/Users/babichev/projects/laravel-wallet-benchmark/tests/Units/SoloTest.php" line="17" assertions="1" time="0.019241"/>
          <testcase name="testGetBalance" class="Bavix\WalletBench\Test\Units\SoloTest" classname="Bavix.WalletBench.Test.Units.SoloTest" file="/Users/babichev/projects/laravel-wallet-benchmark/tests/Units/SoloTest.php" line="17" assertions="1" time="0.019619"/>
          <testcase name="testGetBalance" class="Bavix\WalletBench\Test\Units\SoloTest" classname="Bavix.WalletBench.Test.Units.SoloTest" file="/Users/babichev/projects/laravel-wallet-benchmark/tests/Units/SoloTest.php" line="17" assertions="1" time="0.018310"/>
          <testcase name="testGetBalance" class="Bavix\WalletBench\Test\Units\SoloTest" classname="Bavix.WalletBench.Test.Units.SoloTest" file="/Users/babichev/projects/laravel-wallet-benchmark/tests/Units/SoloTest.php" line="17" assertions="1" time="0.017938"/>
          <testcase name="testGetBalance" class="Bavix\WalletBench\Test\Units\SoloTest" classname="Bavix.WalletBench.Test.Units.SoloTest" file="/Users/babichev/projects/laravel-wallet-benchmark/tests/Units/SoloTest.php" line="17" assertions="1" time="0.018447"/>
          <testcase name="testGetBalance" class="Bavix\WalletBench\Test\Units\SoloTest" classname="Bavix.WalletBench.Test.Units.SoloTest" file="/Users/babichev/projects/laravel-wallet-benchmark/tests/Units/SoloTest.php" line="17" assertions="1" time="0.018110"/>
          <testcase name="testGetBalance" class="Bavix\WalletBench\Test\Units\SoloTest" classname="Bavix.WalletBench.Test.Units.SoloTest" file="/Users/babichev/projects/laravel-wallet-benchmark/tests/Units/SoloTest.php" line="17" assertions="1" time="0.017773"/>
          <testcase name="testGetBalance" class="Bavix\WalletBench\Test\Units\SoloTest" classname="Bavix.WalletBench.Test.Units.SoloTest" file="/Users/babichev/projects/laravel-wallet-benchmark/tests/Units/SoloTest.php" line="17" assertions="1" time="0.018436"/>
          <testcase name="testGetBalance" class="Bavix\WalletBench\Test\Units\SoloTest" classname="Bavix.WalletBench.Test.Units.SoloTest" file="/Users/babichev/projects/laravel-wallet-benchmark/tests/Units/SoloTest.php" line="17" assertions="1" time="0.019148"/>
          <testcase name="testGetBalance" class="Bavix\WalletBench\Test\Units\SoloTest" classname="Bavix.WalletBench.Test.Units.SoloTest" file="/Users/babichev/projects/laravel-wallet-benchmark/tests/Units/SoloTest.php" line="17" assertions="1" time="0.017519"/>
          <testcase name="testGetBalance" class="Bavix\WalletBench\Test\Units\SoloTest" classname="Bavix.WalletBench.Test.Units.SoloTest" file="/Users/babichev/projects/laravel-wallet-benchmark/tests/Units/SoloTest.php" line="17" assertions="1" time="0.019480"/>
          <testcase name="testGetBalance" class="Bavix\WalletBench\Test\Units\SoloTest" classname="Bavix.WalletBench.Test.Units.SoloTest" file="/Users/babichev/projects/laravel-wallet-benchmark/tests/Units/SoloTest.php" line="17" assertions="1" time="0.018888"/>
          <testcase name="testGetBalance" class="Bavix\WalletBench\Test\Units\SoloTest" classname="Bavix.WalletBench.Test.Units.SoloTest" file="/Users/babichev/projects/laravel-wallet-benchmark/tests/Units/SoloTest.php" line="17" assertions="1" time="0.017772"/>
          <testcase name="testGetBalance" class="Bavix\WalletBench\Test\Units\SoloTest" classname="Bavix.WalletBench.Test.Units.SoloTest" file="/Users/babichev/projects/laravel-wallet-benchmark/tests/Units/SoloTest.php" line="17" assertions="1" time="0.018283"/>
          <testcase name="testGetBalance" class="Bavix\WalletBench\Test\Units\SoloTest" classname="Bavix.WalletBench.Test.Units.SoloTest" file="/Users/babichev/projects/laravel-wallet-benchmark/tests/Units/SoloTest.php" line="17" assertions="1" time="0.017518"/>
          <testcase name="testGetBalance" class="Bavix\WalletBench\Test\Units\SoloTest" classname="Bavix.WalletBench.Test.Units.SoloTest" file="/Users/babichev/projects/laravel-wallet-benchmark/tests/Units/SoloTest.php" line="17" assertions="1" time="0.017432"/>
          <testcase name="testGetBalance" class="Bavix\WalletBench\Test\Units\SoloTest" classname="Bavix.WalletBench.Test.Units.SoloTest" file="/Users/babichev/projects/laravel-wallet-benchmark/tests/Units/SoloTest.php" line="17" assertions="1" time="0.018793"/>
          <testcase name="testGetBalance" class="Bavix\WalletBench\Test\Units\SoloTest" classname="Bavix.WalletBench.Test.Units.SoloTest" file="/Users/babichev/projects/laravel-wallet-benchmark/tests/Units/SoloTest.php" line="17" assertions="1" time="0.018116"/>
          <testcase name="testGetBalance" class="Bavix\WalletBench\Test\Units\SoloTest" classname="Bavix.WalletBench.Test.Units.SoloTest" file="/Users/babichev/projects/laravel-wallet-benchmark/tests/Units/SoloTest.php" line="17" assertions="1" time="0.019089"/>
          <testcase name="testGetBalance" class="Bavix\WalletBench\Test\Units\SoloTest" classname="Bavix.WalletBench.Test.Units.SoloTest" file="/Users/babichev/projects/laravel-wallet-benchmark/tests/Units/SoloTest.php" line="17" assertions="1" time="0.018836"/>
          <testcase name="testGetBalance" class="Bavix\WalletBench\Test\Units\SoloTest" classname="Bavix.WalletBench.Test.Units.SoloTest" file="/Users/babichev/projects/laravel-wallet-benchmark/tests/Units/SoloTest.php" line="17" assertions="1" time="0.018551"/>
          <testcase name="testGetBalance" class="Bavix\WalletBench\Test\Units\SoloTest" classname="Bavix.WalletBench.Test.Units.SoloTest" file="/Users/babichev/projects/laravel-wallet-benchmark/tests/Units/SoloTest.php" line="17" assertions="1" time="0.018357"/>
          <testcase name="testGetBalance" class="Bavix\WalletBench\Test\Units\SoloTest" classname="Bavix.WalletBench.Test.Units.SoloTest" file="/Users/babichev/projects/laravel-wallet-benchmark/tests/Units/SoloTest.php" line="17" assertions="1" time="0.018301"/>
          <testcase name="testGetBalance" class="Bavix\WalletBench\Test\Units\SoloTest" classname="Bavix.WalletBench.Test.Units.SoloTest" file="/Users/babichev/projects/laravel-wallet-benchmark/tests/Units/SoloTest.php" line="17" assertions="1" time="0.017781"/>
          <testcase name="testGetBalance" class="Bavix\WalletBench\Test\Units\SoloTest" classname="Bavix.WalletBench.Test.Units.SoloTest" file="/Users/babichev/projects/laravel-wallet-benchmark/tests/Units/SoloTest.php" line="17" assertions="1" time="0.017989"/>
          <testcase name="testGetBalance" class="Bavix\WalletBench\Test\Units\SoloTest" classname="Bavix.WalletBench.Test.Units.SoloTest" file="/Users/babichev/projects/laravel-wallet-benchmark/tests/Units/SoloTest.php" line="17" assertions="1" time="0.020068"/>
          <testcase name="testGetBalance" class="Bavix\WalletBench\Test\Units\SoloTest" classname="Bavix.WalletBench.Test.Units.SoloTest" file="/Users/babichev/projects/laravel-wallet-benchmark/tests/Units/SoloTest.php" line="17" assertions="1" time="0.017615"/>
          <testcase name="testGetBalance" class="Bavix\WalletBench\Test\Units\SoloTest" classname="Bavix.WalletBench.Test.Units.SoloTest" file="/Users/babichev/projects/laravel-wallet-benchmark/tests/Units/SoloTest.php" line="17" assertions="1" time="0.018319"/>
          <testcase name="testGetBalance" class="Bavix\WalletBench\Test\Units\SoloTest" classname="Bavix.WalletBench.Test.Units.SoloTest" file="/Users/babichev/projects/laravel-wallet-benchmark/tests/Units/SoloTest.php" line="17" assertions="1" time="0.020463"/>
          <testcase name="testGetBalance" class="Bavix\WalletBench\Test\Units\SoloTest" classname="Bavix.WalletBench.Test.Units.SoloTest" file="/Users/babichev/projects/laravel-wallet-benchmark/tests/Units/SoloTest.php" line="17" assertions="1" time="0.018068"/>
          <testcase name="testGetBalance" class="Bavix\WalletBench\Test\Units\SoloTest" classname="Bavix.WalletBench.Test.Units.SoloTest" file="/Users/babichev/projects/laravel-wallet-benchmark/tests/Units/SoloTest.php" line="17" assertions="1" time="0.017693"/>
          <testcase name="testGetBalance" class="Bavix\WalletBench\Test\Units\SoloTest" classname="Bavix.WalletBench.Test.Units.SoloTest" file="/Users/babichev/projects/laravel-wallet-benchmark/tests/Units/SoloTest.php" line="17" assertions="1" time="0.019653"/>
          <testcase name="testGetBalance" class="Bavix\WalletBench\Test\Units\SoloTest" classname="Bavix.WalletBench.Test.Units.SoloTest" file="/Users/babichev/projects/laravel-wallet-benchmark/tests/Units/SoloTest.php" line="17" assertions="1" time="0.019849"/>
          <testcase name="testGetBalance" class="Bavix\WalletBench\Test\Units\SoloTest" classname="Bavix.WalletBench.Test.Units.SoloTest" file="/Users/babichev/projects/laravel-wallet-benchmark/tests/Units/SoloTest.php" line="17" assertions="1" time="0.019705"/>
          <testcase name="testGetBalance" class="Bavix\WalletBench\Test\Units\SoloTest" classname="Bavix.WalletBench.Test.Units.SoloTest" file="/Users/babichev/projects/laravel-wallet-benchmark/tests/Units/SoloTest.php" line="17" assertions="1" time="0.019353"/>
          <testcase name="testGetBalance" class="Bavix\WalletBench\Test\Units\SoloTest" classname="Bavix.WalletBench.Test.Units.SoloTest" file="/Users/babichev/projects/laravel-wallet-benchmark/tests/Units/SoloTest.php" line="17" assertions="1" time="0.019049"/>
          <testcase name="testGetBalance" class="Bavix\WalletBench\Test\Units\SoloTest" classname="Bavix.WalletBench.Test.Units.SoloTest" file="/Users/babichev/projects/laravel-wallet-benchmark/tests/Units/SoloTest.php" line="17" assertions="1" time="0.017746"/>
          <testcase name="testGetBalance" class="Bavix\WalletBench\Test\Units\SoloTest" classname="Bavix.WalletBench.Test.Units.SoloTest" file="/Users/babichev/projects/laravel-wallet-benchmark/tests/Units/SoloTest.php" line="17" assertions="1" time="0.017790"/>
          <testcase name="testGetBalance" class="Bavix\WalletBench\Test\Units\SoloTest" classname="Bavix.WalletBench.Test.Units.SoloTest" file="/Users/babichev/projects/laravel-wallet-benchmark/tests/Units/SoloTest.php" line="17" assertions="1" time="0.018766"/>
          <testcase name="testGetBalance" class="Bavix\WalletBench\Test\Units\SoloTest" classname="Bavix.WalletBench.Test.Units.SoloTest" file="/Users/babichev/projects/laravel-wallet-benchmark/tests/Units/SoloTest.php" line="17" assertions="1" time="0.017836"/>
          <testcase name="testGetBalance" class="Bavix\WalletBench\Test\Units\SoloTest" classname="Bavix.WalletBench.Test.Units.SoloTest" file="/Users/babichev/projects/laravel-wallet-benchmark/tests/Units/SoloTest.php" line="17" assertions="1" time="0.018369"/>
          <testcase name="testGetBalance" class="Bavix\WalletBench\Test\Units\SoloTest" classname="Bavix.WalletBench.Test.Units.SoloTest" file="/Users/babichev/projects/laravel-wallet-benchmark/tests/Units/SoloTest.php" line="17" assertions="1" time="0.019214"/>
          <testcase name="testGetBalance" class="Bavix\WalletBench\Test\Units\SoloTest" classname="Bavix.WalletBench.Test.Units.SoloTest" file="/Users/babichev/projects/laravel-wallet-benchmark/tests/Units/SoloTest.php" line="17" assertions="1" time="0.018606"/>
          <testcase name="testGetBalance" class="Bavix\WalletBench\Test\Units\SoloTest" classname="Bavix.WalletBench.Test.Units.SoloTest" file="/Users/babichev/projects/laravel-wallet-benchmark/tests/Units/SoloTest.php" line="17" assertions="1" time="0.018456"/>
          <testcase name="testGetBalance" class="Bavix\WalletBench\Test\Units\SoloTest" classname="Bavix.WalletBench.Test.Units.SoloTest" file="/Users/babichev/projects/laravel-wallet-benchmark/tests/Units/SoloTest.php" line="17" assertions="1" time="0.018127"/>
          <testcase name="testGetBalance" class="Bavix\WalletBench\Test\Units\SoloTest" classname="Bavix.WalletBench.Test.Units.SoloTest" file="/Users/babichev/projects/laravel-wallet-benchmark/tests/Units/SoloTest.php" line="17" assertions="1" time="0.019245"/>
          <testcase name="testGetBalance" class="Bavix\WalletBench\Test\Units\SoloTest" classname="Bavix.WalletBench.Test.Units.SoloTest" file="/Users/babichev/projects/laravel-wallet-benchmark/tests/Units/SoloTest.php" line="17" assertions="1" time="0.018824"/>
          <testcase name="testGetBalance" class="Bavix\WalletBench\Test\Units\SoloTest" classname="Bavix.WalletBench.Test.Units.SoloTest" file="/Users/babichev/projects/laravel-wallet-benchmark/tests/Units/SoloTest.php" line="17" assertions="1" time="0.019383"/>
          <testcase name="testGetBalance" class="Bavix\WalletBench\Test\Units\SoloTest" classname="Bavix.WalletBench.Test.Units.SoloTest" file="/Users/babichev/projects/laravel-wallet-benchmark/tests/Units/SoloTest.php" line="17" assertions="1" time="0.019760"/>
          <testcase name="testGetBalance" class="Bavix\WalletBench\Test\Units\SoloTest" classname="Bavix.WalletBench.Test.Units.SoloTest" file="/Users/babichev/projects/laravel-wallet-benchmark/tests/Units/SoloTest.php" line="17" assertions="1" time="0.019846"/>
          <testcase name="testGetBalance" class="Bavix\WalletBench\Test\Units\SoloTest" classname="Bavix.WalletBench.Test.Units.SoloTest" file="/Users/babichev/projects/laravel-wallet-benchmark/tests/Units/SoloTest.php" line="17" assertions="1" time="0.019117"/>
          <testcase name="testGetBalance" class="Bavix\WalletBench\Test\Units\SoloTest" classname="Bavix.WalletBench.Test.Units.SoloTest" file="/Users/babichev/projects/laravel-wallet-benchmark/tests/Units/SoloTest.php" line="17" assertions="1" time="0.018245"/>
          <testcase name="testGetBalance" class="Bavix\WalletBench\Test\Units\SoloTest" classname="Bavix.WalletBench.Test.Units.SoloTest" file="/Users/babichev/projects/laravel-wallet-benchmark/tests/Units/SoloTest.php" line="17" assertions="1" time="0.018229"/>
          <testcase name="testGetBalance" class="Bavix\WalletBench\Test\Units\SoloTest" classname="Bavix.WalletBench.Test.Units.SoloTest" file="/Users/babichev/projects/laravel-wallet-benchmark/tests/Units/SoloTest.php" line="17" assertions="1" time="0.017886"/>
          <testcase name="testGetBalance" class="Bavix\WalletBench\Test\Units\SoloTest" classname="Bavix.WalletBench.Test.Units.SoloTest" file="/Users/babichev/projects/laravel-wallet-benchmark/tests/Units/SoloTest.php" line="17" assertions="1" time="0.018288"/>
          <testcase name="testGetBalance" class="Bavix\WalletBench\Test\Units\SoloTest" classname="Bavix.WalletBench.Test.Units.SoloTest" file="/Users/babichev/projects/laravel-wallet-benchmark/tests/Units/SoloTest.php" line="17" assertions="1" time="0.018637"/>
          <testcase name="testGetBalance" class="Bavix\WalletBench\Test\Units\SoloTest" classname="Bavix.WalletBench.Test.Units.SoloTest" file="/Users/babichev/projects/laravel-wallet-benchmark/tests/Units/SoloTest.php" line="17" assertions="1" time="0.020324"/>
          <testcase name="testGetBalance" class="Bavix\WalletBench\Test\Units\SoloTest" classname="Bavix.WalletBench.Test.Units.SoloTest" file="/Users/babichev/projects/laravel-wallet-benchmark/tests/Units/SoloTest.php" line="17" assertions="1" time="0.019544"/>
          <testcase name="testGetBalance" class="Bavix\WalletBench\Test\Units\SoloTest" classname="Bavix.WalletBench.Test.Units.SoloTest" file="/Users/babichev/projects/laravel-wallet-benchmark/tests/Units/SoloTest.php" line="17" assertions="1" time="0.018601"/>
          <testcase name="testGetBalance" class="Bavix\WalletBench\Test\Units\SoloTest" classname="Bavix.WalletBench.Test.Units.SoloTest" file="/Users/babichev/projects/laravel-wallet-benchmark/tests/Units/SoloTest.php" line="17" assertions="1" time="0.018600"/>
          <testcase name="testGetBalance" class="Bavix\WalletBench\Test\Units\SoloTest" classname="Bavix.WalletBench.Test.Units.SoloTest" file="/Users/babichev/projects/laravel-wallet-benchmark/tests/Units/SoloTest.php" line="17" assertions="1" time="0.017776"/>
          <testcase name="testGetBalance" class="Bavix\WalletBench\Test\Units\SoloTest" classname="Bavix.WalletBench.Test.Units.SoloTest" file="/Users/babichev/projects/laravel-wallet-benchmark/tests/Units/SoloTest.php" line="17" assertions="1" time="0.017894"/>
          <testcase name="testGetBalance" class="Bavix\WalletBench\Test\Units\SoloTest" classname="Bavix.WalletBench.Test.Units.SoloTest" file="/Users/babichev/projects/laravel-wallet-benchmark/tests/Units/SoloTest.php" line="17" assertions="1" time="0.019257"/>
          <testcase name="testGetBalance" class="Bavix\WalletBench\Test\Units\SoloTest" classname="Bavix.WalletBench.Test.Units.SoloTest" file="/Users/babichev/projects/laravel-wallet-benchmark/tests/Units/SoloTest.php" line="17" assertions="1" time="0.017313"/>
          <testcase name="testGetBalance" class="Bavix\WalletBench\Test\Units\SoloTest" classname="Bavix.WalletBench.Test.Units.SoloTest" file="/Users/babichev/projects/laravel-wallet-benchmark/tests/Units/SoloTest.php" line="17" assertions="1" time="0.017530"/>
          <testcase name="testGetBalance" class="Bavix\WalletBench\Test\Units\SoloTest" classname="Bavix.WalletBench.Test.Units.SoloTest" file="/Users/babichev/projects/laravel-wallet-benchmark/tests/Units/SoloTest.php" line="17" assertions="1" time="0.018458"/>
          <testcase name="testGetBalance" class="Bavix\WalletBench\Test\Units\SoloTest" classname="Bavix.WalletBench.Test.Units.SoloTest" file="/Users/babichev/projects/laravel-wallet-benchmark/tests/Units/SoloTest.php" line="17" assertions="1" time="0.018286"/>
          <testcase name="testGetBalance" class="Bavix\WalletBench\Test\Units\SoloTest" classname="Bavix.WalletBench.Test.Units.SoloTest" file="/Users/babichev/projects/laravel-wallet-benchmark/tests/Units/SoloTest.php" line="17" assertions="1" time="0.018648"/>
          <testcase name="testGetBalance" class="Bavix\WalletBench\Test\Units\SoloTest" classname="Bavix.WalletBench.Test.Units.SoloTest" file="/Users/babichev/projects/laravel-wallet-benchmark/tests/Units/SoloTest.php" line="17" assertions="1" time="0.018390"/>
          <testcase name="testGetBalance" class="Bavix\WalletBench\Test\Units\SoloTest" classname="Bavix.WalletBench.Test.Units.SoloTest" file="/Users/babichev/projects/laravel-wallet-benchmark/tests/Units/SoloTest.php" line="17" assertions="1" time="0.018249"/>
          <testcase name="testGetBalance" class="Bavix\WalletBench\Test\Units\SoloTest" classname="Bavix.WalletBench.Test.Units.SoloTest" file="/Users/babichev/projects/laravel-wallet-benchmark/tests/Units/SoloTest.php" line="17" assertions="1" time="0.019161"/>
          <testcase name="testGetBalance" class="Bavix\WalletBench\Test\Units\SoloTest" classname="Bavix.WalletBench.Test.Units.SoloTest" file="/Users/babichev/projects/laravel-wallet-benchmark/tests/Units/SoloTest.php" line="17" assertions="1" time="0.019040"/>
          <testcase name="testGetBalance" class="Bavix\WalletBench\Test\Units\SoloTest" classname="Bavix.WalletBench.Test.Units.SoloTest" file="/Users/babichev/projects/laravel-wallet-benchmark/tests/Units/SoloTest.php" line="17" assertions="1" time="0.018451"/>
          <testcase name="testGetBalance" class="Bavix\WalletBench\Test\Units\SoloTest" classname="Bavix.WalletBench.Test.Units.SoloTest" file="/Users/babichev/projects/laravel-wallet-benchmark/tests/Units/SoloTest.php" line="17" assertions="1" time="0.018893"/>
          <testcase name="testGetBalance" class="Bavix\WalletBench\Test\Units\SoloTest" classname="Bavix.WalletBench.Test.Units.SoloTest" file="/Users/babichev/projects/laravel-wallet-benchmark/tests/Units/SoloTest.php" line="17" assertions="1" time="0.018064"/>
          <testcase name="testGetBalance" class="Bavix\WalletBench\Test\Units\SoloTest" classname="Bavix.WalletBench.Test.Units.SoloTest" file="/Users/babichev/projects/laravel-wallet-benchmark/tests/Units/SoloTest.php" line="17" assertions="1" time="0.017764"/>
          <testcase name="testGetBalance" class="Bavix\WalletBench\Test\Units\SoloTest" classname="Bavix.WalletBench.Test.Units.SoloTest" file="/Users/babichev/projects/laravel-wallet-benchmark/tests/Units/SoloTest.php" line="17" assertions="1" time="0.019324"/>
          <testcase name="testGetBalance" class="Bavix\WalletBench\Test\Units\SoloTest" classname="Bavix.WalletBench.Test.Units.SoloTest" file="/Users/babichev/projects/laravel-wallet-benchmark/tests/Units/SoloTest.php" line="17" assertions="1" time="0.020116"/>
          <testcase name="testGetBalance" class="Bavix\WalletBench\Test\Units\SoloTest" classname="Bavix.WalletBench.Test.Units.SoloTest" file="/Users/babichev/projects/laravel-wallet-benchmark/tests/Units/SoloTest.php" line="17" assertions="1" time="0.018689"/>
          <testcase name="testGetBalance" class="Bavix\WalletBench\Test\Units\SoloTest" classname="Bavix.WalletBench.Test.Units.SoloTest" file="/Users/babichev/projects/laravel-wallet-benchmark/tests/Units/SoloTest.php" line="17" assertions="1" time="0.018372"/>
          <testcase name="testGetBalance" class="Bavix\WalletBench\Test\Units\SoloTest" classname="Bavix.WalletBench.Test.Units.SoloTest" file="/Users/babichev/projects/laravel-wallet-benchmark/tests/Units/SoloTest.php" line="17" assertions="1" time="0.018914"/>
          <testcase name="testGetBalance" class="Bavix\WalletBench\Test\Units\SoloTest" classname="Bavix.WalletBench.Test.Units.SoloTest" file="/Users/babichev/projects/laravel-wallet-benchmark/tests/Units/SoloTest.php" line="17" assertions="1" time="0.019136"/>
          <testcase name="testGetBalance" class="Bavix\WalletBench\Test\Units\SoloTest" classname="Bavix.WalletBench.Test.Units.SoloTest" file="/Users/babichev/projects/laravel-wallet-benchmark/tests/Units/SoloTest.php" line="17" assertions="1" time="0.019195"/>
          <testcase name="testGetBalance" class="Bavix\WalletBench\Test\Units\SoloTest" classname="Bavix.WalletBench.Test.Units.SoloTest" file="/Users/babichev/projects/laravel-wallet-benchmark/tests/Units/SoloTest.php" line="17" assertions="1" time="0.019365"/>
          <testcase name="testGetBalance" class="Bavix\WalletBench\Test\Units\SoloTest" classname="Bavix.WalletBench.Test.Units.SoloTest" file="/Users/babichev/projects/laravel-wallet-benchmark/tests/Units/SoloTest.php" line="17" assertions="1" time="0.018747"/>
          <testcase name="testGetBalance" class="Bavix\WalletBench\Test\Units\SoloTest" classname="Bavix.WalletBench.Test.Units.SoloTest" file="/Users/babichev/projects/laravel-wallet-benchmark/tests/Units/SoloTest.php" line="17" assertions="1" time="0.019742"/>
          <testcase name="testGetBalance" class="Bavix\WalletBench\Test\Units\SoloTest" classname="Bavix.WalletBench.Test.Units.SoloTest" file="/Users/babichev/projects/laravel-wallet-benchmark/tests/Units/SoloTest.php" line="17" assertions="1" time="0.018956"/>
          <testcase name="testGetBalance" class="Bavix\WalletBench\Test\Units\SoloTest" classname="Bavix.WalletBench.Test.Units.SoloTest" file="/Users/babichev/projects/laravel-wallet-benchmark/tests/Units/SoloTest.php" line="17" assertions="1" time="0.018861"/>
          <testcase name="testGetBalance" class="Bavix\WalletBench\Test\Units\SoloTest" classname="Bavix.WalletBench.Test.Units.SoloTest" file="/Users/babichev/projects/laravel-wallet-benchmark/tests/Units/SoloTest.php" line="17" assertions="1" time="0.021203"/>
          <testcase name="testGetBalance" class="Bavix\WalletBench\Test\Units\SoloTest" classname="Bavix.WalletBench.Test.Units.SoloTest" file="/Users/babichev/projects/laravel-wallet-benchmark/tests/Units/SoloTest.php" line="17" assertions="1" time="0.018070"/>
          <testcase name="testGetBalance" class="Bavix\WalletBench\Test\Units\SoloTest" classname="Bavix.WalletBench.Test.Units.SoloTest" file="/Users/babichev/projects/laravel-wallet-benchmark/tests/Units/SoloTest.php" line="17" assertions="1" time="0.018190"/>
          <testcase name="testGetBalance" class="Bavix\WalletBench\Test\Units\SoloTest" classname="Bavix.WalletBench.Test.Units.SoloTest" file="/Users/babichev/projects/laravel-wallet-benchmark/tests/Units/SoloTest.php" line="17" assertions="1" time="0.018898"/>
          <testcase name="testGetBalance" class="Bavix\WalletBench\Test\Units\SoloTest" classname="Bavix.WalletBench.Test.Units.SoloTest" file="/Users/babichev/projects/laravel-wallet-benchmark/tests/Units/SoloTest.php" line="17" assertions="1" time="0.019275"/>
          <testcase name="testGetBalance" class="Bavix\WalletBench\Test\Units\SoloTest" classname="Bavix.WalletBench.Test.Units.SoloTest" file="/Users/babichev/projects/laravel-wallet-benchmark/tests/Units/SoloTest.php" line="17" assertions="1" time="0.018595"/>
          <testcase name="testGetBalance" class="Bavix\WalletBench\Test\Units\SoloTest" classname="Bavix.WalletBench.Test.Units.SoloTest" file="/Users/babichev/projects/laravel-wallet-benchmark/tests/Units/SoloTest.php" line="17" assertions="1" time="0.018574"/>
          <testcase name="testGetBalance" class="Bavix\WalletBench\Test\Units\SoloTest" classname="Bavix.WalletBench.Test.Units.SoloTest" file="/Users/babichev/projects/laravel-wallet-benchmark/tests/Units/SoloTest.php" line="17" assertions="1" time="0.018280"/>
          <testcase name="testGetBalance" class="Bavix\WalletBench\Test\Units\SoloTest" classname="Bavix.WalletBench.Test.Units.SoloTest" file="/Users/babichev/projects/laravel-wallet-benchmark/tests/Units/SoloTest.php" line="17" assertions="1" time="0.019591"/>
          <testcase name="testGetBalance" class="Bavix\WalletBench\Test\Units\SoloTest" classname="Bavix.WalletBench.Test.Units.SoloTest" file="/Users/babichev/projects/laravel-wallet-benchmark/tests/Units/SoloTest.php" line="17" assertions="1" time="0.018318"/>
          <testcase name="testGetBalance" class="Bavix\WalletBench\Test\Units\SoloTest" classname="Bavix.WalletBench.Test.Units.SoloTest" file="/Users/babichev/projects/laravel-wallet-benchmark/tests/Units/SoloTest.php" line="17" assertions="1" time="0.017385"/>
          <testcase name="testGetBalance" class="Bavix\WalletBench\Test\Units\SoloTest" classname="Bavix.WalletBench.Test.Units.SoloTest" file="/Users/babichev/projects/laravel-wallet-benchmark/tests/Units/SoloTest.php" line="17" assertions="1" time="0.018136"/>
          <testcase name="testGetBalance" class="Bavix\WalletBench\Test\Units\SoloTest" classname="Bavix.WalletBench.Test.Units.SoloTest" file="/Users/babichev/projects/laravel-wallet-benchmark/tests/Units/SoloTest.php" line="17" assertions="1" time="0.017632"/>
          <testcase name="testGetBalance" class="Bavix\WalletBench\Test\Units\SoloTest" classname="Bavix.WalletBench.Test.Units.SoloTest" file="/Users/babichev/projects/laravel-wallet-benchmark/tests/Units/SoloTest.php" line="17" assertions="1" time="0.018824"/>
          <testcase name="testGetBalance" class="Bavix\WalletBench\Test\Units\SoloTest" classname="Bavix.WalletBench.Test.Units.SoloTest" file="/Users/babichev/projects/laravel-wallet-benchmark/tests/Units/SoloTest.php" line="17" assertions="1" time="0.018163"/>
          <testcase name="testGetBalance" class="Bavix\WalletBench\Test\Units\SoloTest" classname="Bavix.WalletBench.Test.Units.SoloTest" file="/Users/babichev/projects/laravel-wallet-benchmark/tests/Units/SoloTest.php" line="17" assertions="1" time="0.018539"/>
          <testcase name="testGetBalance" class="Bavix\WalletBench\Test\Units\SoloTest" classname="Bavix.WalletBench.Test.Units.SoloTest" file="/Users/babichev/projects/laravel-wallet-benchmark/tests/Units/SoloTest.php" line="17" assertions="1" time="0.018985"/>
          <testcase name="testGetBalance" class="Bavix\WalletBench\Test\Units\SoloTest" classname="Bavix.WalletBench.Test.Units.SoloTest" file="/Users/babichev/projects/laravel-wallet-benchmark/tests/Units/SoloTest.php" line="17" assertions="1" time="0.018312"/>
          <testcase name="testGetBalance" class="Bavix\WalletBench\Test\Units\SoloTest" classname="Bavix.WalletBench.Test.Units.SoloTest" file="/Users/babichev/projects/laravel-wallet-benchmark/tests/Units/SoloTest.php" line="17" assertions="1" time="0.018659"/>
          <testcase name="testGetBalance" class="Bavix\WalletBench\Test\Units\SoloTest" classname="Bavix.WalletBench.Test.Units.SoloTest" file="/Users/babichev/projects/laravel-wallet-benchmark/tests/Units/SoloTest.php" line="17" assertions="1" time="0.018660"/>
          <testcase name="testGetBalance" class="Bavix\WalletBench\Test\Units\SoloTest" classname="Bavix.WalletBench.Test.Units.SoloTest" file="/Users/babichev/projects/laravel-wallet-benchmark/tests/Units/SoloTest.php" line="17" assertions="1" time="0.020486"/>
          <testcase name="testGetBalance" class="Bavix\WalletBench\Test\Units\SoloTest" classname="Bavix.WalletBench.Test.Units.SoloTest" file="/Users/babichev/projects/laravel-wallet-benchmark/tests/Units/SoloTest.php" line="17" assertions="1" time="0.019728"/>
          <testcase name="testGetBalance" class="Bavix\WalletBench\Test\Units\SoloTest" classname="Bavix.WalletBench.Test.Units.SoloTest" file="/Users/babichev/projects/laravel-wallet-benchmark/tests/Units/SoloTest.php" line="17" assertions="1" time="0.018883"/>
          <testcase name="testGetBalance" class="Bavix\WalletBench\Test\Units\SoloTest" classname="Bavix.WalletBench.Test.Units.SoloTest" file="/Users/babichev/projects/laravel-wallet-benchmark/tests/Units/SoloTest.php" line="17" assertions="1" time="0.020128"/>
          <testcase name="testGetBalance" class="Bavix\WalletBench\Test\Units\SoloTest" classname="Bavix.WalletBench.Test.Units.SoloTest" file="/Users/babichev/projects/laravel-wallet-benchmark/tests/Units/SoloTest.php" line="17" assertions="1" time="0.018131"/>
          <testcase name="testGetBalance" class="Bavix\WalletBench\Test\Units\SoloTest" classname="Bavix.WalletBench.Test.Units.SoloTest" file="/Users/babichev/projects/laravel-wallet-benchmark/tests/Units/SoloTest.php" line="17" assertions="1" time="0.018981"/>
          <testcase name="testGetBalance" class="Bavix\WalletBench\Test\Units\SoloTest" classname="Bavix.WalletBench.Test.Units.SoloTest" file="/Users/babichev/projects/laravel-wallet-benchmark/tests/Units/SoloTest.php" line="17" assertions="1" time="0.019414"/>
          <testcase name="testGetBalance" class="Bavix\WalletBench\Test\Units\SoloTest" classname="Bavix.WalletBench.Test.Units.SoloTest" file="/Users/babichev/projects/laravel-wallet-benchmark/tests/Units/SoloTest.php" line="17" assertions="1" time="0.018261"/>
          <testcase name="testGetBalance" class="Bavix\WalletBench\Test\Units\SoloTest" classname="Bavix.WalletBench.Test.Units.SoloTest" file="/Users/babichev/projects/laravel-wallet-benchmark/tests/Units/SoloTest.php" line="17" assertions="1" time="0.018410"/>
          <testcase name="testGetBalance" class="Bavix\WalletBench\Test\Units\SoloTest" classname="Bavix.WalletBench.Test.Units.SoloTest" file="/Users/babichev/projects/laravel-wallet-benchmark/tests/Units/SoloTest.php" line="17" assertions="1" time="0.019433"/>
          <testcase name="testGetBalance" class="Bavix\WalletBench\Test\Units\SoloTest" classname="Bavix.WalletBench.Test.Units.SoloTest" file="/Users/babichev/projects/laravel-wallet-benchmark/tests/Units/SoloTest.php" line="17" assertions="1" time="0.018425"/>
          <testcase name="testGetBalance" class="Bavix\WalletBench\Test\Units\SoloTest" classname="Bavix.WalletBench.Test.Units.SoloTest" file="/Users/babichev/projects/laravel-wallet-benchmark/tests/Units/SoloTest.php" line="17" assertions="1" time="0.019007"/>
          <testcase name="testGetBalance" class="Bavix\WalletBench\Test\Units\SoloTest" classname="Bavix.WalletBench.Test.Units.SoloTest" file="/Users/babichev/projects/laravel-wallet-benchmark/tests/Units/SoloTest.php" line="17" assertions="1" time="0.019716"/>
          <testcase name="testGetBalance" class="Bavix\WalletBench\Test\Units\SoloTest" classname="Bavix.WalletBench.Test.Units.SoloTest" file="/Users/babichev/projects/laravel-wallet-benchmark/tests/Units/SoloTest.php" line="17" assertions="1" time="0.018924"/>
        </testsuite>
        <testsuite name="Bavix\WalletBench\Test\Units\SoloTest::testDeposit" tests="100" assertions="100" errors="0" warnings="0" failures="0" skipped="0" time="2.684767">
          <testcase name="testDeposit" class="Bavix\WalletBench\Test\Units\SoloTest" classname="Bavix.WalletBench.Test.Units.SoloTest" file="/Users/babichev/projects/laravel-wallet-benchmark/tests/Units/SoloTest.php" line="25" assertions="1" time="0.026790"/>
          <testcase name="testDeposit" class="Bavix\WalletBench\Test\Units\SoloTest" classname="Bavix.WalletBench.Test.Units.SoloTest" file="/Users/babichev/projects/laravel-wallet-benchmark/tests/Units/SoloTest.php" line="25" assertions="1" time="0.027598"/>
          <testcase name="testDeposit" class="Bavix\WalletBench\Test\Units\SoloTest" classname="Bavix.WalletBench.Test.Units.SoloTest" file="/Users/babichev/projects/laravel-wallet-benchmark/tests/Units/SoloTest.php" line="25" assertions="1" time="0.025618"/>
          <testcase name="testDeposit" class="Bavix\WalletBench\Test\Units\SoloTest" classname="Bavix.WalletBench.Test.Units.SoloTest" file="/Users/babichev/projects/laravel-wallet-benchmark/tests/Units/SoloTest.php" line="25" assertions="1" time="0.027218"/>
          <testcase name="testDeposit" class="Bavix\WalletBench\Test\Units\SoloTest" classname="Bavix.WalletBench.Test.Units.SoloTest" file="/Users/babichev/projects/laravel-wallet-benchmark/tests/Units/SoloTest.php" line="25" assertions="1" time="0.027360"/>
          <testcase name="testDeposit" class="Bavix\WalletBench\Test\Units\SoloTest" classname="Bavix.WalletBench.Test.Units.SoloTest" file="/Users/babichev/projects/laravel-wallet-benchmark/tests/Units/SoloTest.php" line="25" assertions="1" time="0.026667"/>
          <testcase name="testDeposit" class="Bavix\WalletBench\Test\Units\SoloTest" classname="Bavix.WalletBench.Test.Units.SoloTest" file="/Users/babichev/projects/laravel-wallet-benchmark/tests/Units/SoloTest.php" line="25" assertions="1" time="0.027528"/>
          <testcase name="testDeposit" class="Bavix\WalletBench\Test\Units\SoloTest" classname="Bavix.WalletBench.Test.Units.SoloTest" file="/Users/babichev/projects/laravel-wallet-benchmark/tests/Units/SoloTest.php" line="25" assertions="1" time="0.026799"/>
          <testcase name="testDeposit" class="Bavix\WalletBench\Test\Units\SoloTest" classname="Bavix.WalletBench.Test.Units.SoloTest" file="/Users/babichev/projects/laravel-wallet-benchmark/tests/Units/SoloTest.php" line="25" assertions="1" time="0.026028"/>
          <testcase name="testDeposit" class="Bavix\WalletBench\Test\Units\SoloTest" classname="Bavix.WalletBench.Test.Units.SoloTest" file="/Users/babichev/projects/laravel-wallet-benchmark/tests/Units/SoloTest.php" line="25" assertions="1" time="0.026968"/>
          <testcase name="testDeposit" class="Bavix\WalletBench\Test\Units\SoloTest" classname="Bavix.WalletBench.Test.Units.SoloTest" file="/Users/babichev/projects/laravel-wallet-benchmark/tests/Units/SoloTest.php" line="25" assertions="1" time="0.026640"/>
          <testcase name="testDeposit" class="Bavix\WalletBench\Test\Units\SoloTest" classname="Bavix.WalletBench.Test.Units.SoloTest" file="/Users/babichev/projects/laravel-wallet-benchmark/tests/Units/SoloTest.php" line="25" assertions="1" time="0.026064"/>
          <testcase name="testDeposit" class="Bavix\WalletBench\Test\Units\SoloTest" classname="Bavix.WalletBench.Test.Units.SoloTest" file="/Users/babichev/projects/laravel-wallet-benchmark/tests/Units/SoloTest.php" line="25" assertions="1" time="0.029122"/>
          <testcase name="testDeposit" class="Bavix\WalletBench\Test\Units\SoloTest" classname="Bavix.WalletBench.Test.Units.SoloTest" file="/Users/babichev/projects/laravel-wallet-benchmark/tests/Units/SoloTest.php" line="25" assertions="1" time="0.026942"/>
          <testcase name="testDeposit" class="Bavix\WalletBench\Test\Units\SoloTest" classname="Bavix.WalletBench.Test.Units.SoloTest" file="/Users/babichev/projects/laravel-wallet-benchmark/tests/Units/SoloTest.php" line="25" assertions="1" time="0.027867"/>
          <testcase name="testDeposit" class="Bavix\WalletBench\Test\Units\SoloTest" classname="Bavix.WalletBench.Test.Units.SoloTest" file="/Users/babichev/projects/laravel-wallet-benchmark/tests/Units/SoloTest.php" line="25" assertions="1" time="0.026829"/>
          <testcase name="testDeposit" class="Bavix\WalletBench\Test\Units\SoloTest" classname="Bavix.WalletBench.Test.Units.SoloTest" file="/Users/babichev/projects/laravel-wallet-benchmark/tests/Units/SoloTest.php" line="25" assertions="1" time="0.027259"/>
          <testcase name="testDeposit" class="Bavix\WalletBench\Test\Units\SoloTest" classname="Bavix.WalletBench.Test.Units.SoloTest" file="/Users/babichev/projects/laravel-wallet-benchmark/tests/Units/SoloTest.php" line="25" assertions="1" time="0.027711"/>
          <testcase name="testDeposit" class="Bavix\WalletBench\Test\Units\SoloTest" classname="Bavix.WalletBench.Test.Units.SoloTest" file="/Users/babichev/projects/laravel-wallet-benchmark/tests/Units/SoloTest.php" line="25" assertions="1" time="0.025957"/>
          <testcase name="testDeposit" class="Bavix\WalletBench\Test\Units\SoloTest" classname="Bavix.WalletBench.Test.Units.SoloTest" file="/Users/babichev/projects/laravel-wallet-benchmark/tests/Units/SoloTest.php" line="25" assertions="1" time="0.027639"/>
          <testcase name="testDeposit" class="Bavix\WalletBench\Test\Units\SoloTest" classname="Bavix.WalletBench.Test.Units.SoloTest" file="/Users/babichev/projects/laravel-wallet-benchmark/tests/Units/SoloTest.php" line="25" assertions="1" time="0.026843"/>
          <testcase name="testDeposit" class="Bavix\WalletBench\Test\Units\SoloTest" classname="Bavix.WalletBench.Test.Units.SoloTest" file="/Users/babichev/projects/laravel-wallet-benchmark/tests/Units/SoloTest.php" line="25" assertions="1" time="0.026932"/>
          <testcase name="testDeposit" class="Bavix\WalletBench\Test\Units\SoloTest" classname="Bavix.WalletBench.Test.Units.SoloTest" file="/Users/babichev/projects/laravel-wallet-benchmark/tests/Units/SoloTest.php" line="25" assertions="1" time="0.026557"/>
          <testcase name="testDeposit" class="Bavix\WalletBench\Test\Units\SoloTest" classname="Bavix.WalletBench.Test.Units.SoloTest" file="/Users/babichev/projects/laravel-wallet-benchmark/tests/Units/SoloTest.php" line="25" assertions="1" time="0.027599"/>
          <testcase name="testDeposit" class="Bavix\WalletBench\Test\Units\SoloTest" classname="Bavix.WalletBench.Test.Units.SoloTest" file="/Users/babichev/projects/laravel-wallet-benchmark/tests/Units/SoloTest.php" line="25" assertions="1" time="0.025446"/>
          <testcase name="testDeposit" class="Bavix\WalletBench\Test\Units\SoloTest" classname="Bavix.WalletBench.Test.Units.SoloTest" file="/Users/babichev/projects/laravel-wallet-benchmark/tests/Units/SoloTest.php" line="25" assertions="1" time="0.025737"/>
          <testcase name="testDeposit" class="Bavix\WalletBench\Test\Units\SoloTest" classname="Bavix.WalletBench.Test.Units.SoloTest" file="/Users/babichev/projects/laravel-wallet-benchmark/tests/Units/SoloTest.php" line="25" assertions="1" time="0.027866"/>
          <testcase name="testDeposit" class="Bavix\WalletBench\Test\Units\SoloTest" classname="Bavix.WalletBench.Test.Units.SoloTest" file="/Users/babichev/projects/laravel-wallet-benchmark/tests/Units/SoloTest.php" line="25" assertions="1" time="0.024952"/>
          <testcase name="testDeposit" class="Bavix\WalletBench\Test\Units\SoloTest" classname="Bavix.WalletBench.Test.Units.SoloTest" file="/Users/babichev/projects/laravel-wallet-benchmark/tests/Units/SoloTest.php" line="25" assertions="1" time="0.026199"/>
          <testcase name="testDeposit" class="Bavix\WalletBench\Test\Units\SoloTest" classname="Bavix.WalletBench.Test.Units.SoloTest" file="/Users/babichev/projects/laravel-wallet-benchmark/tests/Units/SoloTest.php" line="25" assertions="1" time="0.026240"/>
          <testcase name="testDeposit" class="Bavix\WalletBench\Test\Units\SoloTest" classname="Bavix.WalletBench.Test.Units.SoloTest" file="/Users/babichev/projects/laravel-wallet-benchmark/tests/Units/SoloTest.php" line="25" assertions="1" time="0.026663"/>
          <testcase name="testDeposit" class="Bavix\WalletBench\Test\Units\SoloTest" classname="Bavix.WalletBench.Test.Units.SoloTest" file="/Users/babichev/projects/laravel-wallet-benchmark/tests/Units/SoloTest.php" line="25" assertions="1" time="0.026209"/>
          <testcase name="testDeposit" class="Bavix\WalletBench\Test\Units\SoloTest" classname="Bavix.WalletBench.Test.Units.SoloTest" file="/Users/babichev/projects/laravel-wallet-benchmark/tests/Units/SoloTest.php" line="25" assertions="1" time="0.027438"/>
          <testcase name="testDeposit" class="Bavix\WalletBench\Test\Units\SoloTest" classname="Bavix.WalletBench.Test.Units.SoloTest" file="/Users/babichev/projects/laravel-wallet-benchmark/tests/Units/SoloTest.php" line="25" assertions="1" time="0.026078"/>
          <testcase name="testDeposit" class="Bavix\WalletBench\Test\Units\SoloTest" classname="Bavix.WalletBench.Test.Units.SoloTest" file="/Users/babichev/projects/laravel-wallet-benchmark/tests/Units/SoloTest.php" line="25" assertions="1" time="0.026850"/>
          <testcase name="testDeposit" class="Bavix\WalletBench\Test\Units\SoloTest" classname="Bavix.WalletBench.Test.Units.SoloTest" file="/Users/babichev/projects/laravel-wallet-benchmark/tests/Units/SoloTest.php" line="25" assertions="1" time="0.027211"/>
          <testcase name="testDeposit" class="Bavix\WalletBench\Test\Units\SoloTest" classname="Bavix.WalletBench.Test.Units.SoloTest" file="/Users/babichev/projects/laravel-wallet-benchmark/tests/Units/SoloTest.php" line="25" assertions="1" time="0.028539"/>
          <testcase name="testDeposit" class="Bavix\WalletBench\Test\Units\SoloTest" classname="Bavix.WalletBench.Test.Units.SoloTest" file="/Users/babichev/projects/laravel-wallet-benchmark/tests/Units/SoloTest.php" line="25" assertions="1" time="0.028478"/>
          <testcase name="testDeposit" class="Bavix\WalletBench\Test\Units\SoloTest" classname="Bavix.WalletBench.Test.Units.SoloTest" file="/Users/babichev/projects/laravel-wallet-benchmark/tests/Units/SoloTest.php" line="25" assertions="1" time="0.027248"/>
          <testcase name="testDeposit" class="Bavix\WalletBench\Test\Units\SoloTest" classname="Bavix.WalletBench.Test.Units.SoloTest" file="/Users/babichev/projects/laravel-wallet-benchmark/tests/Units/SoloTest.php" line="25" assertions="1" time="0.025803"/>
          <testcase name="testDeposit" class="Bavix\WalletBench\Test\Units\SoloTest" classname="Bavix.WalletBench.Test.Units.SoloTest" file="/Users/babichev/projects/laravel-wallet-benchmark/tests/Units/SoloTest.php" line="25" assertions="1" time="0.027765"/>
          <testcase name="testDeposit" class="Bavix\WalletBench\Test\Units\SoloTest" classname="Bavix.WalletBench.Test.Units.SoloTest" file="/Users/babichev/projects/laravel-wallet-benchmark/tests/Units/SoloTest.php" line="25" assertions="1" time="0.026753"/>
          <testcase name="testDeposit" class="Bavix\WalletBench\Test\Units\SoloTest" classname="Bavix.WalletBench.Test.Units.SoloTest" file="/Users/babichev/projects/laravel-wallet-benchmark/tests/Units/SoloTest.php" line="25" assertions="1" time="0.026337"/>
          <testcase name="testDeposit" class="Bavix\WalletBench\Test\Units\SoloTest" classname="Bavix.WalletBench.Test.Units.SoloTest" file="/Users/babichev/projects/laravel-wallet-benchmark/tests/Units/SoloTest.php" line="25" assertions="1" time="0.026189"/>
          <testcase name="testDeposit" class="Bavix\WalletBench\Test\Units\SoloTest" classname="Bavix.WalletBench.Test.Units.SoloTest" file="/Users/babichev/projects/laravel-wallet-benchmark/tests/Units/SoloTest.php" line="25" assertions="1" time="0.026362"/>
          <testcase name="testDeposit" class="Bavix\WalletBench\Test\Units\SoloTest" classname="Bavix.WalletBench.Test.Units.SoloTest" file="/Users/babichev/projects/laravel-wallet-benchmark/tests/Units/SoloTest.php" line="25" assertions="1" time="0.027089"/>
          <testcase name="testDeposit" class="Bavix\WalletBench\Test\Units\SoloTest" classname="Bavix.WalletBench.Test.Units.SoloTest" file="/Users/babichev/projects/laravel-wallet-benchmark/tests/Units/SoloTest.php" line="25" assertions="1" time="0.026123"/>
          <testcase name="testDeposit" class="Bavix\WalletBench\Test\Units\SoloTest" classname="Bavix.WalletBench.Test.Units.SoloTest" file="/Users/babichev/projects/laravel-wallet-benchmark/tests/Units/SoloTest.php" line="25" assertions="1" time="0.026772"/>
          <testcase name="testDeposit" class="Bavix\WalletBench\Test\Units\SoloTest" classname="Bavix.WalletBench.Test.Units.SoloTest" file="/Users/babichev/projects/laravel-wallet-benchmark/tests/Units/SoloTest.php" line="25" assertions="1" time="0.026261"/>
          <testcase name="testDeposit" class="Bavix\WalletBench\Test\Units\SoloTest" classname="Bavix.WalletBench.Test.Units.SoloTest" file="/Users/babichev/projects/laravel-wallet-benchmark/tests/Units/SoloTest.php" line="25" assertions="1" time="0.026075"/>
          <testcase name="testDeposit" class="Bavix\WalletBench\Test\Units\SoloTest" classname="Bavix.WalletBench.Test.Units.SoloTest" file="/Users/babichev/projects/laravel-wallet-benchmark/tests/Units/SoloTest.php" line="25" assertions="1" time="0.026351"/>
          <testcase name="testDeposit" class="Bavix\WalletBench\Test\Units\SoloTest" classname="Bavix.WalletBench.Test.Units.SoloTest" file="/Users/babichev/projects/laravel-wallet-benchmark/tests/Units/SoloTest.php" line="25" assertions="1" time="0.027015"/>
          <testcase name="testDeposit" class="Bavix\WalletBench\Test\Units\SoloTest" classname="Bavix.WalletBench.Test.Units.SoloTest" file="/Users/babichev/projects/laravel-wallet-benchmark/tests/Units/SoloTest.php" line="25" assertions="1" time="0.026657"/>
          <testcase name="testDeposit" class="Bavix\WalletBench\Test\Units\SoloTest" classname="Bavix.WalletBench.Test.Units.SoloTest" file="/Users/babichev/projects/laravel-wallet-benchmark/tests/Units/SoloTest.php" line="25" assertions="1" time="0.025191"/>
          <testcase name="testDeposit" class="Bavix\WalletBench\Test\Units\SoloTest" classname="Bavix.WalletBench.Test.Units.SoloTest" file="/Users/babichev/projects/laravel-wallet-benchmark/tests/Units/SoloTest.php" line="25" assertions="1" time="0.027445"/>
          <testcase name="testDeposit" class="Bavix\WalletBench\Test\Units\SoloTest" classname="Bavix.WalletBench.Test.Units.SoloTest" file="/Users/babichev/projects/laravel-wallet-benchmark/tests/Units/SoloTest.php" line="25" assertions="1" time="0.030693"/>
          <testcase name="testDeposit" class="Bavix\WalletBench\Test\Units\SoloTest" classname="Bavix.WalletBench.Test.Units.SoloTest" file="/Users/babichev/projects/laravel-wallet-benchmark/tests/Units/SoloTest.php" line="25" assertions="1" time="0.030064"/>
          <testcase name="testDeposit" class="Bavix\WalletBench\Test\Units\SoloTest" classname="Bavix.WalletBench.Test.Units.SoloTest" file="/Users/babichev/projects/laravel-wallet-benchmark/tests/Units/SoloTest.php" line="25" assertions="1" time="0.027216"/>
          <testcase name="testDeposit" class="Bavix\WalletBench\Test\Units\SoloTest" classname="Bavix.WalletBench.Test.Units.SoloTest" file="/Users/babichev/projects/laravel-wallet-benchmark/tests/Units/SoloTest.php" line="25" assertions="1" time="0.025120"/>
          <testcase name="testDeposit" class="Bavix\WalletBench\Test\Units\SoloTest" classname="Bavix.WalletBench.Test.Units.SoloTest" file="/Users/babichev/projects/laravel-wallet-benchmark/tests/Units/SoloTest.php" line="25" assertions="1" time="0.026383"/>
          <testcase name="testDeposit" class="Bavix\WalletBench\Test\Units\SoloTest" classname="Bavix.WalletBench.Test.Units.SoloTest" file="/Users/babichev/projects/laravel-wallet-benchmark/tests/Units/SoloTest.php" line="25" assertions="1" time="0.027089"/>
          <testcase name="testDeposit" class="Bavix\WalletBench\Test\Units\SoloTest" classname="Bavix.WalletBench.Test.Units.SoloTest" file="/Users/babichev/projects/laravel-wallet-benchmark/tests/Units/SoloTest.php" line="25" assertions="1" time="0.026918"/>
          <testcase name="testDeposit" class="Bavix\WalletBench\Test\Units\SoloTest" classname="Bavix.WalletBench.Test.Units.SoloTest" file="/Users/babichev/projects/laravel-wallet-benchmark/tests/Units/SoloTest.php" line="25" assertions="1" time="0.026681"/>
          <testcase name="testDeposit" class="Bavix\WalletBench\Test\Units\SoloTest" classname="Bavix.WalletBench.Test.Units.SoloTest" file="/Users/babichev/projects/laravel-wallet-benchmark/tests/Units/SoloTest.php" line="25" assertions="1" time="0.027295"/>
          <testcase name="testDeposit" class="Bavix\WalletBench\Test\Units\SoloTest" classname="Bavix.WalletBench.Test.Units.SoloTest" file="/Users/babichev/projects/laravel-wallet-benchmark/tests/Units/SoloTest.php" line="25" assertions="1" time="0.027379"/>
          <testcase name="testDeposit" class="Bavix\WalletBench\Test\Units\SoloTest" classname="Bavix.WalletBench.Test.Units.SoloTest" file="/Users/babichev/projects/laravel-wallet-benchmark/tests/Units/SoloTest.php" line="25" assertions="1" time="0.025456"/>
          <testcase name="testDeposit" class="Bavix\WalletBench\Test\Units\SoloTest" classname="Bavix.WalletBench.Test.Units.SoloTest" file="/Users/babichev/projects/laravel-wallet-benchmark/tests/Units/SoloTest.php" line="25" assertions="1" time="0.028179"/>
          <testcase name="testDeposit" class="Bavix\WalletBench\Test\Units\SoloTest" classname="Bavix.WalletBench.Test.Units.SoloTest" file="/Users/babichev/projects/laravel-wallet-benchmark/tests/Units/SoloTest.php" line="25" assertions="1" time="0.025921"/>
          <testcase name="testDeposit" class="Bavix\WalletBench\Test\Units\SoloTest" classname="Bavix.WalletBench.Test.Units.SoloTest" file="/Users/babichev/projects/laravel-wallet-benchmark/tests/Units/SoloTest.php" line="25" assertions="1" time="0.028719"/>
          <testcase name="testDeposit" class="Bavix\WalletBench\Test\Units\SoloTest" classname="Bavix.WalletBench.Test.Units.SoloTest" file="/Users/babichev/projects/laravel-wallet-benchmark/tests/Units/SoloTest.php" line="25" assertions="1" time="0.028140"/>
          <testcase name="testDeposit" class="Bavix\WalletBench\Test\Units\SoloTest" classname="Bavix.WalletBench.Test.Units.SoloTest" file="/Users/babichev/projects/laravel-wallet-benchmark/tests/Units/SoloTest.php" line="25" assertions="1" time="0.026208"/>
          <testcase name="testDeposit" class="Bavix\WalletBench\Test\Units\SoloTest" classname="Bavix.WalletBench.Test.Units.SoloTest" file="/Users/babichev/projects/laravel-wallet-benchmark/tests/Units/SoloTest.php" line="25" assertions="1" time="0.026971"/>
          <testcase name="testDeposit" class="Bavix\WalletBench\Test\Units\SoloTest" classname="Bavix.WalletBench.Test.Units.SoloTest" file="/Users/babichev/projects/laravel-wallet-benchmark/tests/Units/SoloTest.php" line="25" assertions="1" time="0.026578"/>
          <testcase name="testDeposit" class="Bavix\WalletBench\Test\Units\SoloTest" classname="Bavix.WalletBench.Test.Units.SoloTest" file="/Users/babichev/projects/laravel-wallet-benchmark/tests/Units/SoloTest.php" line="25" assertions="1" time="0.025773"/>
          <testcase name="testDeposit" class="Bavix\WalletBench\Test\Units\SoloTest" classname="Bavix.WalletBench.Test.Units.SoloTest" file="/Users/babichev/projects/laravel-wallet-benchmark/tests/Units/SoloTest.php" line="25" assertions="1" time="0.026130"/>
          <testcase name="testDeposit" class="Bavix\WalletBench\Test\Units\SoloTest" classname="Bavix.WalletBench.Test.Units.SoloTest" file="/Users/babichev/projects/laravel-wallet-benchmark/tests/Units/SoloTest.php" line="25" assertions="1" time="0.026054"/>
          <testcase name="testDeposit" class="Bavix\WalletBench\Test\Units\SoloTest" classname="Bavix.WalletBench.Test.Units.SoloTest" file="/Users/babichev/projects/laravel-wallet-benchmark/tests/Units/SoloTest.php" line="25" assertions="1" time="0.026014"/>
          <testcase name="testDeposit" class="Bavix\WalletBench\Test\Units\SoloTest" classname="Bavix.WalletBench.Test.Units.SoloTest" file="/Users/babichev/projects/laravel-wallet-benchmark/tests/Units/SoloTest.php" line="25" assertions="1" time="0.025218"/>
          <testcase name="testDeposit" class="Bavix\WalletBench\Test\Units\SoloTest" classname="Bavix.WalletBench.Test.Units.SoloTest" file="/Users/babichev/projects/laravel-wallet-benchmark/tests/Units/SoloTest.php" line="25" assertions="1" time="0.025034"/>
          <testcase name="testDeposit" class="Bavix\WalletBench\Test\Units\SoloTest" classname="Bavix.WalletBench.Test.Units.SoloTest" file="/Users/babichev/projects/laravel-wallet-benchmark/tests/Units/SoloTest.php" line="25" assertions="1" time="0.026422"/>
          <testcase name="testDeposit" class="Bavix\WalletBench\Test\Units\SoloTest" classname="Bavix.WalletBench.Test.Units.SoloTest" file="/Users/babichev/projects/laravel-wallet-benchmark/tests/Units/SoloTest.php" line="25" assertions="1" time="0.026202"/>
          <testcase name="testDeposit" class="Bavix\WalletBench\Test\Units\SoloTest" classname="Bavix.WalletBench.Test.Units.SoloTest" file="/Users/babichev/projects/laravel-wallet-benchmark/tests/Units/SoloTest.php" line="25" assertions="1" time="0.026378"/>
          <testcase name="testDeposit" class="Bavix\WalletBench\Test\Units\SoloTest" classname="Bavix.WalletBench.Test.Units.SoloTest" file="/Users/babichev/projects/laravel-wallet-benchmark/tests/Units/SoloTest.php" line="25" assertions="1" time="0.026345"/>
          <testcase name="testDeposit" class="Bavix\WalletBench\Test\Units\SoloTest" classname="Bavix.WalletBench.Test.Units.SoloTest" file="/Users/babichev/projects/laravel-wallet-benchmark/tests/Units/SoloTest.php" line="25" assertions="1" time="0.026314"/>
          <testcase name="testDeposit" class="Bavix\WalletBench\Test\Units\SoloTest" classname="Bavix.WalletBench.Test.Units.SoloTest" file="/Users/babichev/projects/laravel-wallet-benchmark/tests/Units/SoloTest.php" line="25" assertions="1" time="0.026145"/>
          <testcase name="testDeposit" class="Bavix\WalletBench\Test\Units\SoloTest" classname="Bavix.WalletBench.Test.Units.SoloTest" file="/Users/babichev/projects/laravel-wallet-benchmark/tests/Units/SoloTest.php" line="25" assertions="1" time="0.028380"/>
          <testcase name="testDeposit" class="Bavix\WalletBench\Test\Units\SoloTest" classname="Bavix.WalletBench.Test.Units.SoloTest" file="/Users/babichev/projects/laravel-wallet-benchmark/tests/Units/SoloTest.php" line="25" assertions="1" time="0.028369"/>
          <testcase name="testDeposit" class="Bavix\WalletBench\Test\Units\SoloTest" classname="Bavix.WalletBench.Test.Units.SoloTest" file="/Users/babichev/projects/laravel-wallet-benchmark/tests/Units/SoloTest.php" line="25" assertions="1" time="0.027562"/>
          <testcase name="testDeposit" class="Bavix\WalletBench\Test\Units\SoloTest" classname="Bavix.WalletBench.Test.Units.SoloTest" file="/Users/babichev/projects/laravel-wallet-benchmark/tests/Units/SoloTest.php" line="25" assertions="1" time="0.026215"/>
          <testcase name="testDeposit" class="Bavix\WalletBench\Test\Units\SoloTest" classname="Bavix.WalletBench.Test.Units.SoloTest" file="/Users/babichev/projects/laravel-wallet-benchmark/tests/Units/SoloTest.php" line="25" assertions="1" time="0.027589"/>
          <testcase name="testDeposit" class="Bavix\WalletBench\Test\Units\SoloTest" classname="Bavix.WalletBench.Test.Units.SoloTest" file="/Users/babichev/projects/laravel-wallet-benchmark/tests/Units/SoloTest.php" line="25" assertions="1" time="0.027868"/>
          <testcase name="testDeposit" class="Bavix\WalletBench\Test\Units\SoloTest" classname="Bavix.WalletBench.Test.Units.SoloTest" file="/Users/babichev/projects/laravel-wallet-benchmark/tests/Units/SoloTest.php" line="25" assertions="1" time="0.027194"/>
          <testcase name="testDeposit" class="Bavix\WalletBench\Test\Units\SoloTest" classname="Bavix.WalletBench.Test.Units.SoloTest" file="/Users/babichev/projects/laravel-wallet-benchmark/tests/Units/SoloTest.php" line="25" assertions="1" time="0.027174"/>
          <testcase name="testDeposit" class="Bavix\WalletBench\Test\Units\SoloTest" classname="Bavix.WalletBench.Test.Units.SoloTest" file="/Users/babichev/projects/laravel-wallet-benchmark/tests/Units/SoloTest.php" line="25" assertions="1" time="0.026926"/>
          <testcase name="testDeposit" class="Bavix\WalletBench\Test\Units\SoloTest" classname="Bavix.WalletBench.Test.Units.SoloTest" file="/Users/babichev/projects/laravel-wallet-benchmark/tests/Units/SoloTest.php" line="25" assertions="1" time="0.026295"/>
          <testcase name="testDeposit" class="Bavix\WalletBench\Test\Units\SoloTest" classname="Bavix.WalletBench.Test.Units.SoloTest" file="/Users/babichev/projects/laravel-wallet-benchmark/tests/Units/SoloTest.php" line="25" assertions="1" time="0.026350"/>
          <testcase name="testDeposit" class="Bavix\WalletBench\Test\Units\SoloTest" classname="Bavix.WalletBench.Test.Units.SoloTest" file="/Users/babichev/projects/laravel-wallet-benchmark/tests/Units/SoloTest.php" line="25" assertions="1" time="0.027299"/>
          <testcase name="testDeposit" class="Bavix\WalletBench\Test\Units\SoloTest" classname="Bavix.WalletBench.Test.Units.SoloTest" file="/Users/babichev/projects/laravel-wallet-benchmark/tests/Units/SoloTest.php" line="25" assertions="1" time="0.027781"/>
          <testcase name="testDeposit" class="Bavix\WalletBench\Test\Units\SoloTest" classname="Bavix.WalletBench.Test.Units.SoloTest" file="/Users/babichev/projects/laravel-wallet-benchmark/tests/Units/SoloTest.php" line="25" assertions="1" time="0.026436"/>
          <testcase name="testDeposit" class="Bavix\WalletBench\Test\Units\SoloTest" classname="Bavix.WalletBench.Test.Units.SoloTest" file="/Users/babichev/projects/laravel-wallet-benchmark/tests/Units/SoloTest.php" line="25" assertions="1" time="0.026416"/>
        </testsuite>
        <testsuite name="Bavix\WalletBench\Test\Units\SoloTest::testForceWithdraw" tests="100" assertions="100" errors="0" warnings="0" failures="0" skipped="0" time="2.675783">
          <testcase name="testForceWithdraw" class="Bavix\WalletBench\Test\Units\SoloTest" classname="Bavix.WalletBench.Test.Units.SoloTest" file="/Users/babichev/projects/laravel-wallet-benchmark/tests/Units/SoloTest.php" line="34" assertions="1" time="0.027416"/>
          <testcase name="testForceWithdraw" class="Bavix\WalletBench\Test\Units\SoloTest" classname="Bavix.WalletBench.Test.Units.SoloTest" file="/Users/babichev/projects/laravel-wallet-benchmark/tests/Units/SoloTest.php" line="34" assertions="1" time="0.025993"/>
          <testcase name="testForceWithdraw" class="Bavix\WalletBench\Test\Units\SoloTest" classname="Bavix.WalletBench.Test.Units.SoloTest" file="/Users/babichev/projects/laravel-wallet-benchmark/tests/Units/SoloTest.php" line="34" assertions="1" time="0.026175"/>
          <testcase name="testForceWithdraw" class="Bavix\WalletBench\Test\Units\SoloTest" classname="Bavix.WalletBench.Test.Units.SoloTest" file="/Users/babichev/projects/laravel-wallet-benchmark/tests/Units/SoloTest.php" line="34" assertions="1" time="0.026380"/>
          <testcase name="testForceWithdraw" class="Bavix\WalletBench\Test\Units\SoloTest" classname="Bavix.WalletBench.Test.Units.SoloTest" file="/Users/babichev/projects/laravel-wallet-benchmark/tests/Units/SoloTest.php" line="34" assertions="1" time="0.026182"/>
          <testcase name="testForceWithdraw" class="Bavix\WalletBench\Test\Units\SoloTest" classname="Bavix.WalletBench.Test.Units.SoloTest" file="/Users/babichev/projects/laravel-wallet-benchmark/tests/Units/SoloTest.php" line="34" assertions="1" time="0.026844"/>
          <testcase name="testForceWithdraw" class="Bavix\WalletBench\Test\Units\SoloTest" classname="Bavix.WalletBench.Test.Units.SoloTest" file="/Users/babichev/projects/laravel-wallet-benchmark/tests/Units/SoloTest.php" line="34" assertions="1" time="0.027789"/>
          <testcase name="testForceWithdraw" class="Bavix\WalletBench\Test\Units\SoloTest" classname="Bavix.WalletBench.Test.Units.SoloTest" file="/Users/babichev/projects/laravel-wallet-benchmark/tests/Units/SoloTest.php" line="34" assertions="1" time="0.026946"/>
          <testcase name="testForceWithdraw" class="Bavix\WalletBench\Test\Units\SoloTest" classname="Bavix.WalletBench.Test.Units.SoloTest" file="/Users/babichev/projects/laravel-wallet-benchmark/tests/Units/SoloTest.php" line="34" assertions="1" time="0.027212"/>
          <testcase name="testForceWithdraw" class="Bavix\WalletBench\Test\Units\SoloTest" classname="Bavix.WalletBench.Test.Units.SoloTest" file="/Users/babichev/projects/laravel-wallet-benchmark/tests/Units/SoloTest.php" line="34" assertions="1" time="0.026148"/>
          <testcase name="testForceWithdraw" class="Bavix\WalletBench\Test\Units\SoloTest" classname="Bavix.WalletBench.Test.Units.SoloTest" file="/Users/babichev/projects/laravel-wallet-benchmark/tests/Units/SoloTest.php" line="34" assertions="1" time="0.026581"/>
          <testcase name="testForceWithdraw" class="Bavix\WalletBench\Test\Units\SoloTest" classname="Bavix.WalletBench.Test.Units.SoloTest" file="/Users/babichev/projects/laravel-wallet-benchmark/tests/Units/SoloTest.php" line="34" assertions="1" time="0.026319"/>
          <testcase name="testForceWithdraw" class="Bavix\WalletBench\Test\Units\SoloTest" classname="Bavix.WalletBench.Test.Units.SoloTest" file="/Users/babichev/projects/laravel-wallet-benchmark/tests/Units/SoloTest.php" line="34" assertions="1" time="0.028886"/>
          <testcase name="testForceWithdraw" class="Bavix\WalletBench\Test\Units\SoloTest" classname="Bavix.WalletBench.Test.Units.SoloTest" file="/Users/babichev/projects/laravel-wallet-benchmark/tests/Units/SoloTest.php" line="34" assertions="1" time="0.026617"/>
          <testcase name="testForceWithdraw" class="Bavix\WalletBench\Test\Units\SoloTest" classname="Bavix.WalletBench.Test.Units.SoloTest" file="/Users/babichev/projects/laravel-wallet-benchmark/tests/Units/SoloTest.php" line="34" assertions="1" time="0.026431"/>
          <testcase name="testForceWithdraw" class="Bavix\WalletBench\Test\Units\SoloTest" classname="Bavix.WalletBench.Test.Units.SoloTest" file="/Users/babichev/projects/laravel-wallet-benchmark/tests/Units/SoloTest.php" line="34" assertions="1" time="0.027000"/>
          <testcase name="testForceWithdraw" class="Bavix\WalletBench\Test\Units\SoloTest" classname="Bavix.WalletBench.Test.Units.SoloTest" file="/Users/babichev/projects/laravel-wallet-benchmark/tests/Units/SoloTest.php" line="34" assertions="1" time="0.026744"/>
          <testcase name="testForceWithdraw" class="Bavix\WalletBench\Test\Units\SoloTest" classname="Bavix.WalletBench.Test.Units.SoloTest" file="/Users/babichev/projects/laravel-wallet-benchmark/tests/Units/SoloTest.php" line="34" assertions="1" time="0.025752"/>
          <testcase name="testForceWithdraw" class="Bavix\WalletBench\Test\Units\SoloTest" classname="Bavix.WalletBench.Test.Units.SoloTest" file="/Users/babichev/projects/laravel-wallet-benchmark/tests/Units/SoloTest.php" line="34" assertions="1" time="0.027189"/>
          <testcase name="testForceWithdraw" class="Bavix\WalletBench\Test\Units\SoloTest" classname="Bavix.WalletBench.Test.Units.SoloTest" file="/Users/babichev/projects/laravel-wallet-benchmark/tests/Units/SoloTest.php" line="34" assertions="1" time="0.026459"/>
          <testcase name="testForceWithdraw" class="Bavix\WalletBench\Test\Units\SoloTest" classname="Bavix.WalletBench.Test.Units.SoloTest" file="/Users/babichev/projects/laravel-wallet-benchmark/tests/Units/SoloTest.php" line="34" assertions="1" time="0.027089"/>
          <testcase name="testForceWithdraw" class="Bavix\WalletBench\Test\Units\SoloTest" classname="Bavix.WalletBench.Test.Units.SoloTest" file="/Users/babichev/projects/laravel-wallet-benchmark/tests/Units/SoloTest.php" line="34" assertions="1" time="0.026776"/>
          <testcase name="testForceWithdraw" class="Bavix\WalletBench\Test\Units\SoloTest" classname="Bavix.WalletBench.Test.Units.SoloTest" file="/Users/babichev/projects/laravel-wallet-benchmark/tests/Units/SoloTest.php" line="34" assertions="1" time="0.028528"/>
          <testcase name="testForceWithdraw" class="Bavix\WalletBench\Test\Units\SoloTest" classname="Bavix.WalletBench.Test.Units.SoloTest" file="/Users/babichev/projects/laravel-wallet-benchmark/tests/Units/SoloTest.php" line="34" assertions="1" time="0.026392"/>
          <testcase name="testForceWithdraw" class="Bavix\WalletBench\Test\Units\SoloTest" classname="Bavix.WalletBench.Test.Units.SoloTest" file="/Users/babichev/projects/laravel-wallet-benchmark/tests/Units/SoloTest.php" line="34" assertions="1" time="0.025408"/>
          <testcase name="testForceWithdraw" class="Bavix\WalletBench\Test\Units\SoloTest" classname="Bavix.WalletBench.Test.Units.SoloTest" file="/Users/babichev/projects/laravel-wallet-benchmark/tests/Units/SoloTest.php" line="34" assertions="1" time="0.025820"/>
          <testcase name="testForceWithdraw" class="Bavix\WalletBench\Test\Units\SoloTest" classname="Bavix.WalletBench.Test.Units.SoloTest" file="/Users/babichev/projects/laravel-wallet-benchmark/tests/Units/SoloTest.php" line="34" assertions="1" time="0.027141"/>
          <testcase name="testForceWithdraw" class="Bavix\WalletBench\Test\Units\SoloTest" classname="Bavix.WalletBench.Test.Units.SoloTest" file="/Users/babichev/projects/laravel-wallet-benchmark/tests/Units/SoloTest.php" line="34" assertions="1" time="0.027019"/>
          <testcase name="testForceWithdraw" class="Bavix\WalletBench\Test\Units\SoloTest" classname="Bavix.WalletBench.Test.Units.SoloTest" file="/Users/babichev/projects/laravel-wallet-benchmark/tests/Units/SoloTest.php" line="34" assertions="1" time="0.027695"/>
          <testcase name="testForceWithdraw" class="Bavix\WalletBench\Test\Units\SoloTest" classname="Bavix.WalletBench.Test.Units.SoloTest" file="/Users/babichev/projects/laravel-wallet-benchmark/tests/Units/SoloTest.php" line="34" assertions="1" time="0.025998"/>
          <testcase name="testForceWithdraw" class="Bavix\WalletBench\Test\Units\SoloTest" classname="Bavix.WalletBench.Test.Units.SoloTest" file="/Users/babichev/projects/laravel-wallet-benchmark/tests/Units/SoloTest.php" line="34" assertions="1" time="0.026995"/>
          <testcase name="testForceWithdraw" class="Bavix\WalletBench\Test\Units\SoloTest" classname="Bavix.WalletBench.Test.Units.SoloTest" file="/Users/babichev/projects/laravel-wallet-benchmark/tests/Units/SoloTest.php" line="34" assertions="1" time="0.027109"/>
          <testcase name="testForceWithdraw" class="Bavix\WalletBench\Test\Units\SoloTest" classname="Bavix.WalletBench.Test.Units.SoloTest" file="/Users/babichev/projects/laravel-wallet-benchmark/tests/Units/SoloTest.php" line="34" assertions="1" time="0.028395"/>
          <testcase name="testForceWithdraw" class="Bavix\WalletBench\Test\Units\SoloTest" classname="Bavix.WalletBench.Test.Units.SoloTest" file="/Users/babichev/projects/laravel-wallet-benchmark/tests/Units/SoloTest.php" line="34" assertions="1" time="0.026275"/>
          <testcase name="testForceWithdraw" class="Bavix\WalletBench\Test\Units\SoloTest" classname="Bavix.WalletBench.Test.Units.SoloTest" file="/Users/babichev/projects/laravel-wallet-benchmark/tests/Units/SoloTest.php" line="34" assertions="1" time="0.027843"/>
          <testcase name="testForceWithdraw" class="Bavix\WalletBench\Test\Units\SoloTest" classname="Bavix.WalletBench.Test.Units.SoloTest" file="/Users/babichev/projects/laravel-wallet-benchmark/tests/Units/SoloTest.php" line="34" assertions="1" time="0.025720"/>
          <testcase name="testForceWithdraw" class="Bavix\WalletBench\Test\Units\SoloTest" classname="Bavix.WalletBench.Test.Units.SoloTest" file="/Users/babichev/projects/laravel-wallet-benchmark/tests/Units/SoloTest.php" line="34" assertions="1" time="0.025638"/>
          <testcase name="testForceWithdraw" class="Bavix\WalletBench\Test\Units\SoloTest" classname="Bavix.WalletBench.Test.Units.SoloTest" file="/Users/babichev/projects/laravel-wallet-benchmark/tests/Units/SoloTest.php" line="34" assertions="1" time="0.027782"/>
          <testcase name="testForceWithdraw" class="Bavix\WalletBench\Test\Units\SoloTest" classname="Bavix.WalletBench.Test.Units.SoloTest" file="/Users/babichev/projects/laravel-wallet-benchmark/tests/Units/SoloTest.php" line="34" assertions="1" time="0.026634"/>
          <testcase name="testForceWithdraw" class="Bavix\WalletBench\Test\Units\SoloTest" classname="Bavix.WalletBench.Test.Units.SoloTest" file="/Users/babichev/projects/laravel-wallet-benchmark/tests/Units/SoloTest.php" line="34" assertions="1" time="0.027413"/>
          <testcase name="testForceWithdraw" class="Bavix\WalletBench\Test\Units\SoloTest" classname="Bavix.WalletBench.Test.Units.SoloTest" file="/Users/babichev/projects/laravel-wallet-benchmark/tests/Units/SoloTest.php" line="34" assertions="1" time="0.026164"/>
          <testcase name="testForceWithdraw" class="Bavix\WalletBench\Test\Units\SoloTest" classname="Bavix.WalletBench.Test.Units.SoloTest" file="/Users/babichev/projects/laravel-wallet-benchmark/tests/Units/SoloTest.php" line="34" assertions="1" time="0.028548"/>
          <testcase name="testForceWithdraw" class="Bavix\WalletBench\Test\Units\SoloTest" classname="Bavix.WalletBench.Test.Units.SoloTest" file="/Users/babichev/projects/laravel-wallet-benchmark/tests/Units/SoloTest.php" line="34" assertions="1" time="0.025726"/>
          <testcase name="testForceWithdraw" class="Bavix\WalletBench\Test\Units\SoloTest" classname="Bavix.WalletBench.Test.Units.SoloTest" file="/Users/babichev/projects/laravel-wallet-benchmark/tests/Units/SoloTest.php" line="34" assertions="1" time="0.027100"/>
          <testcase name="testForceWithdraw" class="Bavix\WalletBench\Test\Units\SoloTest" classname="Bavix.WalletBench.Test.Units.SoloTest" file="/Users/babichev/projects/laravel-wallet-benchmark/tests/Units/SoloTest.php" line="34" assertions="1" time="0.027144"/>
          <testcase name="testForceWithdraw" class="Bavix\WalletBench\Test\Units\SoloTest" classname="Bavix.WalletBench.Test.Units.SoloTest" file="/Users/babichev/projects/laravel-wallet-benchmark/tests/Units/SoloTest.php" line="34" assertions="1" time="0.026700"/>
          <testcase name="testForceWithdraw" class="Bavix\WalletBench\Test\Units\SoloTest" classname="Bavix.WalletBench.Test.Units.SoloTest" file="/Users/babichev/projects/laravel-wallet-benchmark/tests/Units/SoloTest.php" line="34" assertions="1" time="0.027640"/>
          <testcase name="testForceWithdraw" class="Bavix\WalletBench\Test\Units\SoloTest" classname="Bavix.WalletBench.Test.Units.SoloTest" file="/Users/babichev/projects/laravel-wallet-benchmark/tests/Units/SoloTest.php" line="34" assertions="1" time="0.026901"/>
          <testcase name="testForceWithdraw" class="Bavix\WalletBench\Test\Units\SoloTest" classname="Bavix.WalletBench.Test.Units.SoloTest" file="/Users/babichev/projects/laravel-wallet-benchmark/tests/Units/SoloTest.php" line="34" assertions="1" time="0.027179"/>
          <testcase name="testForceWithdraw" class="Bavix\WalletBench\Test\Units\SoloTest" classname="Bavix.WalletBench.Test.Units.SoloTest" file="/Users/babichev/projects/laravel-wallet-benchmark/tests/Units/SoloTest.php" line="34" assertions="1" time="0.027469"/>
          <testcase name="testForceWithdraw" class="Bavix\WalletBench\Test\Units\SoloTest" classname="Bavix.WalletBench.Test.Units.SoloTest" file="/Users/babichev/projects/laravel-wallet-benchmark/tests/Units/SoloTest.php" line="34" assertions="1" time="0.025853"/>
          <testcase name="testForceWithdraw" class="Bavix\WalletBench\Test\Units\SoloTest" classname="Bavix.WalletBench.Test.Units.SoloTest" file="/Users/babichev/projects/laravel-wallet-benchmark/tests/Units/SoloTest.php" line="34" assertions="1" time="0.026832"/>
          <testcase name="testForceWithdraw" class="Bavix\WalletBench\Test\Units\SoloTest" classname="Bavix.WalletBench.Test.Units.SoloTest" file="/Users/babichev/projects/laravel-wallet-benchmark/tests/Units/SoloTest.php" line="34" assertions="1" time="0.027534"/>
          <testcase name="testForceWithdraw" class="Bavix\WalletBench\Test\Units\SoloTest" classname="Bavix.WalletBench.Test.Units.SoloTest" file="/Users/babichev/projects/laravel-wallet-benchmark/tests/Units/SoloTest.php" line="34" assertions="1" time="0.025749"/>
          <testcase name="testForceWithdraw" class="Bavix\WalletBench\Test\Units\SoloTest" classname="Bavix.WalletBench.Test.Units.SoloTest" file="/Users/babichev/projects/laravel-wallet-benchmark/tests/Units/SoloTest.php" line="34" assertions="1" time="0.026317"/>
          <testcase name="testForceWithdraw" class="Bavix\WalletBench\Test\Units\SoloTest" classname="Bavix.WalletBench.Test.Units.SoloTest" file="/Users/babichev/projects/laravel-wallet-benchmark/tests/Units/SoloTest.php" line="34" assertions="1" time="0.025728"/>
          <testcase name="testForceWithdraw" class="Bavix\WalletBench\Test\Units\SoloTest" classname="Bavix.WalletBench.Test.Units.SoloTest" file="/Users/babichev/projects/laravel-wallet-benchmark/tests/Units/SoloTest.php" line="34" assertions="1" time="0.026671"/>
          <testcase name="testForceWithdraw" class="Bavix\WalletBench\Test\Units\SoloTest" classname="Bavix.WalletBench.Test.Units.SoloTest" file="/Users/babichev/projects/laravel-wallet-benchmark/tests/Units/SoloTest.php" line="34" assertions="1" time="0.024854"/>
          <testcase name="testForceWithdraw" class="Bavix\WalletBench\Test\Units\SoloTest" classname="Bavix.WalletBench.Test.Units.SoloTest" file="/Users/babichev/projects/laravel-wallet-benchmark/tests/Units/SoloTest.php" line="34" assertions="1" time="0.026464"/>
          <testcase name="testForceWithdraw" class="Bavix\WalletBench\Test\Units\SoloTest" classname="Bavix.WalletBench.Test.Units.SoloTest" file="/Users/babichev/projects/laravel-wallet-benchmark/tests/Units/SoloTest.php" line="34" assertions="1" time="0.026925"/>
          <testcase name="testForceWithdraw" class="Bavix\WalletBench\Test\Units\SoloTest" classname="Bavix.WalletBench.Test.Units.SoloTest" file="/Users/babichev/projects/laravel-wallet-benchmark/tests/Units/SoloTest.php" line="34" assertions="1" time="0.027210"/>
          <testcase name="testForceWithdraw" class="Bavix\WalletBench\Test\Units\SoloTest" classname="Bavix.WalletBench.Test.Units.SoloTest" file="/Users/babichev/projects/laravel-wallet-benchmark/tests/Units/SoloTest.php" line="34" assertions="1" time="0.026993"/>
          <testcase name="testForceWithdraw" class="Bavix\WalletBench\Test\Units\SoloTest" classname="Bavix.WalletBench.Test.Units.SoloTest" file="/Users/babichev/projects/laravel-wallet-benchmark/tests/Units/SoloTest.php" line="34" assertions="1" time="0.026306"/>
          <testcase name="testForceWithdraw" class="Bavix\WalletBench\Test\Units\SoloTest" classname="Bavix.WalletBench.Test.Units.SoloTest" file="/Users/babichev/projects/laravel-wallet-benchmark/tests/Units/SoloTest.php" line="34" assertions="1" time="0.026596"/>
          <testcase name="testForceWithdraw" class="Bavix\WalletBench\Test\Units\SoloTest" classname="Bavix.WalletBench.Test.Units.SoloTest" file="/Users/babichev/projects/laravel-wallet-benchmark/tests/Units/SoloTest.php" line="34" assertions="1" time="0.027337"/>
          <testcase name="testForceWithdraw" class="Bavix\WalletBench\Test\Units\SoloTest" classname="Bavix.WalletBench.Test.Units.SoloTest" file="/Users/babichev/projects/laravel-wallet-benchmark/tests/Units/SoloTest.php" line="34" assertions="1" time="0.026783"/>
          <testcase name="testForceWithdraw" class="Bavix\WalletBench\Test\Units\SoloTest" classname="Bavix.WalletBench.Test.Units.SoloTest" file="/Users/babichev/projects/laravel-wallet-benchmark/tests/Units/SoloTest.php" line="34" assertions="1" time="0.026377"/>
          <testcase name="testForceWithdraw" class="Bavix\WalletBench\Test\Units\SoloTest" classname="Bavix.WalletBench.Test.Units.SoloTest" file="/Users/babichev/projects/laravel-wallet-benchmark/tests/Units/SoloTest.php" line="34" assertions="1" time="0.026827"/>
          <testcase name="testForceWithdraw" class="Bavix\WalletBench\Test\Units\SoloTest" classname="Bavix.WalletBench.Test.Units.SoloTest" file="/Users/babichev/projects/laravel-wallet-benchmark/tests/Units/SoloTest.php" line="34" assertions="1" time="0.027011"/>
          <testcase name="testForceWithdraw" class="Bavix\WalletBench\Test\Units\SoloTest" classname="Bavix.WalletBench.Test.Units.SoloTest" file="/Users/babichev/projects/laravel-wallet-benchmark/tests/Units/SoloTest.php" line="34" assertions="1" time="0.025534"/>
          <testcase name="testForceWithdraw" class="Bavix\WalletBench\Test\Units\SoloTest" classname="Bavix.WalletBench.Test.Units.SoloTest" file="/Users/babichev/projects/laravel-wallet-benchmark/tests/Units/SoloTest.php" line="34" assertions="1" time="0.027162"/>
          <testcase name="testForceWithdraw" class="Bavix\WalletBench\Test\Units\SoloTest" classname="Bavix.WalletBench.Test.Units.SoloTest" file="/Users/babichev/projects/laravel-wallet-benchmark/tests/Units/SoloTest.php" line="34" assertions="1" time="0.027705"/>
          <testcase name="testForceWithdraw" class="Bavix\WalletBench\Test\Units\SoloTest" classname="Bavix.WalletBench.Test.Units.SoloTest" file="/Users/babichev/projects/laravel-wallet-benchmark/tests/Units/SoloTest.php" line="34" assertions="1" time="0.026484"/>
          <testcase name="testForceWithdraw" class="Bavix\WalletBench\Test\Units\SoloTest" classname="Bavix.WalletBench.Test.Units.SoloTest" file="/Users/babichev/projects/laravel-wallet-benchmark/tests/Units/SoloTest.php" line="34" assertions="1" time="0.025785"/>
          <testcase name="testForceWithdraw" class="Bavix\WalletBench\Test\Units\SoloTest" classname="Bavix.WalletBench.Test.Units.SoloTest" file="/Users/babichev/projects/laravel-wallet-benchmark/tests/Units/SoloTest.php" line="34" assertions="1" time="0.026192"/>
          <testcase name="testForceWithdraw" class="Bavix\WalletBench\Test\Units\SoloTest" classname="Bavix.WalletBench.Test.Units.SoloTest" file="/Users/babichev/projects/laravel-wallet-benchmark/tests/Units/SoloTest.php" line="34" assertions="1" time="0.027982"/>
          <testcase name="testForceWithdraw" class="Bavix\WalletBench\Test\Units\SoloTest" classname="Bavix.WalletBench.Test.Units.SoloTest" file="/Users/babichev/projects/laravel-wallet-benchmark/tests/Units/SoloTest.php" line="34" assertions="1" time="0.026393"/>
          <testcase name="testForceWithdraw" class="Bavix\WalletBench\Test\Units\SoloTest" classname="Bavix.WalletBench.Test.Units.SoloTest" file="/Users/babichev/projects/laravel-wallet-benchmark/tests/Units/SoloTest.php" line="34" assertions="1" time="0.026079"/>
          <testcase name="testForceWithdraw" class="Bavix\WalletBench\Test\Units\SoloTest" classname="Bavix.WalletBench.Test.Units.SoloTest" file="/Users/babichev/projects/laravel-wallet-benchmark/tests/Units/SoloTest.php" line="34" assertions="1" time="0.027129"/>
          <testcase name="testForceWithdraw" class="Bavix\WalletBench\Test\Units\SoloTest" classname="Bavix.WalletBench.Test.Units.SoloTest" file="/Users/babichev/projects/laravel-wallet-benchmark/tests/Units/SoloTest.php" line="34" assertions="1" time="0.026869"/>
          <testcase name="testForceWithdraw" class="Bavix\WalletBench\Test\Units\SoloTest" classname="Bavix.WalletBench.Test.Units.SoloTest" file="/Users/babichev/projects/laravel-wallet-benchmark/tests/Units/SoloTest.php" line="34" assertions="1" time="0.028314"/>
          <testcase name="testForceWithdraw" class="Bavix\WalletBench\Test\Units\SoloTest" classname="Bavix.WalletBench.Test.Units.SoloTest" file="/Users/babichev/projects/laravel-wallet-benchmark/tests/Units/SoloTest.php" line="34" assertions="1" time="0.026623"/>
          <testcase name="testForceWithdraw" class="Bavix\WalletBench\Test\Units\SoloTest" classname="Bavix.WalletBench.Test.Units.SoloTest" file="/Users/babichev/projects/laravel-wallet-benchmark/tests/Units/SoloTest.php" line="34" assertions="1" time="0.026235"/>
          <testcase name="testForceWithdraw" class="Bavix\WalletBench\Test\Units\SoloTest" classname="Bavix.WalletBench.Test.Units.SoloTest" file="/Users/babichev/projects/laravel-wallet-benchmark/tests/Units/SoloTest.php" line="34" assertions="1" time="0.028685"/>
          <testcase name="testForceWithdraw" class="Bavix\WalletBench\Test\Units\SoloTest" classname="Bavix.WalletBench.Test.Units.SoloTest" file="/Users/babichev/projects/laravel-wallet-benchmark/tests/Units/SoloTest.php" line="34" assertions="1" time="0.026806"/>
          <testcase name="testForceWithdraw" class="Bavix\WalletBench\Test\Units\SoloTest" classname="Bavix.WalletBench.Test.Units.SoloTest" file="/Users/babichev/projects/laravel-wallet-benchmark/tests/Units/SoloTest.php" line="34" assertions="1" time="0.026410"/>
          <testcase name="testForceWithdraw" class="Bavix\WalletBench\Test\Units\SoloTest" classname="Bavix.WalletBench.Test.Units.SoloTest" file="/Users/babichev/projects/laravel-wallet-benchmark/tests/Units/SoloTest.php" line="34" assertions="1" time="0.026363"/>
          <testcase name="testForceWithdraw" class="Bavix\WalletBench\Test\Units\SoloTest" classname="Bavix.WalletBench.Test.Units.SoloTest" file="/Users/babichev/projects/laravel-wallet-benchmark/tests/Units/SoloTest.php" line="34" assertions="1" time="0.026029"/>
          <testcase name="testForceWithdraw" class="Bavix\WalletBench\Test\Units\SoloTest" classname="Bavix.WalletBench.Test.Units.SoloTest" file="/Users/babichev/projects/laravel-wallet-benchmark/tests/Units/SoloTest.php" line="34" assertions="1" time="0.027256"/>
          <testcase name="testForceWithdraw" class="Bavix\WalletBench\Test\Units\SoloTest" classname="Bavix.WalletBench.Test.Units.SoloTest" file="/Users/babichev/projects/laravel-wallet-benchmark/tests/Units/SoloTest.php" line="34" assertions="1" time="0.025312"/>
          <testcase name="testForceWithdraw" class="Bavix\WalletBench\Test\Units\SoloTest" classname="Bavix.WalletBench.Test.Units.SoloTest" file="/Users/babichev/projects/laravel-wallet-benchmark/tests/Units/SoloTest.php" line="34" assertions="1" time="0.026401"/>
          <testcase name="testForceWithdraw" class="Bavix\WalletBench\Test\Units\SoloTest" classname="Bavix.WalletBench.Test.Units.SoloTest" file="/Users/babichev/projects/laravel-wallet-benchmark/tests/Units/SoloTest.php" line="34" assertions="1" time="0.026436"/>
          <testcase name="testForceWithdraw" class="Bavix\WalletBench\Test\Units\SoloTest" classname="Bavix.WalletBench.Test.Units.SoloTest" file="/Users/babichev/projects/laravel-wallet-benchmark/tests/Units/SoloTest.php" line="34" assertions="1" time="0.028330"/>
          <testcase name="testForceWithdraw" class="Bavix\WalletBench\Test\Units\SoloTest" classname="Bavix.WalletBench.Test.Units.SoloTest" file="/Users/babichev/projects/laravel-wallet-benchmark/tests/Units/SoloTest.php" line="34" assertions="1" time="0.025892"/>
          <testcase name="testForceWithdraw" class="Bavix\WalletBench\Test\Units\SoloTest" classname="Bavix.WalletBench.Test.Units.SoloTest" file="/Users/babichev/projects/laravel-wallet-benchmark/tests/Units/SoloTest.php" line="34" assertions="1" time="0.025453"/>
          <testcase name="testForceWithdraw" class="Bavix\WalletBench\Test\Units\SoloTest" classname="Bavix.WalletBench.Test.Units.SoloTest" file="/Users/babichev/projects/laravel-wallet-benchmark/tests/Units/SoloTest.php" line="34" assertions="1" time="0.026210"/>
          <testcase name="testForceWithdraw" class="Bavix\WalletBench\Test\Units\SoloTest" classname="Bavix.WalletBench.Test.Units.SoloTest" file="/Users/babichev/projects/laravel-wallet-benchmark/tests/Units/SoloTest.php" line="34" assertions="1" time="0.028093"/>
          <testcase name="testForceWithdraw" class="Bavix\WalletBench\Test\Units\SoloTest" classname="Bavix.WalletBench.Test.Units.SoloTest" file="/Users/babichev/projects/laravel-wallet-benchmark/tests/Units/SoloTest.php" line="34" assertions="1" time="0.026599"/>
          <testcase name="testForceWithdraw" class="Bavix\WalletBench\Test\Units\SoloTest" classname="Bavix.WalletBench.Test.Units.SoloTest" file="/Users/babichev/projects/laravel-wallet-benchmark/tests/Units/SoloTest.php" line="34" assertions="1" time="0.026682"/>
          <testcase name="testForceWithdraw" class="Bavix\WalletBench\Test\Units\SoloTest" classname="Bavix.WalletBench.Test.Units.SoloTest" file="/Users/babichev/projects/laravel-wallet-benchmark/tests/Units/SoloTest.php" line="34" assertions="1" time="0.026668"/>
        </testsuite>
        <testsuite name="Bavix\WalletBench\Test\Units\SoloTest::testTransfer" tests="100" assertions="100" errors="0" warnings="0" failures="0" skipped="0" time="5.081163">
          <testcase name="testTransfer" class="Bavix\WalletBench\Test\Units\SoloTest" classname="Bavix.WalletBench.Test.Units.SoloTest" file="/Users/babichev/projects/laravel-wallet-benchmark/tests/Units/SoloTest.php" line="43" assertions="1" time="0.049651"/>
          <testcase name="testTransfer" class="Bavix\WalletBench\Test\Units\SoloTest" classname="Bavix.WalletBench.Test.Units.SoloTest" file="/Users/babichev/projects/laravel-wallet-benchmark/tests/Units/SoloTest.php" line="43" assertions="1" time="0.050942"/>
          <testcase name="testTransfer" class="Bavix\WalletBench\Test\Units\SoloTest" classname="Bavix.WalletBench.Test.Units.SoloTest" file="/Users/babichev/projects/laravel-wallet-benchmark/tests/Units/SoloTest.php" line="43" assertions="1" time="0.052478"/>
          <testcase name="testTransfer" class="Bavix\WalletBench\Test\Units\SoloTest" classname="Bavix.WalletBench.Test.Units.SoloTest" file="/Users/babichev/projects/laravel-wallet-benchmark/tests/Units/SoloTest.php" line="43" assertions="1" time="0.052746"/>
          <testcase name="testTransfer" class="Bavix\WalletBench\Test\Units\SoloTest" classname="Bavix.WalletBench.Test.Units.SoloTest" file="/Users/babichev/projects/laravel-wallet-benchmark/tests/Units/SoloTest.php" line="43" assertions="1" time="0.051258"/>
          <testcase name="testTransfer" class="Bavix\WalletBench\Test\Units\SoloTest" classname="Bavix.WalletBench.Test.Units.SoloTest" file="/Users/babichev/projects/laravel-wallet-benchmark/tests/Units/SoloTest.php" line="43" assertions="1" time="0.048862"/>
          <testcase name="testTransfer" class="Bavix\WalletBench\Test\Units\SoloTest" classname="Bavix.WalletBench.Test.Units.SoloTest" file="/Users/babichev/projects/laravel-wallet-benchmark/tests/Units/SoloTest.php" line="43" assertions="1" time="0.050185"/>
          <testcase name="testTransfer" class="Bavix\WalletBench\Test\Units\SoloTest" classname="Bavix.WalletBench.Test.Units.SoloTest" file="/Users/babichev/projects/laravel-wallet-benchmark/tests/Units/SoloTest.php" line="43" assertions="1" time="0.049487"/>
          <testcase name="testTransfer" class="Bavix\WalletBench\Test\Units\SoloTest" classname="Bavix.WalletBench.Test.Units.SoloTest" file="/Users/babichev/projects/laravel-wallet-benchmark/tests/Units/SoloTest.php" line="43" assertions="1" time="0.049635"/>
          <testcase name="testTransfer" class="Bavix\WalletBench\Test\Units\SoloTest" classname="Bavix.WalletBench.Test.Units.SoloTest" file="/Users/babichev/projects/laravel-wallet-benchmark/tests/Units/SoloTest.php" line="43" assertions="1" time="0.050899"/>
          <testcase name="testTransfer" class="Bavix\WalletBench\Test\Units\SoloTest" classname="Bavix.WalletBench.Test.Units.SoloTest" file="/Users/babichev/projects/laravel-wallet-benchmark/tests/Units/SoloTest.php" line="43" assertions="1" time="0.050236"/>
          <testcase name="testTransfer" class="Bavix\WalletBench\Test\Units\SoloTest" classname="Bavix.WalletBench.Test.Units.SoloTest" file="/Users/babichev/projects/laravel-wallet-benchmark/tests/Units/SoloTest.php" line="43" assertions="1" time="0.049668"/>
          <testcase name="testTransfer" class="Bavix\WalletBench\Test\Units\SoloTest" classname="Bavix.WalletBench.Test.Units.SoloTest" file="/Users/babichev/projects/laravel-wallet-benchmark/tests/Units/SoloTest.php" line="43" assertions="1" time="0.048094"/>
          <testcase name="testTransfer" class="Bavix\WalletBench\Test\Units\SoloTest" classname="Bavix.WalletBench.Test.Units.SoloTest" file="/Users/babichev/projects/laravel-wallet-benchmark/tests/Units/SoloTest.php" line="43" assertions="1" time="0.049936"/>
          <testcase name="testTransfer" class="Bavix\WalletBench\Test\Units\SoloTest" classname="Bavix.WalletBench.Test.Units.SoloTest" file="/Users/babichev/projects/laravel-wallet-benchmark/tests/Units/SoloTest.php" line="43" assertions="1" time="0.052682"/>
          <testcase name="testTransfer" class="Bavix\WalletBench\Test\Units\SoloTest" classname="Bavix.WalletBench.Test.Units.SoloTest" file="/Users/babichev/projects/laravel-wallet-benchmark/tests/Units/SoloTest.php" line="43" assertions="1" time="0.048759"/>
          <testcase name="testTransfer" class="Bavix\WalletBench\Test\Units\SoloTest" classname="Bavix.WalletBench.Test.Units.SoloTest" file="/Users/babichev/projects/laravel-wallet-benchmark/tests/Units/SoloTest.php" line="43" assertions="1" time="0.050704"/>
          <testcase name="testTransfer" class="Bavix\WalletBench\Test\Units\SoloTest" classname="Bavix.WalletBench.Test.Units.SoloTest" file="/Users/babichev/projects/laravel-wallet-benchmark/tests/Units/SoloTest.php" line="43" assertions="1" time="0.049256"/>
          <testcase name="testTransfer" class="Bavix\WalletBench\Test\Units\SoloTest" classname="Bavix.WalletBench.Test.Units.SoloTest" file="/Users/babichev/projects/laravel-wallet-benchmark/tests/Units/SoloTest.php" line="43" assertions="1" time="0.050513"/>
          <testcase name="testTransfer" class="Bavix\WalletBench\Test\Units\SoloTest" classname="Bavix.WalletBench.Test.Units.SoloTest" file="/Users/babichev/projects/laravel-wallet-benchmark/tests/Units/SoloTest.php" line="43" assertions="1" time="0.050075"/>
          <testcase name="testTransfer" class="Bavix\WalletBench\Test\Units\SoloTest" classname="Bavix.WalletBench.Test.Units.SoloTest" file="/Users/babichev/projects/laravel-wallet-benchmark/tests/Units/SoloTest.php" line="43" assertions="1" time="0.050595"/>
          <testcase name="testTransfer" class="Bavix\WalletBench\Test\Units\SoloTest" classname="Bavix.WalletBench.Test.Units.SoloTest" file="/Users/babichev/projects/laravel-wallet-benchmark/tests/Units/SoloTest.php" line="43" assertions="1" time="0.049594"/>
          <testcase name="testTransfer" class="Bavix\WalletBench\Test\Units\SoloTest" classname="Bavix.WalletBench.Test.Units.SoloTest" file="/Users/babichev/projects/laravel-wallet-benchmark/tests/Units/SoloTest.php" line="43" assertions="1" time="0.051024"/>
          <testcase name="testTransfer" class="Bavix\WalletBench\Test\Units\SoloTest" classname="Bavix.WalletBench.Test.Units.SoloTest" file="/Users/babichev/projects/laravel-wallet-benchmark/tests/Units/SoloTest.php" line="43" assertions="1" time="0.051489"/>
          <testcase name="testTransfer" class="Bavix\WalletBench\Test\Units\SoloTest" classname="Bavix.WalletBench.Test.Units.SoloTest" file="/Users/babichev/projects/laravel-wallet-benchmark/tests/Units/SoloTest.php" line="43" assertions="1" time="0.047972"/>
          <testcase name="testTransfer" class="Bavix\WalletBench\Test\Units\SoloTest" classname="Bavix.WalletBench.Test.Units.SoloTest" file="/Users/babichev/projects/laravel-wallet-benchmark/tests/Units/SoloTest.php" line="43" assertions="1" time="0.050231"/>
          <testcase name="testTransfer" class="Bavix\WalletBench\Test\Units\SoloTest" classname="Bavix.WalletBench.Test.Units.SoloTest" file="/Users/babichev/projects/laravel-wallet-benchmark/tests/Units/SoloTest.php" line="43" assertions="1" time="0.050016"/>
          <testcase name="testTransfer" class="Bavix\WalletBench\Test\Units\SoloTest" classname="Bavix.WalletBench.Test.Units.SoloTest" file="/Users/babichev/projects/laravel-wallet-benchmark/tests/Units/SoloTest.php" line="43" assertions="1" time="0.050736"/>
          <testcase name="testTransfer" class="Bavix\WalletBench\Test\Units\SoloTest" classname="Bavix.WalletBench.Test.Units.SoloTest" file="/Users/babichev/projects/laravel-wallet-benchmark/tests/Units/SoloTest.php" line="43" assertions="1" time="0.051967"/>
          <testcase name="testTransfer" class="Bavix\WalletBench\Test\Units\SoloTest" classname="Bavix.WalletBench.Test.Units.SoloTest" file="/Users/babichev/projects/laravel-wallet-benchmark/tests/Units/SoloTest.php" line="43" assertions="1" time="0.049593"/>
          <testcase name="testTransfer" class="Bavix\WalletBench\Test\Units\SoloTest" classname="Bavix.WalletBench.Test.Units.SoloTest" file="/Users/babichev/projects/laravel-wallet-benchmark/tests/Units/SoloTest.php" line="43" assertions="1" time="0.050840"/>
          <testcase name="testTransfer" class="Bavix\WalletBench\Test\Units\SoloTest" classname="Bavix.WalletBench.Test.Units.SoloTest" file="/Users/babichev/projects/laravel-wallet-benchmark/tests/Units/SoloTest.php" line="43" assertions="1" time="0.051910"/>
          <testcase name="testTransfer" class="Bavix\WalletBench\Test\Units\SoloTest" classname="Bavix.WalletBench.Test.Units.SoloTest" file="/Users/babichev/projects/laravel-wallet-benchmark/tests/Units/SoloTest.php" line="43" assertions="1" time="0.056022"/>
          <testcase name="testTransfer" class="Bavix\WalletBench\Test\Units\SoloTest" classname="Bavix.WalletBench.Test.Units.SoloTest" file="/Users/babichev/projects/laravel-wallet-benchmark/tests/Units/SoloTest.php" line="43" assertions="1" time="0.049254"/>
          <testcase name="testTransfer" class="Bavix\WalletBench\Test\Units\SoloTest" classname="Bavix.WalletBench.Test.Units.SoloTest" file="/Users/babichev/projects/laravel-wallet-benchmark/tests/Units/SoloTest.php" line="43" assertions="1" time="0.050547"/>
          <testcase name="testTransfer" class="Bavix\WalletBench\Test\Units\SoloTest" classname="Bavix.WalletBench.Test.Units.SoloTest" file="/Users/babichev/projects/laravel-wallet-benchmark/tests/Units/SoloTest.php" line="43" assertions="1" time="0.050579"/>
          <testcase name="testTransfer" class="Bavix\WalletBench\Test\Units\SoloTest" classname="Bavix.WalletBench.Test.Units.SoloTest" file="/Users/babichev/projects/laravel-wallet-benchmark/tests/Units/SoloTest.php" line="43" assertions="1" time="0.048613"/>
          <testcase name="testTransfer" class="Bavix\WalletBench\Test\Units\SoloTest" classname="Bavix.WalletBench.Test.Units.SoloTest" file="/Users/babichev/projects/laravel-wallet-benchmark/tests/Units/SoloTest.php" line="43" assertions="1" time="0.048037"/>
          <testcase name="testTransfer" class="Bavix\WalletBench\Test\Units\SoloTest" classname="Bavix.WalletBench.Test.Units.SoloTest" file="/Users/babichev/projects/laravel-wallet-benchmark/tests/Units/SoloTest.php" line="43" assertions="1" time="0.051509"/>
          <testcase name="testTransfer" class="Bavix\WalletBench\Test\Units\SoloTest" classname="Bavix.WalletBench.Test.Units.SoloTest" file="/Users/babichev/projects/laravel-wallet-benchmark/tests/Units/SoloTest.php" line="43" assertions="1" time="0.050211"/>
          <testcase name="testTransfer" class="Bavix\WalletBench\Test\Units\SoloTest" classname="Bavix.WalletBench.Test.Units.SoloTest" file="/Users/babichev/projects/laravel-wallet-benchmark/tests/Units/SoloTest.php" line="43" assertions="1" time="0.050199"/>
          <testcase name="testTransfer" class="Bavix\WalletBench\Test\Units\SoloTest" classname="Bavix.WalletBench.Test.Units.SoloTest" file="/Users/babichev/projects/laravel-wallet-benchmark/tests/Units/SoloTest.php" line="43" assertions="1" time="0.051690"/>
          <testcase name="testTransfer" class="Bavix\WalletBench\Test\Units\SoloTest" classname="Bavix.WalletBench.Test.Units.SoloTest" file="/Users/babichev/projects/laravel-wallet-benchmark/tests/Units/SoloTest.php" line="43" assertions="1" time="0.050140"/>
          <testcase name="testTransfer" class="Bavix\WalletBench\Test\Units\SoloTest" classname="Bavix.WalletBench.Test.Units.SoloTest" file="/Users/babichev/projects/laravel-wallet-benchmark/tests/Units/SoloTest.php" line="43" assertions="1" time="0.054242"/>
          <testcase name="testTransfer" class="Bavix\WalletBench\Test\Units\SoloTest" classname="Bavix.WalletBench.Test.Units.SoloTest" file="/Users/babichev/projects/laravel-wallet-benchmark/tests/Units/SoloTest.php" line="43" assertions="1" time="0.051673"/>
          <testcase name="testTransfer" class="Bavix\WalletBench\Test\Units\SoloTest" classname="Bavix.WalletBench.Test.Units.SoloTest" file="/Users/babichev/projects/laravel-wallet-benchmark/tests/Units/SoloTest.php" line="43" assertions="1" time="0.051994"/>
          <testcase name="testTransfer" class="Bavix\WalletBench\Test\Units\SoloTest" classname="Bavix.WalletBench.Test.Units.SoloTest" file="/Users/babichev/projects/laravel-wallet-benchmark/tests/Units/SoloTest.php" line="43" assertions="1" time="0.052422"/>
          <testcase name="testTransfer" class="Bavix\WalletBench\Test\Units\SoloTest" classname="Bavix.WalletBench.Test.Units.SoloTest" file="/Users/babichev/projects/laravel-wallet-benchmark/tests/Units/SoloTest.php" line="43" assertions="1" time="0.052567"/>
          <testcase name="testTransfer" class="Bavix\WalletBench\Test\Units\SoloTest" classname="Bavix.WalletBench.Test.Units.SoloTest" file="/Users/babichev/projects/laravel-wallet-benchmark/tests/Units/SoloTest.php" line="43" assertions="1" time="0.051153"/>
          <testcase name="testTransfer" class="Bavix\WalletBench\Test\Units\SoloTest" classname="Bavix.WalletBench.Test.Units.SoloTest" file="/Users/babichev/projects/laravel-wallet-benchmark/tests/Units/SoloTest.php" line="43" assertions="1" time="0.048699"/>
          <testcase name="testTransfer" class="Bavix\WalletBench\Test\Units\SoloTest" classname="Bavix.WalletBench.Test.Units.SoloTest" file="/Users/babichev/projects/laravel-wallet-benchmark/tests/Units/SoloTest.php" line="43" assertions="1" time="0.052302"/>
          <testcase name="testTransfer" class="Bavix\WalletBench\Test\Units\SoloTest" classname="Bavix.WalletBench.Test.Units.SoloTest" file="/Users/babichev/projects/laravel-wallet-benchmark/tests/Units/SoloTest.php" line="43" assertions="1" time="0.051761"/>
          <testcase name="testTransfer" class="Bavix\WalletBench\Test\Units\SoloTest" classname="Bavix.WalletBench.Test.Units.SoloTest" file="/Users/babichev/projects/laravel-wallet-benchmark/tests/Units/SoloTest.php" line="43" assertions="1" time="0.049836"/>
          <testcase name="testTransfer" class="Bavix\WalletBench\Test\Units\SoloTest" classname="Bavix.WalletBench.Test.Units.SoloTest" file="/Users/babichev/projects/laravel-wallet-benchmark/tests/Units/SoloTest.php" line="43" assertions="1" time="0.048705"/>
          <testcase name="testTransfer" class="Bavix\WalletBench\Test\Units\SoloTest" classname="Bavix.WalletBench.Test.Units.SoloTest" file="/Users/babichev/projects/laravel-wallet-benchmark/tests/Units/SoloTest.php" line="43" assertions="1" time="0.050044"/>
          <testcase name="testTransfer" class="Bavix\WalletBench\Test\Units\SoloTest" classname="Bavix.WalletBench.Test.Units.SoloTest" file="/Users/babichev/projects/laravel-wallet-benchmark/tests/Units/SoloTest.php" line="43" assertions="1" time="0.049058"/>
          <testcase name="testTransfer" class="Bavix\WalletBench\Test\Units\SoloTest" classname="Bavix.WalletBench.Test.Units.SoloTest" file="/Users/babichev/projects/laravel-wallet-benchmark/tests/Units/SoloTest.php" line="43" assertions="1" time="0.051665"/>
          <testcase name="testTransfer" class="Bavix\WalletBench\Test\Units\SoloTest" classname="Bavix.WalletBench.Test.Units.SoloTest" file="/Users/babichev/projects/laravel-wallet-benchmark/tests/Units/SoloTest.php" line="43" assertions="1" time="0.053990"/>
          <testcase name="testTransfer" class="Bavix\WalletBench\Test\Units\SoloTest" classname="Bavix.WalletBench.Test.Units.SoloTest" file="/Users/babichev/projects/laravel-wallet-benchmark/tests/Units/SoloTest.php" line="43" assertions="1" time="0.052377"/>
          <testcase name="testTransfer" class="Bavix\WalletBench\Test\Units\SoloTest" classname="Bavix.WalletBench.Test.Units.SoloTest" file="/Users/babichev/projects/laravel-wallet-benchmark/tests/Units/SoloTest.php" line="43" assertions="1" time="0.047651"/>
          <testcase name="testTransfer" class="Bavix\WalletBench\Test\Units\SoloTest" classname="Bavix.WalletBench.Test.Units.SoloTest" file="/Users/babichev/projects/laravel-wallet-benchmark/tests/Units/SoloTest.php" line="43" assertions="1" time="0.051407"/>
          <testcase name="testTransfer" class="Bavix\WalletBench\Test\Units\SoloTest" classname="Bavix.WalletBench.Test.Units.SoloTest" file="/Users/babichev/projects/laravel-wallet-benchmark/tests/Units/SoloTest.php" line="43" assertions="1" time="0.051240"/>
          <testcase name="testTransfer" class="Bavix\WalletBench\Test\Units\SoloTest" classname="Bavix.WalletBench.Test.Units.SoloTest" file="/Users/babichev/projects/laravel-wallet-benchmark/tests/Units/SoloTest.php" line="43" assertions="1" time="0.053114"/>
          <testcase name="testTransfer" class="Bavix\WalletBench\Test\Units\SoloTest" classname="Bavix.WalletBench.Test.Units.SoloTest" file="/Users/babichev/projects/laravel-wallet-benchmark/tests/Units/SoloTest.php" line="43" assertions="1" time="0.048622"/>
          <testcase name="testTransfer" class="Bavix\WalletBench\Test\Units\SoloTest" classname="Bavix.WalletBench.Test.Units.SoloTest" file="/Users/babichev/projects/laravel-wallet-benchmark/tests/Units/SoloTest.php" line="43" assertions="1" time="0.050626"/>
          <testcase name="testTransfer" class="Bavix\WalletBench\Test\Units\SoloTest" classname="Bavix.WalletBench.Test.Units.SoloTest" file="/Users/babichev/projects/laravel-wallet-benchmark/tests/Units/SoloTest.php" line="43" assertions="1" time="0.051308"/>
          <testcase name="testTransfer" class="Bavix\WalletBench\Test\Units\SoloTest" classname="Bavix.WalletBench.Test.Units.SoloTest" file="/Users/babichev/projects/laravel-wallet-benchmark/tests/Units/SoloTest.php" line="43" assertions="1" time="0.051140"/>
          <testcase name="testTransfer" class="Bavix\WalletBench\Test\Units\SoloTest" classname="Bavix.WalletBench.Test.Units.SoloTest" file="/Users/babichev/projects/laravel-wallet-benchmark/tests/Units/SoloTest.php" line="43" assertions="1" time="0.053183"/>
          <testcase name="testTransfer" class="Bavix\WalletBench\Test\Units\SoloTest" classname="Bavix.WalletBench.Test.Units.SoloTest" file="/Users/babichev/projects/laravel-wallet-benchmark/tests/Units/SoloTest.php" line="43" assertions="1" time="0.052038"/>
          <testcase name="testTransfer" class="Bavix\WalletBench\Test\Units\SoloTest" classname="Bavix.WalletBench.Test.Units.SoloTest" file="/Users/babichev/projects/laravel-wallet-benchmark/tests/Units/SoloTest.php" line="43" assertions="1" time="0.052418"/>
          <testcase name="testTransfer" class="Bavix\WalletBench\Test\Units\SoloTest" classname="Bavix.WalletBench.Test.Units.SoloTest" file="/Users/babichev/projects/laravel-wallet-benchmark/tests/Units/SoloTest.php" line="43" assertions="1" time="0.052498"/>
          <testcase name="testTransfer" class="Bavix\WalletBench\Test\Units\SoloTest" classname="Bavix.WalletBench.Test.Units.SoloTest" file="/Users/babichev/projects/laravel-wallet-benchmark/tests/Units/SoloTest.php" line="43" assertions="1" time="0.048851"/>
          <testcase name="testTransfer" class="Bavix\WalletBench\Test\Units\SoloTest" classname="Bavix.WalletBench.Test.Units.SoloTest" file="/Users/babichev/projects/laravel-wallet-benchmark/tests/Units/SoloTest.php" line="43" assertions="1" time="0.050379"/>
          <testcase name="testTransfer" class="Bavix\WalletBench\Test\Units\SoloTest" classname="Bavix.WalletBench.Test.Units.SoloTest" file="/Users/babichev/projects/laravel-wallet-benchmark/tests/Units/SoloTest.php" line="43" assertions="1" time="0.049400"/>
          <testcase name="testTransfer" class="Bavix\WalletBench\Test\Units\SoloTest" classname="Bavix.WalletBench.Test.Units.SoloTest" file="/Users/babichev/projects/laravel-wallet-benchmark/tests/Units/SoloTest.php" line="43" assertions="1" time="0.049788"/>
          <testcase name="testTransfer" class="Bavix\WalletBench\Test\Units\SoloTest" classname="Bavix.WalletBench.Test.Units.SoloTest" file="/Users/babichev/projects/laravel-wallet-benchmark/tests/Units/SoloTest.php" line="43" assertions="1" time="0.051585"/>
          <testcase name="testTransfer" class="Bavix\WalletBench\Test\Units\SoloTest" classname="Bavix.WalletBench.Test.Units.SoloTest" file="/Users/babichev/projects/laravel-wallet-benchmark/tests/Units/SoloTest.php" line="43" assertions="1" time="0.054552"/>
          <testcase name="testTransfer" class="Bavix\WalletBench\Test\Units\SoloTest" classname="Bavix.WalletBench.Test.Units.SoloTest" file="/Users/babichev/projects/laravel-wallet-benchmark/tests/Units/SoloTest.php" line="43" assertions="1" time="0.050805"/>
          <testcase name="testTransfer" class="Bavix\WalletBench\Test\Units\SoloTest" classname="Bavix.WalletBench.Test.Units.SoloTest" file="/Users/babichev/projects/laravel-wallet-benchmark/tests/Units/SoloTest.php" line="43" assertions="1" time="0.049037"/>
          <testcase name="testTransfer" class="Bavix\WalletBench\Test\Units\SoloTest" classname="Bavix.WalletBench.Test.Units.SoloTest" file="/Users/babichev/projects/laravel-wallet-benchmark/tests/Units/SoloTest.php" line="43" assertions="1" time="0.048392"/>
          <testcase name="testTransfer" class="Bavix\WalletBench\Test\Units\SoloTest" classname="Bavix.WalletBench.Test.Units.SoloTest" file="/Users/babichev/projects/laravel-wallet-benchmark/tests/Units/SoloTest.php" line="43" assertions="1" time="0.049852"/>
          <testcase name="testTransfer" class="Bavix\WalletBench\Test\Units\SoloTest" classname="Bavix.WalletBench.Test.Units.SoloTest" file="/Users/babichev/projects/laravel-wallet-benchmark/tests/Units/SoloTest.php" line="43" assertions="1" time="0.049058"/>
          <testcase name="testTransfer" class="Bavix\WalletBench\Test\Units\SoloTest" classname="Bavix.WalletBench.Test.Units.SoloTest" file="/Users/babichev/projects/laravel-wallet-benchmark/tests/Units/SoloTest.php" line="43" assertions="1" time="0.055193"/>
          <testcase name="testTransfer" class="Bavix\WalletBench\Test\Units\SoloTest" classname="Bavix.WalletBench.Test.Units.SoloTest" file="/Users/babichev/projects/laravel-wallet-benchmark/tests/Units/SoloTest.php" line="43" assertions="1" time="0.049013"/>
          <testcase name="testTransfer" class="Bavix\WalletBench\Test\Units\SoloTest" classname="Bavix.WalletBench.Test.Units.SoloTest" file="/Users/babichev/projects/laravel-wallet-benchmark/tests/Units/SoloTest.php" line="43" assertions="1" time="0.049663"/>
          <testcase name="testTransfer" class="Bavix\WalletBench\Test\Units\SoloTest" classname="Bavix.WalletBench.Test.Units.SoloTest" file="/Users/babichev/projects/laravel-wallet-benchmark/tests/Units/SoloTest.php" line="43" assertions="1" time="0.051154"/>
          <testcase name="testTransfer" class="Bavix\WalletBench\Test\Units\SoloTest" classname="Bavix.WalletBench.Test.Units.SoloTest" file="/Users/babichev/projects/laravel-wallet-benchmark/tests/Units/SoloTest.php" line="43" assertions="1" time="0.050114"/>
          <testcase name="testTransfer" class="Bavix\WalletBench\Test\Units\SoloTest" classname="Bavix.WalletBench.Test.Units.SoloTest" file="/Users/babichev/projects/laravel-wallet-benchmark/tests/Units/SoloTest.php" line="43" assertions="1" time="0.048688"/>
          <testcase name="testTransfer" class="Bavix\WalletBench\Test\Units\SoloTest" classname="Bavix.WalletBench.Test.Units.SoloTest" file="/Users/babichev/projects/laravel-wallet-benchmark/tests/Units/SoloTest.php" line="43" assertions="1" time="0.050749"/>
          <testcase name="testTransfer" class="Bavix\WalletBench\Test\Units\SoloTest" classname="Bavix.WalletBench.Test.Units.SoloTest" file="/Users/babichev/projects/laravel-wallet-benchmark/tests/Units/SoloTest.php" line="43" assertions="1" time="0.051921"/>
          <testcase name="testTransfer" class="Bavix\WalletBench\Test\Units\SoloTest" classname="Bavix.WalletBench.Test.Units.SoloTest" file="/Users/babichev/projects/laravel-wallet-benchmark/tests/Units/SoloTest.php" line="43" assertions="1" time="0.053100"/>
          <testcase name="testTransfer" class="Bavix\WalletBench\Test\Units\SoloTest" classname="Bavix.WalletBench.Test.Units.SoloTest" file="/Users/babichev/projects/laravel-wallet-benchmark/tests/Units/SoloTest.php" line="43" assertions="1" time="0.050732"/>
          <testcase name="testTransfer" class="Bavix\WalletBench\Test\Units\SoloTest" classname="Bavix.WalletBench.Test.Units.SoloTest" file="/Users/babichev/projects/laravel-wallet-benchmark/tests/Units/SoloTest.php" line="43" assertions="1" time="0.051455"/>
          <testcase name="testTransfer" class="Bavix\WalletBench\Test\Units\SoloTest" classname="Bavix.WalletBench.Test.Units.SoloTest" file="/Users/babichev/projects/laravel-wallet-benchmark/tests/Units/SoloTest.php" line="43" assertions="1" time="0.048956"/>
          <testcase name="testTransfer" class="Bavix\WalletBench\Test\Units\SoloTest" classname="Bavix.WalletBench.Test.Units.SoloTest" file="/Users/babichev/projects/laravel-wallet-benchmark/tests/Units/SoloTest.php" line="43" assertions="1" time="0.051230"/>
          <testcase name="testTransfer" class="Bavix\WalletBench\Test\Units\SoloTest" classname="Bavix.WalletBench.Test.Units.SoloTest" file="/Users/babichev/projects/laravel-wallet-benchmark/tests/Units/SoloTest.php" line="43" assertions="1" time="0.052366"/>
          <testcase name="testTransfer" class="Bavix\WalletBench\Test\Units\SoloTest" classname="Bavix.WalletBench.Test.Units.SoloTest" file="/Users/babichev/projects/laravel-wallet-benchmark/tests/Units/SoloTest.php" line="43" assertions="1" time="0.051118"/>
          <testcase name="testTransfer" class="Bavix\WalletBench\Test\Units\SoloTest" classname="Bavix.WalletBench.Test.Units.SoloTest" file="/Users/babichev/projects/laravel-wallet-benchmark/tests/Units/SoloTest.php" line="43" assertions="1" time="0.051428"/>
          <testcase name="testTransfer" class="Bavix\WalletBench\Test\Units\SoloTest" classname="Bavix.WalletBench.Test.Units.SoloTest" file="/Users/babichev/projects/laravel-wallet-benchmark/tests/Units/SoloTest.php" line="43" assertions="1" time="0.051266"/>
          <testcase name="testTransfer" class="Bavix\WalletBench\Test\Units\SoloTest" classname="Bavix.WalletBench.Test.Units.SoloTest" file="/Users/babichev/projects/laravel-wallet-benchmark/tests/Units/SoloTest.php" line="43" assertions="1" time="0.054750"/>
        </testsuite>
      </testsuite>
      <testsuite name="Bavix\WalletBench\Test\Units\StateTest" file="/Users/babichev/projects/laravel-wallet-benchmark/tests/Units/StateTest.php" tests="25" assertions="25" errors="0" warnings="0" failures="0" skipped="0" time="33.251295">
        <testsuite name="Bavix\WalletBench\Test\Units\StateTest::testInTransaction" tests="25" assertions="25" errors="0" warnings="0" failures="0" skipped="0" time="33.251295">
          <testcase name="testInTransaction" class="Bavix\WalletBench\Test\Units\StateTest" classname="Bavix.WalletBench.Test.Units.StateTest" file="/Users/babichev/projects/laravel-wallet-benchmark/tests/Units/StateTest.php" line="24" assertions="1" time="1.339843"/>
          <testcase name="testInTransaction" class="Bavix\WalletBench\Test\Units\StateTest" classname="Bavix.WalletBench.Test.Units.StateTest" file="/Users/babichev/projects/laravel-wallet-benchmark/tests/Units/StateTest.php" line="24" assertions="1" time="1.328897"/>
          <testcase name="testInTransaction" class="Bavix\WalletBench\Test\Units\StateTest" classname="Bavix.WalletBench.Test.Units.StateTest" file="/Users/babichev/projects/laravel-wallet-benchmark/tests/Units/StateTest.php" line="24" assertions="1" time="1.319944"/>
          <testcase name="testInTransaction" class="Bavix\WalletBench\Test\Units\StateTest" classname="Bavix.WalletBench.Test.Units.StateTest" file="/Users/babichev/projects/laravel-wallet-benchmark/tests/Units/StateTest.php" line="24" assertions="1" time="1.334399"/>
          <testcase name="testInTransaction" class="Bavix\WalletBench\Test\Units\StateTest" classname="Bavix.WalletBench.Test.Units.StateTest" file="/Users/babichev/projects/laravel-wallet-benchmark/tests/Units/StateTest.php" line="24" assertions="1" time="1.298669"/>
          <testcase name="testInTransaction" class="Bavix\WalletBench\Test\Units\StateTest" classname="Bavix.WalletBench.Test.Units.StateTest" file="/Users/babichev/projects/laravel-wallet-benchmark/tests/Units/StateTest.php" line="24" assertions="1" time="1.320678"/>
          <testcase name="testInTransaction" class="Bavix\WalletBench\Test\Units\StateTest" classname="Bavix.WalletBench.Test.Units.StateTest" file="/Users/babichev/projects/laravel-wallet-benchmark/tests/Units/StateTest.php" line="24" assertions="1" time="1.334634"/>
          <testcase name="testInTransaction" class="Bavix\WalletBench\Test\Units\StateTest" classname="Bavix.WalletBench.Test.Units.StateTest" file="/Users/babichev/projects/laravel-wallet-benchmark/tests/Units/StateTest.php" line="24" assertions="1" time="1.331448"/>
          <testcase name="testInTransaction" class="Bavix\WalletBench\Test\Units\StateTest" classname="Bavix.WalletBench.Test.Units.StateTest" file="/Users/babichev/projects/laravel-wallet-benchmark/tests/Units/StateTest.php" line="24" assertions="1" time="1.332382"/>
          <testcase name="testInTransaction" class="Bavix\WalletBench\Test\Units\StateTest" classname="Bavix.WalletBench.Test.Units.StateTest" file="/Users/babichev/projects/laravel-wallet-benchmark/tests/Units/StateTest.php" line="24" assertions="1" time="1.331667"/>
          <testcase name="testInTransaction" class="Bavix\WalletBench\Test\Units\StateTest" classname="Bavix.WalletBench.Test.Units.StateTest" file="/Users/babichev/projects/laravel-wallet-benchmark/tests/Units/StateTest.php" line="24" assertions="1" time="1.322487"/>
          <testcase name="testInTransaction" class="Bavix\WalletBench\Test\Units\StateTest" classname="Bavix.WalletBench.Test.Units.StateTest" file="/Users/babichev/projects/laravel-wallet-benchmark/tests/Units/StateTest.php" line="24" assertions="1" time="1.359761"/>
          <testcase name="testInTransaction" class="Bavix\WalletBench\Test\Units\StateTest" classname="Bavix.WalletBench.Test.Units.StateTest" file="/Users/babichev/projects/laravel-wallet-benchmark/tests/Units/StateTest.php" line="24" assertions="1" time="1.324122"/>
          <testcase name="testInTransaction" class="Bavix\WalletBench\Test\Units\StateTest" classname="Bavix.WalletBench.Test.Units.StateTest" file="/Users/babichev/projects/laravel-wallet-benchmark/tests/Units/StateTest.php" line="24" assertions="1" time="1.344018"/>
          <testcase name="testInTransaction" class="Bavix\WalletBench\Test\Units\StateTest" classname="Bavix.WalletBench.Test.Units.StateTest" file="/Users/babichev/projects/laravel-wallet-benchmark/tests/Units/StateTest.php" line="24" assertions="1" time="1.337339"/>
          <testcase name="testInTransaction" class="Bavix\WalletBench\Test\Units\StateTest" classname="Bavix.WalletBench.Test.Units.StateTest" file="/Users/babichev/projects/laravel-wallet-benchmark/tests/Units/StateTest.php" line="24" assertions="1" time="1.366022"/>
          <testcase name="testInTransaction" class="Bavix\WalletBench\Test\Units\StateTest" classname="Bavix.WalletBench.Test.Units.StateTest" file="/Users/babichev/projects/laravel-wallet-benchmark/tests/Units/StateTest.php" line="24" assertions="1" time="1.332308"/>
          <testcase name="testInTransaction" class="Bavix\WalletBench\Test\Units\StateTest" classname="Bavix.WalletBench.Test.Units.StateTest" file="/Users/babichev/projects/laravel-wallet-benchmark/tests/Units/StateTest.php" line="24" assertions="1" time="1.328850"/>
          <testcase name="testInTransaction" class="Bavix\WalletBench\Test\Units\StateTest" classname="Bavix.WalletBench.Test.Units.StateTest" file="/Users/babichev/projects/laravel-wallet-benchmark/tests/Units/StateTest.php" line="24" assertions="1" time="1.332872"/>
          <testcase name="testInTransaction" class="Bavix\WalletBench\Test\Units\StateTest" classname="Bavix.WalletBench.Test.Units.StateTest" file="/Users/babichev/projects/laravel-wallet-benchmark/tests/Units/StateTest.php" line="24" assertions="1" time="1.329125"/>
          <testcase name="testInTransaction" class="Bavix\WalletBench\Test\Units\StateTest" classname="Bavix.WalletBench.Test.Units.StateTest" file="/Users/babichev/projects/laravel-wallet-benchmark/tests/Units/StateTest.php" line="24" assertions="1" time="1.322912"/>
          <testcase name="testInTransaction" class="Bavix\WalletBench\Test\Units\StateTest" classname="Bavix.WalletBench.Test.Units.StateTest" file="/Users/babichev/projects/laravel-wallet-benchmark/tests/Units/StateTest.php" line="24" assertions="1" time="1.332059"/>
          <testcase name="testInTransaction" class="Bavix\WalletBench\Test\Units\StateTest" classname="Bavix.WalletBench.Test.Units.StateTest" file="/Users/babichev/projects/laravel-wallet-benchmark/tests/Units/StateTest.php" line="24" assertions="1" time="1.325267"/>
          <testcase name="testInTransaction" class="Bavix\WalletBench\Test\Units\StateTest" classname="Bavix.WalletBench.Test.Units.StateTest" file="/Users/babichev/projects/laravel-wallet-benchmark/tests/Units/StateTest.php" line="24" assertions="1" time="1.306867"/>
          <testcase name="testInTransaction" class="Bavix\WalletBench\Test\Units\StateTest" classname="Bavix.WalletBench.Test.Units.StateTest" file="/Users/babichev/projects/laravel-wallet-benchmark/tests/Units/StateTest.php" line="24" assertions="1" time="1.314721"/>
        </testsuite>
      </testsuite>
    </testsuite>
  </testsuite>
</testsuites>
