<?xml version="1.0" encoding="UTF-8"?>
<testsuites>
  <testsuite name="" tests="675" assertions="675" errors="0" warnings="0" failures="0" skipped="0" time="85.067661">
    <testsuite name="Wallet Bench Suite" tests="675" assertions="675" errors="0" warnings="0" failures="0" skipped="0" time="85.067661">
      <testsuite name="Bavix\WalletBench\Test\Units\CartTest" file="/Users/babichev/projects/laravel-wallet-benchmark/tests/Units/CartTest.php" tests="50" assertions="50" errors="0" warnings="0" failures="0" skipped="0" time="52.054021">
        <testsuite name="Bavix\WalletBench\Test\Units\CartTest::testPay" tests="25" assertions="25" errors="0" warnings="0" failures="0" skipped="0" time="26.737620">
          <testcase name="testPay" class="Bavix\WalletBench\Test\Units\CartTest" classname="Bavix.WalletBench.Test.Units.CartTest" file="/Users/babichev/projects/laravel-wallet-benchmark/tests/Units/CartTest.php" line="20" assertions="1" time="1.628164"/>
          <testcase name="testPay" class="Bavix\WalletBench\Test\Units\CartTest" classname="Bavix.WalletBench.Test.Units.CartTest" file="/Users/babichev/projects/laravel-wallet-benchmark/tests/Units/CartTest.php" line="20" assertions="1" time="1.061552"/>
          <testcase name="testPay" class="Bavix\WalletBench\Test\Units\CartTest" classname="Bavix.WalletBench.Test.Units.CartTest" file="/Users/babichev/projects/laravel-wallet-benchmark/tests/Units/CartTest.php" line="20" assertions="1" time="1.072651"/>
          <testcase name="testPay" class="Bavix\WalletBench\Test\Units\CartTest" classname="Bavix.WalletBench.Test.Units.CartTest" file="/Users/babichev/projects/laravel-wallet-benchmark/tests/Units/CartTest.php" line="20" assertions="1" time="1.075577"/>
          <testcase name="testPay" class="Bavix\WalletBench\Test\Units\CartTest" classname="Bavix.WalletBench.Test.Units.CartTest" file="/Users/babichev/projects/laravel-wallet-benchmark/tests/Units/CartTest.php" line="20" assertions="1" time="1.059771"/>
          <testcase name="testPay" class="Bavix\WalletBench\Test\Units\CartTest" classname="Bavix.WalletBench.Test.Units.CartTest" file="/Users/babichev/projects/laravel-wallet-benchmark/tests/Units/CartTest.php" line="20" assertions="1" time="1.056571"/>
          <testcase name="testPay" class="Bavix\WalletBench\Test\Units\CartTest" classname="Bavix.WalletBench.Test.Units.CartTest" file="/Users/babichev/projects/laravel-wallet-benchmark/tests/Units/CartTest.php" line="20" assertions="1" time="1.084753"/>
          <testcase name="testPay" class="Bavix\WalletBench\Test\Units\CartTest" classname="Bavix.WalletBench.Test.Units.CartTest" file="/Users/babichev/projects/laravel-wallet-benchmark/tests/Units/CartTest.php" line="20" assertions="1" time="1.074046"/>
          <testcase name="testPay" class="Bavix\WalletBench\Test\Units\CartTest" classname="Bavix.WalletBench.Test.Units.CartTest" file="/Users/babichev/projects/laravel-wallet-benchmark/tests/Units/CartTest.php" line="20" assertions="1" time="1.076184"/>
          <testcase name="testPay" class="Bavix\WalletBench\Test\Units\CartTest" classname="Bavix.WalletBench.Test.Units.CartTest" file="/Users/babichev/projects/laravel-wallet-benchmark/tests/Units/CartTest.php" line="20" assertions="1" time="1.061362"/>
          <testcase name="testPay" class="Bavix\WalletBench\Test\Units\CartTest" classname="Bavix.WalletBench.Test.Units.CartTest" file="/Users/babichev/projects/laravel-wallet-benchmark/tests/Units/CartTest.php" line="20" assertions="1" time="1.079912"/>
          <testcase name="testPay" class="Bavix\WalletBench\Test\Units\CartTest" classname="Bavix.WalletBench.Test.Units.CartTest" file="/Users/babichev/projects/laravel-wallet-benchmark/tests/Units/CartTest.php" line="20" assertions="1" time="1.056530"/>
          <testcase name="testPay" class="Bavix\WalletBench\Test\Units\CartTest" classname="Bavix.WalletBench.Test.Units.CartTest" file="/Users/babichev/projects/laravel-wallet-benchmark/tests/Units/CartTest.php" line="20" assertions="1" time="1.015905"/>
          <testcase name="testPay" class="Bavix\WalletBench\Test\Units\CartTest" classname="Bavix.WalletBench.Test.Units.CartTest" file="/Users/babichev/projects/laravel-wallet-benchmark/tests/Units/CartTest.php" line="20" assertions="1" time="1.012333"/>
          <testcase name="testPay" class="Bavix\WalletBench\Test\Units\CartTest" classname="Bavix.WalletBench.Test.Units.CartTest" file="/Users/babichev/projects/laravel-wallet-benchmark/tests/Units/CartTest.php" line="20" assertions="1" time="1.009815"/>
          <testcase name="testPay" class="Bavix\WalletBench\Test\Units\CartTest" classname="Bavix.WalletBench.Test.Units.CartTest" file="/Users/babichev/projects/laravel-wallet-benchmark/tests/Units/CartTest.php" line="20" assertions="1" time="1.017999"/>
          <testcase name="testPay" class="Bavix\WalletBench\Test\Units\CartTest" classname="Bavix.WalletBench.Test.Units.CartTest" file="/Users/babichev/projects/laravel-wallet-benchmark/tests/Units/CartTest.php" line="20" assertions="1" time="1.009225"/>
          <testcase name="testPay" class="Bavix\WalletBench\Test\Units\CartTest" classname="Bavix.WalletBench.Test.Units.CartTest" file="/Users/babichev/projects/laravel-wallet-benchmark/tests/Units/CartTest.php" line="20" assertions="1" time="1.020679"/>
          <testcase name="testPay" class="Bavix\WalletBench\Test\Units\CartTest" classname="Bavix.WalletBench.Test.Units.CartTest" file="/Users/babichev/projects/laravel-wallet-benchmark/tests/Units/CartTest.php" line="20" assertions="1" time="1.013871"/>
          <testcase name="testPay" class="Bavix\WalletBench\Test\Units\CartTest" classname="Bavix.WalletBench.Test.Units.CartTest" file="/Users/babichev/projects/laravel-wallet-benchmark/tests/Units/CartTest.php" line="20" assertions="1" time="1.004830"/>
          <testcase name="testPay" class="Bavix\WalletBench\Test\Units\CartTest" classname="Bavix.WalletBench.Test.Units.CartTest" file="/Users/babichev/projects/laravel-wallet-benchmark/tests/Units/CartTest.php" line="20" assertions="1" time="1.017622"/>
          <testcase name="testPay" class="Bavix\WalletBench\Test\Units\CartTest" classname="Bavix.WalletBench.Test.Units.CartTest" file="/Users/babichev/projects/laravel-wallet-benchmark/tests/Units/CartTest.php" line="20" assertions="1" time="1.038571"/>
          <testcase name="testPay" class="Bavix\WalletBench\Test\Units\CartTest" classname="Bavix.WalletBench.Test.Units.CartTest" file="/Users/babichev/projects/laravel-wallet-benchmark/tests/Units/CartTest.php" line="20" assertions="1" time="1.066891"/>
          <testcase name="testPay" class="Bavix\WalletBench\Test\Units\CartTest" classname="Bavix.WalletBench.Test.Units.CartTest" file="/Users/babichev/projects/laravel-wallet-benchmark/tests/Units/CartTest.php" line="20" assertions="1" time="1.062410"/>
          <testcase name="testPay" class="Bavix\WalletBench\Test\Units\CartTest" classname="Bavix.WalletBench.Test.Units.CartTest" file="/Users/babichev/projects/laravel-wallet-benchmark/tests/Units/CartTest.php" line="20" assertions="1" time="1.060394"/>
        </testsuite>
        <testsuite name="Bavix\WalletBench\Test\Units\CartTest::testPayFree" tests="25" assertions="25" errors="0" warnings="0" failures="0" skipped="0" time="25.316402">
          <testcase name="testPayFree" class="Bavix\WalletBench\Test\Units\CartTest" classname="Bavix.WalletBench.Test.Units.CartTest" file="/Users/babichev/projects/laravel-wallet-benchmark/tests/Units/CartTest.php" line="33" assertions="1" time="1.018328"/>
          <testcase name="testPayFree" class="Bavix\WalletBench\Test\Units\CartTest" classname="Bavix.WalletBench.Test.Units.CartTest" file="/Users/babichev/projects/laravel-wallet-benchmark/tests/Units/CartTest.php" line="33" assertions="1" time="1.009499"/>
          <testcase name="testPayFree" class="Bavix\WalletBench\Test\Units\CartTest" classname="Bavix.WalletBench.Test.Units.CartTest" file="/Users/babichev/projects/laravel-wallet-benchmark/tests/Units/CartTest.php" line="33" assertions="1" time="1.008241"/>
          <testcase name="testPayFree" class="Bavix\WalletBench\Test\Units\CartTest" classname="Bavix.WalletBench.Test.Units.CartTest" file="/Users/babichev/projects/laravel-wallet-benchmark/tests/Units/CartTest.php" line="33" assertions="1" time="1.035942"/>
          <testcase name="testPayFree" class="Bavix\WalletBench\Test\Units\CartTest" classname="Bavix.WalletBench.Test.Units.CartTest" file="/Users/babichev/projects/laravel-wallet-benchmark/tests/Units/CartTest.php" line="33" assertions="1" time="1.024738"/>
          <testcase name="testPayFree" class="Bavix\WalletBench\Test\Units\CartTest" classname="Bavix.WalletBench.Test.Units.CartTest" file="/Users/babichev/projects/laravel-wallet-benchmark/tests/Units/CartTest.php" line="33" assertions="1" time="1.013702"/>
          <testcase name="testPayFree" class="Bavix\WalletBench\Test\Units\CartTest" classname="Bavix.WalletBench.Test.Units.CartTest" file="/Users/babichev/projects/laravel-wallet-benchmark/tests/Units/CartTest.php" line="33" assertions="1" time="1.035581"/>
          <testcase name="testPayFree" class="Bavix\WalletBench\Test\Units\CartTest" classname="Bavix.WalletBench.Test.Units.CartTest" file="/Users/babichev/projects/laravel-wallet-benchmark/tests/Units/CartTest.php" line="33" assertions="1" time="1.008562"/>
          <testcase name="testPayFree" class="Bavix\WalletBench\Test\Units\CartTest" classname="Bavix.WalletBench.Test.Units.CartTest" file="/Users/babichev/projects/laravel-wallet-benchmark/tests/Units/CartTest.php" line="33" assertions="1" time="1.001187"/>
          <testcase name="testPayFree" class="Bavix\WalletBench\Test\Units\CartTest" classname="Bavix.WalletBench.Test.Units.CartTest" file="/Users/babichev/projects/laravel-wallet-benchmark/tests/Units/CartTest.php" line="33" assertions="1" time="1.013462"/>
          <testcase name="testPayFree" class="Bavix\WalletBench\Test\Units\CartTest" classname="Bavix.WalletBench.Test.Units.CartTest" file="/Users/babichev/projects/laravel-wallet-benchmark/tests/Units/CartTest.php" line="33" assertions="1" time="1.008106"/>
          <testcase name="testPayFree" class="Bavix\WalletBench\Test\Units\CartTest" classname="Bavix.WalletBench.Test.Units.CartTest" file="/Users/babichev/projects/laravel-wallet-benchmark/tests/Units/CartTest.php" line="33" assertions="1" time="1.006846"/>
          <testcase name="testPayFree" class="Bavix\WalletBench\Test\Units\CartTest" classname="Bavix.WalletBench.Test.Units.CartTest" file="/Users/babichev/projects/laravel-wallet-benchmark/tests/Units/CartTest.php" line="33" assertions="1" time="1.000712"/>
          <testcase name="testPayFree" class="Bavix\WalletBench\Test\Units\CartTest" classname="Bavix.WalletBench.Test.Units.CartTest" file="/Users/babichev/projects/laravel-wallet-benchmark/tests/Units/CartTest.php" line="33" assertions="1" time="1.013237"/>
          <testcase name="testPayFree" class="Bavix\WalletBench\Test\Units\CartTest" classname="Bavix.WalletBench.Test.Units.CartTest" file="/Users/babichev/projects/laravel-wallet-benchmark/tests/Units/CartTest.php" line="33" assertions="1" time="1.015843"/>
          <testcase name="testPayFree" class="Bavix\WalletBench\Test\Units\CartTest" classname="Bavix.WalletBench.Test.Units.CartTest" file="/Users/babichev/projects/laravel-wallet-benchmark/tests/Units/CartTest.php" line="33" assertions="1" time="1.006173"/>
          <testcase name="testPayFree" class="Bavix\WalletBench\Test\Units\CartTest" classname="Bavix.WalletBench.Test.Units.CartTest" file="/Users/babichev/projects/laravel-wallet-benchmark/tests/Units/CartTest.php" line="33" assertions="1" time="1.003921"/>
          <testcase name="testPayFree" class="Bavix\WalletBench\Test\Units\CartTest" classname="Bavix.WalletBench.Test.Units.CartTest" file="/Users/babichev/projects/laravel-wallet-benchmark/tests/Units/CartTest.php" line="33" assertions="1" time="1.018982"/>
          <testcase name="testPayFree" class="Bavix\WalletBench\Test\Units\CartTest" classname="Bavix.WalletBench.Test.Units.CartTest" file="/Users/babichev/projects/laravel-wallet-benchmark/tests/Units/CartTest.php" line="33" assertions="1" time="1.011908"/>
          <testcase name="testPayFree" class="Bavix\WalletBench\Test\Units\CartTest" classname="Bavix.WalletBench.Test.Units.CartTest" file="/Users/babichev/projects/laravel-wallet-benchmark/tests/Units/CartTest.php" line="33" assertions="1" time="1.016432"/>
          <testcase name="testPayFree" class="Bavix\WalletBench\Test\Units\CartTest" classname="Bavix.WalletBench.Test.Units.CartTest" file="/Users/babichev/projects/laravel-wallet-benchmark/tests/Units/CartTest.php" line="33" assertions="1" time="1.009832"/>
          <testcase name="testPayFree" class="Bavix\WalletBench\Test\Units\CartTest" classname="Bavix.WalletBench.Test.Units.CartTest" file="/Users/babichev/projects/laravel-wallet-benchmark/tests/Units/CartTest.php" line="33" assertions="1" time="1.008872"/>
          <testcase name="testPayFree" class="Bavix\WalletBench\Test\Units\CartTest" classname="Bavix.WalletBench.Test.Units.CartTest" file="/Users/babichev/projects/laravel-wallet-benchmark/tests/Units/CartTest.php" line="33" assertions="1" time="1.011848"/>
          <testcase name="testPayFree" class="Bavix\WalletBench\Test\Units\CartTest" classname="Bavix.WalletBench.Test.Units.CartTest" file="/Users/babichev/projects/laravel-wallet-benchmark/tests/Units/CartTest.php" line="33" assertions="1" time="1.010214"/>
          <testcase name="testPayFree" class="Bavix\WalletBench\Test\Units\CartTest" classname="Bavix.WalletBench.Test.Units.CartTest" file="/Users/babichev/projects/laravel-wallet-benchmark/tests/Units/CartTest.php" line="33" assertions="1" time="1.004232"/>
        </testsuite>
      </testsuite>
      <testsuite name="Bavix\WalletBench\Test\Units\SoloTest" file="/Users/babichev/projects/laravel-wallet-benchmark/tests/Units/SoloTest.php" tests="600" assertions="600" errors="0" warnings="0" failures="0" skipped="0" time="15.565458">
        <testsuite name="Bavix\WalletBench\Test\Units\SoloTest::testGetBalance" tests="300" assertions="300" errors="0" warnings="0" failures="0" skipped="0" time="5.563334">
          <testcase name="testGetBalance" class="Bavix\WalletBench\Test\Units\SoloTest" classname="Bavix.WalletBench.Test.Units.SoloTest" file="/Users/babichev/projects/laravel-wallet-benchmark/tests/Units/SoloTest.php" line="17" assertions="1" time="0.018750"/>
          <testcase name="testGetBalance" class="Bavix\WalletBench\Test\Units\SoloTest" classname="Bavix.WalletBench.Test.Units.SoloTest" file="/Users/babichev/projects/laravel-wallet-benchmark/tests/Units/SoloTest.php" line="17" assertions="1" time="0.018674"/>
          <testcase name="testGetBalance" class="Bavix\WalletBench\Test\Units\SoloTest" classname="Bavix.WalletBench.Test.Units.SoloTest" file="/Users/babichev/projects/laravel-wallet-benchmark/tests/Units/SoloTest.php" line="17" assertions="1" time="0.018361"/>
          <testcase name="testGetBalance" class="Bavix\WalletBench\Test\Units\SoloTest" classname="Bavix.WalletBench.Test.Units.SoloTest" file="/Users/babichev/projects/laravel-wallet-benchmark/tests/Units/SoloTest.php" line="17" assertions="1" time="0.018434"/>
          <testcase name="testGetBalance" class="Bavix\WalletBench\Test\Units\SoloTest" classname="Bavix.WalletBench.Test.Units.SoloTest" file="/Users/babichev/projects/laravel-wallet-benchmark/tests/Units/SoloTest.php" line="17" assertions="1" time="0.018110"/>
          <testcase name="testGetBalance" class="Bavix\WalletBench\Test\Units\SoloTest" classname="Bavix.WalletBench.Test.Units.SoloTest" file="/Users/babichev/projects/laravel-wallet-benchmark/tests/Units/SoloTest.php" line="17" assertions="1" time="0.019387"/>
          <testcase name="testGetBalance" class="Bavix\WalletBench\Test\Units\SoloTest" classname="Bavix.WalletBench.Test.Units.SoloTest" file="/Users/babichev/projects/laravel-wallet-benchmark/tests/Units/SoloTest.php" line="17" assertions="1" time="0.020262"/>
          <testcase name="testGetBalance" class="Bavix\WalletBench\Test\Units\SoloTest" classname="Bavix.WalletBench.Test.Units.SoloTest" file="/Users/babichev/projects/laravel-wallet-benchmark/tests/Units/SoloTest.php" line="17" assertions="1" time="0.017596"/>
          <testcase name="testGetBalance" class="Bavix\WalletBench\Test\Units\SoloTest" classname="Bavix.WalletBench.Test.Units.SoloTest" file="/Users/babichev/projects/laravel-wallet-benchmark/tests/Units/SoloTest.php" line="17" assertions="1" time="0.017918"/>
          <testcase name="testGetBalance" class="Bavix\WalletBench\Test\Units\SoloTest" classname="Bavix.WalletBench.Test.Units.SoloTest" file="/Users/babichev/projects/laravel-wallet-benchmark/tests/Units/SoloTest.php" line="17" assertions="1" time="0.020669"/>
          <testcase name="testGetBalance" class="Bavix\WalletBench\Test\Units\SoloTest" classname="Bavix.WalletBench.Test.Units.SoloTest" file="/Users/babichev/projects/laravel-wallet-benchmark/tests/Units/SoloTest.php" line="17" assertions="1" time="0.020650"/>
          <testcase name="testGetBalance" class="Bavix\WalletBench\Test\Units\SoloTest" classname="Bavix.WalletBench.Test.Units.SoloTest" file="/Users/babichev/projects/laravel-wallet-benchmark/tests/Units/SoloTest.php" line="17" assertions="1" time="0.019581"/>
          <testcase name="testGetBalance" class="Bavix\WalletBench\Test\Units\SoloTest" classname="Bavix.WalletBench.Test.Units.SoloTest" file="/Users/babichev/projects/laravel-wallet-benchmark/tests/Units/SoloTest.php" line="17" assertions="1" time="0.018875"/>
          <testcase name="testGetBalance" class="Bavix\WalletBench\Test\Units\SoloTest" classname="Bavix.WalletBench.Test.Units.SoloTest" file="/Users/babichev/projects/laravel-wallet-benchmark/tests/Units/SoloTest.php" line="17" assertions="1" time="0.018996"/>
          <testcase name="testGetBalance" class="Bavix\WalletBench\Test\Units\SoloTest" classname="Bavix.WalletBench.Test.Units.SoloTest" file="/Users/babichev/projects/laravel-wallet-benchmark/tests/Units/SoloTest.php" line="17" assertions="1" time="0.018267"/>
          <testcase name="testGetBalance" class="Bavix\WalletBench\Test\Units\SoloTest" classname="Bavix.WalletBench.Test.Units.SoloTest" file="/Users/babichev/projects/laravel-wallet-benchmark/tests/Units/SoloTest.php" line="17" assertions="1" time="0.018000"/>
          <testcase name="testGetBalance" class="Bavix\WalletBench\Test\Units\SoloTest" classname="Bavix.WalletBench.Test.Units.SoloTest" file="/Users/babichev/projects/laravel-wallet-benchmark/tests/Units/SoloTest.php" line="17" assertions="1" time="0.016906"/>
          <testcase name="testGetBalance" class="Bavix\WalletBench\Test\Units\SoloTest" classname="Bavix.WalletBench.Test.Units.SoloTest" file="/Users/babichev/projects/laravel-wallet-benchmark/tests/Units/SoloTest.php" line="17" assertions="1" time="0.017246"/>
          <testcase name="testGetBalance" class="Bavix\WalletBench\Test\Units\SoloTest" classname="Bavix.WalletBench.Test.Units.SoloTest" file="/Users/babichev/projects/laravel-wallet-benchmark/tests/Units/SoloTest.php" line="17" assertions="1" time="0.017532"/>
          <testcase name="testGetBalance" class="Bavix\WalletBench\Test\Units\SoloTest" classname="Bavix.WalletBench.Test.Units.SoloTest" file="/Users/babichev/projects/laravel-wallet-benchmark/tests/Units/SoloTest.php" line="17" assertions="1" time="0.017437"/>
          <testcase name="testGetBalance" class="Bavix\WalletBench\Test\Units\SoloTest" classname="Bavix.WalletBench.Test.Units.SoloTest" file="/Users/babichev/projects/laravel-wallet-benchmark/tests/Units/SoloTest.php" line="17" assertions="1" time="0.017955"/>
          <testcase name="testGetBalance" class="Bavix\WalletBench\Test\Units\SoloTest" classname="Bavix.WalletBench.Test.Units.SoloTest" file="/Users/babichev/projects/laravel-wallet-benchmark/tests/Units/SoloTest.php" line="17" assertions="1" time="0.017795"/>
          <testcase name="testGetBalance" class="Bavix\WalletBench\Test\Units\SoloTest" classname="Bavix.WalletBench.Test.Units.SoloTest" file="/Users/babichev/projects/laravel-wallet-benchmark/tests/Units/SoloTest.php" line="17" assertions="1" time="0.017914"/>
          <testcase name="testGetBalance" class="Bavix\WalletBench\Test\Units\SoloTest" classname="Bavix.WalletBench.Test.Units.SoloTest" file="/Users/babichev/projects/laravel-wallet-benchmark/tests/Units/SoloTest.php" line="17" assertions="1" time="0.016733"/>
          <testcase name="testGetBalance" class="Bavix\WalletBench\Test\Units\SoloTest" classname="Bavix.WalletBench.Test.Units.SoloTest" file="/Users/babichev/projects/laravel-wallet-benchmark/tests/Units/SoloTest.php" line="17" assertions="1" time="0.017732"/>
          <testcase name="testGetBalance" class="Bavix\WalletBench\Test\Units\SoloTest" classname="Bavix.WalletBench.Test.Units.SoloTest" file="/Users/babichev/projects/laravel-wallet-benchmark/tests/Units/SoloTest.php" line="17" assertions="1" time="0.018198"/>
          <testcase name="testGetBalance" class="Bavix\WalletBench\Test\Units\SoloTest" classname="Bavix.WalletBench.Test.Units.SoloTest" file="/Users/babichev/projects/laravel-wallet-benchmark/tests/Units/SoloTest.php" line="17" assertions="1" time="0.018670"/>
          <testcase name="testGetBalance" class="Bavix\WalletBench\Test\Units\SoloTest" classname="Bavix.WalletBench.Test.Units.SoloTest" file="/Users/babichev/projects/laravel-wallet-benchmark/tests/Units/SoloTest.php" line="17" assertions="1" time="0.017178"/>
          <testcase name="testGetBalance" class="Bavix\WalletBench\Test\Units\SoloTest" classname="Bavix.WalletBench.Test.Units.SoloTest" file="/Users/babichev/projects/laravel-wallet-benchmark/tests/Units/SoloTest.php" line="17" assertions="1" time="0.017682"/>
          <testcase name="testGetBalance" class="Bavix\WalletBench\Test\Units\SoloTest" classname="Bavix.WalletBench.Test.Units.SoloTest" file="/Users/babichev/projects/laravel-wallet-benchmark/tests/Units/SoloTest.php" line="17" assertions="1" time="0.018014"/>
          <testcase name="testGetBalance" class="Bavix\WalletBench\Test\Units\SoloTest" classname="Bavix.WalletBench.Test.Units.SoloTest" file="/Users/babichev/projects/laravel-wallet-benchmark/tests/Units/SoloTest.php" line="17" assertions="1" time="0.017725"/>
          <testcase name="testGetBalance" class="Bavix\WalletBench\Test\Units\SoloTest" classname="Bavix.WalletBench.Test.Units.SoloTest" file="/Users/babichev/projects/laravel-wallet-benchmark/tests/Units/SoloTest.php" line="17" assertions="1" time="0.019032"/>
          <testcase name="testGetBalance" class="Bavix\WalletBench\Test\Units\SoloTest" classname="Bavix.WalletBench.Test.Units.SoloTest" file="/Users/babichev/projects/laravel-wallet-benchmark/tests/Units/SoloTest.php" line="17" assertions="1" time="0.017108"/>
          <testcase name="testGetBalance" class="Bavix\WalletBench\Test\Units\SoloTest" classname="Bavix.WalletBench.Test.Units.SoloTest" file="/Users/babichev/projects/laravel-wallet-benchmark/tests/Units/SoloTest.php" line="17" assertions="1" time="0.018909"/>
          <testcase name="testGetBalance" class="Bavix\WalletBench\Test\Units\SoloTest" classname="Bavix.WalletBench.Test.Units.SoloTest" file="/Users/babichev/projects/laravel-wallet-benchmark/tests/Units/SoloTest.php" line="17" assertions="1" time="0.018363"/>
          <testcase name="testGetBalance" class="Bavix\WalletBench\Test\Units\SoloTest" classname="Bavix.WalletBench.Test.Units.SoloTest" file="/Users/babichev/projects/laravel-wallet-benchmark/tests/Units/SoloTest.php" line="17" assertions="1" time="0.018585"/>
          <testcase name="testGetBalance" class="Bavix\WalletBench\Test\Units\SoloTest" classname="Bavix.WalletBench.Test.Units.SoloTest" file="/Users/babichev/projects/laravel-wallet-benchmark/tests/Units/SoloTest.php" line="17" assertions="1" time="0.018028"/>
          <testcase name="testGetBalance" class="Bavix\WalletBench\Test\Units\SoloTest" classname="Bavix.WalletBench.Test.Units.SoloTest" file="/Users/babichev/projects/laravel-wallet-benchmark/tests/Units/SoloTest.php" line="17" assertions="1" time="0.018881"/>
          <testcase name="testGetBalance" class="Bavix\WalletBench\Test\Units\SoloTest" classname="Bavix.WalletBench.Test.Units.SoloTest" file="/Users/babichev/projects/laravel-wallet-benchmark/tests/Units/SoloTest.php" line="17" assertions="1" time="0.018164"/>
          <testcase name="testGetBalance" class="Bavix\WalletBench\Test\Units\SoloTest" classname="Bavix.WalletBench.Test.Units.SoloTest" file="/Users/babichev/projects/laravel-wallet-benchmark/tests/Units/SoloTest.php" line="17" assertions="1" time="0.018208"/>
          <testcase name="testGetBalance" class="Bavix\WalletBench\Test\Units\SoloTest" classname="Bavix.WalletBench.Test.Units.SoloTest" file="/Users/babichev/projects/laravel-wallet-benchmark/tests/Units/SoloTest.php" line="17" assertions="1" time="0.019688"/>
          <testcase name="testGetBalance" class="Bavix\WalletBench\Test\Units\SoloTest" classname="Bavix.WalletBench.Test.Units.SoloTest" file="/Users/babichev/projects/laravel-wallet-benchmark/tests/Units/SoloTest.php" line="17" assertions="1" time="0.018443"/>
          <testcase name="testGetBalance" class="Bavix\WalletBench\Test\Units\SoloTest" classname="Bavix.WalletBench.Test.Units.SoloTest" file="/Users/babichev/projects/laravel-wallet-benchmark/tests/Units/SoloTest.php" line="17" assertions="1" time="0.019173"/>
          <testcase name="testGetBalance" class="Bavix\WalletBench\Test\Units\SoloTest" classname="Bavix.WalletBench.Test.Units.SoloTest" file="/Users/babichev/projects/laravel-wallet-benchmark/tests/Units/SoloTest.php" line="17" assertions="1" time="0.018189"/>
          <testcase name="testGetBalance" class="Bavix\WalletBench\Test\Units\SoloTest" classname="Bavix.WalletBench.Test.Units.SoloTest" file="/Users/babichev/projects/laravel-wallet-benchmark/tests/Units/SoloTest.php" line="17" assertions="1" time="0.018997"/>
          <testcase name="testGetBalance" class="Bavix\WalletBench\Test\Units\SoloTest" classname="Bavix.WalletBench.Test.Units.SoloTest" file="/Users/babichev/projects/laravel-wallet-benchmark/tests/Units/SoloTest.php" line="17" assertions="1" time="0.018030"/>
          <testcase name="testGetBalance" class="Bavix\WalletBench\Test\Units\SoloTest" classname="Bavix.WalletBench.Test.Units.SoloTest" file="/Users/babichev/projects/laravel-wallet-benchmark/tests/Units/SoloTest.php" line="17" assertions="1" time="0.018763"/>
          <testcase name="testGetBalance" class="Bavix\WalletBench\Test\Units\SoloTest" classname="Bavix.WalletBench.Test.Units.SoloTest" file="/Users/babichev/projects/laravel-wallet-benchmark/tests/Units/SoloTest.php" line="17" assertions="1" time="0.018065"/>
          <testcase name="testGetBalance" class="Bavix\WalletBench\Test\Units\SoloTest" classname="Bavix.WalletBench.Test.Units.SoloTest" file="/Users/babichev/projects/laravel-wallet-benchmark/tests/Units/SoloTest.php" line="17" assertions="1" time="0.018424"/>
          <testcase name="testGetBalance" class="Bavix\WalletBench\Test\Units\SoloTest" classname="Bavix.WalletBench.Test.Units.SoloTest" file="/Users/babichev/projects/laravel-wallet-benchmark/tests/Units/SoloTest.php" line="17" assertions="1" time="0.017710"/>
          <testcase name="testGetBalance" class="Bavix\WalletBench\Test\Units\SoloTest" classname="Bavix.WalletBench.Test.Units.SoloTest" file="/Users/babichev/projects/laravel-wallet-benchmark/tests/Units/SoloTest.php" line="17" assertions="1" time="0.018423"/>
          <testcase name="testGetBalance" class="Bavix\WalletBench\Test\Units\SoloTest" classname="Bavix.WalletBench.Test.Units.SoloTest" file="/Users/babichev/projects/laravel-wallet-benchmark/tests/Units/SoloTest.php" line="17" assertions="1" time="0.017264"/>
          <testcase name="testGetBalance" class="Bavix\WalletBench\Test\Units\SoloTest" classname="Bavix.WalletBench.Test.Units.SoloTest" file="/Users/babichev/projects/laravel-wallet-benchmark/tests/Units/SoloTest.php" line="17" assertions="1" time="0.017544"/>
          <testcase name="testGetBalance" class="Bavix\WalletBench\Test\Units\SoloTest" classname="Bavix.WalletBench.Test.Units.SoloTest" file="/Users/babichev/projects/laravel-wallet-benchmark/tests/Units/SoloTest.php" line="17" assertions="1" time="0.019279"/>
          <testcase name="testGetBalance" class="Bavix\WalletBench\Test\Units\SoloTest" classname="Bavix.WalletBench.Test.Units.SoloTest" file="/Users/babichev/projects/laravel-wallet-benchmark/tests/Units/SoloTest.php" line="17" assertions="1" time="0.019620"/>
          <testcase name="testGetBalance" class="Bavix\WalletBench\Test\Units\SoloTest" classname="Bavix.WalletBench.Test.Units.SoloTest" file="/Users/babichev/projects/laravel-wallet-benchmark/tests/Units/SoloTest.php" line="17" assertions="1" time="0.019752"/>
          <testcase name="testGetBalance" class="Bavix\WalletBench\Test\Units\SoloTest" classname="Bavix.WalletBench.Test.Units.SoloTest" file="/Users/babichev/projects/laravel-wallet-benchmark/tests/Units/SoloTest.php" line="17" assertions="1" time="0.019050"/>
          <testcase name="testGetBalance" class="Bavix\WalletBench\Test\Units\SoloTest" classname="Bavix.WalletBench.Test.Units.SoloTest" file="/Users/babichev/projects/laravel-wallet-benchmark/tests/Units/SoloTest.php" line="17" assertions="1" time="0.017931"/>
          <testcase name="testGetBalance" class="Bavix\WalletBench\Test\Units\SoloTest" classname="Bavix.WalletBench.Test.Units.SoloTest" file="/Users/babichev/projects/laravel-wallet-benchmark/tests/Units/SoloTest.php" line="17" assertions="1" time="0.018865"/>
          <testcase name="testGetBalance" class="Bavix\WalletBench\Test\Units\SoloTest" classname="Bavix.WalletBench.Test.Units.SoloTest" file="/Users/babichev/projects/laravel-wallet-benchmark/tests/Units/SoloTest.php" line="17" assertions="1" time="0.019001"/>
          <testcase name="testGetBalance" class="Bavix\WalletBench\Test\Units\SoloTest" classname="Bavix.WalletBench.Test.Units.SoloTest" file="/Users/babichev/projects/laravel-wallet-benchmark/tests/Units/SoloTest.php" line="17" assertions="1" time="0.018341"/>
          <testcase name="testGetBalance" class="Bavix\WalletBench\Test\Units\SoloTest" classname="Bavix.WalletBench.Test.Units.SoloTest" file="/Users/babichev/projects/laravel-wallet-benchmark/tests/Units/SoloTest.php" line="17" assertions="1" time="0.018131"/>
          <testcase name="testGetBalance" class="Bavix\WalletBench\Test\Units\SoloTest" classname="Bavix.WalletBench.Test.Units.SoloTest" file="/Users/babichev/projects/laravel-wallet-benchmark/tests/Units/SoloTest.php" line="17" assertions="1" time="0.017726"/>
          <testcase name="testGetBalance" class="Bavix\WalletBench\Test\Units\SoloTest" classname="Bavix.WalletBench.Test.Units.SoloTest" file="/Users/babichev/projects/laravel-wallet-benchmark/tests/Units/SoloTest.php" line="17" assertions="1" time="0.017572"/>
          <testcase name="testGetBalance" class="Bavix\WalletBench\Test\Units\SoloTest" classname="Bavix.WalletBench.Test.Units.SoloTest" file="/Users/babichev/projects/laravel-wallet-benchmark/tests/Units/SoloTest.php" line="17" assertions="1" time="0.017633"/>
          <testcase name="testGetBalance" class="Bavix\WalletBench\Test\Units\SoloTest" classname="Bavix.WalletBench.Test.Units.SoloTest" file="/Users/babichev/projects/laravel-wallet-benchmark/tests/Units/SoloTest.php" line="17" assertions="1" time="0.017603"/>
          <testcase name="testGetBalance" class="Bavix\WalletBench\Test\Units\SoloTest" classname="Bavix.WalletBench.Test.Units.SoloTest" file="/Users/babichev/projects/laravel-wallet-benchmark/tests/Units/SoloTest.php" line="17" assertions="1" time="0.018530"/>
          <testcase name="testGetBalance" class="Bavix\WalletBench\Test\Units\SoloTest" classname="Bavix.WalletBench.Test.Units.SoloTest" file="/Users/babichev/projects/laravel-wallet-benchmark/tests/Units/SoloTest.php" line="17" assertions="1" time="0.018358"/>
          <testcase name="testGetBalance" class="Bavix\WalletBench\Test\Units\SoloTest" classname="Bavix.WalletBench.Test.Units.SoloTest" file="/Users/babichev/projects/laravel-wallet-benchmark/tests/Units/SoloTest.php" line="17" assertions="1" time="0.021014"/>
          <testcase name="testGetBalance" class="Bavix\WalletBench\Test\Units\SoloTest" classname="Bavix.WalletBench.Test.Units.SoloTest" file="/Users/babichev/projects/laravel-wallet-benchmark/tests/Units/SoloTest.php" line="17" assertions="1" time="0.017996"/>
          <testcase name="testGetBalance" class="Bavix\WalletBench\Test\Units\SoloTest" classname="Bavix.WalletBench.Test.Units.SoloTest" file="/Users/babichev/projects/laravel-wallet-benchmark/tests/Units/SoloTest.php" line="17" assertions="1" time="0.019256"/>
          <testcase name="testGetBalance" class="Bavix\WalletBench\Test\Units\SoloTest" classname="Bavix.WalletBench.Test.Units.SoloTest" file="/Users/babichev/projects/laravel-wallet-benchmark/tests/Units/SoloTest.php" line="17" assertions="1" time="0.016505"/>
          <testcase name="testGetBalance" class="Bavix\WalletBench\Test\Units\SoloTest" classname="Bavix.WalletBench.Test.Units.SoloTest" file="/Users/babichev/projects/laravel-wallet-benchmark/tests/Units/SoloTest.php" line="17" assertions="1" time="0.018549"/>
          <testcase name="testGetBalance" class="Bavix\WalletBench\Test\Units\SoloTest" classname="Bavix.WalletBench.Test.Units.SoloTest" file="/Users/babichev/projects/laravel-wallet-benchmark/tests/Units/SoloTest.php" line="17" assertions="1" time="0.018371"/>
          <testcase name="testGetBalance" class="Bavix\WalletBench\Test\Units\SoloTest" classname="Bavix.WalletBench.Test.Units.SoloTest" file="/Users/babichev/projects/laravel-wallet-benchmark/tests/Units/SoloTest.php" line="17" assertions="1" time="0.018115"/>
          <testcase name="testGetBalance" class="Bavix\WalletBench\Test\Units\SoloTest" classname="Bavix.WalletBench.Test.Units.SoloTest" file="/Users/babichev/projects/laravel-wallet-benchmark/tests/Units/SoloTest.php" line="17" assertions="1" time="0.018983"/>
          <testcase name="testGetBalance" class="Bavix\WalletBench\Test\Units\SoloTest" classname="Bavix.WalletBench.Test.Units.SoloTest" file="/Users/babichev/projects/laravel-wallet-benchmark/tests/Units/SoloTest.php" line="17" assertions="1" time="0.019236"/>
          <testcase name="testGetBalance" class="Bavix\WalletBench\Test\Units\SoloTest" classname="Bavix.WalletBench.Test.Units.SoloTest" file="/Users/babichev/projects/laravel-wallet-benchmark/tests/Units/SoloTest.php" line="17" assertions="1" time="0.017915"/>
          <testcase name="testGetBalance" class="Bavix\WalletBench\Test\Units\SoloTest" classname="Bavix.WalletBench.Test.Units.SoloTest" file="/Users/babichev/projects/laravel-wallet-benchmark/tests/Units/SoloTest.php" line="17" assertions="1" time="0.017955"/>
          <testcase name="testGetBalance" class="Bavix\WalletBench\Test\Units\SoloTest" classname="Bavix.WalletBench.Test.Units.SoloTest" file="/Users/babichev/projects/laravel-wallet-benchmark/tests/Units/SoloTest.php" line="17" assertions="1" time="0.018499"/>
          <testcase name="testGetBalance" class="Bavix\WalletBench\Test\Units\SoloTest" classname="Bavix.WalletBench.Test.Units.SoloTest" file="/Users/babichev/projects/laravel-wallet-benchmark/tests/Units/SoloTest.php" line="17" assertions="1" time="0.017474"/>
          <testcase name="testGetBalance" class="Bavix\WalletBench\Test\Units\SoloTest" classname="Bavix.WalletBench.Test.Units.SoloTest" file="/Users/babichev/projects/laravel-wallet-benchmark/tests/Units/SoloTest.php" line="17" assertions="1" time="0.017346"/>
          <testcase name="testGetBalance" class="Bavix\WalletBench\Test\Units\SoloTest" classname="Bavix.WalletBench.Test.Units.SoloTest" file="/Users/babichev/projects/laravel-wallet-benchmark/tests/Units/SoloTest.php" line="17" assertions="1" time="0.017609"/>
          <testcase name="testGetBalance" class="Bavix\WalletBench\Test\Units\SoloTest" classname="Bavix.WalletBench.Test.Units.SoloTest" file="/Users/babichev/projects/laravel-wallet-benchmark/tests/Units/SoloTest.php" line="17" assertions="1" time="0.018095"/>
          <testcase name="testGetBalance" class="Bavix\WalletBench\Test\Units\SoloTest" classname="Bavix.WalletBench.Test.Units.SoloTest" file="/Users/babichev/projects/laravel-wallet-benchmark/tests/Units/SoloTest.php" line="17" assertions="1" time="0.018137"/>
          <testcase name="testGetBalance" class="Bavix\WalletBench\Test\Units\SoloTest" classname="Bavix.WalletBench.Test.Units.SoloTest" file="/Users/babichev/projects/laravel-wallet-benchmark/tests/Units/SoloTest.php" line="17" assertions="1" time="0.018360"/>
          <testcase name="testGetBalance" class="Bavix\WalletBench\Test\Units\SoloTest" classname="Bavix.WalletBench.Test.Units.SoloTest" file="/Users/babichev/projects/laravel-wallet-benchmark/tests/Units/SoloTest.php" line="17" assertions="1" time="0.017900"/>
          <testcase name="testGetBalance" class="Bavix\WalletBench\Test\Units\SoloTest" classname="Bavix.WalletBench.Test.Units.SoloTest" file="/Users/babichev/projects/laravel-wallet-benchmark/tests/Units/SoloTest.php" line="17" assertions="1" time="0.018977"/>
          <testcase name="testGetBalance" class="Bavix\WalletBench\Test\Units\SoloTest" classname="Bavix.WalletBench.Test.Units.SoloTest" file="/Users/babichev/projects/laravel-wallet-benchmark/tests/Units/SoloTest.php" line="17" assertions="1" time="0.019892"/>
          <testcase name="testGetBalance" class="Bavix\WalletBench\Test\Units\SoloTest" classname="Bavix.WalletBench.Test.Units.SoloTest" file="/Users/babichev/projects/laravel-wallet-benchmark/tests/Units/SoloTest.php" line="17" assertions="1" time="0.024530"/>
          <testcase name="testGetBalance" class="Bavix\WalletBench\Test\Units\SoloTest" classname="Bavix.WalletBench.Test.Units.SoloTest" file="/Users/babichev/projects/laravel-wallet-benchmark/tests/Units/SoloTest.php" line="17" assertions="1" time="0.020886"/>
          <testcase name="testGetBalance" class="Bavix\WalletBench\Test\Units\SoloTest" classname="Bavix.WalletBench.Test.Units.SoloTest" file="/Users/babichev/projects/laravel-wallet-benchmark/tests/Units/SoloTest.php" line="17" assertions="1" time="0.017922"/>
          <testcase name="testGetBalance" class="Bavix\WalletBench\Test\Units\SoloTest" classname="Bavix.WalletBench.Test.Units.SoloTest" file="/Users/babichev/projects/laravel-wallet-benchmark/tests/Units/SoloTest.php" line="17" assertions="1" time="0.019606"/>
          <testcase name="testGetBalance" class="Bavix\WalletBench\Test\Units\SoloTest" classname="Bavix.WalletBench.Test.Units.SoloTest" file="/Users/babichev/projects/laravel-wallet-benchmark/tests/Units/SoloTest.php" line="17" assertions="1" time="0.016298"/>
          <testcase name="testGetBalance" class="Bavix\WalletBench\Test\Units\SoloTest" classname="Bavix.WalletBench.Test.Units.SoloTest" file="/Users/babichev/projects/laravel-wallet-benchmark/tests/Units/SoloTest.php" line="17" assertions="1" time="0.019944"/>
          <testcase name="testGetBalance" class="Bavix\WalletBench\Test\Units\SoloTest" classname="Bavix.WalletBench.Test.Units.SoloTest" file="/Users/babichev/projects/laravel-wallet-benchmark/tests/Units/SoloTest.php" line="17" assertions="1" time="0.017978"/>
          <testcase name="testGetBalance" class="Bavix\WalletBench\Test\Units\SoloTest" classname="Bavix.WalletBench.Test.Units.SoloTest" file="/Users/babichev/projects/laravel-wallet-benchmark/tests/Units/SoloTest.php" line="17" assertions="1" time="0.019669"/>
          <testcase name="testGetBalance" class="Bavix\WalletBench\Test\Units\SoloTest" classname="Bavix.WalletBench.Test.Units.SoloTest" file="/Users/babichev/projects/laravel-wallet-benchmark/tests/Units/SoloTest.php" line="17" assertions="1" time="0.019899"/>
          <testcase name="testGetBalance" class="Bavix\WalletBench\Test\Units\SoloTest" classname="Bavix.WalletBench.Test.Units.SoloTest" file="/Users/babichev/projects/laravel-wallet-benchmark/tests/Units/SoloTest.php" line="17" assertions="1" time="0.023274"/>
          <testcase name="testGetBalance" class="Bavix\WalletBench\Test\Units\SoloTest" classname="Bavix.WalletBench.Test.Units.SoloTest" file="/Users/babichev/projects/laravel-wallet-benchmark/tests/Units/SoloTest.php" line="17" assertions="1" time="0.019803"/>
          <testcase name="testGetBalance" class="Bavix\WalletBench\Test\Units\SoloTest" classname="Bavix.WalletBench.Test.Units.SoloTest" file="/Users/babichev/projects/laravel-wallet-benchmark/tests/Units/SoloTest.php" line="17" assertions="1" time="0.019331"/>
          <testcase name="testGetBalance" class="Bavix\WalletBench\Test\Units\SoloTest" classname="Bavix.WalletBench.Test.Units.SoloTest" file="/Users/babichev/projects/laravel-wallet-benchmark/tests/Units/SoloTest.php" line="17" assertions="1" time="0.018036"/>
          <testcase name="testGetBalance" class="Bavix\WalletBench\Test\Units\SoloTest" classname="Bavix.WalletBench.Test.Units.SoloTest" file="/Users/babichev/projects/laravel-wallet-benchmark/tests/Units/SoloTest.php" line="17" assertions="1" time="0.018725"/>
          <testcase name="testGetBalance" class="Bavix\WalletBench\Test\Units\SoloTest" classname="Bavix.WalletBench.Test.Units.SoloTest" file="/Users/babichev/projects/laravel-wallet-benchmark/tests/Units/SoloTest.php" line="17" assertions="1" time="0.018748"/>
          <testcase name="testGetBalance" class="Bavix\WalletBench\Test\Units\SoloTest" classname="Bavix.WalletBench.Test.Units.SoloTest" file="/Users/babichev/projects/laravel-wallet-benchmark/tests/Units/SoloTest.php" line="17" assertions="1" time="0.019625"/>
          <testcase name="testGetBalance" class="Bavix\WalletBench\Test\Units\SoloTest" classname="Bavix.WalletBench.Test.Units.SoloTest" file="/Users/babichev/projects/laravel-wallet-benchmark/tests/Units/SoloTest.php" line="17" assertions="1" time="0.017541"/>
          <testcase name="testGetBalance" class="Bavix\WalletBench\Test\Units\SoloTest" classname="Bavix.WalletBench.Test.Units.SoloTest" file="/Users/babichev/projects/laravel-wallet-benchmark/tests/Units/SoloTest.php" line="17" assertions="1" time="0.018665"/>
          <testcase name="testGetBalance" class="Bavix\WalletBench\Test\Units\SoloTest" classname="Bavix.WalletBench.Test.Units.SoloTest" file="/Users/babichev/projects/laravel-wallet-benchmark/tests/Units/SoloTest.php" line="17" assertions="1" time="0.019046"/>
          <testcase name="testGetBalance" class="Bavix\WalletBench\Test\Units\SoloTest" classname="Bavix.WalletBench.Test.Units.SoloTest" file="/Users/babichev/projects/laravel-wallet-benchmark/tests/Units/SoloTest.php" line="17" assertions="1" time="0.018066"/>
          <testcase name="testGetBalance" class="Bavix\WalletBench\Test\Units\SoloTest" classname="Bavix.WalletBench.Test.Units.SoloTest" file="/Users/babichev/projects/laravel-wallet-benchmark/tests/Units/SoloTest.php" line="17" assertions="1" time="0.018063"/>
          <testcase name="testGetBalance" class="Bavix\WalletBench\Test\Units\SoloTest" classname="Bavix.WalletBench.Test.Units.SoloTest" file="/Users/babichev/projects/laravel-wallet-benchmark/tests/Units/SoloTest.php" line="17" assertions="1" time="0.018141"/>
          <testcase name="testGetBalance" class="Bavix\WalletBench\Test\Units\SoloTest" classname="Bavix.WalletBench.Test.Units.SoloTest" file="/Users/babichev/projects/laravel-wallet-benchmark/tests/Units/SoloTest.php" line="17" assertions="1" time="0.017742"/>
          <testcase name="testGetBalance" class="Bavix\WalletBench\Test\Units\SoloTest" classname="Bavix.WalletBench.Test.Units.SoloTest" file="/Users/babichev/projects/laravel-wallet-benchmark/tests/Units/SoloTest.php" line="17" assertions="1" time="0.018512"/>
          <testcase name="testGetBalance" class="Bavix\WalletBench\Test\Units\SoloTest" classname="Bavix.WalletBench.Test.Units.SoloTest" file="/Users/babichev/projects/laravel-wallet-benchmark/tests/Units/SoloTest.php" line="17" assertions="1" time="0.018607"/>
          <testcase name="testGetBalance" class="Bavix\WalletBench\Test\Units\SoloTest" classname="Bavix.WalletBench.Test.Units.SoloTest" file="/Users/babichev/projects/laravel-wallet-benchmark/tests/Units/SoloTest.php" line="17" assertions="1" time="0.018246"/>
          <testcase name="testGetBalance" class="Bavix\WalletBench\Test\Units\SoloTest" classname="Bavix.WalletBench.Test.Units.SoloTest" file="/Users/babichev/projects/laravel-wallet-benchmark/tests/Units/SoloTest.php" line="17" assertions="1" time="0.017385"/>
          <testcase name="testGetBalance" class="Bavix\WalletBench\Test\Units\SoloTest" classname="Bavix.WalletBench.Test.Units.SoloTest" file="/Users/babichev/projects/laravel-wallet-benchmark/tests/Units/SoloTest.php" line="17" assertions="1" time="0.019529"/>
          <testcase name="testGetBalance" class="Bavix\WalletBench\Test\Units\SoloTest" classname="Bavix.WalletBench.Test.Units.SoloTest" file="/Users/babichev/projects/laravel-wallet-benchmark/tests/Units/SoloTest.php" line="17" assertions="1" time="0.018967"/>
          <testcase name="testGetBalance" class="Bavix\WalletBench\Test\Units\SoloTest" classname="Bavix.WalletBench.Test.Units.SoloTest" file="/Users/babichev/projects/laravel-wallet-benchmark/tests/Units/SoloTest.php" line="17" assertions="1" time="0.019044"/>
          <testcase name="testGetBalance" class="Bavix\WalletBench\Test\Units\SoloTest" classname="Bavix.WalletBench.Test.Units.SoloTest" file="/Users/babichev/projects/laravel-wallet-benchmark/tests/Units/SoloTest.php" line="17" assertions="1" time="0.016296"/>
          <testcase name="testGetBalance" class="Bavix\WalletBench\Test\Units\SoloTest" classname="Bavix.WalletBench.Test.Units.SoloTest" file="/Users/babichev/projects/laravel-wallet-benchmark/tests/Units/SoloTest.php" line="17" assertions="1" time="0.018112"/>
          <testcase name="testGetBalance" class="Bavix\WalletBench\Test\Units\SoloTest" classname="Bavix.WalletBench.Test.Units.SoloTest" file="/Users/babichev/projects/laravel-wallet-benchmark/tests/Units/SoloTest.php" line="17" assertions="1" time="0.017935"/>
          <testcase name="testGetBalance" class="Bavix\WalletBench\Test\Units\SoloTest" classname="Bavix.WalletBench.Test.Units.SoloTest" file="/Users/babichev/projects/laravel-wallet-benchmark/tests/Units/SoloTest.php" line="17" assertions="1" time="0.018571"/>
          <testcase name="testGetBalance" class="Bavix\WalletBench\Test\Units\SoloTest" classname="Bavix.WalletBench.Test.Units.SoloTest" file="/Users/babichev/projects/laravel-wallet-benchmark/tests/Units/SoloTest.php" line="17" assertions="1" time="0.018522"/>
          <testcase name="testGetBalance" class="Bavix\WalletBench\Test\Units\SoloTest" classname="Bavix.WalletBench.Test.Units.SoloTest" file="/Users/babichev/projects/laravel-wallet-benchmark/tests/Units/SoloTest.php" line="17" assertions="1" time="0.017604"/>
          <testcase name="testGetBalance" class="Bavix\WalletBench\Test\Units\SoloTest" classname="Bavix.WalletBench.Test.Units.SoloTest" file="/Users/babichev/projects/laravel-wallet-benchmark/tests/Units/SoloTest.php" line="17" assertions="1" time="0.018135"/>
          <testcase name="testGetBalance" class="Bavix\WalletBench\Test\Units\SoloTest" classname="Bavix.WalletBench.Test.Units.SoloTest" file="/Users/babichev/projects/laravel-wallet-benchmark/tests/Units/SoloTest.php" line="17" assertions="1" time="0.018873"/>
          <testcase name="testGetBalance" class="Bavix\WalletBench\Test\Units\SoloTest" classname="Bavix.WalletBench.Test.Units.SoloTest" file="/Users/babichev/projects/laravel-wallet-benchmark/tests/Units/SoloTest.php" line="17" assertions="1" time="0.018513"/>
          <testcase name="testGetBalance" class="Bavix\WalletBench\Test\Units\SoloTest" classname="Bavix.WalletBench.Test.Units.SoloTest" file="/Users/babichev/projects/laravel-wallet-benchmark/tests/Units/SoloTest.php" line="17" assertions="1" time="0.018952"/>
          <testcase name="testGetBalance" class="Bavix\WalletBench\Test\Units\SoloTest" classname="Bavix.WalletBench.Test.Units.SoloTest" file="/Users/babichev/projects/laravel-wallet-benchmark/tests/Units/SoloTest.php" line="17" assertions="1" time="0.019030"/>
          <testcase name="testGetBalance" class="Bavix\WalletBench\Test\Units\SoloTest" classname="Bavix.WalletBench.Test.Units.SoloTest" file="/Users/babichev/projects/laravel-wallet-benchmark/tests/Units/SoloTest.php" line="17" assertions="1" time="0.018691"/>
          <testcase name="testGetBalance" class="Bavix\WalletBench\Test\Units\SoloTest" classname="Bavix.WalletBench.Test.Units.SoloTest" file="/Users/babichev/projects/laravel-wallet-benchmark/tests/Units/SoloTest.php" line="17" assertions="1" time="0.018564"/>
          <testcase name="testGetBalance" class="Bavix\WalletBench\Test\Units\SoloTest" classname="Bavix.WalletBench.Test.Units.SoloTest" file="/Users/babichev/projects/laravel-wallet-benchmark/tests/Units/SoloTest.php" line="17" assertions="1" time="0.019037"/>
          <testcase name="testGetBalance" class="Bavix\WalletBench\Test\Units\SoloTest" classname="Bavix.WalletBench.Test.Units.SoloTest" file="/Users/babichev/projects/laravel-wallet-benchmark/tests/Units/SoloTest.php" line="17" assertions="1" time="0.018104"/>
          <testcase name="testGetBalance" class="Bavix\WalletBench\Test\Units\SoloTest" classname="Bavix.WalletBench.Test.Units.SoloTest" file="/Users/babichev/projects/laravel-wallet-benchmark/tests/Units/SoloTest.php" line="17" assertions="1" time="0.018161"/>
          <testcase name="testGetBalance" class="Bavix\WalletBench\Test\Units\SoloTest" classname="Bavix.WalletBench.Test.Units.SoloTest" file="/Users/babichev/projects/laravel-wallet-benchmark/tests/Units/SoloTest.php" line="17" assertions="1" time="0.019395"/>
          <testcase name="testGetBalance" class="Bavix\WalletBench\Test\Units\SoloTest" classname="Bavix.WalletBench.Test.Units.SoloTest" file="/Users/babichev/projects/laravel-wallet-benchmark/tests/Units/SoloTest.php" line="17" assertions="1" time="0.019150"/>
          <testcase name="testGetBalance" class="Bavix\WalletBench\Test\Units\SoloTest" classname="Bavix.WalletBench.Test.Units.SoloTest" file="/Users/babichev/projects/laravel-wallet-benchmark/tests/Units/SoloTest.php" line="17" assertions="1" time="0.017599"/>
          <testcase name="testGetBalance" class="Bavix\WalletBench\Test\Units\SoloTest" classname="Bavix.WalletBench.Test.Units.SoloTest" file="/Users/babichev/projects/laravel-wallet-benchmark/tests/Units/SoloTest.php" line="17" assertions="1" time="0.018509"/>
          <testcase name="testGetBalance" class="Bavix\WalletBench\Test\Units\SoloTest" classname="Bavix.WalletBench.Test.Units.SoloTest" file="/Users/babichev/projects/laravel-wallet-benchmark/tests/Units/SoloTest.php" line="17" assertions="1" time="0.017164"/>
          <testcase name="testGetBalance" class="Bavix\WalletBench\Test\Units\SoloTest" classname="Bavix.WalletBench.Test.Units.SoloTest" file="/Users/babichev/projects/laravel-wallet-benchmark/tests/Units/SoloTest.php" line="17" assertions="1" time="0.019904"/>
          <testcase name="testGetBalance" class="Bavix\WalletBench\Test\Units\SoloTest" classname="Bavix.WalletBench.Test.Units.SoloTest" file="/Users/babichev/projects/laravel-wallet-benchmark/tests/Units/SoloTest.php" line="17" assertions="1" time="0.019057"/>
          <testcase name="testGetBalance" class="Bavix\WalletBench\Test\Units\SoloTest" classname="Bavix.WalletBench.Test.Units.SoloTest" file="/Users/babichev/projects/laravel-wallet-benchmark/tests/Units/SoloTest.php" line="17" assertions="1" time="0.019772"/>
          <testcase name="testGetBalance" class="Bavix\WalletBench\Test\Units\SoloTest" classname="Bavix.WalletBench.Test.Units.SoloTest" file="/Users/babichev/projects/laravel-wallet-benchmark/tests/Units/SoloTest.php" line="17" assertions="1" time="0.018410"/>
          <testcase name="testGetBalance" class="Bavix\WalletBench\Test\Units\SoloTest" classname="Bavix.WalletBench.Test.Units.SoloTest" file="/Users/babichev/projects/laravel-wallet-benchmark/tests/Units/SoloTest.php" line="17" assertions="1" time="0.018482"/>
          <testcase name="testGetBalance" class="Bavix\WalletBench\Test\Units\SoloTest" classname="Bavix.WalletBench.Test.Units.SoloTest" file="/Users/babichev/projects/laravel-wallet-benchmark/tests/Units/SoloTest.php" line="17" assertions="1" time="0.018565"/>
          <testcase name="testGetBalance" class="Bavix\WalletBench\Test\Units\SoloTest" classname="Bavix.WalletBench.Test.Units.SoloTest" file="/Users/babichev/projects/laravel-wallet-benchmark/tests/Units/SoloTest.php" line="17" assertions="1" time="0.018250"/>
          <testcase name="testGetBalance" class="Bavix\WalletBench\Test\Units\SoloTest" classname="Bavix.WalletBench.Test.Units.SoloTest" file="/Users/babichev/projects/laravel-wallet-benchmark/tests/Units/SoloTest.php" line="17" assertions="1" time="0.019170"/>
          <testcase name="testGetBalance" class="Bavix\WalletBench\Test\Units\SoloTest" classname="Bavix.WalletBench.Test.Units.SoloTest" file="/Users/babichev/projects/laravel-wallet-benchmark/tests/Units/SoloTest.php" line="17" assertions="1" time="0.018505"/>
          <testcase name="testGetBalance" class="Bavix\WalletBench\Test\Units\SoloTest" classname="Bavix.WalletBench.Test.Units.SoloTest" file="/Users/babichev/projects/laravel-wallet-benchmark/tests/Units/SoloTest.php" line="17" assertions="1" time="0.018466"/>
          <testcase name="testGetBalance" class="Bavix\WalletBench\Test\Units\SoloTest" classname="Bavix.WalletBench.Test.Units.SoloTest" file="/Users/babichev/projects/laravel-wallet-benchmark/tests/Units/SoloTest.php" line="17" assertions="1" time="0.019341"/>
          <testcase name="testGetBalance" class="Bavix\WalletBench\Test\Units\SoloTest" classname="Bavix.WalletBench.Test.Units.SoloTest" file="/Users/babichev/projects/laravel-wallet-benchmark/tests/Units/SoloTest.php" line="17" assertions="1" time="0.017397"/>
          <testcase name="testGetBalance" class="Bavix\WalletBench\Test\Units\SoloTest" classname="Bavix.WalletBench.Test.Units.SoloTest" file="/Users/babichev/projects/laravel-wallet-benchmark/tests/Units/SoloTest.php" line="17" assertions="1" time="0.017774"/>
          <testcase name="testGetBalance" class="Bavix\WalletBench\Test\Units\SoloTest" classname="Bavix.WalletBench.Test.Units.SoloTest" file="/Users/babichev/projects/laravel-wallet-benchmark/tests/Units/SoloTest.php" line="17" assertions="1" time="0.016719"/>
          <testcase name="testGetBalance" class="Bavix\WalletBench\Test\Units\SoloTest" classname="Bavix.WalletBench.Test.Units.SoloTest" file="/Users/babichev/projects/laravel-wallet-benchmark/tests/Units/SoloTest.php" line="17" assertions="1" time="0.018020"/>
          <testcase name="testGetBalance" class="Bavix\WalletBench\Test\Units\SoloTest" classname="Bavix.WalletBench.Test.Units.SoloTest" file="/Users/babichev/projects/laravel-wallet-benchmark/tests/Units/SoloTest.php" line="17" assertions="1" time="0.018734"/>
          <testcase name="testGetBalance" class="Bavix\WalletBench\Test\Units\SoloTest" classname="Bavix.WalletBench.Test.Units.SoloTest" file="/Users/babichev/projects/laravel-wallet-benchmark/tests/Units/SoloTest.php" line="17" assertions="1" time="0.018917"/>
          <testcase name="testGetBalance" class="Bavix\WalletBench\Test\Units\SoloTest" classname="Bavix.WalletBench.Test.Units.SoloTest" file="/Users/babichev/projects/laravel-wallet-benchmark/tests/Units/SoloTest.php" line="17" assertions="1" time="0.018271"/>
          <testcase name="testGetBalance" class="Bavix\WalletBench\Test\Units\SoloTest" classname="Bavix.WalletBench.Test.Units.SoloTest" file="/Users/babichev/projects/laravel-wallet-benchmark/tests/Units/SoloTest.php" line="17" assertions="1" time="0.020106"/>
          <testcase name="testGetBalance" class="Bavix\WalletBench\Test\Units\SoloTest" classname="Bavix.WalletBench.Test.Units.SoloTest" file="/Users/babichev/projects/laravel-wallet-benchmark/tests/Units/SoloTest.php" line="17" assertions="1" time="0.019259"/>
          <testcase name="testGetBalance" class="Bavix\WalletBench\Test\Units\SoloTest" classname="Bavix.WalletBench.Test.Units.SoloTest" file="/Users/babichev/projects/laravel-wallet-benchmark/tests/Units/SoloTest.php" line="17" assertions="1" time="0.019518"/>
          <testcase name="testGetBalance" class="Bavix\WalletBench\Test\Units\SoloTest" classname="Bavix.WalletBench.Test.Units.SoloTest" file="/Users/babichev/projects/laravel-wallet-benchmark/tests/Units/SoloTest.php" line="17" assertions="1" time="0.018188"/>
          <testcase name="testGetBalance" class="Bavix\WalletBench\Test\Units\SoloTest" classname="Bavix.WalletBench.Test.Units.SoloTest" file="/Users/babichev/projects/laravel-wallet-benchmark/tests/Units/SoloTest.php" line="17" assertions="1" time="0.018634"/>
          <testcase name="testGetBalance" class="Bavix\WalletBench\Test\Units\SoloTest" classname="Bavix.WalletBench.Test.Units.SoloTest" file="/Users/babichev/projects/laravel-wallet-benchmark/tests/Units/SoloTest.php" line="17" assertions="1" time="0.018623"/>
          <testcase name="testGetBalance" class="Bavix\WalletBench\Test\Units\SoloTest" classname="Bavix.WalletBench.Test.Units.SoloTest" file="/Users/babichev/projects/laravel-wallet-benchmark/tests/Units/SoloTest.php" line="17" assertions="1" time="0.018096"/>
          <testcase name="testGetBalance" class="Bavix\WalletBench\Test\Units\SoloTest" classname="Bavix.WalletBench.Test.Units.SoloTest" file="/Users/babichev/projects/laravel-wallet-benchmark/tests/Units/SoloTest.php" line="17" assertions="1" time="0.020537"/>
          <testcase name="testGetBalance" class="Bavix\WalletBench\Test\Units\SoloTest" classname="Bavix.WalletBench.Test.Units.SoloTest" file="/Users/babichev/projects/laravel-wallet-benchmark/tests/Units/SoloTest.php" line="17" assertions="1" time="0.017364"/>
          <testcase name="testGetBalance" class="Bavix\WalletBench\Test\Units\SoloTest" classname="Bavix.WalletBench.Test.Units.SoloTest" file="/Users/babichev/projects/laravel-wallet-benchmark/tests/Units/SoloTest.php" line="17" assertions="1" time="0.018233"/>
          <testcase name="testGetBalance" class="Bavix\WalletBench\Test\Units\SoloTest" classname="Bavix.WalletBench.Test.Units.SoloTest" file="/Users/babichev/projects/laravel-wallet-benchmark/tests/Units/SoloTest.php" line="17" assertions="1" time="0.019183"/>
          <testcase name="testGetBalance" class="Bavix\WalletBench\Test\Units\SoloTest" classname="Bavix.WalletBench.Test.Units.SoloTest" file="/Users/babichev/projects/laravel-wallet-benchmark/tests/Units/SoloTest.php" line="17" assertions="1" time="0.019213"/>
          <testcase name="testGetBalance" class="Bavix\WalletBench\Test\Units\SoloTest" classname="Bavix.WalletBench.Test.Units.SoloTest" file="/Users/babichev/projects/laravel-wallet-benchmark/tests/Units/SoloTest.php" line="17" assertions="1" time="0.018226"/>
          <testcase name="testGetBalance" class="Bavix\WalletBench\Test\Units\SoloTest" classname="Bavix.WalletBench.Test.Units.SoloTest" file="/Users/babichev/projects/laravel-wallet-benchmark/tests/Units/SoloTest.php" line="17" assertions="1" time="0.017357"/>
          <testcase name="testGetBalance" class="Bavix\WalletBench\Test\Units\SoloTest" classname="Bavix.WalletBench.Test.Units.SoloTest" file="/Users/babichev/projects/laravel-wallet-benchmark/tests/Units/SoloTest.php" line="17" assertions="1" time="0.018645"/>
          <testcase name="testGetBalance" class="Bavix\WalletBench\Test\Units\SoloTest" classname="Bavix.WalletBench.Test.Units.SoloTest" file="/Users/babichev/projects/laravel-wallet-benchmark/tests/Units/SoloTest.php" line="17" assertions="1" time="0.019160"/>
          <testcase name="testGetBalance" class="Bavix\WalletBench\Test\Units\SoloTest" classname="Bavix.WalletBench.Test.Units.SoloTest" file="/Users/babichev/projects/laravel-wallet-benchmark/tests/Units/SoloTest.php" line="17" assertions="1" time="0.020155"/>
          <testcase name="testGetBalance" class="Bavix\WalletBench\Test\Units\SoloTest" classname="Bavix.WalletBench.Test.Units.SoloTest" file="/Users/babichev/projects/laravel-wallet-benchmark/tests/Units/SoloTest.php" line="17" assertions="1" time="0.018737"/>
          <testcase name="testGetBalance" class="Bavix\WalletBench\Test\Units\SoloTest" classname="Bavix.WalletBench.Test.Units.SoloTest" file="/Users/babichev/projects/laravel-wallet-benchmark/tests/Units/SoloTest.php" line="17" assertions="1" time="0.019961"/>
          <testcase name="testGetBalance" class="Bavix\WalletBench\Test\Units\SoloTest" classname="Bavix.WalletBench.Test.Units.SoloTest" file="/Users/babichev/projects/laravel-wallet-benchmark/tests/Units/SoloTest.php" line="17" assertions="1" time="0.017752"/>
          <testcase name="testGetBalance" class="Bavix\WalletBench\Test\Units\SoloTest" classname="Bavix.WalletBench.Test.Units.SoloTest" file="/Users/babichev/projects/laravel-wallet-benchmark/tests/Units/SoloTest.php" line="17" assertions="1" time="0.018101"/>
          <testcase name="testGetBalance" class="Bavix\WalletBench\Test\Units\SoloTest" classname="Bavix.WalletBench.Test.Units.SoloTest" file="/Users/babichev/projects/laravel-wallet-benchmark/tests/Units/SoloTest.php" line="17" assertions="1" time="0.017120"/>
          <testcase name="testGetBalance" class="Bavix\WalletBench\Test\Units\SoloTest" classname="Bavix.WalletBench.Test.Units.SoloTest" file="/Users/babichev/projects/laravel-wallet-benchmark/tests/Units/SoloTest.php" line="17" assertions="1" time="0.019359"/>
          <testcase name="testGetBalance" class="Bavix\WalletBench\Test\Units\SoloTest" classname="Bavix.WalletBench.Test.Units.SoloTest" file="/Users/babichev/projects/laravel-wallet-benchmark/tests/Units/SoloTest.php" line="17" assertions="1" time="0.017874"/>
          <testcase name="testGetBalance" class="Bavix\WalletBench\Test\Units\SoloTest" classname="Bavix.WalletBench.Test.Units.SoloTest" file="/Users/babichev/projects/laravel-wallet-benchmark/tests/Units/SoloTest.php" line="17" assertions="1" time="0.019748"/>
          <testcase name="testGetBalance" class="Bavix\WalletBench\Test\Units\SoloTest" classname="Bavix.WalletBench.Test.Units.SoloTest" file="/Users/babichev/projects/laravel-wallet-benchmark/tests/Units/SoloTest.php" line="17" assertions="1" time="0.019975"/>
          <testcase name="testGetBalance" class="Bavix\WalletBench\Test\Units\SoloTest" classname="Bavix.WalletBench.Test.Units.SoloTest" file="/Users/babichev/projects/laravel-wallet-benchmark/tests/Units/SoloTest.php" line="17" assertions="1" time="0.019087"/>
          <testcase name="testGetBalance" class="Bavix\WalletBench\Test\Units\SoloTest" classname="Bavix.WalletBench.Test.Units.SoloTest" file="/Users/babichev/projects/laravel-wallet-benchmark/tests/Units/SoloTest.php" line="17" assertions="1" time="0.018571"/>
          <testcase name="testGetBalance" class="Bavix\WalletBench\Test\Units\SoloTest" classname="Bavix.WalletBench.Test.Units.SoloTest" file="/Users/babichev/projects/laravel-wallet-benchmark/tests/Units/SoloTest.php" line="17" assertions="1" time="0.019712"/>
          <testcase name="testGetBalance" class="Bavix\WalletBench\Test\Units\SoloTest" classname="Bavix.WalletBench.Test.Units.SoloTest" file="/Users/babichev/projects/laravel-wallet-benchmark/tests/Units/SoloTest.php" line="17" assertions="1" time="0.018358"/>
          <testcase name="testGetBalance" class="Bavix\WalletBench\Test\Units\SoloTest" classname="Bavix.WalletBench.Test.Units.SoloTest" file="/Users/babichev/projects/laravel-wallet-benchmark/tests/Units/SoloTest.php" line="17" assertions="1" time="0.018455"/>
          <testcase name="testGetBalance" class="Bavix\WalletBench\Test\Units\SoloTest" classname="Bavix.WalletBench.Test.Units.SoloTest" file="/Users/babichev/projects/laravel-wallet-benchmark/tests/Units/SoloTest.php" line="17" assertions="1" time="0.018363"/>
          <testcase name="testGetBalance" class="Bavix\WalletBench\Test\Units\SoloTest" classname="Bavix.WalletBench.Test.Units.SoloTest" file="/Users/babichev/projects/laravel-wallet-benchmark/tests/Units/SoloTest.php" line="17" assertions="1" time="0.019759"/>
          <testcase name="testGetBalance" class="Bavix\WalletBench\Test\Units\SoloTest" classname="Bavix.WalletBench.Test.Units.SoloTest" file="/Users/babichev/projects/laravel-wallet-benchmark/tests/Units/SoloTest.php" line="17" assertions="1" time="0.017569"/>
          <testcase name="testGetBalance" class="Bavix\WalletBench\Test\Units\SoloTest" classname="Bavix.WalletBench.Test.Units.SoloTest" file="/Users/babichev/projects/laravel-wallet-benchmark/tests/Units/SoloTest.php" line="17" assertions="1" time="0.020361"/>
          <testcase name="testGetBalance" class="Bavix\WalletBench\Test\Units\SoloTest" classname="Bavix.WalletBench.Test.Units.SoloTest" file="/Users/babichev/projects/laravel-wallet-benchmark/tests/Units/SoloTest.php" line="17" assertions="1" time="0.018056"/>
          <testcase name="testGetBalance" class="Bavix\WalletBench\Test\Units\SoloTest" classname="Bavix.WalletBench.Test.Units.SoloTest" file="/Users/babichev/projects/laravel-wallet-benchmark/tests/Units/SoloTest.php" line="17" assertions="1" time="0.018221"/>
          <testcase name="testGetBalance" class="Bavix\WalletBench\Test\Units\SoloTest" classname="Bavix.WalletBench.Test.Units.SoloTest" file="/Users/babichev/projects/laravel-wallet-benchmark/tests/Units/SoloTest.php" line="17" assertions="1" time="0.018665"/>
          <testcase name="testGetBalance" class="Bavix\WalletBench\Test\Units\SoloTest" classname="Bavix.WalletBench.Test.Units.SoloTest" file="/Users/babichev/projects/laravel-wallet-benchmark/tests/Units/SoloTest.php" line="17" assertions="1" time="0.019328"/>
          <testcase name="testGetBalance" class="Bavix\WalletBench\Test\Units\SoloTest" classname="Bavix.WalletBench.Test.Units.SoloTest" file="/Users/babichev/projects/laravel-wallet-benchmark/tests/Units/SoloTest.php" line="17" assertions="1" time="0.017815"/>
          <testcase name="testGetBalance" class="Bavix\WalletBench\Test\Units\SoloTest" classname="Bavix.WalletBench.Test.Units.SoloTest" file="/Users/babichev/projects/laravel-wallet-benchmark/tests/Units/SoloTest.php" line="17" assertions="1" time="0.019729"/>
          <testcase name="testGetBalance" class="Bavix\WalletBench\Test\Units\SoloTest" classname="Bavix.WalletBench.Test.Units.SoloTest" file="/Users/babichev/projects/laravel-wallet-benchmark/tests/Units/SoloTest.php" line="17" assertions="1" time="0.017792"/>
          <testcase name="testGetBalance" class="Bavix\WalletBench\Test\Units\SoloTest" classname="Bavix.WalletBench.Test.Units.SoloTest" file="/Users/babichev/projects/laravel-wallet-benchmark/tests/Units/SoloTest.php" line="17" assertions="1" time="0.018779"/>
          <testcase name="testGetBalance" class="Bavix\WalletBench\Test\Units\SoloTest" classname="Bavix.WalletBench.Test.Units.SoloTest" file="/Users/babichev/projects/laravel-wallet-benchmark/tests/Units/SoloTest.php" line="17" assertions="1" time="0.018456"/>
          <testcase name="testGetBalance" class="Bavix\WalletBench\Test\Units\SoloTest" classname="Bavix.WalletBench.Test.Units.SoloTest" file="/Users/babichev/projects/laravel-wallet-benchmark/tests/Units/SoloTest.php" line="17" assertions="1" time="0.018657"/>
          <testcase name="testGetBalance" class="Bavix\WalletBench\Test\Units\SoloTest" classname="Bavix.WalletBench.Test.Units.SoloTest" file="/Users/babichev/projects/laravel-wallet-benchmark/tests/Units/SoloTest.php" line="17" assertions="1" time="0.017762"/>
          <testcase name="testGetBalance" class="Bavix\WalletBench\Test\Units\SoloTest" classname="Bavix.WalletBench.Test.Units.SoloTest" file="/Users/babichev/projects/laravel-wallet-benchmark/tests/Units/SoloTest.php" line="17" assertions="1" time="0.017888"/>
          <testcase name="testGetBalance" class="Bavix\WalletBench\Test\Units\SoloTest" classname="Bavix.WalletBench.Test.Units.SoloTest" file="/Users/babichev/projects/laravel-wallet-benchmark/tests/Units/SoloTest.php" line="17" assertions="1" time="0.018242"/>
          <testcase name="testGetBalance" class="Bavix\WalletBench\Test\Units\SoloTest" classname="Bavix.WalletBench.Test.Units.SoloTest" file="/Users/babichev/projects/laravel-wallet-benchmark/tests/Units/SoloTest.php" line="17" assertions="1" time="0.018090"/>
          <testcase name="testGetBalance" class="Bavix\WalletBench\Test\Units\SoloTest" classname="Bavix.WalletBench.Test.Units.SoloTest" file="/Users/babichev/projects/laravel-wallet-benchmark/tests/Units/SoloTest.php" line="17" assertions="1" time="0.017604"/>
          <testcase name="testGetBalance" class="Bavix\WalletBench\Test\Units\SoloTest" classname="Bavix.WalletBench.Test.Units.SoloTest" file="/Users/babichev/projects/laravel-wallet-benchmark/tests/Units/SoloTest.php" line="17" assertions="1" time="0.018518"/>
          <testcase name="testGetBalance" class="Bavix\WalletBench\Test\Units\SoloTest" classname="Bavix.WalletBench.Test.Units.SoloTest" file="/Users/babichev/projects/laravel-wallet-benchmark/tests/Units/SoloTest.php" line="17" assertions="1" time="0.018556"/>
          <testcase name="testGetBalance" class="Bavix\WalletBench\Test\Units\SoloTest" classname="Bavix.WalletBench.Test.Units.SoloTest" file="/Users/babichev/projects/laravel-wallet-benchmark/tests/Units/SoloTest.php" line="17" assertions="1" time="0.017673"/>
          <testcase name="testGetBalance" class="Bavix\WalletBench\Test\Units\SoloTest" classname="Bavix.WalletBench.Test.Units.SoloTest" file="/Users/babichev/projects/laravel-wallet-benchmark/tests/Units/SoloTest.php" line="17" assertions="1" time="0.018871"/>
          <testcase name="testGetBalance" class="Bavix\WalletBench\Test\Units\SoloTest" classname="Bavix.WalletBench.Test.Units.SoloTest" file="/Users/babichev/projects/laravel-wallet-benchmark/tests/Units/SoloTest.php" line="17" assertions="1" time="0.022859"/>
          <testcase name="testGetBalance" class="Bavix\WalletBench\Test\Units\SoloTest" classname="Bavix.WalletBench.Test.Units.SoloTest" file="/Users/babichev/projects/laravel-wallet-benchmark/tests/Units/SoloTest.php" line="17" assertions="1" time="0.018698"/>
          <testcase name="testGetBalance" class="Bavix\WalletBench\Test\Units\SoloTest" classname="Bavix.WalletBench.Test.Units.SoloTest" file="/Users/babichev/projects/laravel-wallet-benchmark/tests/Units/SoloTest.php" line="17" assertions="1" time="0.019716"/>
          <testcase name="testGetBalance" class="Bavix\WalletBench\Test\Units\SoloTest" classname="Bavix.WalletBench.Test.Units.SoloTest" file="/Users/babichev/projects/laravel-wallet-benchmark/tests/Units/SoloTest.php" line="17" assertions="1" time="0.017988"/>
          <testcase name="testGetBalance" class="Bavix\WalletBench\Test\Units\SoloTest" classname="Bavix.WalletBench.Test.Units.SoloTest" file="/Users/babichev/projects/laravel-wallet-benchmark/tests/Units/SoloTest.php" line="17" assertions="1" time="0.018001"/>
          <testcase name="testGetBalance" class="Bavix\WalletBench\Test\Units\SoloTest" classname="Bavix.WalletBench.Test.Units.SoloTest" file="/Users/babichev/projects/laravel-wallet-benchmark/tests/Units/SoloTest.php" line="17" assertions="1" time="0.018079"/>
          <testcase name="testGetBalance" class="Bavix\WalletBench\Test\Units\SoloTest" classname="Bavix.WalletBench.Test.Units.SoloTest" file="/Users/babichev/projects/laravel-wallet-benchmark/tests/Units/SoloTest.php" line="17" assertions="1" time="0.019458"/>
          <testcase name="testGetBalance" class="Bavix\WalletBench\Test\Units\SoloTest" classname="Bavix.WalletBench.Test.Units.SoloTest" file="/Users/babichev/projects/laravel-wallet-benchmark/tests/Units/SoloTest.php" line="17" assertions="1" time="0.019676"/>
          <testcase name="testGetBalance" class="Bavix\WalletBench\Test\Units\SoloTest" classname="Bavix.WalletBench.Test.Units.SoloTest" file="/Users/babichev/projects/laravel-wallet-benchmark/tests/Units/SoloTest.php" line="17" assertions="1" time="0.018787"/>
          <testcase name="testGetBalance" class="Bavix\WalletBench\Test\Units\SoloTest" classname="Bavix.WalletBench.Test.Units.SoloTest" file="/Users/babichev/projects/laravel-wallet-benchmark/tests/Units/SoloTest.php" line="17" assertions="1" time="0.018280"/>
          <testcase name="testGetBalance" class="Bavix\WalletBench\Test\Units\SoloTest" classname="Bavix.WalletBench.Test.Units.SoloTest" file="/Users/babichev/projects/laravel-wallet-benchmark/tests/Units/SoloTest.php" line="17" assertions="1" time="0.018633"/>
          <testcase name="testGetBalance" class="Bavix\WalletBench\Test\Units\SoloTest" classname="Bavix.WalletBench.Test.Units.SoloTest" file="/Users/babichev/projects/laravel-wallet-benchmark/tests/Units/SoloTest.php" line="17" assertions="1" time="0.017674"/>
          <testcase name="testGetBalance" class="Bavix\WalletBench\Test\Units\SoloTest" classname="Bavix.WalletBench.Test.Units.SoloTest" file="/Users/babichev/projects/laravel-wallet-benchmark/tests/Units/SoloTest.php" line="17" assertions="1" time="0.017767"/>
          <testcase name="testGetBalance" class="Bavix\WalletBench\Test\Units\SoloTest" classname="Bavix.WalletBench.Test.Units.SoloTest" file="/Users/babichev/projects/laravel-wallet-benchmark/tests/Units/SoloTest.php" line="17" assertions="1" time="0.018814"/>
          <testcase name="testGetBalance" class="Bavix\WalletBench\Test\Units\SoloTest" classname="Bavix.WalletBench.Test.Units.SoloTest" file="/Users/babichev/projects/laravel-wallet-benchmark/tests/Units/SoloTest.php" line="17" assertions="1" time="0.018164"/>
          <testcase name="testGetBalance" class="Bavix\WalletBench\Test\Units\SoloTest" classname="Bavix.WalletBench.Test.Units.SoloTest" file="/Users/babichev/projects/laravel-wallet-benchmark/tests/Units/SoloTest.php" line="17" assertions="1" time="0.017350"/>
          <testcase name="testGetBalance" class="Bavix\WalletBench\Test\Units\SoloTest" classname="Bavix.WalletBench.Test.Units.SoloTest" file="/Users/babichev/projects/laravel-wallet-benchmark/tests/Units/SoloTest.php" line="17" assertions="1" time="0.018201"/>
          <testcase name="testGetBalance" class="Bavix\WalletBench\Test\Units\SoloTest" classname="Bavix.WalletBench.Test.Units.SoloTest" file="/Users/babichev/projects/laravel-wallet-benchmark/tests/Units/SoloTest.php" line="17" assertions="1" time="0.018357"/>
          <testcase name="testGetBalance" class="Bavix\WalletBench\Test\Units\SoloTest" classname="Bavix.WalletBench.Test.Units.SoloTest" file="/Users/babichev/projects/laravel-wallet-benchmark/tests/Units/SoloTest.php" line="17" assertions="1" time="0.016864"/>
          <testcase name="testGetBalance" class="Bavix\WalletBench\Test\Units\SoloTest" classname="Bavix.WalletBench.Test.Units.SoloTest" file="/Users/babichev/projects/laravel-wallet-benchmark/tests/Units/SoloTest.php" line="17" assertions="1" time="0.018416"/>
          <testcase name="testGetBalance" class="Bavix\WalletBench\Test\Units\SoloTest" classname="Bavix.WalletBench.Test.Units.SoloTest" file="/Users/babichev/projects/laravel-wallet-benchmark/tests/Units/SoloTest.php" line="17" assertions="1" time="0.018018"/>
          <testcase name="testGetBalance" class="Bavix\WalletBench\Test\Units\SoloTest" classname="Bavix.WalletBench.Test.Units.SoloTest" file="/Users/babichev/projects/laravel-wallet-benchmark/tests/Units/SoloTest.php" line="17" assertions="1" time="0.017741"/>
          <testcase name="testGetBalance" class="Bavix\WalletBench\Test\Units\SoloTest" classname="Bavix.WalletBench.Test.Units.SoloTest" file="/Users/babichev/projects/laravel-wallet-benchmark/tests/Units/SoloTest.php" line="17" assertions="1" time="0.017307"/>
          <testcase name="testGetBalance" class="Bavix\WalletBench\Test\Units\SoloTest" classname="Bavix.WalletBench.Test.Units.SoloTest" file="/Users/babichev/projects/laravel-wallet-benchmark/tests/Units/SoloTest.php" line="17" assertions="1" time="0.018146"/>
          <testcase name="testGetBalance" class="Bavix\WalletBench\Test\Units\SoloTest" classname="Bavix.WalletBench.Test.Units.SoloTest" file="/Users/babichev/projects/laravel-wallet-benchmark/tests/Units/SoloTest.php" line="17" assertions="1" time="0.018407"/>
          <testcase name="testGetBalance" class="Bavix\WalletBench\Test\Units\SoloTest" classname="Bavix.WalletBench.Test.Units.SoloTest" file="/Users/babichev/projects/laravel-wallet-benchmark/tests/Units/SoloTest.php" line="17" assertions="1" time="0.019074"/>
          <testcase name="testGetBalance" class="Bavix\WalletBench\Test\Units\SoloTest" classname="Bavix.WalletBench.Test.Units.SoloTest" file="/Users/babichev/projects/laravel-wallet-benchmark/tests/Units/SoloTest.php" line="17" assertions="1" time="0.020049"/>
          <testcase name="testGetBalance" class="Bavix\WalletBench\Test\Units\SoloTest" classname="Bavix.WalletBench.Test.Units.SoloTest" file="/Users/babichev/projects/laravel-wallet-benchmark/tests/Units/SoloTest.php" line="17" assertions="1" time="0.019245"/>
          <testcase name="testGetBalance" class="Bavix\WalletBench\Test\Units\SoloTest" classname="Bavix.WalletBench.Test.Units.SoloTest" file="/Users/babichev/projects/laravel-wallet-benchmark/tests/Units/SoloTest.php" line="17" assertions="1" time="0.016876"/>
          <testcase name="testGetBalance" class="Bavix\WalletBench\Test\Units\SoloTest" classname="Bavix.WalletBench.Test.Units.SoloTest" file="/Users/babichev/projects/laravel-wallet-benchmark/tests/Units/SoloTest.php" line="17" assertions="1" time="0.018496"/>
          <testcase name="testGetBalance" class="Bavix\WalletBench\Test\Units\SoloTest" classname="Bavix.WalletBench.Test.Units.SoloTest" file="/Users/babichev/projects/laravel-wallet-benchmark/tests/Units/SoloTest.php" line="17" assertions="1" time="0.018056"/>
          <testcase name="testGetBalance" class="Bavix\WalletBench\Test\Units\SoloTest" classname="Bavix.WalletBench.Test.Units.SoloTest" file="/Users/babichev/projects/laravel-wallet-benchmark/tests/Units/SoloTest.php" line="17" assertions="1" time="0.018370"/>
          <testcase name="testGetBalance" class="Bavix\WalletBench\Test\Units\SoloTest" classname="Bavix.WalletBench.Test.Units.SoloTest" file="/Users/babichev/projects/laravel-wallet-benchmark/tests/Units/SoloTest.php" line="17" assertions="1" time="0.019823"/>
          <testcase name="testGetBalance" class="Bavix\WalletBench\Test\Units\SoloTest" classname="Bavix.WalletBench.Test.Units.SoloTest" file="/Users/babichev/projects/laravel-wallet-benchmark/tests/Units/SoloTest.php" line="17" assertions="1" time="0.018829"/>
          <testcase name="testGetBalance" class="Bavix\WalletBench\Test\Units\SoloTest" classname="Bavix.WalletBench.Test.Units.SoloTest" file="/Users/babichev/projects/laravel-wallet-benchmark/tests/Units/SoloTest.php" line="17" assertions="1" time="0.018873"/>
          <testcase name="testGetBalance" class="Bavix\WalletBench\Test\Units\SoloTest" classname="Bavix.WalletBench.Test.Units.SoloTest" file="/Users/babichev/projects/laravel-wallet-benchmark/tests/Units/SoloTest.php" line="17" assertions="1" time="0.018828"/>
          <testcase name="testGetBalance" class="Bavix\WalletBench\Test\Units\SoloTest" classname="Bavix.WalletBench.Test.Units.SoloTest" file="/Users/babichev/projects/laravel-wallet-benchmark/tests/Units/SoloTest.php" line="17" assertions="1" time="0.017713"/>
          <testcase name="testGetBalance" class="Bavix\WalletBench\Test\Units\SoloTest" classname="Bavix.WalletBench.Test.Units.SoloTest" file="/Users/babichev/projects/laravel-wallet-benchmark/tests/Units/SoloTest.php" line="17" assertions="1" time="0.018750"/>
          <testcase name="testGetBalance" class="Bavix\WalletBench\Test\Units\SoloTest" classname="Bavix.WalletBench.Test.Units.SoloTest" file="/Users/babichev/projects/laravel-wallet-benchmark/tests/Units/SoloTest.php" line="17" assertions="1" time="0.020653"/>
          <testcase name="testGetBalance" class="Bavix\WalletBench\Test\Units\SoloTest" classname="Bavix.WalletBench.Test.Units.SoloTest" file="/Users/babichev/projects/laravel-wallet-benchmark/tests/Units/SoloTest.php" line="17" assertions="1" time="0.020417"/>
          <testcase name="testGetBalance" class="Bavix\WalletBench\Test\Units\SoloTest" classname="Bavix.WalletBench.Test.Units.SoloTest" file="/Users/babichev/projects/laravel-wallet-benchmark/tests/Units/SoloTest.php" line="17" assertions="1" time="0.018825"/>
          <testcase name="testGetBalance" class="Bavix\WalletBench\Test\Units\SoloTest" classname="Bavix.WalletBench.Test.Units.SoloTest" file="/Users/babichev/projects/laravel-wallet-benchmark/tests/Units/SoloTest.php" line="17" assertions="1" time="0.019278"/>
          <testcase name="testGetBalance" class="Bavix\WalletBench\Test\Units\SoloTest" classname="Bavix.WalletBench.Test.Units.SoloTest" file="/Users/babichev/projects/laravel-wallet-benchmark/tests/Units/SoloTest.php" line="17" assertions="1" time="0.017655"/>
          <testcase name="testGetBalance" class="Bavix\WalletBench\Test\Units\SoloTest" classname="Bavix.WalletBench.Test.Units.SoloTest" file="/Users/babichev/projects/laravel-wallet-benchmark/tests/Units/SoloTest.php" line="17" assertions="1" time="0.019273"/>
          <testcase name="testGetBalance" class="Bavix\WalletBench\Test\Units\SoloTest" classname="Bavix.WalletBench.Test.Units.SoloTest" file="/Users/babichev/projects/laravel-wallet-benchmark/tests/Units/SoloTest.php" line="17" assertions="1" time="0.017816"/>
          <testcase name="testGetBalance" class="Bavix\WalletBench\Test\Units\SoloTest" classname="Bavix.WalletBench.Test.Units.SoloTest" file="/Users/babichev/projects/laravel-wallet-benchmark/tests/Units/SoloTest.php" line="17" assertions="1" time="0.017951"/>
          <testcase name="testGetBalance" class="Bavix\WalletBench\Test\Units\SoloTest" classname="Bavix.WalletBench.Test.Units.SoloTest" file="/Users/babichev/projects/laravel-wallet-benchmark/tests/Units/SoloTest.php" line="17" assertions="1" time="0.019190"/>
          <testcase name="testGetBalance" class="Bavix\WalletBench\Test\Units\SoloTest" classname="Bavix.WalletBench.Test.Units.SoloTest" file="/Users/babichev/projects/laravel-wallet-benchmark/tests/Units/SoloTest.php" line="17" assertions="1" time="0.018898"/>
          <testcase name="testGetBalance" class="Bavix\WalletBench\Test\Units\SoloTest" classname="Bavix.WalletBench.Test.Units.SoloTest" file="/Users/babichev/projects/laravel-wallet-benchmark/tests/Units/SoloTest.php" line="17" assertions="1" time="0.017420"/>
          <testcase name="testGetBalance" class="Bavix\WalletBench\Test\Units\SoloTest" classname="Bavix.WalletBench.Test.Units.SoloTest" file="/Users/babichev/projects/laravel-wallet-benchmark/tests/Units/SoloTest.php" line="17" assertions="1" time="0.018814"/>
          <testcase name="testGetBalance" class="Bavix\WalletBench\Test\Units\SoloTest" classname="Bavix.WalletBench.Test.Units.SoloTest" file="/Users/babichev/projects/laravel-wallet-benchmark/tests/Units/SoloTest.php" line="17" assertions="1" time="0.017851"/>
          <testcase name="testGetBalance" class="Bavix\WalletBench\Test\Units\SoloTest" classname="Bavix.WalletBench.Test.Units.SoloTest" file="/Users/babichev/projects/laravel-wallet-benchmark/tests/Units/SoloTest.php" line="17" assertions="1" time="0.019983"/>
          <testcase name="testGetBalance" class="Bavix\WalletBench\Test\Units\SoloTest" classname="Bavix.WalletBench.Test.Units.SoloTest" file="/Users/babichev/projects/laravel-wallet-benchmark/tests/Units/SoloTest.php" line="17" assertions="1" time="0.017097"/>
          <testcase name="testGetBalance" class="Bavix\WalletBench\Test\Units\SoloTest" classname="Bavix.WalletBench.Test.Units.SoloTest" file="/Users/babichev/projects/laravel-wallet-benchmark/tests/Units/SoloTest.php" line="17" assertions="1" time="0.017590"/>
          <testcase name="testGetBalance" class="Bavix\WalletBench\Test\Units\SoloTest" classname="Bavix.WalletBench.Test.Units.SoloTest" file="/Users/babichev/projects/laravel-wallet-benchmark/tests/Units/SoloTest.php" line="17" assertions="1" time="0.017677"/>
          <testcase name="testGetBalance" class="Bavix\WalletBench\Test\Units\SoloTest" classname="Bavix.WalletBench.Test.Units.SoloTest" file="/Users/babichev/projects/laravel-wallet-benchmark/tests/Units/SoloTest.php" line="17" assertions="1" time="0.018578"/>
          <testcase name="testGetBalance" class="Bavix\WalletBench\Test\Units\SoloTest" classname="Bavix.WalletBench.Test.Units.SoloTest" file="/Users/babichev/projects/laravel-wallet-benchmark/tests/Units/SoloTest.php" line="17" assertions="1" time="0.018120"/>
          <testcase name="testGetBalance" class="Bavix\WalletBench\Test\Units\SoloTest" classname="Bavix.WalletBench.Test.Units.SoloTest" file="/Users/babichev/projects/laravel-wallet-benchmark/tests/Units/SoloTest.php" line="17" assertions="1" time="0.019420"/>
          <testcase name="testGetBalance" class="Bavix\WalletBench\Test\Units\SoloTest" classname="Bavix.WalletBench.Test.Units.SoloTest" file="/Users/babichev/projects/laravel-wallet-benchmark/tests/Units/SoloTest.php" line="17" assertions="1" time="0.018845"/>
          <testcase name="testGetBalance" class="Bavix\WalletBench\Test\Units\SoloTest" classname="Bavix.WalletBench.Test.Units.SoloTest" file="/Users/babichev/projects/laravel-wallet-benchmark/tests/Units/SoloTest.php" line="17" assertions="1" time="0.019261"/>
          <testcase name="testGetBalance" class="Bavix\WalletBench\Test\Units\SoloTest" classname="Bavix.WalletBench.Test.Units.SoloTest" file="/Users/babichev/projects/laravel-wallet-benchmark/tests/Units/SoloTest.php" line="17" assertions="1" time="0.019876"/>
          <testcase name="testGetBalance" class="Bavix\WalletBench\Test\Units\SoloTest" classname="Bavix.WalletBench.Test.Units.SoloTest" file="/Users/babichev/projects/laravel-wallet-benchmark/tests/Units/SoloTest.php" line="17" assertions="1" time="0.018058"/>
          <testcase name="testGetBalance" class="Bavix\WalletBench\Test\Units\SoloTest" classname="Bavix.WalletBench.Test.Units.SoloTest" file="/Users/babichev/projects/laravel-wallet-benchmark/tests/Units/SoloTest.php" line="17" assertions="1" time="0.018694"/>
          <testcase name="testGetBalance" class="Bavix\WalletBench\Test\Units\SoloTest" classname="Bavix.WalletBench.Test.Units.SoloTest" file="/Users/babichev/projects/laravel-wallet-benchmark/tests/Units/SoloTest.php" line="17" assertions="1" time="0.018698"/>
          <testcase name="testGetBalance" class="Bavix\WalletBench\Test\Units\SoloTest" classname="Bavix.WalletBench.Test.Units.SoloTest" file="/Users/babichev/projects/laravel-wallet-benchmark/tests/Units/SoloTest.php" line="17" assertions="1" time="0.017868"/>
          <testcase name="testGetBalance" class="Bavix\WalletBench\Test\Units\SoloTest" classname="Bavix.WalletBench.Test.Units.SoloTest" file="/Users/babichev/projects/laravel-wallet-benchmark/tests/Units/SoloTest.php" line="17" assertions="1" time="0.017540"/>
          <testcase name="testGetBalance" class="Bavix\WalletBench\Test\Units\SoloTest" classname="Bavix.WalletBench.Test.Units.SoloTest" file="/Users/babichev/projects/laravel-wallet-benchmark/tests/Units/SoloTest.php" line="17" assertions="1" time="0.017790"/>
          <testcase name="testGetBalance" class="Bavix\WalletBench\Test\Units\SoloTest" classname="Bavix.WalletBench.Test.Units.SoloTest" file="/Users/babichev/projects/laravel-wallet-benchmark/tests/Units/SoloTest.php" line="17" assertions="1" time="0.017369"/>
          <testcase name="testGetBalance" class="Bavix\WalletBench\Test\Units\SoloTest" classname="Bavix.WalletBench.Test.Units.SoloTest" file="/Users/babichev/projects/laravel-wallet-benchmark/tests/Units/SoloTest.php" line="17" assertions="1" time="0.019264"/>
          <testcase name="testGetBalance" class="Bavix\WalletBench\Test\Units\SoloTest" classname="Bavix.WalletBench.Test.Units.SoloTest" file="/Users/babichev/projects/laravel-wallet-benchmark/tests/Units/SoloTest.php" line="17" assertions="1" time="0.018502"/>
          <testcase name="testGetBalance" class="Bavix\WalletBench\Test\Units\SoloTest" classname="Bavix.WalletBench.Test.Units.SoloTest" file="/Users/babichev/projects/laravel-wallet-benchmark/tests/Units/SoloTest.php" line="17" assertions="1" time="0.018602"/>
          <testcase name="testGetBalance" class="Bavix\WalletBench\Test\Units\SoloTest" classname="Bavix.WalletBench.Test.Units.SoloTest" file="/Users/babichev/projects/laravel-wallet-benchmark/tests/Units/SoloTest.php" line="17" assertions="1" time="0.017555"/>
          <testcase name="testGetBalance" class="Bavix\WalletBench\Test\Units\SoloTest" classname="Bavix.WalletBench.Test.Units.SoloTest" file="/Users/babichev/projects/laravel-wallet-benchmark/tests/Units/SoloTest.php" line="17" assertions="1" time="0.018388"/>
          <testcase name="testGetBalance" class="Bavix\WalletBench\Test\Units\SoloTest" classname="Bavix.WalletBench.Test.Units.SoloTest" file="/Users/babichev/projects/laravel-wallet-benchmark/tests/Units/SoloTest.php" line="17" assertions="1" time="0.018383"/>
          <testcase name="testGetBalance" class="Bavix\WalletBench\Test\Units\SoloTest" classname="Bavix.WalletBench.Test.Units.SoloTest" file="/Users/babichev/projects/laravel-wallet-benchmark/tests/Units/SoloTest.php" line="17" assertions="1" time="0.017614"/>
          <testcase name="testGetBalance" class="Bavix\WalletBench\Test\Units\SoloTest" classname="Bavix.WalletBench.Test.Units.SoloTest" file="/Users/babichev/projects/laravel-wallet-benchmark/tests/Units/SoloTest.php" line="17" assertions="1" time="0.019332"/>
          <testcase name="testGetBalance" class="Bavix\WalletBench\Test\Units\SoloTest" classname="Bavix.WalletBench.Test.Units.SoloTest" file="/Users/babichev/projects/laravel-wallet-benchmark/tests/Units/SoloTest.php" line="17" assertions="1" time="0.018689"/>
          <testcase name="testGetBalance" class="Bavix\WalletBench\Test\Units\SoloTest" classname="Bavix.WalletBench.Test.Units.SoloTest" file="/Users/babichev/projects/laravel-wallet-benchmark/tests/Units/SoloTest.php" line="17" assertions="1" time="0.019700"/>
          <testcase name="testGetBalance" class="Bavix\WalletBench\Test\Units\SoloTest" classname="Bavix.WalletBench.Test.Units.SoloTest" file="/Users/babichev/projects/laravel-wallet-benchmark/tests/Units/SoloTest.php" line="17" assertions="1" time="0.019831"/>
          <testcase name="testGetBalance" class="Bavix\WalletBench\Test\Units\SoloTest" classname="Bavix.WalletBench.Test.Units.SoloTest" file="/Users/babichev/projects/laravel-wallet-benchmark/tests/Units/SoloTest.php" line="17" assertions="1" time="0.018072"/>
          <testcase name="testGetBalance" class="Bavix\WalletBench\Test\Units\SoloTest" classname="Bavix.WalletBench.Test.Units.SoloTest" file="/Users/babichev/projects/laravel-wallet-benchmark/tests/Units/SoloTest.php" line="17" assertions="1" time="0.018620"/>
          <testcase name="testGetBalance" class="Bavix\WalletBench\Test\Units\SoloTest" classname="Bavix.WalletBench.Test.Units.SoloTest" file="/Users/babichev/projects/laravel-wallet-benchmark/tests/Units/SoloTest.php" line="17" assertions="1" time="0.018648"/>
          <testcase name="testGetBalance" class="Bavix\WalletBench\Test\Units\SoloTest" classname="Bavix.WalletBench.Test.Units.SoloTest" file="/Users/babichev/projects/laravel-wallet-benchmark/tests/Units/SoloTest.php" line="17" assertions="1" time="0.018380"/>
          <testcase name="testGetBalance" class="Bavix\WalletBench\Test\Units\SoloTest" classname="Bavix.WalletBench.Test.Units.SoloTest" file="/Users/babichev/projects/laravel-wallet-benchmark/tests/Units/SoloTest.php" line="17" assertions="1" time="0.017602"/>
          <testcase name="testGetBalance" class="Bavix\WalletBench\Test\Units\SoloTest" classname="Bavix.WalletBench.Test.Units.SoloTest" file="/Users/babichev/projects/laravel-wallet-benchmark/tests/Units/SoloTest.php" line="17" assertions="1" time="0.017758"/>
          <testcase name="testGetBalance" class="Bavix\WalletBench\Test\Units\SoloTest" classname="Bavix.WalletBench.Test.Units.SoloTest" file="/Users/babichev/projects/laravel-wallet-benchmark/tests/Units/SoloTest.php" line="17" assertions="1" time="0.017804"/>
          <testcase name="testGetBalance" class="Bavix\WalletBench\Test\Units\SoloTest" classname="Bavix.WalletBench.Test.Units.SoloTest" file="/Users/babichev/projects/laravel-wallet-benchmark/tests/Units/SoloTest.php" line="17" assertions="1" time="0.017452"/>
          <testcase name="testGetBalance" class="Bavix\WalletBench\Test\Units\SoloTest" classname="Bavix.WalletBench.Test.Units.SoloTest" file="/Users/babichev/projects/laravel-wallet-benchmark/tests/Units/SoloTest.php" line="17" assertions="1" time="0.018882"/>
        </testsuite>
        <testsuite name="Bavix\WalletBench\Test\Units\SoloTest::testDeposit" tests="100" assertions="100" errors="0" warnings="0" failures="0" skipped="0" time="2.616399">
          <testcase name="testDeposit" class="Bavix\WalletBench\Test\Units\SoloTest" classname="Bavix.WalletBench.Test.Units.SoloTest" file="/Users/babichev/projects/laravel-wallet-benchmark/tests/Units/SoloTest.php" line="25" assertions="1" time="0.027196"/>
          <testcase name="testDeposit" class="Bavix\WalletBench\Test\Units\SoloTest" classname="Bavix.WalletBench.Test.Units.SoloTest" file="/Users/babichev/projects/laravel-wallet-benchmark/tests/Units/SoloTest.php" line="25" assertions="1" time="0.026194"/>
          <testcase name="testDeposit" class="Bavix\WalletBench\Test\Units\SoloTest" classname="Bavix.WalletBench.Test.Units.SoloTest" file="/Users/babichev/projects/laravel-wallet-benchmark/tests/Units/SoloTest.php" line="25" assertions="1" time="0.025577"/>
          <testcase name="testDeposit" class="Bavix\WalletBench\Test\Units\SoloTest" classname="Bavix.WalletBench.Test.Units.SoloTest" file="/Users/babichev/projects/laravel-wallet-benchmark/tests/Units/SoloTest.php" line="25" assertions="1" time="0.025982"/>
          <testcase name="testDeposit" class="Bavix\WalletBench\Test\Units\SoloTest" classname="Bavix.WalletBench.Test.Units.SoloTest" file="/Users/babichev/projects/laravel-wallet-benchmark/tests/Units/SoloTest.php" line="25" assertions="1" time="0.026608"/>
          <testcase name="testDeposit" class="Bavix\WalletBench\Test\Units\SoloTest" classname="Bavix.WalletBench.Test.Units.SoloTest" file="/Users/babichev/projects/laravel-wallet-benchmark/tests/Units/SoloTest.php" line="25" assertions="1" time="0.027494"/>
          <testcase name="testDeposit" class="Bavix\WalletBench\Test\Units\SoloTest" classname="Bavix.WalletBench.Test.Units.SoloTest" file="/Users/babichev/projects/laravel-wallet-benchmark/tests/Units/SoloTest.php" line="25" assertions="1" time="0.026892"/>
          <testcase name="testDeposit" class="Bavix\WalletBench\Test\Units\SoloTest" classname="Bavix.WalletBench.Test.Units.SoloTest" file="/Users/babichev/projects/laravel-wallet-benchmark/tests/Units/SoloTest.php" line="25" assertions="1" time="0.025690"/>
          <testcase name="testDeposit" class="Bavix\WalletBench\Test\Units\SoloTest" classname="Bavix.WalletBench.Test.Units.SoloTest" file="/Users/babichev/projects/laravel-wallet-benchmark/tests/Units/SoloTest.php" line="25" assertions="1" time="0.025484"/>
          <testcase name="testDeposit" class="Bavix\WalletBench\Test\Units\SoloTest" classname="Bavix.WalletBench.Test.Units.SoloTest" file="/Users/babichev/projects/laravel-wallet-benchmark/tests/Units/SoloTest.php" line="25" assertions="1" time="0.025085"/>
          <testcase name="testDeposit" class="Bavix\WalletBench\Test\Units\SoloTest" classname="Bavix.WalletBench.Test.Units.SoloTest" file="/Users/babichev/projects/laravel-wallet-benchmark/tests/Units/SoloTest.php" line="25" assertions="1" time="0.025448"/>
          <testcase name="testDeposit" class="Bavix\WalletBench\Test\Units\SoloTest" classname="Bavix.WalletBench.Test.Units.SoloTest" file="/Users/babichev/projects/laravel-wallet-benchmark/tests/Units/SoloTest.php" line="25" assertions="1" time="0.026359"/>
          <testcase name="testDeposit" class="Bavix\WalletBench\Test\Units\SoloTest" classname="Bavix.WalletBench.Test.Units.SoloTest" file="/Users/babichev/projects/laravel-wallet-benchmark/tests/Units/SoloTest.php" line="25" assertions="1" time="0.024870"/>
          <testcase name="testDeposit" class="Bavix\WalletBench\Test\Units\SoloTest" classname="Bavix.WalletBench.Test.Units.SoloTest" file="/Users/babichev/projects/laravel-wallet-benchmark/tests/Units/SoloTest.php" line="25" assertions="1" time="0.025744"/>
          <testcase name="testDeposit" class="Bavix\WalletBench\Test\Units\SoloTest" classname="Bavix.WalletBench.Test.Units.SoloTest" file="/Users/babichev/projects/laravel-wallet-benchmark/tests/Units/SoloTest.php" line="25" assertions="1" time="0.025681"/>
          <testcase name="testDeposit" class="Bavix\WalletBench\Test\Units\SoloTest" classname="Bavix.WalletBench.Test.Units.SoloTest" file="/Users/babichev/projects/laravel-wallet-benchmark/tests/Units/SoloTest.php" line="25" assertions="1" time="0.027300"/>
          <testcase name="testDeposit" class="Bavix\WalletBench\Test\Units\SoloTest" classname="Bavix.WalletBench.Test.Units.SoloTest" file="/Users/babichev/projects/laravel-wallet-benchmark/tests/Units/SoloTest.php" line="25" assertions="1" time="0.027058"/>
          <testcase name="testDeposit" class="Bavix\WalletBench\Test\Units\SoloTest" classname="Bavix.WalletBench.Test.Units.SoloTest" file="/Users/babichev/projects/laravel-wallet-benchmark/tests/Units/SoloTest.php" line="25" assertions="1" time="0.026189"/>
          <testcase name="testDeposit" class="Bavix\WalletBench\Test\Units\SoloTest" classname="Bavix.WalletBench.Test.Units.SoloTest" file="/Users/babichev/projects/laravel-wallet-benchmark/tests/Units/SoloTest.php" line="25" assertions="1" time="0.025451"/>
          <testcase name="testDeposit" class="Bavix\WalletBench\Test\Units\SoloTest" classname="Bavix.WalletBench.Test.Units.SoloTest" file="/Users/babichev/projects/laravel-wallet-benchmark/tests/Units/SoloTest.php" line="25" assertions="1" time="0.025242"/>
          <testcase name="testDeposit" class="Bavix\WalletBench\Test\Units\SoloTest" classname="Bavix.WalletBench.Test.Units.SoloTest" file="/Users/babichev/projects/laravel-wallet-benchmark/tests/Units/SoloTest.php" line="25" assertions="1" time="0.027074"/>
          <testcase name="testDeposit" class="Bavix\WalletBench\Test\Units\SoloTest" classname="Bavix.WalletBench.Test.Units.SoloTest" file="/Users/babichev/projects/laravel-wallet-benchmark/tests/Units/SoloTest.php" line="25" assertions="1" time="0.025607"/>
          <testcase name="testDeposit" class="Bavix\WalletBench\Test\Units\SoloTest" classname="Bavix.WalletBench.Test.Units.SoloTest" file="/Users/babichev/projects/laravel-wallet-benchmark/tests/Units/SoloTest.php" line="25" assertions="1" time="0.026766"/>
          <testcase name="testDeposit" class="Bavix\WalletBench\Test\Units\SoloTest" classname="Bavix.WalletBench.Test.Units.SoloTest" file="/Users/babichev/projects/laravel-wallet-benchmark/tests/Units/SoloTest.php" line="25" assertions="1" time="0.027559"/>
          <testcase name="testDeposit" class="Bavix\WalletBench\Test\Units\SoloTest" classname="Bavix.WalletBench.Test.Units.SoloTest" file="/Users/babichev/projects/laravel-wallet-benchmark/tests/Units/SoloTest.php" line="25" assertions="1" time="0.026282"/>
          <testcase name="testDeposit" class="Bavix\WalletBench\Test\Units\SoloTest" classname="Bavix.WalletBench.Test.Units.SoloTest" file="/Users/babichev/projects/laravel-wallet-benchmark/tests/Units/SoloTest.php" line="25" assertions="1" time="0.026610"/>
          <testcase name="testDeposit" class="Bavix\WalletBench\Test\Units\SoloTest" classname="Bavix.WalletBench.Test.Units.SoloTest" file="/Users/babichev/projects/laravel-wallet-benchmark/tests/Units/SoloTest.php" line="25" assertions="1" time="0.026333"/>
          <testcase name="testDeposit" class="Bavix\WalletBench\Test\Units\SoloTest" classname="Bavix.WalletBench.Test.Units.SoloTest" file="/Users/babichev/projects/laravel-wallet-benchmark/tests/Units/SoloTest.php" line="25" assertions="1" time="0.025202"/>
          <testcase name="testDeposit" class="Bavix\WalletBench\Test\Units\SoloTest" classname="Bavix.WalletBench.Test.Units.SoloTest" file="/Users/babichev/projects/laravel-wallet-benchmark/tests/Units/SoloTest.php" line="25" assertions="1" time="0.025613"/>
          <testcase name="testDeposit" class="Bavix\WalletBench\Test\Units\SoloTest" classname="Bavix.WalletBench.Test.Units.SoloTest" file="/Users/babichev/projects/laravel-wallet-benchmark/tests/Units/SoloTest.php" line="25" assertions="1" time="0.025820"/>
          <testcase name="testDeposit" class="Bavix\WalletBench\Test\Units\SoloTest" classname="Bavix.WalletBench.Test.Units.SoloTest" file="/Users/babichev/projects/laravel-wallet-benchmark/tests/Units/SoloTest.php" line="25" assertions="1" time="0.026729"/>
          <testcase name="testDeposit" class="Bavix\WalletBench\Test\Units\SoloTest" classname="Bavix.WalletBench.Test.Units.SoloTest" file="/Users/babichev/projects/laravel-wallet-benchmark/tests/Units/SoloTest.php" line="25" assertions="1" time="0.026294"/>
          <testcase name="testDeposit" class="Bavix\WalletBench\Test\Units\SoloTest" classname="Bavix.WalletBench.Test.Units.SoloTest" file="/Users/babichev/projects/laravel-wallet-benchmark/tests/Units/SoloTest.php" line="25" assertions="1" time="0.028569"/>
          <testcase name="testDeposit" class="Bavix\WalletBench\Test\Units\SoloTest" classname="Bavix.WalletBench.Test.Units.SoloTest" file="/Users/babichev/projects/laravel-wallet-benchmark/tests/Units/SoloTest.php" line="25" assertions="1" time="0.025503"/>
          <testcase name="testDeposit" class="Bavix\WalletBench\Test\Units\SoloTest" classname="Bavix.WalletBench.Test.Units.SoloTest" file="/Users/babichev/projects/laravel-wallet-benchmark/tests/Units/SoloTest.php" line="25" assertions="1" time="0.026170"/>
          <testcase name="testDeposit" class="Bavix\WalletBench\Test\Units\SoloTest" classname="Bavix.WalletBench.Test.Units.SoloTest" file="/Users/babichev/projects/laravel-wallet-benchmark/tests/Units/SoloTest.php" line="25" assertions="1" time="0.026696"/>
          <testcase name="testDeposit" class="Bavix\WalletBench\Test\Units\SoloTest" classname="Bavix.WalletBench.Test.Units.SoloTest" file="/Users/babichev/projects/laravel-wallet-benchmark/tests/Units/SoloTest.php" line="25" assertions="1" time="0.025400"/>
          <testcase name="testDeposit" class="Bavix\WalletBench\Test\Units\SoloTest" classname="Bavix.WalletBench.Test.Units.SoloTest" file="/Users/babichev/projects/laravel-wallet-benchmark/tests/Units/SoloTest.php" line="25" assertions="1" time="0.026069"/>
          <testcase name="testDeposit" class="Bavix\WalletBench\Test\Units\SoloTest" classname="Bavix.WalletBench.Test.Units.SoloTest" file="/Users/babichev/projects/laravel-wallet-benchmark/tests/Units/SoloTest.php" line="25" assertions="1" time="0.025923"/>
          <testcase name="testDeposit" class="Bavix\WalletBench\Test\Units\SoloTest" classname="Bavix.WalletBench.Test.Units.SoloTest" file="/Users/babichev/projects/laravel-wallet-benchmark/tests/Units/SoloTest.php" line="25" assertions="1" time="0.026078"/>
          <testcase name="testDeposit" class="Bavix\WalletBench\Test\Units\SoloTest" classname="Bavix.WalletBench.Test.Units.SoloTest" file="/Users/babichev/projects/laravel-wallet-benchmark/tests/Units/SoloTest.php" line="25" assertions="1" time="0.026506"/>
          <testcase name="testDeposit" class="Bavix\WalletBench\Test\Units\SoloTest" classname="Bavix.WalletBench.Test.Units.SoloTest" file="/Users/babichev/projects/laravel-wallet-benchmark/tests/Units/SoloTest.php" line="25" assertions="1" time="0.026611"/>
          <testcase name="testDeposit" class="Bavix\WalletBench\Test\Units\SoloTest" classname="Bavix.WalletBench.Test.Units.SoloTest" file="/Users/babichev/projects/laravel-wallet-benchmark/tests/Units/SoloTest.php" line="25" assertions="1" time="0.025111"/>
          <testcase name="testDeposit" class="Bavix\WalletBench\Test\Units\SoloTest" classname="Bavix.WalletBench.Test.Units.SoloTest" file="/Users/babichev/projects/laravel-wallet-benchmark/tests/Units/SoloTest.php" line="25" assertions="1" time="0.025735"/>
          <testcase name="testDeposit" class="Bavix\WalletBench\Test\Units\SoloTest" classname="Bavix.WalletBench.Test.Units.SoloTest" file="/Users/babichev/projects/laravel-wallet-benchmark/tests/Units/SoloTest.php" line="25" assertions="1" time="0.025572"/>
          <testcase name="testDeposit" class="Bavix\WalletBench\Test\Units\SoloTest" classname="Bavix.WalletBench.Test.Units.SoloTest" file="/Users/babichev/projects/laravel-wallet-benchmark/tests/Units/SoloTest.php" line="25" assertions="1" time="0.024060"/>
          <testcase name="testDeposit" class="Bavix\WalletBench\Test\Units\SoloTest" classname="Bavix.WalletBench.Test.Units.SoloTest" file="/Users/babichev/projects/laravel-wallet-benchmark/tests/Units/SoloTest.php" line="25" assertions="1" time="0.025278"/>
          <testcase name="testDeposit" class="Bavix\WalletBench\Test\Units\SoloTest" classname="Bavix.WalletBench.Test.Units.SoloTest" file="/Users/babichev/projects/laravel-wallet-benchmark/tests/Units/SoloTest.php" line="25" assertions="1" time="0.027607"/>
          <testcase name="testDeposit" class="Bavix\WalletBench\Test\Units\SoloTest" classname="Bavix.WalletBench.Test.Units.SoloTest" file="/Users/babichev/projects/laravel-wallet-benchmark/tests/Units/SoloTest.php" line="25" assertions="1" time="0.026173"/>
          <testcase name="testDeposit" class="Bavix\WalletBench\Test\Units\SoloTest" classname="Bavix.WalletBench.Test.Units.SoloTest" file="/Users/babichev/projects/laravel-wallet-benchmark/tests/Units/SoloTest.php" line="25" assertions="1" time="0.028671"/>
          <testcase name="testDeposit" class="Bavix\WalletBench\Test\Units\SoloTest" classname="Bavix.WalletBench.Test.Units.SoloTest" file="/Users/babichev/projects/laravel-wallet-benchmark/tests/Units/SoloTest.php" line="25" assertions="1" time="0.025086"/>
          <testcase name="testDeposit" class="Bavix\WalletBench\Test\Units\SoloTest" classname="Bavix.WalletBench.Test.Units.SoloTest" file="/Users/babichev/projects/laravel-wallet-benchmark/tests/Units/SoloTest.php" line="25" assertions="1" time="0.027963"/>
          <testcase name="testDeposit" class="Bavix\WalletBench\Test\Units\SoloTest" classname="Bavix.WalletBench.Test.Units.SoloTest" file="/Users/babichev/projects/laravel-wallet-benchmark/tests/Units/SoloTest.php" line="25" assertions="1" time="0.025852"/>
          <testcase name="testDeposit" class="Bavix\WalletBench\Test\Units\SoloTest" classname="Bavix.WalletBench.Test.Units.SoloTest" file="/Users/babichev/projects/laravel-wallet-benchmark/tests/Units/SoloTest.php" line="25" assertions="1" time="0.026595"/>
          <testcase name="testDeposit" class="Bavix\WalletBench\Test\Units\SoloTest" classname="Bavix.WalletBench.Test.Units.SoloTest" file="/Users/babichev/projects/laravel-wallet-benchmark/tests/Units/SoloTest.php" line="25" assertions="1" time="0.026272"/>
          <testcase name="testDeposit" class="Bavix\WalletBench\Test\Units\SoloTest" classname="Bavix.WalletBench.Test.Units.SoloTest" file="/Users/babichev/projects/laravel-wallet-benchmark/tests/Units/SoloTest.php" line="25" assertions="1" time="0.025982"/>
          <testcase name="testDeposit" class="Bavix\WalletBench\Test\Units\SoloTest" classname="Bavix.WalletBench.Test.Units.SoloTest" file="/Users/babichev/projects/laravel-wallet-benchmark/tests/Units/SoloTest.php" line="25" assertions="1" time="0.026425"/>
          <testcase name="testDeposit" class="Bavix\WalletBench\Test\Units\SoloTest" classname="Bavix.WalletBench.Test.Units.SoloTest" file="/Users/babichev/projects/laravel-wallet-benchmark/tests/Units/SoloTest.php" line="25" assertions="1" time="0.025686"/>
          <testcase name="testDeposit" class="Bavix\WalletBench\Test\Units\SoloTest" classname="Bavix.WalletBench.Test.Units.SoloTest" file="/Users/babichev/projects/laravel-wallet-benchmark/tests/Units/SoloTest.php" line="25" assertions="1" time="0.025506"/>
          <testcase name="testDeposit" class="Bavix\WalletBench\Test\Units\SoloTest" classname="Bavix.WalletBench.Test.Units.SoloTest" file="/Users/babichev/projects/laravel-wallet-benchmark/tests/Units/SoloTest.php" line="25" assertions="1" time="0.026129"/>
          <testcase name="testDeposit" class="Bavix\WalletBench\Test\Units\SoloTest" classname="Bavix.WalletBench.Test.Units.SoloTest" file="/Users/babichev/projects/laravel-wallet-benchmark/tests/Units/SoloTest.php" line="25" assertions="1" time="0.026440"/>
          <testcase name="testDeposit" class="Bavix\WalletBench\Test\Units\SoloTest" classname="Bavix.WalletBench.Test.Units.SoloTest" file="/Users/babichev/projects/laravel-wallet-benchmark/tests/Units/SoloTest.php" line="25" assertions="1" time="0.026003"/>
          <testcase name="testDeposit" class="Bavix\WalletBench\Test\Units\SoloTest" classname="Bavix.WalletBench.Test.Units.SoloTest" file="/Users/babichev/projects/laravel-wallet-benchmark/tests/Units/SoloTest.php" line="25" assertions="1" time="0.026054"/>
          <testcase name="testDeposit" class="Bavix\WalletBench\Test\Units\SoloTest" classname="Bavix.WalletBench.Test.Units.SoloTest" file="/Users/babichev/projects/laravel-wallet-benchmark/tests/Units/SoloTest.php" line="25" assertions="1" time="0.025550"/>
          <testcase name="testDeposit" class="Bavix\WalletBench\Test\Units\SoloTest" classname="Bavix.WalletBench.Test.Units.SoloTest" file="/Users/babichev/projects/laravel-wallet-benchmark/tests/Units/SoloTest.php" line="25" assertions="1" time="0.026231"/>
          <testcase name="testDeposit" class="Bavix\WalletBench\Test\Units\SoloTest" classname="Bavix.WalletBench.Test.Units.SoloTest" file="/Users/babichev/projects/laravel-wallet-benchmark/tests/Units/SoloTest.php" line="25" assertions="1" time="0.025359"/>
          <testcase name="testDeposit" class="Bavix\WalletBench\Test\Units\SoloTest" classname="Bavix.WalletBench.Test.Units.SoloTest" file="/Users/babichev/projects/laravel-wallet-benchmark/tests/Units/SoloTest.php" line="25" assertions="1" time="0.025226"/>
          <testcase name="testDeposit" class="Bavix\WalletBench\Test\Units\SoloTest" classname="Bavix.WalletBench.Test.Units.SoloTest" file="/Users/babichev/projects/laravel-wallet-benchmark/tests/Units/SoloTest.php" line="25" assertions="1" time="0.026175"/>
          <testcase name="testDeposit" class="Bavix\WalletBench\Test\Units\SoloTest" classname="Bavix.WalletBench.Test.Units.SoloTest" file="/Users/babichev/projects/laravel-wallet-benchmark/tests/Units/SoloTest.php" line="25" assertions="1" time="0.027438"/>
          <testcase name="testDeposit" class="Bavix\WalletBench\Test\Units\SoloTest" classname="Bavix.WalletBench.Test.Units.SoloTest" file="/Users/babichev/projects/laravel-wallet-benchmark/tests/Units/SoloTest.php" line="25" assertions="1" time="0.025322"/>
          <testcase name="testDeposit" class="Bavix\WalletBench\Test\Units\SoloTest" classname="Bavix.WalletBench.Test.Units.SoloTest" file="/Users/babichev/projects/laravel-wallet-benchmark/tests/Units/SoloTest.php" line="25" assertions="1" time="0.026866"/>
          <testcase name="testDeposit" class="Bavix\WalletBench\Test\Units\SoloTest" classname="Bavix.WalletBench.Test.Units.SoloTest" file="/Users/babichev/projects/laravel-wallet-benchmark/tests/Units/SoloTest.php" line="25" assertions="1" time="0.027156"/>
          <testcase name="testDeposit" class="Bavix\WalletBench\Test\Units\SoloTest" classname="Bavix.WalletBench.Test.Units.SoloTest" file="/Users/babichev/projects/laravel-wallet-benchmark/tests/Units/SoloTest.php" line="25" assertions="1" time="0.026810"/>
          <testcase name="testDeposit" class="Bavix\WalletBench\Test\Units\SoloTest" classname="Bavix.WalletBench.Test.Units.SoloTest" file="/Users/babichev/projects/laravel-wallet-benchmark/tests/Units/SoloTest.php" line="25" assertions="1" time="0.031173"/>
          <testcase name="testDeposit" class="Bavix\WalletBench\Test\Units\SoloTest" classname="Bavix.WalletBench.Test.Units.SoloTest" file="/Users/babichev/projects/laravel-wallet-benchmark/tests/Units/SoloTest.php" line="25" assertions="1" time="0.025861"/>
          <testcase name="testDeposit" class="Bavix\WalletBench\Test\Units\SoloTest" classname="Bavix.WalletBench.Test.Units.SoloTest" file="/Users/babichev/projects/laravel-wallet-benchmark/tests/Units/SoloTest.php" line="25" assertions="1" time="0.025898"/>
          <testcase name="testDeposit" class="Bavix\WalletBench\Test\Units\SoloTest" classname="Bavix.WalletBench.Test.Units.SoloTest" file="/Users/babichev/projects/laravel-wallet-benchmark/tests/Units/SoloTest.php" line="25" assertions="1" time="0.026687"/>
          <testcase name="testDeposit" class="Bavix\WalletBench\Test\Units\SoloTest" classname="Bavix.WalletBench.Test.Units.SoloTest" file="/Users/babichev/projects/laravel-wallet-benchmark/tests/Units/SoloTest.php" line="25" assertions="1" time="0.026675"/>
          <testcase name="testDeposit" class="Bavix\WalletBench\Test\Units\SoloTest" classname="Bavix.WalletBench.Test.Units.SoloTest" file="/Users/babichev/projects/laravel-wallet-benchmark/tests/Units/SoloTest.php" line="25" assertions="1" time="0.025298"/>
          <testcase name="testDeposit" class="Bavix\WalletBench\Test\Units\SoloTest" classname="Bavix.WalletBench.Test.Units.SoloTest" file="/Users/babichev/projects/laravel-wallet-benchmark/tests/Units/SoloTest.php" line="25" assertions="1" time="0.025055"/>
          <testcase name="testDeposit" class="Bavix\WalletBench\Test\Units\SoloTest" classname="Bavix.WalletBench.Test.Units.SoloTest" file="/Users/babichev/projects/laravel-wallet-benchmark/tests/Units/SoloTest.php" line="25" assertions="1" time="0.025025"/>
          <testcase name="testDeposit" class="Bavix\WalletBench\Test\Units\SoloTest" classname="Bavix.WalletBench.Test.Units.SoloTest" file="/Users/babichev/projects/laravel-wallet-benchmark/tests/Units/SoloTest.php" line="25" assertions="1" time="0.025554"/>
          <testcase name="testDeposit" class="Bavix\WalletBench\Test\Units\SoloTest" classname="Bavix.WalletBench.Test.Units.SoloTest" file="/Users/babichev/projects/laravel-wallet-benchmark/tests/Units/SoloTest.php" line="25" assertions="1" time="0.027107"/>
          <testcase name="testDeposit" class="Bavix\WalletBench\Test\Units\SoloTest" classname="Bavix.WalletBench.Test.Units.SoloTest" file="/Users/babichev/projects/laravel-wallet-benchmark/tests/Units/SoloTest.php" line="25" assertions="1" time="0.025741"/>
          <testcase name="testDeposit" class="Bavix\WalletBench\Test\Units\SoloTest" classname="Bavix.WalletBench.Test.Units.SoloTest" file="/Users/babichev/projects/laravel-wallet-benchmark/tests/Units/SoloTest.php" line="25" assertions="1" time="0.024409"/>
          <testcase name="testDeposit" class="Bavix\WalletBench\Test\Units\SoloTest" classname="Bavix.WalletBench.Test.Units.SoloTest" file="/Users/babichev/projects/laravel-wallet-benchmark/tests/Units/SoloTest.php" line="25" assertions="1" time="0.025487"/>
          <testcase name="testDeposit" class="Bavix\WalletBench\Test\Units\SoloTest" classname="Bavix.WalletBench.Test.Units.SoloTest" file="/Users/babichev/projects/laravel-wallet-benchmark/tests/Units/SoloTest.php" line="25" assertions="1" time="0.025024"/>
          <testcase name="testDeposit" class="Bavix\WalletBench\Test\Units\SoloTest" classname="Bavix.WalletBench.Test.Units.SoloTest" file="/Users/babichev/projects/laravel-wallet-benchmark/tests/Units/SoloTest.php" line="25" assertions="1" time="0.026208"/>
          <testcase name="testDeposit" class="Bavix\WalletBench\Test\Units\SoloTest" classname="Bavix.WalletBench.Test.Units.SoloTest" file="/Users/babichev/projects/laravel-wallet-benchmark/tests/Units/SoloTest.php" line="25" assertions="1" time="0.026569"/>
          <testcase name="testDeposit" class="Bavix\WalletBench\Test\Units\SoloTest" classname="Bavix.WalletBench.Test.Units.SoloTest" file="/Users/babichev/projects/laravel-wallet-benchmark/tests/Units/SoloTest.php" line="25" assertions="1" time="0.025451"/>
          <testcase name="testDeposit" class="Bavix\WalletBench\Test\Units\SoloTest" classname="Bavix.WalletBench.Test.Units.SoloTest" file="/Users/babichev/projects/laravel-wallet-benchmark/tests/Units/SoloTest.php" line="25" assertions="1" time="0.026369"/>
          <testcase name="testDeposit" class="Bavix\WalletBench\Test\Units\SoloTest" classname="Bavix.WalletBench.Test.Units.SoloTest" file="/Users/babichev/projects/laravel-wallet-benchmark/tests/Units/SoloTest.php" line="25" assertions="1" time="0.026055"/>
          <testcase name="testDeposit" class="Bavix\WalletBench\Test\Units\SoloTest" classname="Bavix.WalletBench.Test.Units.SoloTest" file="/Users/babichev/projects/laravel-wallet-benchmark/tests/Units/SoloTest.php" line="25" assertions="1" time="0.026002"/>
          <testcase name="testDeposit" class="Bavix\WalletBench\Test\Units\SoloTest" classname="Bavix.WalletBench.Test.Units.SoloTest" file="/Users/babichev/projects/laravel-wallet-benchmark/tests/Units/SoloTest.php" line="25" assertions="1" time="0.026287"/>
          <testcase name="testDeposit" class="Bavix\WalletBench\Test\Units\SoloTest" classname="Bavix.WalletBench.Test.Units.SoloTest" file="/Users/babichev/projects/laravel-wallet-benchmark/tests/Units/SoloTest.php" line="25" assertions="1" time="0.025859"/>
          <testcase name="testDeposit" class="Bavix\WalletBench\Test\Units\SoloTest" classname="Bavix.WalletBench.Test.Units.SoloTest" file="/Users/babichev/projects/laravel-wallet-benchmark/tests/Units/SoloTest.php" line="25" assertions="1" time="0.024404"/>
          <testcase name="testDeposit" class="Bavix\WalletBench\Test\Units\SoloTest" classname="Bavix.WalletBench.Test.Units.SoloTest" file="/Users/babichev/projects/laravel-wallet-benchmark/tests/Units/SoloTest.php" line="25" assertions="1" time="0.025607"/>
          <testcase name="testDeposit" class="Bavix\WalletBench\Test\Units\SoloTest" classname="Bavix.WalletBench.Test.Units.SoloTest" file="/Users/babichev/projects/laravel-wallet-benchmark/tests/Units/SoloTest.php" line="25" assertions="1" time="0.027087"/>
          <testcase name="testDeposit" class="Bavix\WalletBench\Test\Units\SoloTest" classname="Bavix.WalletBench.Test.Units.SoloTest" file="/Users/babichev/projects/laravel-wallet-benchmark/tests/Units/SoloTest.php" line="25" assertions="1" time="0.027029"/>
          <testcase name="testDeposit" class="Bavix\WalletBench\Test\Units\SoloTest" classname="Bavix.WalletBench.Test.Units.SoloTest" file="/Users/babichev/projects/laravel-wallet-benchmark/tests/Units/SoloTest.php" line="25" assertions="1" time="0.027193"/>
        </testsuite>
        <testsuite name="Bavix\WalletBench\Test\Units\SoloTest::testForceWithdraw" tests="100" assertions="100" errors="0" warnings="0" failures="0" skipped="0" time="2.617256">
          <testcase name="testForceWithdraw" class="Bavix\WalletBench\Test\Units\SoloTest" classname="Bavix.WalletBench.Test.Units.SoloTest" file="/Users/babichev/projects/laravel-wallet-benchmark/tests/Units/SoloTest.php" line="34" assertions="1" time="0.025694"/>
          <testcase name="testForceWithdraw" class="Bavix\WalletBench\Test\Units\SoloTest" classname="Bavix.WalletBench.Test.Units.SoloTest" file="/Users/babichev/projects/laravel-wallet-benchmark/tests/Units/SoloTest.php" line="34" assertions="1" time="0.026977"/>
          <testcase name="testForceWithdraw" class="Bavix\WalletBench\Test\Units\SoloTest" classname="Bavix.WalletBench.Test.Units.SoloTest" file="/Users/babichev/projects/laravel-wallet-benchmark/tests/Units/SoloTest.php" line="34" assertions="1" time="0.026483"/>
          <testcase name="testForceWithdraw" class="Bavix\WalletBench\Test\Units\SoloTest" classname="Bavix.WalletBench.Test.Units.SoloTest" file="/Users/babichev/projects/laravel-wallet-benchmark/tests/Units/SoloTest.php" line="34" assertions="1" time="0.025625"/>
          <testcase name="testForceWithdraw" class="Bavix\WalletBench\Test\Units\SoloTest" classname="Bavix.WalletBench.Test.Units.SoloTest" file="/Users/babichev/projects/laravel-wallet-benchmark/tests/Units/SoloTest.php" line="34" assertions="1" time="0.027914"/>
          <testcase name="testForceWithdraw" class="Bavix\WalletBench\Test\Units\SoloTest" classname="Bavix.WalletBench.Test.Units.SoloTest" file="/Users/babichev/projects/laravel-wallet-benchmark/tests/Units/SoloTest.php" line="34" assertions="1" time="0.026029"/>
          <testcase name="testForceWithdraw" class="Bavix\WalletBench\Test\Units\SoloTest" classname="Bavix.WalletBench.Test.Units.SoloTest" file="/Users/babichev/projects/laravel-wallet-benchmark/tests/Units/SoloTest.php" line="34" assertions="1" time="0.026573"/>
          <testcase name="testForceWithdraw" class="Bavix\WalletBench\Test\Units\SoloTest" classname="Bavix.WalletBench.Test.Units.SoloTest" file="/Users/babichev/projects/laravel-wallet-benchmark/tests/Units/SoloTest.php" line="34" assertions="1" time="0.026568"/>
          <testcase name="testForceWithdraw" class="Bavix\WalletBench\Test\Units\SoloTest" classname="Bavix.WalletBench.Test.Units.SoloTest" file="/Users/babichev/projects/laravel-wallet-benchmark/tests/Units/SoloTest.php" line="34" assertions="1" time="0.025989"/>
          <testcase name="testForceWithdraw" class="Bavix\WalletBench\Test\Units\SoloTest" classname="Bavix.WalletBench.Test.Units.SoloTest" file="/Users/babichev/projects/laravel-wallet-benchmark/tests/Units/SoloTest.php" line="34" assertions="1" time="0.025361"/>
          <testcase name="testForceWithdraw" class="Bavix\WalletBench\Test\Units\SoloTest" classname="Bavix.WalletBench.Test.Units.SoloTest" file="/Users/babichev/projects/laravel-wallet-benchmark/tests/Units/SoloTest.php" line="34" assertions="1" time="0.026365"/>
          <testcase name="testForceWithdraw" class="Bavix\WalletBench\Test\Units\SoloTest" classname="Bavix.WalletBench.Test.Units.SoloTest" file="/Users/babichev/projects/laravel-wallet-benchmark/tests/Units/SoloTest.php" line="34" assertions="1" time="0.024208"/>
          <testcase name="testForceWithdraw" class="Bavix\WalletBench\Test\Units\SoloTest" classname="Bavix.WalletBench.Test.Units.SoloTest" file="/Users/babichev/projects/laravel-wallet-benchmark/tests/Units/SoloTest.php" line="34" assertions="1" time="0.025150"/>
          <testcase name="testForceWithdraw" class="Bavix\WalletBench\Test\Units\SoloTest" classname="Bavix.WalletBench.Test.Units.SoloTest" file="/Users/babichev/projects/laravel-wallet-benchmark/tests/Units/SoloTest.php" line="34" assertions="1" time="0.027365"/>
          <testcase name="testForceWithdraw" class="Bavix\WalletBench\Test\Units\SoloTest" classname="Bavix.WalletBench.Test.Units.SoloTest" file="/Users/babichev/projects/laravel-wallet-benchmark/tests/Units/SoloTest.php" line="34" assertions="1" time="0.029527"/>
          <testcase name="testForceWithdraw" class="Bavix\WalletBench\Test\Units\SoloTest" classname="Bavix.WalletBench.Test.Units.SoloTest" file="/Users/babichev/projects/laravel-wallet-benchmark/tests/Units/SoloTest.php" line="34" assertions="1" time="0.028251"/>
          <testcase name="testForceWithdraw" class="Bavix\WalletBench\Test\Units\SoloTest" classname="Bavix.WalletBench.Test.Units.SoloTest" file="/Users/babichev/projects/laravel-wallet-benchmark/tests/Units/SoloTest.php" line="34" assertions="1" time="0.026943"/>
          <testcase name="testForceWithdraw" class="Bavix\WalletBench\Test\Units\SoloTest" classname="Bavix.WalletBench.Test.Units.SoloTest" file="/Users/babichev/projects/laravel-wallet-benchmark/tests/Units/SoloTest.php" line="34" assertions="1" time="0.025916"/>
          <testcase name="testForceWithdraw" class="Bavix\WalletBench\Test\Units\SoloTest" classname="Bavix.WalletBench.Test.Units.SoloTest" file="/Users/babichev/projects/laravel-wallet-benchmark/tests/Units/SoloTest.php" line="34" assertions="1" time="0.027033"/>
          <testcase name="testForceWithdraw" class="Bavix\WalletBench\Test\Units\SoloTest" classname="Bavix.WalletBench.Test.Units.SoloTest" file="/Users/babichev/projects/laravel-wallet-benchmark/tests/Units/SoloTest.php" line="34" assertions="1" time="0.026637"/>
          <testcase name="testForceWithdraw" class="Bavix\WalletBench\Test\Units\SoloTest" classname="Bavix.WalletBench.Test.Units.SoloTest" file="/Users/babichev/projects/laravel-wallet-benchmark/tests/Units/SoloTest.php" line="34" assertions="1" time="0.026603"/>
          <testcase name="testForceWithdraw" class="Bavix\WalletBench\Test\Units\SoloTest" classname="Bavix.WalletBench.Test.Units.SoloTest" file="/Users/babichev/projects/laravel-wallet-benchmark/tests/Units/SoloTest.php" line="34" assertions="1" time="0.025856"/>
          <testcase name="testForceWithdraw" class="Bavix\WalletBench\Test\Units\SoloTest" classname="Bavix.WalletBench.Test.Units.SoloTest" file="/Users/babichev/projects/laravel-wallet-benchmark/tests/Units/SoloTest.php" line="34" assertions="1" time="0.025322"/>
          <testcase name="testForceWithdraw" class="Bavix\WalletBench\Test\Units\SoloTest" classname="Bavix.WalletBench.Test.Units.SoloTest" file="/Users/babichev/projects/laravel-wallet-benchmark/tests/Units/SoloTest.php" line="34" assertions="1" time="0.029160"/>
          <testcase name="testForceWithdraw" class="Bavix\WalletBench\Test\Units\SoloTest" classname="Bavix.WalletBench.Test.Units.SoloTest" file="/Users/babichev/projects/laravel-wallet-benchmark/tests/Units/SoloTest.php" line="34" assertions="1" time="0.027080"/>
          <testcase name="testForceWithdraw" class="Bavix\WalletBench\Test\Units\SoloTest" classname="Bavix.WalletBench.Test.Units.SoloTest" file="/Users/babichev/projects/laravel-wallet-benchmark/tests/Units/SoloTest.php" line="34" assertions="1" time="0.027773"/>
          <testcase name="testForceWithdraw" class="Bavix\WalletBench\Test\Units\SoloTest" classname="Bavix.WalletBench.Test.Units.SoloTest" file="/Users/babichev/projects/laravel-wallet-benchmark/tests/Units/SoloTest.php" line="34" assertions="1" time="0.024366"/>
          <testcase name="testForceWithdraw" class="Bavix\WalletBench\Test\Units\SoloTest" classname="Bavix.WalletBench.Test.Units.SoloTest" file="/Users/babichev/projects/laravel-wallet-benchmark/tests/Units/SoloTest.php" line="34" assertions="1" time="0.025785"/>
          <testcase name="testForceWithdraw" class="Bavix\WalletBench\Test\Units\SoloTest" classname="Bavix.WalletBench.Test.Units.SoloTest" file="/Users/babichev/projects/laravel-wallet-benchmark/tests/Units/SoloTest.php" line="34" assertions="1" time="0.025345"/>
          <testcase name="testForceWithdraw" class="Bavix\WalletBench\Test\Units\SoloTest" classname="Bavix.WalletBench.Test.Units.SoloTest" file="/Users/babichev/projects/laravel-wallet-benchmark/tests/Units/SoloTest.php" line="34" assertions="1" time="0.026295"/>
          <testcase name="testForceWithdraw" class="Bavix\WalletBench\Test\Units\SoloTest" classname="Bavix.WalletBench.Test.Units.SoloTest" file="/Users/babichev/projects/laravel-wallet-benchmark/tests/Units/SoloTest.php" line="34" assertions="1" time="0.025706"/>
          <testcase name="testForceWithdraw" class="Bavix\WalletBench\Test\Units\SoloTest" classname="Bavix.WalletBench.Test.Units.SoloTest" file="/Users/babichev/projects/laravel-wallet-benchmark/tests/Units/SoloTest.php" line="34" assertions="1" time="0.026136"/>
          <testcase name="testForceWithdraw" class="Bavix\WalletBench\Test\Units\SoloTest" classname="Bavix.WalletBench.Test.Units.SoloTest" file="/Users/babichev/projects/laravel-wallet-benchmark/tests/Units/SoloTest.php" line="34" assertions="1" time="0.025684"/>
          <testcase name="testForceWithdraw" class="Bavix\WalletBench\Test\Units\SoloTest" classname="Bavix.WalletBench.Test.Units.SoloTest" file="/Users/babichev/projects/laravel-wallet-benchmark/tests/Units/SoloTest.php" line="34" assertions="1" time="0.028886"/>
          <testcase name="testForceWithdraw" class="Bavix\WalletBench\Test\Units\SoloTest" classname="Bavix.WalletBench.Test.Units.SoloTest" file="/Users/babichev/projects/laravel-wallet-benchmark/tests/Units/SoloTest.php" line="34" assertions="1" time="0.026210"/>
          <testcase name="testForceWithdraw" class="Bavix\WalletBench\Test\Units\SoloTest" classname="Bavix.WalletBench.Test.Units.SoloTest" file="/Users/babichev/projects/laravel-wallet-benchmark/tests/Units/SoloTest.php" line="34" assertions="1" time="0.026055"/>
          <testcase name="testForceWithdraw" class="Bavix\WalletBench\Test\Units\SoloTest" classname="Bavix.WalletBench.Test.Units.SoloTest" file="/Users/babichev/projects/laravel-wallet-benchmark/tests/Units/SoloTest.php" line="34" assertions="1" time="0.026196"/>
          <testcase name="testForceWithdraw" class="Bavix\WalletBench\Test\Units\SoloTest" classname="Bavix.WalletBench.Test.Units.SoloTest" file="/Users/babichev/projects/laravel-wallet-benchmark/tests/Units/SoloTest.php" line="34" assertions="1" time="0.026315"/>
          <testcase name="testForceWithdraw" class="Bavix\WalletBench\Test\Units\SoloTest" classname="Bavix.WalletBench.Test.Units.SoloTest" file="/Users/babichev/projects/laravel-wallet-benchmark/tests/Units/SoloTest.php" line="34" assertions="1" time="0.024186"/>
          <testcase name="testForceWithdraw" class="Bavix\WalletBench\Test\Units\SoloTest" classname="Bavix.WalletBench.Test.Units.SoloTest" file="/Users/babichev/projects/laravel-wallet-benchmark/tests/Units/SoloTest.php" line="34" assertions="1" time="0.025432"/>
          <testcase name="testForceWithdraw" class="Bavix\WalletBench\Test\Units\SoloTest" classname="Bavix.WalletBench.Test.Units.SoloTest" file="/Users/babichev/projects/laravel-wallet-benchmark/tests/Units/SoloTest.php" line="34" assertions="1" time="0.024321"/>
          <testcase name="testForceWithdraw" class="Bavix\WalletBench\Test\Units\SoloTest" classname="Bavix.WalletBench.Test.Units.SoloTest" file="/Users/babichev/projects/laravel-wallet-benchmark/tests/Units/SoloTest.php" line="34" assertions="1" time="0.025889"/>
          <testcase name="testForceWithdraw" class="Bavix\WalletBench\Test\Units\SoloTest" classname="Bavix.WalletBench.Test.Units.SoloTest" file="/Users/babichev/projects/laravel-wallet-benchmark/tests/Units/SoloTest.php" line="34" assertions="1" time="0.028184"/>
          <testcase name="testForceWithdraw" class="Bavix\WalletBench\Test\Units\SoloTest" classname="Bavix.WalletBench.Test.Units.SoloTest" file="/Users/babichev/projects/laravel-wallet-benchmark/tests/Units/SoloTest.php" line="34" assertions="1" time="0.025910"/>
          <testcase name="testForceWithdraw" class="Bavix\WalletBench\Test\Units\SoloTest" classname="Bavix.WalletBench.Test.Units.SoloTest" file="/Users/babichev/projects/laravel-wallet-benchmark/tests/Units/SoloTest.php" line="34" assertions="1" time="0.025184"/>
          <testcase name="testForceWithdraw" class="Bavix\WalletBench\Test\Units\SoloTest" classname="Bavix.WalletBench.Test.Units.SoloTest" file="/Users/babichev/projects/laravel-wallet-benchmark/tests/Units/SoloTest.php" line="34" assertions="1" time="0.025401"/>
          <testcase name="testForceWithdraw" class="Bavix\WalletBench\Test\Units\SoloTest" classname="Bavix.WalletBench.Test.Units.SoloTest" file="/Users/babichev/projects/laravel-wallet-benchmark/tests/Units/SoloTest.php" line="34" assertions="1" time="0.025550"/>
          <testcase name="testForceWithdraw" class="Bavix\WalletBench\Test\Units\SoloTest" classname="Bavix.WalletBench.Test.Units.SoloTest" file="/Users/babichev/projects/laravel-wallet-benchmark/tests/Units/SoloTest.php" line="34" assertions="1" time="0.025422"/>
          <testcase name="testForceWithdraw" class="Bavix\WalletBench\Test\Units\SoloTest" classname="Bavix.WalletBench.Test.Units.SoloTest" file="/Users/babichev/projects/laravel-wallet-benchmark/tests/Units/SoloTest.php" line="34" assertions="1" time="0.026060"/>
          <testcase name="testForceWithdraw" class="Bavix\WalletBench\Test\Units\SoloTest" classname="Bavix.WalletBench.Test.Units.SoloTest" file="/Users/babichev/projects/laravel-wallet-benchmark/tests/Units/SoloTest.php" line="34" assertions="1" time="0.027342"/>
          <testcase name="testForceWithdraw" class="Bavix\WalletBench\Test\Units\SoloTest" classname="Bavix.WalletBench.Test.Units.SoloTest" file="/Users/babichev/projects/laravel-wallet-benchmark/tests/Units/SoloTest.php" line="34" assertions="1" time="0.026758"/>
          <testcase name="testForceWithdraw" class="Bavix\WalletBench\Test\Units\SoloTest" classname="Bavix.WalletBench.Test.Units.SoloTest" file="/Users/babichev/projects/laravel-wallet-benchmark/tests/Units/SoloTest.php" line="34" assertions="1" time="0.028303"/>
          <testcase name="testForceWithdraw" class="Bavix\WalletBench\Test\Units\SoloTest" classname="Bavix.WalletBench.Test.Units.SoloTest" file="/Users/babichev/projects/laravel-wallet-benchmark/tests/Units/SoloTest.php" line="34" assertions="1" time="0.025840"/>
          <testcase name="testForceWithdraw" class="Bavix\WalletBench\Test\Units\SoloTest" classname="Bavix.WalletBench.Test.Units.SoloTest" file="/Users/babichev/projects/laravel-wallet-benchmark/tests/Units/SoloTest.php" line="34" assertions="1" time="0.025652"/>
          <testcase name="testForceWithdraw" class="Bavix\WalletBench\Test\Units\SoloTest" classname="Bavix.WalletBench.Test.Units.SoloTest" file="/Users/babichev/projects/laravel-wallet-benchmark/tests/Units/SoloTest.php" line="34" assertions="1" time="0.026939"/>
          <testcase name="testForceWithdraw" class="Bavix\WalletBench\Test\Units\SoloTest" classname="Bavix.WalletBench.Test.Units.SoloTest" file="/Users/babichev/projects/laravel-wallet-benchmark/tests/Units/SoloTest.php" line="34" assertions="1" time="0.025936"/>
          <testcase name="testForceWithdraw" class="Bavix\WalletBench\Test\Units\SoloTest" classname="Bavix.WalletBench.Test.Units.SoloTest" file="/Users/babichev/projects/laravel-wallet-benchmark/tests/Units/SoloTest.php" line="34" assertions="1" time="0.024534"/>
          <testcase name="testForceWithdraw" class="Bavix\WalletBench\Test\Units\SoloTest" classname="Bavix.WalletBench.Test.Units.SoloTest" file="/Users/babichev/projects/laravel-wallet-benchmark/tests/Units/SoloTest.php" line="34" assertions="1" time="0.025632"/>
          <testcase name="testForceWithdraw" class="Bavix\WalletBench\Test\Units\SoloTest" classname="Bavix.WalletBench.Test.Units.SoloTest" file="/Users/babichev/projects/laravel-wallet-benchmark/tests/Units/SoloTest.php" line="34" assertions="1" time="0.026915"/>
          <testcase name="testForceWithdraw" class="Bavix\WalletBench\Test\Units\SoloTest" classname="Bavix.WalletBench.Test.Units.SoloTest" file="/Users/babichev/projects/laravel-wallet-benchmark/tests/Units/SoloTest.php" line="34" assertions="1" time="0.025395"/>
          <testcase name="testForceWithdraw" class="Bavix\WalletBench\Test\Units\SoloTest" classname="Bavix.WalletBench.Test.Units.SoloTest" file="/Users/babichev/projects/laravel-wallet-benchmark/tests/Units/SoloTest.php" line="34" assertions="1" time="0.025636"/>
          <testcase name="testForceWithdraw" class="Bavix\WalletBench\Test\Units\SoloTest" classname="Bavix.WalletBench.Test.Units.SoloTest" file="/Users/babichev/projects/laravel-wallet-benchmark/tests/Units/SoloTest.php" line="34" assertions="1" time="0.024797"/>
          <testcase name="testForceWithdraw" class="Bavix\WalletBench\Test\Units\SoloTest" classname="Bavix.WalletBench.Test.Units.SoloTest" file="/Users/babichev/projects/laravel-wallet-benchmark/tests/Units/SoloTest.php" line="34" assertions="1" time="0.026713"/>
          <testcase name="testForceWithdraw" class="Bavix\WalletBench\Test\Units\SoloTest" classname="Bavix.WalletBench.Test.Units.SoloTest" file="/Users/babichev/projects/laravel-wallet-benchmark/tests/Units/SoloTest.php" line="34" assertions="1" time="0.026550"/>
          <testcase name="testForceWithdraw" class="Bavix\WalletBench\Test\Units\SoloTest" classname="Bavix.WalletBench.Test.Units.SoloTest" file="/Users/babichev/projects/laravel-wallet-benchmark/tests/Units/SoloTest.php" line="34" assertions="1" time="0.025328"/>
          <testcase name="testForceWithdraw" class="Bavix\WalletBench\Test\Units\SoloTest" classname="Bavix.WalletBench.Test.Units.SoloTest" file="/Users/babichev/projects/laravel-wallet-benchmark/tests/Units/SoloTest.php" line="34" assertions="1" time="0.025557"/>
          <testcase name="testForceWithdraw" class="Bavix\WalletBench\Test\Units\SoloTest" classname="Bavix.WalletBench.Test.Units.SoloTest" file="/Users/babichev/projects/laravel-wallet-benchmark/tests/Units/SoloTest.php" line="34" assertions="1" time="0.026531"/>
          <testcase name="testForceWithdraw" class="Bavix\WalletBench\Test\Units\SoloTest" classname="Bavix.WalletBench.Test.Units.SoloTest" file="/Users/babichev/projects/laravel-wallet-benchmark/tests/Units/SoloTest.php" line="34" assertions="1" time="0.026699"/>
          <testcase name="testForceWithdraw" class="Bavix\WalletBench\Test\Units\SoloTest" classname="Bavix.WalletBench.Test.Units.SoloTest" file="/Users/babichev/projects/laravel-wallet-benchmark/tests/Units/SoloTest.php" line="34" assertions="1" time="0.026971"/>
          <testcase name="testForceWithdraw" class="Bavix\WalletBench\Test\Units\SoloTest" classname="Bavix.WalletBench.Test.Units.SoloTest" file="/Users/babichev/projects/laravel-wallet-benchmark/tests/Units/SoloTest.php" line="34" assertions="1" time="0.027133"/>
          <testcase name="testForceWithdraw" class="Bavix\WalletBench\Test\Units\SoloTest" classname="Bavix.WalletBench.Test.Units.SoloTest" file="/Users/babichev/projects/laravel-wallet-benchmark/tests/Units/SoloTest.php" line="34" assertions="1" time="0.025875"/>
          <testcase name="testForceWithdraw" class="Bavix\WalletBench\Test\Units\SoloTest" classname="Bavix.WalletBench.Test.Units.SoloTest" file="/Users/babichev/projects/laravel-wallet-benchmark/tests/Units/SoloTest.php" line="34" assertions="1" time="0.025039"/>
          <testcase name="testForceWithdraw" class="Bavix\WalletBench\Test\Units\SoloTest" classname="Bavix.WalletBench.Test.Units.SoloTest" file="/Users/babichev/projects/laravel-wallet-benchmark/tests/Units/SoloTest.php" line="34" assertions="1" time="0.025462"/>
          <testcase name="testForceWithdraw" class="Bavix\WalletBench\Test\Units\SoloTest" classname="Bavix.WalletBench.Test.Units.SoloTest" file="/Users/babichev/projects/laravel-wallet-benchmark/tests/Units/SoloTest.php" line="34" assertions="1" time="0.025174"/>
          <testcase name="testForceWithdraw" class="Bavix\WalletBench\Test\Units\SoloTest" classname="Bavix.WalletBench.Test.Units.SoloTest" file="/Users/babichev/projects/laravel-wallet-benchmark/tests/Units/SoloTest.php" line="34" assertions="1" time="0.025946"/>
          <testcase name="testForceWithdraw" class="Bavix\WalletBench\Test\Units\SoloTest" classname="Bavix.WalletBench.Test.Units.SoloTest" file="/Users/babichev/projects/laravel-wallet-benchmark/tests/Units/SoloTest.php" line="34" assertions="1" time="0.027590"/>
          <testcase name="testForceWithdraw" class="Bavix\WalletBench\Test\Units\SoloTest" classname="Bavix.WalletBench.Test.Units.SoloTest" file="/Users/babichev/projects/laravel-wallet-benchmark/tests/Units/SoloTest.php" line="34" assertions="1" time="0.025976"/>
          <testcase name="testForceWithdraw" class="Bavix\WalletBench\Test\Units\SoloTest" classname="Bavix.WalletBench.Test.Units.SoloTest" file="/Users/babichev/projects/laravel-wallet-benchmark/tests/Units/SoloTest.php" line="34" assertions="1" time="0.027209"/>
          <testcase name="testForceWithdraw" class="Bavix\WalletBench\Test\Units\SoloTest" classname="Bavix.WalletBench.Test.Units.SoloTest" file="/Users/babichev/projects/laravel-wallet-benchmark/tests/Units/SoloTest.php" line="34" assertions="1" time="0.026619"/>
          <testcase name="testForceWithdraw" class="Bavix\WalletBench\Test\Units\SoloTest" classname="Bavix.WalletBench.Test.Units.SoloTest" file="/Users/babichev/projects/laravel-wallet-benchmark/tests/Units/SoloTest.php" line="34" assertions="1" time="0.025242"/>
          <testcase name="testForceWithdraw" class="Bavix\WalletBench\Test\Units\SoloTest" classname="Bavix.WalletBench.Test.Units.SoloTest" file="/Users/babichev/projects/laravel-wallet-benchmark/tests/Units/SoloTest.php" line="34" assertions="1" time="0.025100"/>
          <testcase name="testForceWithdraw" class="Bavix\WalletBench\Test\Units\SoloTest" classname="Bavix.WalletBench.Test.Units.SoloTest" file="/Users/babichev/projects/laravel-wallet-benchmark/tests/Units/SoloTest.php" line="34" assertions="1" time="0.024991"/>
          <testcase name="testForceWithdraw" class="Bavix\WalletBench\Test\Units\SoloTest" classname="Bavix.WalletBench.Test.Units.SoloTest" file="/Users/babichev/projects/laravel-wallet-benchmark/tests/Units/SoloTest.php" line="34" assertions="1" time="0.024574"/>
          <testcase name="testForceWithdraw" class="Bavix\WalletBench\Test\Units\SoloTest" classname="Bavix.WalletBench.Test.Units.SoloTest" file="/Users/babichev/projects/laravel-wallet-benchmark/tests/Units/SoloTest.php" line="34" assertions="1" time="0.024749"/>
          <testcase name="testForceWithdraw" class="Bavix\WalletBench\Test\Units\SoloTest" classname="Bavix.WalletBench.Test.Units.SoloTest" file="/Users/babichev/projects/laravel-wallet-benchmark/tests/Units/SoloTest.php" line="34" assertions="1" time="0.026170"/>
          <testcase name="testForceWithdraw" class="Bavix\WalletBench\Test\Units\SoloTest" classname="Bavix.WalletBench.Test.Units.SoloTest" file="/Users/babichev/projects/laravel-wallet-benchmark/tests/Units/SoloTest.php" line="34" assertions="1" time="0.027472"/>
          <testcase name="testForceWithdraw" class="Bavix\WalletBench\Test\Units\SoloTest" classname="Bavix.WalletBench.Test.Units.SoloTest" file="/Users/babichev/projects/laravel-wallet-benchmark/tests/Units/SoloTest.php" line="34" assertions="1" time="0.026854"/>
          <testcase name="testForceWithdraw" class="Bavix\WalletBench\Test\Units\SoloTest" classname="Bavix.WalletBench.Test.Units.SoloTest" file="/Users/babichev/projects/laravel-wallet-benchmark/tests/Units/SoloTest.php" line="34" assertions="1" time="0.026314"/>
          <testcase name="testForceWithdraw" class="Bavix\WalletBench\Test\Units\SoloTest" classname="Bavix.WalletBench.Test.Units.SoloTest" file="/Users/babichev/projects/laravel-wallet-benchmark/tests/Units/SoloTest.php" line="34" assertions="1" time="0.026930"/>
          <testcase name="testForceWithdraw" class="Bavix\WalletBench\Test\Units\SoloTest" classname="Bavix.WalletBench.Test.Units.SoloTest" file="/Users/babichev/projects/laravel-wallet-benchmark/tests/Units/SoloTest.php" line="34" assertions="1" time="0.025064"/>
          <testcase name="testForceWithdraw" class="Bavix\WalletBench\Test\Units\SoloTest" classname="Bavix.WalletBench.Test.Units.SoloTest" file="/Users/babichev/projects/laravel-wallet-benchmark/tests/Units/SoloTest.php" line="34" assertions="1" time="0.024580"/>
          <testcase name="testForceWithdraw" class="Bavix\WalletBench\Test\Units\SoloTest" classname="Bavix.WalletBench.Test.Units.SoloTest" file="/Users/babichev/projects/laravel-wallet-benchmark/tests/Units/SoloTest.php" line="34" assertions="1" time="0.026418"/>
          <testcase name="testForceWithdraw" class="Bavix\WalletBench\Test\Units\SoloTest" classname="Bavix.WalletBench.Test.Units.SoloTest" file="/Users/babichev/projects/laravel-wallet-benchmark/tests/Units/SoloTest.php" line="34" assertions="1" time="0.026608"/>
          <testcase name="testForceWithdraw" class="Bavix\WalletBench\Test\Units\SoloTest" classname="Bavix.WalletBench.Test.Units.SoloTest" file="/Users/babichev/projects/laravel-wallet-benchmark/tests/Units/SoloTest.php" line="34" assertions="1" time="0.026202"/>
          <testcase name="testForceWithdraw" class="Bavix\WalletBench\Test\Units\SoloTest" classname="Bavix.WalletBench.Test.Units.SoloTest" file="/Users/babichev/projects/laravel-wallet-benchmark/tests/Units/SoloTest.php" line="34" assertions="1" time="0.024518"/>
          <testcase name="testForceWithdraw" class="Bavix\WalletBench\Test\Units\SoloTest" classname="Bavix.WalletBench.Test.Units.SoloTest" file="/Users/babichev/projects/laravel-wallet-benchmark/tests/Units/SoloTest.php" line="34" assertions="1" time="0.025135"/>
          <testcase name="testForceWithdraw" class="Bavix\WalletBench\Test\Units\SoloTest" classname="Bavix.WalletBench.Test.Units.SoloTest" file="/Users/babichev/projects/laravel-wallet-benchmark/tests/Units/SoloTest.php" line="34" assertions="1" time="0.026875"/>
          <testcase name="testForceWithdraw" class="Bavix\WalletBench\Test\Units\SoloTest" classname="Bavix.WalletBench.Test.Units.SoloTest" file="/Users/babichev/projects/laravel-wallet-benchmark/tests/Units/SoloTest.php" line="34" assertions="1" time="0.026994"/>
          <testcase name="testForceWithdraw" class="Bavix\WalletBench\Test\Units\SoloTest" classname="Bavix.WalletBench.Test.Units.SoloTest" file="/Users/babichev/projects/laravel-wallet-benchmark/tests/Units/SoloTest.php" line="34" assertions="1" time="0.025849"/>
          <testcase name="testForceWithdraw" class="Bavix\WalletBench\Test\Units\SoloTest" classname="Bavix.WalletBench.Test.Units.SoloTest" file="/Users/babichev/projects/laravel-wallet-benchmark/tests/Units/SoloTest.php" line="34" assertions="1" time="0.027645"/>
        </testsuite>
        <testsuite name="Bavix\WalletBench\Test\Units\SoloTest::testTransfer" tests="100" assertions="100" errors="0" warnings="0" failures="0" skipped="0" time="4.768470">
          <testcase name="testTransfer" class="Bavix\WalletBench\Test\Units\SoloTest" classname="Bavix.WalletBench.Test.Units.SoloTest" file="/Users/babichev/projects/laravel-wallet-benchmark/tests/Units/SoloTest.php" line="43" assertions="1" time="0.048947"/>
          <testcase name="testTransfer" class="Bavix\WalletBench\Test\Units\SoloTest" classname="Bavix.WalletBench.Test.Units.SoloTest" file="/Users/babichev/projects/laravel-wallet-benchmark/tests/Units/SoloTest.php" line="43" assertions="1" time="0.047501"/>
          <testcase name="testTransfer" class="Bavix\WalletBench\Test\Units\SoloTest" classname="Bavix.WalletBench.Test.Units.SoloTest" file="/Users/babichev/projects/laravel-wallet-benchmark/tests/Units/SoloTest.php" line="43" assertions="1" time="0.048085"/>
          <testcase name="testTransfer" class="Bavix\WalletBench\Test\Units\SoloTest" classname="Bavix.WalletBench.Test.Units.SoloTest" file="/Users/babichev/projects/laravel-wallet-benchmark/tests/Units/SoloTest.php" line="43" assertions="1" time="0.046569"/>
          <testcase name="testTransfer" class="Bavix\WalletBench\Test\Units\SoloTest" classname="Bavix.WalletBench.Test.Units.SoloTest" file="/Users/babichev/projects/laravel-wallet-benchmark/tests/Units/SoloTest.php" line="43" assertions="1" time="0.048691"/>
          <testcase name="testTransfer" class="Bavix\WalletBench\Test\Units\SoloTest" classname="Bavix.WalletBench.Test.Units.SoloTest" file="/Users/babichev/projects/laravel-wallet-benchmark/tests/Units/SoloTest.php" line="43" assertions="1" time="0.046851"/>
          <testcase name="testTransfer" class="Bavix\WalletBench\Test\Units\SoloTest" classname="Bavix.WalletBench.Test.Units.SoloTest" file="/Users/babichev/projects/laravel-wallet-benchmark/tests/Units/SoloTest.php" line="43" assertions="1" time="0.047910"/>
          <testcase name="testTransfer" class="Bavix\WalletBench\Test\Units\SoloTest" classname="Bavix.WalletBench.Test.Units.SoloTest" file="/Users/babichev/projects/laravel-wallet-benchmark/tests/Units/SoloTest.php" line="43" assertions="1" time="0.045896"/>
          <testcase name="testTransfer" class="Bavix\WalletBench\Test\Units\SoloTest" classname="Bavix.WalletBench.Test.Units.SoloTest" file="/Users/babichev/projects/laravel-wallet-benchmark/tests/Units/SoloTest.php" line="43" assertions="1" time="0.046369"/>
          <testcase name="testTransfer" class="Bavix\WalletBench\Test\Units\SoloTest" classname="Bavix.WalletBench.Test.Units.SoloTest" file="/Users/babichev/projects/laravel-wallet-benchmark/tests/Units/SoloTest.php" line="43" assertions="1" time="0.045806"/>
          <testcase name="testTransfer" class="Bavix\WalletBench\Test\Units\SoloTest" classname="Bavix.WalletBench.Test.Units.SoloTest" file="/Users/babichev/projects/laravel-wallet-benchmark/tests/Units/SoloTest.php" line="43" assertions="1" time="0.046516"/>
          <testcase name="testTransfer" class="Bavix\WalletBench\Test\Units\SoloTest" classname="Bavix.WalletBench.Test.Units.SoloTest" file="/Users/babichev/projects/laravel-wallet-benchmark/tests/Units/SoloTest.php" line="43" assertions="1" time="0.046974"/>
          <testcase name="testTransfer" class="Bavix\WalletBench\Test\Units\SoloTest" classname="Bavix.WalletBench.Test.Units.SoloTest" file="/Users/babichev/projects/laravel-wallet-benchmark/tests/Units/SoloTest.php" line="43" assertions="1" time="0.049287"/>
          <testcase name="testTransfer" class="Bavix\WalletBench\Test\Units\SoloTest" classname="Bavix.WalletBench.Test.Units.SoloTest" file="/Users/babichev/projects/laravel-wallet-benchmark/tests/Units/SoloTest.php" line="43" assertions="1" time="0.046644"/>
          <testcase name="testTransfer" class="Bavix\WalletBench\Test\Units\SoloTest" classname="Bavix.WalletBench.Test.Units.SoloTest" file="/Users/babichev/projects/laravel-wallet-benchmark/tests/Units/SoloTest.php" line="43" assertions="1" time="0.047952"/>
          <testcase name="testTransfer" class="Bavix\WalletBench\Test\Units\SoloTest" classname="Bavix.WalletBench.Test.Units.SoloTest" file="/Users/babichev/projects/laravel-wallet-benchmark/tests/Units/SoloTest.php" line="43" assertions="1" time="0.047915"/>
          <testcase name="testTransfer" class="Bavix\WalletBench\Test\Units\SoloTest" classname="Bavix.WalletBench.Test.Units.SoloTest" file="/Users/babichev/projects/laravel-wallet-benchmark/tests/Units/SoloTest.php" line="43" assertions="1" time="0.047450"/>
          <testcase name="testTransfer" class="Bavix\WalletBench\Test\Units\SoloTest" classname="Bavix.WalletBench.Test.Units.SoloTest" file="/Users/babichev/projects/laravel-wallet-benchmark/tests/Units/SoloTest.php" line="43" assertions="1" time="0.045815"/>
          <testcase name="testTransfer" class="Bavix\WalletBench\Test\Units\SoloTest" classname="Bavix.WalletBench.Test.Units.SoloTest" file="/Users/babichev/projects/laravel-wallet-benchmark/tests/Units/SoloTest.php" line="43" assertions="1" time="0.046736"/>
          <testcase name="testTransfer" class="Bavix\WalletBench\Test\Units\SoloTest" classname="Bavix.WalletBench.Test.Units.SoloTest" file="/Users/babichev/projects/laravel-wallet-benchmark/tests/Units/SoloTest.php" line="43" assertions="1" time="0.048410"/>
          <testcase name="testTransfer" class="Bavix\WalletBench\Test\Units\SoloTest" classname="Bavix.WalletBench.Test.Units.SoloTest" file="/Users/babichev/projects/laravel-wallet-benchmark/tests/Units/SoloTest.php" line="43" assertions="1" time="0.046181"/>
          <testcase name="testTransfer" class="Bavix\WalletBench\Test\Units\SoloTest" classname="Bavix.WalletBench.Test.Units.SoloTest" file="/Users/babichev/projects/laravel-wallet-benchmark/tests/Units/SoloTest.php" line="43" assertions="1" time="0.045283"/>
          <testcase name="testTransfer" class="Bavix\WalletBench\Test\Units\SoloTest" classname="Bavix.WalletBench.Test.Units.SoloTest" file="/Users/babichev/projects/laravel-wallet-benchmark/tests/Units/SoloTest.php" line="43" assertions="1" time="0.047571"/>
          <testcase name="testTransfer" class="Bavix\WalletBench\Test\Units\SoloTest" classname="Bavix.WalletBench.Test.Units.SoloTest" file="/Users/babichev/projects/laravel-wallet-benchmark/tests/Units/SoloTest.php" line="43" assertions="1" time="0.045426"/>
          <testcase name="testTransfer" class="Bavix\WalletBench\Test\Units\SoloTest" classname="Bavix.WalletBench.Test.Units.SoloTest" file="/Users/babichev/projects/laravel-wallet-benchmark/tests/Units/SoloTest.php" line="43" assertions="1" time="0.046008"/>
          <testcase name="testTransfer" class="Bavix\WalletBench\Test\Units\SoloTest" classname="Bavix.WalletBench.Test.Units.SoloTest" file="/Users/babichev/projects/laravel-wallet-benchmark/tests/Units/SoloTest.php" line="43" assertions="1" time="0.053619"/>
          <testcase name="testTransfer" class="Bavix\WalletBench\Test\Units\SoloTest" classname="Bavix.WalletBench.Test.Units.SoloTest" file="/Users/babichev/projects/laravel-wallet-benchmark/tests/Units/SoloTest.php" line="43" assertions="1" time="0.045783"/>
          <testcase name="testTransfer" class="Bavix\WalletBench\Test\Units\SoloTest" classname="Bavix.WalletBench.Test.Units.SoloTest" file="/Users/babichev/projects/laravel-wallet-benchmark/tests/Units/SoloTest.php" line="43" assertions="1" time="0.044851"/>
          <testcase name="testTransfer" class="Bavix\WalletBench\Test\Units\SoloTest" classname="Bavix.WalletBench.Test.Units.SoloTest" file="/Users/babichev/projects/laravel-wallet-benchmark/tests/Units/SoloTest.php" line="43" assertions="1" time="0.047786"/>
          <testcase name="testTransfer" class="Bavix\WalletBench\Test\Units\SoloTest" classname="Bavix.WalletBench.Test.Units.SoloTest" file="/Users/babichev/projects/laravel-wallet-benchmark/tests/Units/SoloTest.php" line="43" assertions="1" time="0.050369"/>
          <testcase name="testTransfer" class="Bavix\WalletBench\Test\Units\SoloTest" classname="Bavix.WalletBench.Test.Units.SoloTest" file="/Users/babichev/projects/laravel-wallet-benchmark/tests/Units/SoloTest.php" line="43" assertions="1" time="0.048200"/>
          <testcase name="testTransfer" class="Bavix\WalletBench\Test\Units\SoloTest" classname="Bavix.WalletBench.Test.Units.SoloTest" file="/Users/babichev/projects/laravel-wallet-benchmark/tests/Units/SoloTest.php" line="43" assertions="1" time="0.048472"/>
          <testcase name="testTransfer" class="Bavix\WalletBench\Test\Units\SoloTest" classname="Bavix.WalletBench.Test.Units.SoloTest" file="/Users/babichev/projects/laravel-wallet-benchmark/tests/Units/SoloTest.php" line="43" assertions="1" time="0.046914"/>
          <testcase name="testTransfer" class="Bavix\WalletBench\Test\Units\SoloTest" classname="Bavix.WalletBench.Test.Units.SoloTest" file="/Users/babichev/projects/laravel-wallet-benchmark/tests/Units/SoloTest.php" line="43" assertions="1" time="0.046547"/>
          <testcase name="testTransfer" class="Bavix\WalletBench\Test\Units\SoloTest" classname="Bavix.WalletBench.Test.Units.SoloTest" file="/Users/babichev/projects/laravel-wallet-benchmark/tests/Units/SoloTest.php" line="43" assertions="1" time="0.045563"/>
          <testcase name="testTransfer" class="Bavix\WalletBench\Test\Units\SoloTest" classname="Bavix.WalletBench.Test.Units.SoloTest" file="/Users/babichev/projects/laravel-wallet-benchmark/tests/Units/SoloTest.php" line="43" assertions="1" time="0.046801"/>
          <testcase name="testTransfer" class="Bavix\WalletBench\Test\Units\SoloTest" classname="Bavix.WalletBench.Test.Units.SoloTest" file="/Users/babichev/projects/laravel-wallet-benchmark/tests/Units/SoloTest.php" line="43" assertions="1" time="0.047885"/>
          <testcase name="testTransfer" class="Bavix\WalletBench\Test\Units\SoloTest" classname="Bavix.WalletBench.Test.Units.SoloTest" file="/Users/babichev/projects/laravel-wallet-benchmark/tests/Units/SoloTest.php" line="43" assertions="1" time="0.049869"/>
          <testcase name="testTransfer" class="Bavix\WalletBench\Test\Units\SoloTest" classname="Bavix.WalletBench.Test.Units.SoloTest" file="/Users/babichev/projects/laravel-wallet-benchmark/tests/Units/SoloTest.php" line="43" assertions="1" time="0.046392"/>
          <testcase name="testTransfer" class="Bavix\WalletBench\Test\Units\SoloTest" classname="Bavix.WalletBench.Test.Units.SoloTest" file="/Users/babichev/projects/laravel-wallet-benchmark/tests/Units/SoloTest.php" line="43" assertions="1" time="0.050201"/>
          <testcase name="testTransfer" class="Bavix\WalletBench\Test\Units\SoloTest" classname="Bavix.WalletBench.Test.Units.SoloTest" file="/Users/babichev/projects/laravel-wallet-benchmark/tests/Units/SoloTest.php" line="43" assertions="1" time="0.050179"/>
          <testcase name="testTransfer" class="Bavix\WalletBench\Test\Units\SoloTest" classname="Bavix.WalletBench.Test.Units.SoloTest" file="/Users/babichev/projects/laravel-wallet-benchmark/tests/Units/SoloTest.php" line="43" assertions="1" time="0.048399"/>
          <testcase name="testTransfer" class="Bavix\WalletBench\Test\Units\SoloTest" classname="Bavix.WalletBench.Test.Units.SoloTest" file="/Users/babichev/projects/laravel-wallet-benchmark/tests/Units/SoloTest.php" line="43" assertions="1" time="0.047451"/>
          <testcase name="testTransfer" class="Bavix\WalletBench\Test\Units\SoloTest" classname="Bavix.WalletBench.Test.Units.SoloTest" file="/Users/babichev/projects/laravel-wallet-benchmark/tests/Units/SoloTest.php" line="43" assertions="1" time="0.047565"/>
          <testcase name="testTransfer" class="Bavix\WalletBench\Test\Units\SoloTest" classname="Bavix.WalletBench.Test.Units.SoloTest" file="/Users/babichev/projects/laravel-wallet-benchmark/tests/Units/SoloTest.php" line="43" assertions="1" time="0.050996"/>
          <testcase name="testTransfer" class="Bavix\WalletBench\Test\Units\SoloTest" classname="Bavix.WalletBench.Test.Units.SoloTest" file="/Users/babichev/projects/laravel-wallet-benchmark/tests/Units/SoloTest.php" line="43" assertions="1" time="0.048459"/>
          <testcase name="testTransfer" class="Bavix\WalletBench\Test\Units\SoloTest" classname="Bavix.WalletBench.Test.Units.SoloTest" file="/Users/babichev/projects/laravel-wallet-benchmark/tests/Units/SoloTest.php" line="43" assertions="1" time="0.049329"/>
          <testcase name="testTransfer" class="Bavix\WalletBench\Test\Units\SoloTest" classname="Bavix.WalletBench.Test.Units.SoloTest" file="/Users/babichev/projects/laravel-wallet-benchmark/tests/Units/SoloTest.php" line="43" assertions="1" time="0.046444"/>
          <testcase name="testTransfer" class="Bavix\WalletBench\Test\Units\SoloTest" classname="Bavix.WalletBench.Test.Units.SoloTest" file="/Users/babichev/projects/laravel-wallet-benchmark/tests/Units/SoloTest.php" line="43" assertions="1" time="0.048372"/>
          <testcase name="testTransfer" class="Bavix\WalletBench\Test\Units\SoloTest" classname="Bavix.WalletBench.Test.Units.SoloTest" file="/Users/babichev/projects/laravel-wallet-benchmark/tests/Units/SoloTest.php" line="43" assertions="1" time="0.045146"/>
          <testcase name="testTransfer" class="Bavix\WalletBench\Test\Units\SoloTest" classname="Bavix.WalletBench.Test.Units.SoloTest" file="/Users/babichev/projects/laravel-wallet-benchmark/tests/Units/SoloTest.php" line="43" assertions="1" time="0.049188"/>
          <testcase name="testTransfer" class="Bavix\WalletBench\Test\Units\SoloTest" classname="Bavix.WalletBench.Test.Units.SoloTest" file="/Users/babichev/projects/laravel-wallet-benchmark/tests/Units/SoloTest.php" line="43" assertions="1" time="0.045582"/>
          <testcase name="testTransfer" class="Bavix\WalletBench\Test\Units\SoloTest" classname="Bavix.WalletBench.Test.Units.SoloTest" file="/Users/babichev/projects/laravel-wallet-benchmark/tests/Units/SoloTest.php" line="43" assertions="1" time="0.047103"/>
          <testcase name="testTransfer" class="Bavix\WalletBench\Test\Units\SoloTest" classname="Bavix.WalletBench.Test.Units.SoloTest" file="/Users/babichev/projects/laravel-wallet-benchmark/tests/Units/SoloTest.php" line="43" assertions="1" time="0.047315"/>
          <testcase name="testTransfer" class="Bavix\WalletBench\Test\Units\SoloTest" classname="Bavix.WalletBench.Test.Units.SoloTest" file="/Users/babichev/projects/laravel-wallet-benchmark/tests/Units/SoloTest.php" line="43" assertions="1" time="0.044576"/>
          <testcase name="testTransfer" class="Bavix\WalletBench\Test\Units\SoloTest" classname="Bavix.WalletBench.Test.Units.SoloTest" file="/Users/babichev/projects/laravel-wallet-benchmark/tests/Units/SoloTest.php" line="43" assertions="1" time="0.049424"/>
          <testcase name="testTransfer" class="Bavix\WalletBench\Test\Units\SoloTest" classname="Bavix.WalletBench.Test.Units.SoloTest" file="/Users/babichev/projects/laravel-wallet-benchmark/tests/Units/SoloTest.php" line="43" assertions="1" time="0.047521"/>
          <testcase name="testTransfer" class="Bavix\WalletBench\Test\Units\SoloTest" classname="Bavix.WalletBench.Test.Units.SoloTest" file="/Users/babichev/projects/laravel-wallet-benchmark/tests/Units/SoloTest.php" line="43" assertions="1" time="0.045835"/>
          <testcase name="testTransfer" class="Bavix\WalletBench\Test\Units\SoloTest" classname="Bavix.WalletBench.Test.Units.SoloTest" file="/Users/babichev/projects/laravel-wallet-benchmark/tests/Units/SoloTest.php" line="43" assertions="1" time="0.047674"/>
          <testcase name="testTransfer" class="Bavix\WalletBench\Test\Units\SoloTest" classname="Bavix.WalletBench.Test.Units.SoloTest" file="/Users/babichev/projects/laravel-wallet-benchmark/tests/Units/SoloTest.php" line="43" assertions="1" time="0.052637"/>
          <testcase name="testTransfer" class="Bavix\WalletBench\Test\Units\SoloTest" classname="Bavix.WalletBench.Test.Units.SoloTest" file="/Users/babichev/projects/laravel-wallet-benchmark/tests/Units/SoloTest.php" line="43" assertions="1" time="0.049900"/>
          <testcase name="testTransfer" class="Bavix\WalletBench\Test\Units\SoloTest" classname="Bavix.WalletBench.Test.Units.SoloTest" file="/Users/babichev/projects/laravel-wallet-benchmark/tests/Units/SoloTest.php" line="43" assertions="1" time="0.047915"/>
          <testcase name="testTransfer" class="Bavix\WalletBench\Test\Units\SoloTest" classname="Bavix.WalletBench.Test.Units.SoloTest" file="/Users/babichev/projects/laravel-wallet-benchmark/tests/Units/SoloTest.php" line="43" assertions="1" time="0.046250"/>
          <testcase name="testTransfer" class="Bavix\WalletBench\Test\Units\SoloTest" classname="Bavix.WalletBench.Test.Units.SoloTest" file="/Users/babichev/projects/laravel-wallet-benchmark/tests/Units/SoloTest.php" line="43" assertions="1" time="0.047519"/>
          <testcase name="testTransfer" class="Bavix\WalletBench\Test\Units\SoloTest" classname="Bavix.WalletBench.Test.Units.SoloTest" file="/Users/babichev/projects/laravel-wallet-benchmark/tests/Units/SoloTest.php" line="43" assertions="1" time="0.046288"/>
          <testcase name="testTransfer" class="Bavix\WalletBench\Test\Units\SoloTest" classname="Bavix.WalletBench.Test.Units.SoloTest" file="/Users/babichev/projects/laravel-wallet-benchmark/tests/Units/SoloTest.php" line="43" assertions="1" time="0.046960"/>
          <testcase name="testTransfer" class="Bavix\WalletBench\Test\Units\SoloTest" classname="Bavix.WalletBench.Test.Units.SoloTest" file="/Users/babichev/projects/laravel-wallet-benchmark/tests/Units/SoloTest.php" line="43" assertions="1" time="0.046560"/>
          <testcase name="testTransfer" class="Bavix\WalletBench\Test\Units\SoloTest" classname="Bavix.WalletBench.Test.Units.SoloTest" file="/Users/babichev/projects/laravel-wallet-benchmark/tests/Units/SoloTest.php" line="43" assertions="1" time="0.046125"/>
          <testcase name="testTransfer" class="Bavix\WalletBench\Test\Units\SoloTest" classname="Bavix.WalletBench.Test.Units.SoloTest" file="/Users/babichev/projects/laravel-wallet-benchmark/tests/Units/SoloTest.php" line="43" assertions="1" time="0.046646"/>
          <testcase name="testTransfer" class="Bavix\WalletBench\Test\Units\SoloTest" classname="Bavix.WalletBench.Test.Units.SoloTest" file="/Users/babichev/projects/laravel-wallet-benchmark/tests/Units/SoloTest.php" line="43" assertions="1" time="0.046513"/>
          <testcase name="testTransfer" class="Bavix\WalletBench\Test\Units\SoloTest" classname="Bavix.WalletBench.Test.Units.SoloTest" file="/Users/babichev/projects/laravel-wallet-benchmark/tests/Units/SoloTest.php" line="43" assertions="1" time="0.046290"/>
          <testcase name="testTransfer" class="Bavix\WalletBench\Test\Units\SoloTest" classname="Bavix.WalletBench.Test.Units.SoloTest" file="/Users/babichev/projects/laravel-wallet-benchmark/tests/Units/SoloTest.php" line="43" assertions="1" time="0.046934"/>
          <testcase name="testTransfer" class="Bavix\WalletBench\Test\Units\SoloTest" classname="Bavix.WalletBench.Test.Units.SoloTest" file="/Users/babichev/projects/laravel-wallet-benchmark/tests/Units/SoloTest.php" line="43" assertions="1" time="0.048508"/>
          <testcase name="testTransfer" class="Bavix\WalletBench\Test\Units\SoloTest" classname="Bavix.WalletBench.Test.Units.SoloTest" file="/Users/babichev/projects/laravel-wallet-benchmark/tests/Units/SoloTest.php" line="43" assertions="1" time="0.046376"/>
          <testcase name="testTransfer" class="Bavix\WalletBench\Test\Units\SoloTest" classname="Bavix.WalletBench.Test.Units.SoloTest" file="/Users/babichev/projects/laravel-wallet-benchmark/tests/Units/SoloTest.php" line="43" assertions="1" time="0.050221"/>
          <testcase name="testTransfer" class="Bavix\WalletBench\Test\Units\SoloTest" classname="Bavix.WalletBench.Test.Units.SoloTest" file="/Users/babichev/projects/laravel-wallet-benchmark/tests/Units/SoloTest.php" line="43" assertions="1" time="0.054767"/>
          <testcase name="testTransfer" class="Bavix\WalletBench\Test\Units\SoloTest" classname="Bavix.WalletBench.Test.Units.SoloTest" file="/Users/babichev/projects/laravel-wallet-benchmark/tests/Units/SoloTest.php" line="43" assertions="1" time="0.050349"/>
          <testcase name="testTransfer" class="Bavix\WalletBench\Test\Units\SoloTest" classname="Bavix.WalletBench.Test.Units.SoloTest" file="/Users/babichev/projects/laravel-wallet-benchmark/tests/Units/SoloTest.php" line="43" assertions="1" time="0.045908"/>
          <testcase name="testTransfer" class="Bavix\WalletBench\Test\Units\SoloTest" classname="Bavix.WalletBench.Test.Units.SoloTest" file="/Users/babichev/projects/laravel-wallet-benchmark/tests/Units/SoloTest.php" line="43" assertions="1" time="0.047972"/>
          <testcase name="testTransfer" class="Bavix\WalletBench\Test\Units\SoloTest" classname="Bavix.WalletBench.Test.Units.SoloTest" file="/Users/babichev/projects/laravel-wallet-benchmark/tests/Units/SoloTest.php" line="43" assertions="1" time="0.048407"/>
          <testcase name="testTransfer" class="Bavix\WalletBench\Test\Units\SoloTest" classname="Bavix.WalletBench.Test.Units.SoloTest" file="/Users/babichev/projects/laravel-wallet-benchmark/tests/Units/SoloTest.php" line="43" assertions="1" time="0.048460"/>
          <testcase name="testTransfer" class="Bavix\WalletBench\Test\Units\SoloTest" classname="Bavix.WalletBench.Test.Units.SoloTest" file="/Users/babichev/projects/laravel-wallet-benchmark/tests/Units/SoloTest.php" line="43" assertions="1" time="0.049850"/>
          <testcase name="testTransfer" class="Bavix\WalletBench\Test\Units\SoloTest" classname="Bavix.WalletBench.Test.Units.SoloTest" file="/Users/babichev/projects/laravel-wallet-benchmark/tests/Units/SoloTest.php" line="43" assertions="1" time="0.045398"/>
          <testcase name="testTransfer" class="Bavix\WalletBench\Test\Units\SoloTest" classname="Bavix.WalletBench.Test.Units.SoloTest" file="/Users/babichev/projects/laravel-wallet-benchmark/tests/Units/SoloTest.php" line="43" assertions="1" time="0.046874"/>
          <testcase name="testTransfer" class="Bavix\WalletBench\Test\Units\SoloTest" classname="Bavix.WalletBench.Test.Units.SoloTest" file="/Users/babichev/projects/laravel-wallet-benchmark/tests/Units/SoloTest.php" line="43" assertions="1" time="0.047878"/>
          <testcase name="testTransfer" class="Bavix\WalletBench\Test\Units\SoloTest" classname="Bavix.WalletBench.Test.Units.SoloTest" file="/Users/babichev/projects/laravel-wallet-benchmark/tests/Units/SoloTest.php" line="43" assertions="1" time="0.046260"/>
          <testcase name="testTransfer" class="Bavix\WalletBench\Test\Units\SoloTest" classname="Bavix.WalletBench.Test.Units.SoloTest" file="/Users/babichev/projects/laravel-wallet-benchmark/tests/Units/SoloTest.php" line="43" assertions="1" time="0.046482"/>
          <testcase name="testTransfer" class="Bavix\WalletBench\Test\Units\SoloTest" classname="Bavix.WalletBench.Test.Units.SoloTest" file="/Users/babichev/projects/laravel-wallet-benchmark/tests/Units/SoloTest.php" line="43" assertions="1" time="0.046801"/>
          <testcase name="testTransfer" class="Bavix\WalletBench\Test\Units\SoloTest" classname="Bavix.WalletBench.Test.Units.SoloTest" file="/Users/babichev/projects/laravel-wallet-benchmark/tests/Units/SoloTest.php" line="43" assertions="1" time="0.048018"/>
          <testcase name="testTransfer" class="Bavix\WalletBench\Test\Units\SoloTest" classname="Bavix.WalletBench.Test.Units.SoloTest" file="/Users/babichev/projects/laravel-wallet-benchmark/tests/Units/SoloTest.php" line="43" assertions="1" time="0.046793"/>
          <testcase name="testTransfer" class="Bavix\WalletBench\Test\Units\SoloTest" classname="Bavix.WalletBench.Test.Units.SoloTest" file="/Users/babichev/projects/laravel-wallet-benchmark/tests/Units/SoloTest.php" line="43" assertions="1" time="0.051461"/>
          <testcase name="testTransfer" class="Bavix\WalletBench\Test\Units\SoloTest" classname="Bavix.WalletBench.Test.Units.SoloTest" file="/Users/babichev/projects/laravel-wallet-benchmark/tests/Units/SoloTest.php" line="43" assertions="1" time="0.049194"/>
          <testcase name="testTransfer" class="Bavix\WalletBench\Test\Units\SoloTest" classname="Bavix.WalletBench.Test.Units.SoloTest" file="/Users/babichev/projects/laravel-wallet-benchmark/tests/Units/SoloTest.php" line="43" assertions="1" time="0.045804"/>
          <testcase name="testTransfer" class="Bavix\WalletBench\Test\Units\SoloTest" classname="Bavix.WalletBench.Test.Units.SoloTest" file="/Users/babichev/projects/laravel-wallet-benchmark/tests/Units/SoloTest.php" line="43" assertions="1" time="0.044498"/>
          <testcase name="testTransfer" class="Bavix\WalletBench\Test\Units\SoloTest" classname="Bavix.WalletBench.Test.Units.SoloTest" file="/Users/babichev/projects/laravel-wallet-benchmark/tests/Units/SoloTest.php" line="43" assertions="1" time="0.052126"/>
          <testcase name="testTransfer" class="Bavix\WalletBench\Test\Units\SoloTest" classname="Bavix.WalletBench.Test.Units.SoloTest" file="/Users/babichev/projects/laravel-wallet-benchmark/tests/Units/SoloTest.php" line="43" assertions="1" time="0.046513"/>
          <testcase name="testTransfer" class="Bavix\WalletBench\Test\Units\SoloTest" classname="Bavix.WalletBench.Test.Units.SoloTest" file="/Users/babichev/projects/laravel-wallet-benchmark/tests/Units/SoloTest.php" line="43" assertions="1" time="0.047852"/>
          <testcase name="testTransfer" class="Bavix\WalletBench\Test\Units\SoloTest" classname="Bavix.WalletBench.Test.Units.SoloTest" file="/Users/babichev/projects/laravel-wallet-benchmark/tests/Units/SoloTest.php" line="43" assertions="1" time="0.050035"/>
          <testcase name="testTransfer" class="Bavix\WalletBench\Test\Units\SoloTest" classname="Bavix.WalletBench.Test.Units.SoloTest" file="/Users/babichev/projects/laravel-wallet-benchmark/tests/Units/SoloTest.php" line="43" assertions="1" time="0.046809"/>
          <testcase name="testTransfer" class="Bavix\WalletBench\Test\Units\SoloTest" classname="Bavix.WalletBench.Test.Units.SoloTest" file="/Users/babichev/projects/laravel-wallet-benchmark/tests/Units/SoloTest.php" line="43" assertions="1" time="0.049718"/>
        </testsuite>
      </testsuite>
      <testsuite name="Bavix\WalletBench\Test\Units\StateTest" file="/Users/babichev/projects/laravel-wallet-benchmark/tests/Units/StateTest.php" tests="25" assertions="25" errors="0" warnings="0" failures="0" skipped="0" time="17.448181">
        <testsuite name="Bavix\WalletBench\Test\Units\StateTest::testInTransaction" tests="25" assertions="25" errors="0" warnings="0" failures="0" skipped="0" time="17.448181">
          <testcase name="testInTransaction" class="Bavix\WalletBench\Test\Units\StateTest" classname="Bavix.WalletBench.Test.Units.StateTest" file="/Users/babichev/projects/laravel-wallet-benchmark/tests/Units/StateTest.php" line="24" assertions="1" time="0.711936"/>
          <testcase name="testInTransaction" class="Bavix\WalletBench\Test\Units\StateTest" classname="Bavix.WalletBench.Test.Units.StateTest" file="/Users/babichev/projects/laravel-wallet-benchmark/tests/Units/StateTest.php" line="24" assertions="1" time="0.715382"/>
          <testcase name="testInTransaction" class="Bavix\WalletBench\Test\Units\StateTest" classname="Bavix.WalletBench.Test.Units.StateTest" file="/Users/babichev/projects/laravel-wallet-benchmark/tests/Units/StateTest.php" line="24" assertions="1" time="0.731058"/>
          <testcase name="testInTransaction" class="Bavix\WalletBench\Test\Units\StateTest" classname="Bavix.WalletBench.Test.Units.StateTest" file="/Users/babichev/projects/laravel-wallet-benchmark/tests/Units/StateTest.php" line="24" assertions="1" time="0.698820"/>
          <testcase name="testInTransaction" class="Bavix\WalletBench\Test\Units\StateTest" classname="Bavix.WalletBench.Test.Units.StateTest" file="/Users/babichev/projects/laravel-wallet-benchmark/tests/Units/StateTest.php" line="24" assertions="1" time="0.701051"/>
          <testcase name="testInTransaction" class="Bavix\WalletBench\Test\Units\StateTest" classname="Bavix.WalletBench.Test.Units.StateTest" file="/Users/babichev/projects/laravel-wallet-benchmark/tests/Units/StateTest.php" line="24" assertions="1" time="0.713936"/>
          <testcase name="testInTransaction" class="Bavix\WalletBench\Test\Units\StateTest" classname="Bavix.WalletBench.Test.Units.StateTest" file="/Users/babichev/projects/laravel-wallet-benchmark/tests/Units/StateTest.php" line="24" assertions="1" time="0.711020"/>
          <testcase name="testInTransaction" class="Bavix\WalletBench\Test\Units\StateTest" classname="Bavix.WalletBench.Test.Units.StateTest" file="/Users/babichev/projects/laravel-wallet-benchmark/tests/Units/StateTest.php" line="24" assertions="1" time="0.718678"/>
          <testcase name="testInTransaction" class="Bavix\WalletBench\Test\Units\StateTest" classname="Bavix.WalletBench.Test.Units.StateTest" file="/Users/babichev/projects/laravel-wallet-benchmark/tests/Units/StateTest.php" line="24" assertions="1" time="0.692524"/>
          <testcase name="testInTransaction" class="Bavix\WalletBench\Test\Units\StateTest" classname="Bavix.WalletBench.Test.Units.StateTest" file="/Users/babichev/projects/laravel-wallet-benchmark/tests/Units/StateTest.php" line="24" assertions="1" time="0.713255"/>
          <testcase name="testInTransaction" class="Bavix\WalletBench\Test\Units\StateTest" classname="Bavix.WalletBench.Test.Units.StateTest" file="/Users/babichev/projects/laravel-wallet-benchmark/tests/Units/StateTest.php" line="24" assertions="1" time="0.683856"/>
          <testcase name="testInTransaction" class="Bavix\WalletBench\Test\Units\StateTest" classname="Bavix.WalletBench.Test.Units.StateTest" file="/Users/babichev/projects/laravel-wallet-benchmark/tests/Units/StateTest.php" line="24" assertions="1" time="0.694798"/>
          <testcase name="testInTransaction" class="Bavix\WalletBench\Test\Units\StateTest" classname="Bavix.WalletBench.Test.Units.StateTest" file="/Users/babichev/projects/laravel-wallet-benchmark/tests/Units/StateTest.php" line="24" assertions="1" time="0.670792"/>
          <testcase name="testInTransaction" class="Bavix\WalletBench\Test\Units\StateTest" classname="Bavix.WalletBench.Test.Units.StateTest" file="/Users/babichev/projects/laravel-wallet-benchmark/tests/Units/StateTest.php" line="24" assertions="1" time="0.658848"/>
          <testcase name="testInTransaction" class="Bavix\WalletBench\Test\Units\StateTest" classname="Bavix.WalletBench.Test.Units.StateTest" file="/Users/babichev/projects/laravel-wallet-benchmark/tests/Units/StateTest.php" line="24" assertions="1" time="0.676653"/>
          <testcase name="testInTransaction" class="Bavix\WalletBench\Test\Units\StateTest" classname="Bavix.WalletBench.Test.Units.StateTest" file="/Users/babichev/projects/laravel-wallet-benchmark/tests/Units/StateTest.php" line="24" assertions="1" time="0.672467"/>
          <testcase name="testInTransaction" class="Bavix\WalletBench\Test\Units\StateTest" classname="Bavix.WalletBench.Test.Units.StateTest" file="/Users/babichev/projects/laravel-wallet-benchmark/tests/Units/StateTest.php" line="24" assertions="1" time="0.690299"/>
          <testcase name="testInTransaction" class="Bavix\WalletBench\Test\Units\StateTest" classname="Bavix.WalletBench.Test.Units.StateTest" file="/Users/babichev/projects/laravel-wallet-benchmark/tests/Units/StateTest.php" line="24" assertions="1" time="0.681220"/>
          <testcase name="testInTransaction" class="Bavix\WalletBench\Test\Units\StateTest" classname="Bavix.WalletBench.Test.Units.StateTest" file="/Users/babichev/projects/laravel-wallet-benchmark/tests/Units/StateTest.php" line="24" assertions="1" time="0.704426"/>
          <testcase name="testInTransaction" class="Bavix\WalletBench\Test\Units\StateTest" classname="Bavix.WalletBench.Test.Units.StateTest" file="/Users/babichev/projects/laravel-wallet-benchmark/tests/Units/StateTest.php" line="24" assertions="1" time="0.702364"/>
          <testcase name="testInTransaction" class="Bavix\WalletBench\Test\Units\StateTest" classname="Bavix.WalletBench.Test.Units.StateTest" file="/Users/babichev/projects/laravel-wallet-benchmark/tests/Units/StateTest.php" line="24" assertions="1" time="0.734927"/>
          <testcase name="testInTransaction" class="Bavix\WalletBench\Test\Units\StateTest" classname="Bavix.WalletBench.Test.Units.StateTest" file="/Users/babichev/projects/laravel-wallet-benchmark/tests/Units/StateTest.php" line="24" assertions="1" time="0.710561"/>
          <testcase name="testInTransaction" class="Bavix\WalletBench\Test\Units\StateTest" classname="Bavix.WalletBench.Test.Units.StateTest" file="/Users/babichev/projects/laravel-wallet-benchmark/tests/Units/StateTest.php" line="24" assertions="1" time="0.694330"/>
          <testcase name="testInTransaction" class="Bavix\WalletBench\Test\Units\StateTest" classname="Bavix.WalletBench.Test.Units.StateTest" file="/Users/babichev/projects/laravel-wallet-benchmark/tests/Units/StateTest.php" line="24" assertions="1" time="0.700637"/>
          <testcase name="testInTransaction" class="Bavix\WalletBench\Test\Units\StateTest" classname="Bavix.WalletBench.Test.Units.StateTest" file="/Users/babichev/projects/laravel-wallet-benchmark/tests/Units/StateTest.php" line="24" assertions="1" time="0.664344"/>
        </testsuite>
      </testsuite>
    </testsuite>
  </testsuite>
</testsuites>
