<?xml version="1.0" encoding="UTF-8"?>
<testsuites>
  <testsuite name="" tests="675" assertions="675" errors="0" warnings="0" failures="0" skipped="0" time="113.181995">
    <testsuite name="Wallet Bench Suite" tests="675" assertions="675" errors="0" warnings="0" failures="0" skipped="0" time="113.181995">
      <testsuite name="Bavix\WalletBench\Test\Units\CartTest" file="/Users/babichev/projects/laravel-wallet-benchmark/tests/Units/CartTest.php" tests="50" assertions="50" errors="0" warnings="0" failures="0" skipped="0" time="65.719008">
        <testsuite name="Bavix\WalletBench\Test\Units\CartTest::testPay" tests="25" assertions="25" errors="0" warnings="0" failures="0" skipped="0" time="29.126932">
          <testcase name="testPay" class="Bavix\WalletBench\Test\Units\CartTest" classname="Bavix.WalletBench.Test.Units.CartTest" file="/Users/babichev/projects/laravel-wallet-benchmark/tests/Units/CartTest.php" line="20" assertions="1" time="1.988745"/>
          <testcase name="testPay" class="Bavix\WalletBench\Test\Units\CartTest" classname="Bavix.WalletBench.Test.Units.CartTest" file="/Users/babichev/projects/laravel-wallet-benchmark/tests/Units/CartTest.php" line="20" assertions="1" time="1.107773"/>
          <testcase name="testPay" class="Bavix\WalletBench\Test\Units\CartTest" classname="Bavix.WalletBench.Test.Units.CartTest" file="/Users/babichev/projects/laravel-wallet-benchmark/tests/Units/CartTest.php" line="20" assertions="1" time="1.145454"/>
          <testcase name="testPay" class="Bavix\WalletBench\Test\Units\CartTest" classname="Bavix.WalletBench.Test.Units.CartTest" file="/Users/babichev/projects/laravel-wallet-benchmark/tests/Units/CartTest.php" line="20" assertions="1" time="1.146952"/>
          <testcase name="testPay" class="Bavix\WalletBench\Test\Units\CartTest" classname="Bavix.WalletBench.Test.Units.CartTest" file="/Users/babichev/projects/laravel-wallet-benchmark/tests/Units/CartTest.php" line="20" assertions="1" time="1.118530"/>
          <testcase name="testPay" class="Bavix\WalletBench\Test\Units\CartTest" classname="Bavix.WalletBench.Test.Units.CartTest" file="/Users/babichev/projects/laravel-wallet-benchmark/tests/Units/CartTest.php" line="20" assertions="1" time="1.144599"/>
          <testcase name="testPay" class="Bavix\WalletBench\Test\Units\CartTest" classname="Bavix.WalletBench.Test.Units.CartTest" file="/Users/babichev/projects/laravel-wallet-benchmark/tests/Units/CartTest.php" line="20" assertions="1" time="1.134955"/>
          <testcase name="testPay" class="Bavix\WalletBench\Test\Units\CartTest" classname="Bavix.WalletBench.Test.Units.CartTest" file="/Users/babichev/projects/laravel-wallet-benchmark/tests/Units/CartTest.php" line="20" assertions="1" time="1.139417"/>
          <testcase name="testPay" class="Bavix\WalletBench\Test\Units\CartTest" classname="Bavix.WalletBench.Test.Units.CartTest" file="/Users/babichev/projects/laravel-wallet-benchmark/tests/Units/CartTest.php" line="20" assertions="1" time="1.114387"/>
          <testcase name="testPay" class="Bavix\WalletBench\Test\Units\CartTest" classname="Bavix.WalletBench.Test.Units.CartTest" file="/Users/babichev/projects/laravel-wallet-benchmark/tests/Units/CartTest.php" line="20" assertions="1" time="1.122400"/>
          <testcase name="testPay" class="Bavix\WalletBench\Test\Units\CartTest" classname="Bavix.WalletBench.Test.Units.CartTest" file="/Users/babichev/projects/laravel-wallet-benchmark/tests/Units/CartTest.php" line="20" assertions="1" time="1.114725"/>
          <testcase name="testPay" class="Bavix\WalletBench\Test\Units\CartTest" classname="Bavix.WalletBench.Test.Units.CartTest" file="/Users/babichev/projects/laravel-wallet-benchmark/tests/Units/CartTest.php" line="20" assertions="1" time="1.137336"/>
          <testcase name="testPay" class="Bavix\WalletBench\Test\Units\CartTest" classname="Bavix.WalletBench.Test.Units.CartTest" file="/Users/babichev/projects/laravel-wallet-benchmark/tests/Units/CartTest.php" line="20" assertions="1" time="1.181785"/>
          <testcase name="testPay" class="Bavix\WalletBench\Test\Units\CartTest" classname="Bavix.WalletBench.Test.Units.CartTest" file="/Users/babichev/projects/laravel-wallet-benchmark/tests/Units/CartTest.php" line="20" assertions="1" time="1.156889"/>
          <testcase name="testPay" class="Bavix\WalletBench\Test\Units\CartTest" classname="Bavix.WalletBench.Test.Units.CartTest" file="/Users/babichev/projects/laravel-wallet-benchmark/tests/Units/CartTest.php" line="20" assertions="1" time="1.119837"/>
          <testcase name="testPay" class="Bavix\WalletBench\Test\Units\CartTest" classname="Bavix.WalletBench.Test.Units.CartTest" file="/Users/babichev/projects/laravel-wallet-benchmark/tests/Units/CartTest.php" line="20" assertions="1" time="1.132153"/>
          <testcase name="testPay" class="Bavix\WalletBench\Test\Units\CartTest" classname="Bavix.WalletBench.Test.Units.CartTest" file="/Users/babichev/projects/laravel-wallet-benchmark/tests/Units/CartTest.php" line="20" assertions="1" time="1.129415"/>
          <testcase name="testPay" class="Bavix\WalletBench\Test\Units\CartTest" classname="Bavix.WalletBench.Test.Units.CartTest" file="/Users/babichev/projects/laravel-wallet-benchmark/tests/Units/CartTest.php" line="20" assertions="1" time="1.130149"/>
          <testcase name="testPay" class="Bavix\WalletBench\Test\Units\CartTest" classname="Bavix.WalletBench.Test.Units.CartTest" file="/Users/babichev/projects/laravel-wallet-benchmark/tests/Units/CartTest.php" line="20" assertions="1" time="1.121986"/>
          <testcase name="testPay" class="Bavix\WalletBench\Test\Units\CartTest" classname="Bavix.WalletBench.Test.Units.CartTest" file="/Users/babichev/projects/laravel-wallet-benchmark/tests/Units/CartTest.php" line="20" assertions="1" time="1.118601"/>
          <testcase name="testPay" class="Bavix\WalletBench\Test\Units\CartTest" classname="Bavix.WalletBench.Test.Units.CartTest" file="/Users/babichev/projects/laravel-wallet-benchmark/tests/Units/CartTest.php" line="20" assertions="1" time="1.114835"/>
          <testcase name="testPay" class="Bavix\WalletBench\Test\Units\CartTest" classname="Bavix.WalletBench.Test.Units.CartTest" file="/Users/babichev/projects/laravel-wallet-benchmark/tests/Units/CartTest.php" line="20" assertions="1" time="1.108758"/>
          <testcase name="testPay" class="Bavix\WalletBench\Test\Units\CartTest" classname="Bavix.WalletBench.Test.Units.CartTest" file="/Users/babichev/projects/laravel-wallet-benchmark/tests/Units/CartTest.php" line="20" assertions="1" time="1.146165"/>
          <testcase name="testPay" class="Bavix\WalletBench\Test\Units\CartTest" classname="Bavix.WalletBench.Test.Units.CartTest" file="/Users/babichev/projects/laravel-wallet-benchmark/tests/Units/CartTest.php" line="20" assertions="1" time="1.121738"/>
          <testcase name="testPay" class="Bavix\WalletBench\Test\Units\CartTest" classname="Bavix.WalletBench.Test.Units.CartTest" file="/Users/babichev/projects/laravel-wallet-benchmark/tests/Units/CartTest.php" line="20" assertions="1" time="1.129346"/>
        </testsuite>
        <testsuite name="Bavix\WalletBench\Test\Units\CartTest::testPayFree" tests="25" assertions="25" errors="0" warnings="0" failures="0" skipped="0" time="36.592077">
          <testcase name="testPayFree" class="Bavix\WalletBench\Test\Units\CartTest" classname="Bavix.WalletBench.Test.Units.CartTest" file="/Users/babichev/projects/laravel-wallet-benchmark/tests/Units/CartTest.php" line="33" assertions="1" time="1.488668"/>
          <testcase name="testPayFree" class="Bavix\WalletBench\Test\Units\CartTest" classname="Bavix.WalletBench.Test.Units.CartTest" file="/Users/babichev/projects/laravel-wallet-benchmark/tests/Units/CartTest.php" line="33" assertions="1" time="1.472836"/>
          <testcase name="testPayFree" class="Bavix\WalletBench\Test\Units\CartTest" classname="Bavix.WalletBench.Test.Units.CartTest" file="/Users/babichev/projects/laravel-wallet-benchmark/tests/Units/CartTest.php" line="33" assertions="1" time="1.441900"/>
          <testcase name="testPayFree" class="Bavix\WalletBench\Test\Units\CartTest" classname="Bavix.WalletBench.Test.Units.CartTest" file="/Users/babichev/projects/laravel-wallet-benchmark/tests/Units/CartTest.php" line="33" assertions="1" time="1.425854"/>
          <testcase name="testPayFree" class="Bavix\WalletBench\Test\Units\CartTest" classname="Bavix.WalletBench.Test.Units.CartTest" file="/Users/babichev/projects/laravel-wallet-benchmark/tests/Units/CartTest.php" line="33" assertions="1" time="1.465180"/>
          <testcase name="testPayFree" class="Bavix\WalletBench\Test\Units\CartTest" classname="Bavix.WalletBench.Test.Units.CartTest" file="/Users/babichev/projects/laravel-wallet-benchmark/tests/Units/CartTest.php" line="33" assertions="1" time="1.483119"/>
          <testcase name="testPayFree" class="Bavix\WalletBench\Test\Units\CartTest" classname="Bavix.WalletBench.Test.Units.CartTest" file="/Users/babichev/projects/laravel-wallet-benchmark/tests/Units/CartTest.php" line="33" assertions="1" time="1.476640"/>
          <testcase name="testPayFree" class="Bavix\WalletBench\Test\Units\CartTest" classname="Bavix.WalletBench.Test.Units.CartTest" file="/Users/babichev/projects/laravel-wallet-benchmark/tests/Units/CartTest.php" line="33" assertions="1" time="1.446137"/>
          <testcase name="testPayFree" class="Bavix\WalletBench\Test\Units\CartTest" classname="Bavix.WalletBench.Test.Units.CartTest" file="/Users/babichev/projects/laravel-wallet-benchmark/tests/Units/CartTest.php" line="33" assertions="1" time="1.497860"/>
          <testcase name="testPayFree" class="Bavix\WalletBench\Test\Units\CartTest" classname="Bavix.WalletBench.Test.Units.CartTest" file="/Users/babichev/projects/laravel-wallet-benchmark/tests/Units/CartTest.php" line="33" assertions="1" time="1.469892"/>
          <testcase name="testPayFree" class="Bavix\WalletBench\Test\Units\CartTest" classname="Bavix.WalletBench.Test.Units.CartTest" file="/Users/babichev/projects/laravel-wallet-benchmark/tests/Units/CartTest.php" line="33" assertions="1" time="1.420071"/>
          <testcase name="testPayFree" class="Bavix\WalletBench\Test\Units\CartTest" classname="Bavix.WalletBench.Test.Units.CartTest" file="/Users/babichev/projects/laravel-wallet-benchmark/tests/Units/CartTest.php" line="33" assertions="1" time="1.477363"/>
          <testcase name="testPayFree" class="Bavix\WalletBench\Test\Units\CartTest" classname="Bavix.WalletBench.Test.Units.CartTest" file="/Users/babichev/projects/laravel-wallet-benchmark/tests/Units/CartTest.php" line="33" assertions="1" time="1.498466"/>
          <testcase name="testPayFree" class="Bavix\WalletBench\Test\Units\CartTest" classname="Bavix.WalletBench.Test.Units.CartTest" file="/Users/babichev/projects/laravel-wallet-benchmark/tests/Units/CartTest.php" line="33" assertions="1" time="1.460147"/>
          <testcase name="testPayFree" class="Bavix\WalletBench\Test\Units\CartTest" classname="Bavix.WalletBench.Test.Units.CartTest" file="/Users/babichev/projects/laravel-wallet-benchmark/tests/Units/CartTest.php" line="33" assertions="1" time="1.463560"/>
          <testcase name="testPayFree" class="Bavix\WalletBench\Test\Units\CartTest" classname="Bavix.WalletBench.Test.Units.CartTest" file="/Users/babichev/projects/laravel-wallet-benchmark/tests/Units/CartTest.php" line="33" assertions="1" time="1.453781"/>
          <testcase name="testPayFree" class="Bavix\WalletBench\Test\Units\CartTest" classname="Bavix.WalletBench.Test.Units.CartTest" file="/Users/babichev/projects/laravel-wallet-benchmark/tests/Units/CartTest.php" line="33" assertions="1" time="1.454296"/>
          <testcase name="testPayFree" class="Bavix\WalletBench\Test\Units\CartTest" classname="Bavix.WalletBench.Test.Units.CartTest" file="/Users/babichev/projects/laravel-wallet-benchmark/tests/Units/CartTest.php" line="33" assertions="1" time="1.478473"/>
          <testcase name="testPayFree" class="Bavix\WalletBench\Test\Units\CartTest" classname="Bavix.WalletBench.Test.Units.CartTest" file="/Users/babichev/projects/laravel-wallet-benchmark/tests/Units/CartTest.php" line="33" assertions="1" time="1.463257"/>
          <testcase name="testPayFree" class="Bavix\WalletBench\Test\Units\CartTest" classname="Bavix.WalletBench.Test.Units.CartTest" file="/Users/babichev/projects/laravel-wallet-benchmark/tests/Units/CartTest.php" line="33" assertions="1" time="1.441898"/>
          <testcase name="testPayFree" class="Bavix\WalletBench\Test\Units\CartTest" classname="Bavix.WalletBench.Test.Units.CartTest" file="/Users/babichev/projects/laravel-wallet-benchmark/tests/Units/CartTest.php" line="33" assertions="1" time="1.450863"/>
          <testcase name="testPayFree" class="Bavix\WalletBench\Test\Units\CartTest" classname="Bavix.WalletBench.Test.Units.CartTest" file="/Users/babichev/projects/laravel-wallet-benchmark/tests/Units/CartTest.php" line="33" assertions="1" time="1.456707"/>
          <testcase name="testPayFree" class="Bavix\WalletBench\Test\Units\CartTest" classname="Bavix.WalletBench.Test.Units.CartTest" file="/Users/babichev/projects/laravel-wallet-benchmark/tests/Units/CartTest.php" line="33" assertions="1" time="1.502904"/>
          <testcase name="testPayFree" class="Bavix\WalletBench\Test\Units\CartTest" classname="Bavix.WalletBench.Test.Units.CartTest" file="/Users/babichev/projects/laravel-wallet-benchmark/tests/Units/CartTest.php" line="33" assertions="1" time="1.471647"/>
          <testcase name="testPayFree" class="Bavix\WalletBench\Test\Units\CartTest" classname="Bavix.WalletBench.Test.Units.CartTest" file="/Users/babichev/projects/laravel-wallet-benchmark/tests/Units/CartTest.php" line="33" assertions="1" time="1.430557"/>
        </testsuite>
      </testsuite>
      <testsuite name="Bavix\WalletBench\Test\Units\SoloTest" file="/Users/babichev/projects/laravel-wallet-benchmark/tests/Units/SoloTest.php" tests="600" assertions="600" errors="0" warnings="0" failures="0" skipped="0" time="15.159131">
        <testsuite name="Bavix\WalletBench\Test\Units\SoloTest::testGetBalance" tests="300" assertions="300" errors="0" warnings="0" failures="0" skipped="0" time="5.243850">
          <testcase name="testGetBalance" class="Bavix\WalletBench\Test\Units\SoloTest" classname="Bavix.WalletBench.Test.Units.SoloTest" file="/Users/babichev/projects/laravel-wallet-benchmark/tests/Units/SoloTest.php" line="17" assertions="1" time="0.017837"/>
          <testcase name="testGetBalance" class="Bavix\WalletBench\Test\Units\SoloTest" classname="Bavix.WalletBench.Test.Units.SoloTest" file="/Users/babichev/projects/laravel-wallet-benchmark/tests/Units/SoloTest.php" line="17" assertions="1" time="0.018954"/>
          <testcase name="testGetBalance" class="Bavix\WalletBench\Test\Units\SoloTest" classname="Bavix.WalletBench.Test.Units.SoloTest" file="/Users/babichev/projects/laravel-wallet-benchmark/tests/Units/SoloTest.php" line="17" assertions="1" time="0.017793"/>
          <testcase name="testGetBalance" class="Bavix\WalletBench\Test\Units\SoloTest" classname="Bavix.WalletBench.Test.Units.SoloTest" file="/Users/babichev/projects/laravel-wallet-benchmark/tests/Units/SoloTest.php" line="17" assertions="1" time="0.016651"/>
          <testcase name="testGetBalance" class="Bavix\WalletBench\Test\Units\SoloTest" classname="Bavix.WalletBench.Test.Units.SoloTest" file="/Users/babichev/projects/laravel-wallet-benchmark/tests/Units/SoloTest.php" line="17" assertions="1" time="0.017534"/>
          <testcase name="testGetBalance" class="Bavix\WalletBench\Test\Units\SoloTest" classname="Bavix.WalletBench.Test.Units.SoloTest" file="/Users/babichev/projects/laravel-wallet-benchmark/tests/Units/SoloTest.php" line="17" assertions="1" time="0.016495"/>
          <testcase name="testGetBalance" class="Bavix\WalletBench\Test\Units\SoloTest" classname="Bavix.WalletBench.Test.Units.SoloTest" file="/Users/babichev/projects/laravel-wallet-benchmark/tests/Units/SoloTest.php" line="17" assertions="1" time="0.018154"/>
          <testcase name="testGetBalance" class="Bavix\WalletBench\Test\Units\SoloTest" classname="Bavix.WalletBench.Test.Units.SoloTest" file="/Users/babichev/projects/laravel-wallet-benchmark/tests/Units/SoloTest.php" line="17" assertions="1" time="0.017463"/>
          <testcase name="testGetBalance" class="Bavix\WalletBench\Test\Units\SoloTest" classname="Bavix.WalletBench.Test.Units.SoloTest" file="/Users/babichev/projects/laravel-wallet-benchmark/tests/Units/SoloTest.php" line="17" assertions="1" time="0.017011"/>
          <testcase name="testGetBalance" class="Bavix\WalletBench\Test\Units\SoloTest" classname="Bavix.WalletBench.Test.Units.SoloTest" file="/Users/babichev/projects/laravel-wallet-benchmark/tests/Units/SoloTest.php" line="17" assertions="1" time="0.016347"/>
          <testcase name="testGetBalance" class="Bavix\WalletBench\Test\Units\SoloTest" classname="Bavix.WalletBench.Test.Units.SoloTest" file="/Users/babichev/projects/laravel-wallet-benchmark/tests/Units/SoloTest.php" line="17" assertions="1" time="0.017444"/>
          <testcase name="testGetBalance" class="Bavix\WalletBench\Test\Units\SoloTest" classname="Bavix.WalletBench.Test.Units.SoloTest" file="/Users/babichev/projects/laravel-wallet-benchmark/tests/Units/SoloTest.php" line="17" assertions="1" time="0.017880"/>
          <testcase name="testGetBalance" class="Bavix\WalletBench\Test\Units\SoloTest" classname="Bavix.WalletBench.Test.Units.SoloTest" file="/Users/babichev/projects/laravel-wallet-benchmark/tests/Units/SoloTest.php" line="17" assertions="1" time="0.016515"/>
          <testcase name="testGetBalance" class="Bavix\WalletBench\Test\Units\SoloTest" classname="Bavix.WalletBench.Test.Units.SoloTest" file="/Users/babichev/projects/laravel-wallet-benchmark/tests/Units/SoloTest.php" line="17" assertions="1" time="0.017449"/>
          <testcase name="testGetBalance" class="Bavix\WalletBench\Test\Units\SoloTest" classname="Bavix.WalletBench.Test.Units.SoloTest" file="/Users/babichev/projects/laravel-wallet-benchmark/tests/Units/SoloTest.php" line="17" assertions="1" time="0.018111"/>
          <testcase name="testGetBalance" class="Bavix\WalletBench\Test\Units\SoloTest" classname="Bavix.WalletBench.Test.Units.SoloTest" file="/Users/babichev/projects/laravel-wallet-benchmark/tests/Units/SoloTest.php" line="17" assertions="1" time="0.017407"/>
          <testcase name="testGetBalance" class="Bavix\WalletBench\Test\Units\SoloTest" classname="Bavix.WalletBench.Test.Units.SoloTest" file="/Users/babichev/projects/laravel-wallet-benchmark/tests/Units/SoloTest.php" line="17" assertions="1" time="0.016613"/>
          <testcase name="testGetBalance" class="Bavix\WalletBench\Test\Units\SoloTest" classname="Bavix.WalletBench.Test.Units.SoloTest" file="/Users/babichev/projects/laravel-wallet-benchmark/tests/Units/SoloTest.php" line="17" assertions="1" time="0.019799"/>
          <testcase name="testGetBalance" class="Bavix\WalletBench\Test\Units\SoloTest" classname="Bavix.WalletBench.Test.Units.SoloTest" file="/Users/babichev/projects/laravel-wallet-benchmark/tests/Units/SoloTest.php" line="17" assertions="1" time="0.017032"/>
          <testcase name="testGetBalance" class="Bavix\WalletBench\Test\Units\SoloTest" classname="Bavix.WalletBench.Test.Units.SoloTest" file="/Users/babichev/projects/laravel-wallet-benchmark/tests/Units/SoloTest.php" line="17" assertions="1" time="0.016932"/>
          <testcase name="testGetBalance" class="Bavix\WalletBench\Test\Units\SoloTest" classname="Bavix.WalletBench.Test.Units.SoloTest" file="/Users/babichev/projects/laravel-wallet-benchmark/tests/Units/SoloTest.php" line="17" assertions="1" time="0.018469"/>
          <testcase name="testGetBalance" class="Bavix\WalletBench\Test\Units\SoloTest" classname="Bavix.WalletBench.Test.Units.SoloTest" file="/Users/babichev/projects/laravel-wallet-benchmark/tests/Units/SoloTest.php" line="17" assertions="1" time="0.019312"/>
          <testcase name="testGetBalance" class="Bavix\WalletBench\Test\Units\SoloTest" classname="Bavix.WalletBench.Test.Units.SoloTest" file="/Users/babichev/projects/laravel-wallet-benchmark/tests/Units/SoloTest.php" line="17" assertions="1" time="0.018323"/>
          <testcase name="testGetBalance" class="Bavix\WalletBench\Test\Units\SoloTest" classname="Bavix.WalletBench.Test.Units.SoloTest" file="/Users/babichev/projects/laravel-wallet-benchmark/tests/Units/SoloTest.php" line="17" assertions="1" time="0.016141"/>
          <testcase name="testGetBalance" class="Bavix\WalletBench\Test\Units\SoloTest" classname="Bavix.WalletBench.Test.Units.SoloTest" file="/Users/babichev/projects/laravel-wallet-benchmark/tests/Units/SoloTest.php" line="17" assertions="1" time="0.017223"/>
          <testcase name="testGetBalance" class="Bavix\WalletBench\Test\Units\SoloTest" classname="Bavix.WalletBench.Test.Units.SoloTest" file="/Users/babichev/projects/laravel-wallet-benchmark/tests/Units/SoloTest.php" line="17" assertions="1" time="0.017247"/>
          <testcase name="testGetBalance" class="Bavix\WalletBench\Test\Units\SoloTest" classname="Bavix.WalletBench.Test.Units.SoloTest" file="/Users/babichev/projects/laravel-wallet-benchmark/tests/Units/SoloTest.php" line="17" assertions="1" time="0.018101"/>
          <testcase name="testGetBalance" class="Bavix\WalletBench\Test\Units\SoloTest" classname="Bavix.WalletBench.Test.Units.SoloTest" file="/Users/babichev/projects/laravel-wallet-benchmark/tests/Units/SoloTest.php" line="17" assertions="1" time="0.017533"/>
          <testcase name="testGetBalance" class="Bavix\WalletBench\Test\Units\SoloTest" classname="Bavix.WalletBench.Test.Units.SoloTest" file="/Users/babichev/projects/laravel-wallet-benchmark/tests/Units/SoloTest.php" line="17" assertions="1" time="0.016846"/>
          <testcase name="testGetBalance" class="Bavix\WalletBench\Test\Units\SoloTest" classname="Bavix.WalletBench.Test.Units.SoloTest" file="/Users/babichev/projects/laravel-wallet-benchmark/tests/Units/SoloTest.php" line="17" assertions="1" time="0.015853"/>
          <testcase name="testGetBalance" class="Bavix\WalletBench\Test\Units\SoloTest" classname="Bavix.WalletBench.Test.Units.SoloTest" file="/Users/babichev/projects/laravel-wallet-benchmark/tests/Units/SoloTest.php" line="17" assertions="1" time="0.017164"/>
          <testcase name="testGetBalance" class="Bavix\WalletBench\Test\Units\SoloTest" classname="Bavix.WalletBench.Test.Units.SoloTest" file="/Users/babichev/projects/laravel-wallet-benchmark/tests/Units/SoloTest.php" line="17" assertions="1" time="0.017411"/>
          <testcase name="testGetBalance" class="Bavix\WalletBench\Test\Units\SoloTest" classname="Bavix.WalletBench.Test.Units.SoloTest" file="/Users/babichev/projects/laravel-wallet-benchmark/tests/Units/SoloTest.php" line="17" assertions="1" time="0.017185"/>
          <testcase name="testGetBalance" class="Bavix\WalletBench\Test\Units\SoloTest" classname="Bavix.WalletBench.Test.Units.SoloTest" file="/Users/babichev/projects/laravel-wallet-benchmark/tests/Units/SoloTest.php" line="17" assertions="1" time="0.017307"/>
          <testcase name="testGetBalance" class="Bavix\WalletBench\Test\Units\SoloTest" classname="Bavix.WalletBench.Test.Units.SoloTest" file="/Users/babichev/projects/laravel-wallet-benchmark/tests/Units/SoloTest.php" line="17" assertions="1" time="0.017790"/>
          <testcase name="testGetBalance" class="Bavix\WalletBench\Test\Units\SoloTest" classname="Bavix.WalletBench.Test.Units.SoloTest" file="/Users/babichev/projects/laravel-wallet-benchmark/tests/Units/SoloTest.php" line="17" assertions="1" time="0.016562"/>
          <testcase name="testGetBalance" class="Bavix\WalletBench\Test\Units\SoloTest" classname="Bavix.WalletBench.Test.Units.SoloTest" file="/Users/babichev/projects/laravel-wallet-benchmark/tests/Units/SoloTest.php" line="17" assertions="1" time="0.016898"/>
          <testcase name="testGetBalance" class="Bavix\WalletBench\Test\Units\SoloTest" classname="Bavix.WalletBench.Test.Units.SoloTest" file="/Users/babichev/projects/laravel-wallet-benchmark/tests/Units/SoloTest.php" line="17" assertions="1" time="0.017754"/>
          <testcase name="testGetBalance" class="Bavix\WalletBench\Test\Units\SoloTest" classname="Bavix.WalletBench.Test.Units.SoloTest" file="/Users/babichev/projects/laravel-wallet-benchmark/tests/Units/SoloTest.php" line="17" assertions="1" time="0.017059"/>
          <testcase name="testGetBalance" class="Bavix\WalletBench\Test\Units\SoloTest" classname="Bavix.WalletBench.Test.Units.SoloTest" file="/Users/babichev/projects/laravel-wallet-benchmark/tests/Units/SoloTest.php" line="17" assertions="1" time="0.017993"/>
          <testcase name="testGetBalance" class="Bavix\WalletBench\Test\Units\SoloTest" classname="Bavix.WalletBench.Test.Units.SoloTest" file="/Users/babichev/projects/laravel-wallet-benchmark/tests/Units/SoloTest.php" line="17" assertions="1" time="0.016589"/>
          <testcase name="testGetBalance" class="Bavix\WalletBench\Test\Units\SoloTest" classname="Bavix.WalletBench.Test.Units.SoloTest" file="/Users/babichev/projects/laravel-wallet-benchmark/tests/Units/SoloTest.php" line="17" assertions="1" time="0.017392"/>
          <testcase name="testGetBalance" class="Bavix\WalletBench\Test\Units\SoloTest" classname="Bavix.WalletBench.Test.Units.SoloTest" file="/Users/babichev/projects/laravel-wallet-benchmark/tests/Units/SoloTest.php" line="17" assertions="1" time="0.016153"/>
          <testcase name="testGetBalance" class="Bavix\WalletBench\Test\Units\SoloTest" classname="Bavix.WalletBench.Test.Units.SoloTest" file="/Users/babichev/projects/laravel-wallet-benchmark/tests/Units/SoloTest.php" line="17" assertions="1" time="0.018049"/>
          <testcase name="testGetBalance" class="Bavix\WalletBench\Test\Units\SoloTest" classname="Bavix.WalletBench.Test.Units.SoloTest" file="/Users/babichev/projects/laravel-wallet-benchmark/tests/Units/SoloTest.php" line="17" assertions="1" time="0.016925"/>
          <testcase name="testGetBalance" class="Bavix\WalletBench\Test\Units\SoloTest" classname="Bavix.WalletBench.Test.Units.SoloTest" file="/Users/babichev/projects/laravel-wallet-benchmark/tests/Units/SoloTest.php" line="17" assertions="1" time="0.017335"/>
          <testcase name="testGetBalance" class="Bavix\WalletBench\Test\Units\SoloTest" classname="Bavix.WalletBench.Test.Units.SoloTest" file="/Users/babichev/projects/laravel-wallet-benchmark/tests/Units/SoloTest.php" line="17" assertions="1" time="0.016581"/>
          <testcase name="testGetBalance" class="Bavix\WalletBench\Test\Units\SoloTest" classname="Bavix.WalletBench.Test.Units.SoloTest" file="/Users/babichev/projects/laravel-wallet-benchmark/tests/Units/SoloTest.php" line="17" assertions="1" time="0.017024"/>
          <testcase name="testGetBalance" class="Bavix\WalletBench\Test\Units\SoloTest" classname="Bavix.WalletBench.Test.Units.SoloTest" file="/Users/babichev/projects/laravel-wallet-benchmark/tests/Units/SoloTest.php" line="17" assertions="1" time="0.017156"/>
          <testcase name="testGetBalance" class="Bavix\WalletBench\Test\Units\SoloTest" classname="Bavix.WalletBench.Test.Units.SoloTest" file="/Users/babichev/projects/laravel-wallet-benchmark/tests/Units/SoloTest.php" line="17" assertions="1" time="0.017238"/>
          <testcase name="testGetBalance" class="Bavix\WalletBench\Test\Units\SoloTest" classname="Bavix.WalletBench.Test.Units.SoloTest" file="/Users/babichev/projects/laravel-wallet-benchmark/tests/Units/SoloTest.php" line="17" assertions="1" time="0.016998"/>
          <testcase name="testGetBalance" class="Bavix\WalletBench\Test\Units\SoloTest" classname="Bavix.WalletBench.Test.Units.SoloTest" file="/Users/babichev/projects/laravel-wallet-benchmark/tests/Units/SoloTest.php" line="17" assertions="1" time="0.016990"/>
          <testcase name="testGetBalance" class="Bavix\WalletBench\Test\Units\SoloTest" classname="Bavix.WalletBench.Test.Units.SoloTest" file="/Users/babichev/projects/laravel-wallet-benchmark/tests/Units/SoloTest.php" line="17" assertions="1" time="0.017052"/>
          <testcase name="testGetBalance" class="Bavix\WalletBench\Test\Units\SoloTest" classname="Bavix.WalletBench.Test.Units.SoloTest" file="/Users/babichev/projects/laravel-wallet-benchmark/tests/Units/SoloTest.php" line="17" assertions="1" time="0.017151"/>
          <testcase name="testGetBalance" class="Bavix\WalletBench\Test\Units\SoloTest" classname="Bavix.WalletBench.Test.Units.SoloTest" file="/Users/babichev/projects/laravel-wallet-benchmark/tests/Units/SoloTest.php" line="17" assertions="1" time="0.016839"/>
          <testcase name="testGetBalance" class="Bavix\WalletBench\Test\Units\SoloTest" classname="Bavix.WalletBench.Test.Units.SoloTest" file="/Users/babichev/projects/laravel-wallet-benchmark/tests/Units/SoloTest.php" line="17" assertions="1" time="0.017173"/>
          <testcase name="testGetBalance" class="Bavix\WalletBench\Test\Units\SoloTest" classname="Bavix.WalletBench.Test.Units.SoloTest" file="/Users/babichev/projects/laravel-wallet-benchmark/tests/Units/SoloTest.php" line="17" assertions="1" time="0.016548"/>
          <testcase name="testGetBalance" class="Bavix\WalletBench\Test\Units\SoloTest" classname="Bavix.WalletBench.Test.Units.SoloTest" file="/Users/babichev/projects/laravel-wallet-benchmark/tests/Units/SoloTest.php" line="17" assertions="1" time="0.017481"/>
          <testcase name="testGetBalance" class="Bavix\WalletBench\Test\Units\SoloTest" classname="Bavix.WalletBench.Test.Units.SoloTest" file="/Users/babichev/projects/laravel-wallet-benchmark/tests/Units/SoloTest.php" line="17" assertions="1" time="0.017735"/>
          <testcase name="testGetBalance" class="Bavix\WalletBench\Test\Units\SoloTest" classname="Bavix.WalletBench.Test.Units.SoloTest" file="/Users/babichev/projects/laravel-wallet-benchmark/tests/Units/SoloTest.php" line="17" assertions="1" time="0.016648"/>
          <testcase name="testGetBalance" class="Bavix\WalletBench\Test\Units\SoloTest" classname="Bavix.WalletBench.Test.Units.SoloTest" file="/Users/babichev/projects/laravel-wallet-benchmark/tests/Units/SoloTest.php" line="17" assertions="1" time="0.016474"/>
          <testcase name="testGetBalance" class="Bavix\WalletBench\Test\Units\SoloTest" classname="Bavix.WalletBench.Test.Units.SoloTest" file="/Users/babichev/projects/laravel-wallet-benchmark/tests/Units/SoloTest.php" line="17" assertions="1" time="0.016955"/>
          <testcase name="testGetBalance" class="Bavix\WalletBench\Test\Units\SoloTest" classname="Bavix.WalletBench.Test.Units.SoloTest" file="/Users/babichev/projects/laravel-wallet-benchmark/tests/Units/SoloTest.php" line="17" assertions="1" time="0.018219"/>
          <testcase name="testGetBalance" class="Bavix\WalletBench\Test\Units\SoloTest" classname="Bavix.WalletBench.Test.Units.SoloTest" file="/Users/babichev/projects/laravel-wallet-benchmark/tests/Units/SoloTest.php" line="17" assertions="1" time="0.017563"/>
          <testcase name="testGetBalance" class="Bavix\WalletBench\Test\Units\SoloTest" classname="Bavix.WalletBench.Test.Units.SoloTest" file="/Users/babichev/projects/laravel-wallet-benchmark/tests/Units/SoloTest.php" line="17" assertions="1" time="0.019022"/>
          <testcase name="testGetBalance" class="Bavix\WalletBench\Test\Units\SoloTest" classname="Bavix.WalletBench.Test.Units.SoloTest" file="/Users/babichev/projects/laravel-wallet-benchmark/tests/Units/SoloTest.php" line="17" assertions="1" time="0.017558"/>
          <testcase name="testGetBalance" class="Bavix\WalletBench\Test\Units\SoloTest" classname="Bavix.WalletBench.Test.Units.SoloTest" file="/Users/babichev/projects/laravel-wallet-benchmark/tests/Units/SoloTest.php" line="17" assertions="1" time="0.016390"/>
          <testcase name="testGetBalance" class="Bavix\WalletBench\Test\Units\SoloTest" classname="Bavix.WalletBench.Test.Units.SoloTest" file="/Users/babichev/projects/laravel-wallet-benchmark/tests/Units/SoloTest.php" line="17" assertions="1" time="0.017077"/>
          <testcase name="testGetBalance" class="Bavix\WalletBench\Test\Units\SoloTest" classname="Bavix.WalletBench.Test.Units.SoloTest" file="/Users/babichev/projects/laravel-wallet-benchmark/tests/Units/SoloTest.php" line="17" assertions="1" time="0.018252"/>
          <testcase name="testGetBalance" class="Bavix\WalletBench\Test\Units\SoloTest" classname="Bavix.WalletBench.Test.Units.SoloTest" file="/Users/babichev/projects/laravel-wallet-benchmark/tests/Units/SoloTest.php" line="17" assertions="1" time="0.017644"/>
          <testcase name="testGetBalance" class="Bavix\WalletBench\Test\Units\SoloTest" classname="Bavix.WalletBench.Test.Units.SoloTest" file="/Users/babichev/projects/laravel-wallet-benchmark/tests/Units/SoloTest.php" line="17" assertions="1" time="0.016475"/>
          <testcase name="testGetBalance" class="Bavix\WalletBench\Test\Units\SoloTest" classname="Bavix.WalletBench.Test.Units.SoloTest" file="/Users/babichev/projects/laravel-wallet-benchmark/tests/Units/SoloTest.php" line="17" assertions="1" time="0.017205"/>
          <testcase name="testGetBalance" class="Bavix\WalletBench\Test\Units\SoloTest" classname="Bavix.WalletBench.Test.Units.SoloTest" file="/Users/babichev/projects/laravel-wallet-benchmark/tests/Units/SoloTest.php" line="17" assertions="1" time="0.016070"/>
          <testcase name="testGetBalance" class="Bavix\WalletBench\Test\Units\SoloTest" classname="Bavix.WalletBench.Test.Units.SoloTest" file="/Users/babichev/projects/laravel-wallet-benchmark/tests/Units/SoloTest.php" line="17" assertions="1" time="0.018497"/>
          <testcase name="testGetBalance" class="Bavix\WalletBench\Test\Units\SoloTest" classname="Bavix.WalletBench.Test.Units.SoloTest" file="/Users/babichev/projects/laravel-wallet-benchmark/tests/Units/SoloTest.php" line="17" assertions="1" time="0.016244"/>
          <testcase name="testGetBalance" class="Bavix\WalletBench\Test\Units\SoloTest" classname="Bavix.WalletBench.Test.Units.SoloTest" file="/Users/babichev/projects/laravel-wallet-benchmark/tests/Units/SoloTest.php" line="17" assertions="1" time="0.017571"/>
          <testcase name="testGetBalance" class="Bavix\WalletBench\Test\Units\SoloTest" classname="Bavix.WalletBench.Test.Units.SoloTest" file="/Users/babichev/projects/laravel-wallet-benchmark/tests/Units/SoloTest.php" line="17" assertions="1" time="0.016997"/>
          <testcase name="testGetBalance" class="Bavix\WalletBench\Test\Units\SoloTest" classname="Bavix.WalletBench.Test.Units.SoloTest" file="/Users/babichev/projects/laravel-wallet-benchmark/tests/Units/SoloTest.php" line="17" assertions="1" time="0.016902"/>
          <testcase name="testGetBalance" class="Bavix\WalletBench\Test\Units\SoloTest" classname="Bavix.WalletBench.Test.Units.SoloTest" file="/Users/babichev/projects/laravel-wallet-benchmark/tests/Units/SoloTest.php" line="17" assertions="1" time="0.017545"/>
          <testcase name="testGetBalance" class="Bavix\WalletBench\Test\Units\SoloTest" classname="Bavix.WalletBench.Test.Units.SoloTest" file="/Users/babichev/projects/laravel-wallet-benchmark/tests/Units/SoloTest.php" line="17" assertions="1" time="0.016724"/>
          <testcase name="testGetBalance" class="Bavix\WalletBench\Test\Units\SoloTest" classname="Bavix.WalletBench.Test.Units.SoloTest" file="/Users/babichev/projects/laravel-wallet-benchmark/tests/Units/SoloTest.php" line="17" assertions="1" time="0.016872"/>
          <testcase name="testGetBalance" class="Bavix\WalletBench\Test\Units\SoloTest" classname="Bavix.WalletBench.Test.Units.SoloTest" file="/Users/babichev/projects/laravel-wallet-benchmark/tests/Units/SoloTest.php" line="17" assertions="1" time="0.017214"/>
          <testcase name="testGetBalance" class="Bavix\WalletBench\Test\Units\SoloTest" classname="Bavix.WalletBench.Test.Units.SoloTest" file="/Users/babichev/projects/laravel-wallet-benchmark/tests/Units/SoloTest.php" line="17" assertions="1" time="0.017510"/>
          <testcase name="testGetBalance" class="Bavix\WalletBench\Test\Units\SoloTest" classname="Bavix.WalletBench.Test.Units.SoloTest" file="/Users/babichev/projects/laravel-wallet-benchmark/tests/Units/SoloTest.php" line="17" assertions="1" time="0.016633"/>
          <testcase name="testGetBalance" class="Bavix\WalletBench\Test\Units\SoloTest" classname="Bavix.WalletBench.Test.Units.SoloTest" file="/Users/babichev/projects/laravel-wallet-benchmark/tests/Units/SoloTest.php" line="17" assertions="1" time="0.026680"/>
          <testcase name="testGetBalance" class="Bavix\WalletBench\Test\Units\SoloTest" classname="Bavix.WalletBench.Test.Units.SoloTest" file="/Users/babichev/projects/laravel-wallet-benchmark/tests/Units/SoloTest.php" line="17" assertions="1" time="0.017143"/>
          <testcase name="testGetBalance" class="Bavix\WalletBench\Test\Units\SoloTest" classname="Bavix.WalletBench.Test.Units.SoloTest" file="/Users/babichev/projects/laravel-wallet-benchmark/tests/Units/SoloTest.php" line="17" assertions="1" time="0.018419"/>
          <testcase name="testGetBalance" class="Bavix\WalletBench\Test\Units\SoloTest" classname="Bavix.WalletBench.Test.Units.SoloTest" file="/Users/babichev/projects/laravel-wallet-benchmark/tests/Units/SoloTest.php" line="17" assertions="1" time="0.017837"/>
          <testcase name="testGetBalance" class="Bavix\WalletBench\Test\Units\SoloTest" classname="Bavix.WalletBench.Test.Units.SoloTest" file="/Users/babichev/projects/laravel-wallet-benchmark/tests/Units/SoloTest.php" line="17" assertions="1" time="0.016809"/>
          <testcase name="testGetBalance" class="Bavix\WalletBench\Test\Units\SoloTest" classname="Bavix.WalletBench.Test.Units.SoloTest" file="/Users/babichev/projects/laravel-wallet-benchmark/tests/Units/SoloTest.php" line="17" assertions="1" time="0.016434"/>
          <testcase name="testGetBalance" class="Bavix\WalletBench\Test\Units\SoloTest" classname="Bavix.WalletBench.Test.Units.SoloTest" file="/Users/babichev/projects/laravel-wallet-benchmark/tests/Units/SoloTest.php" line="17" assertions="1" time="0.016693"/>
          <testcase name="testGetBalance" class="Bavix\WalletBench\Test\Units\SoloTest" classname="Bavix.WalletBench.Test.Units.SoloTest" file="/Users/babichev/projects/laravel-wallet-benchmark/tests/Units/SoloTest.php" line="17" assertions="1" time="0.017581"/>
          <testcase name="testGetBalance" class="Bavix\WalletBench\Test\Units\SoloTest" classname="Bavix.WalletBench.Test.Units.SoloTest" file="/Users/babichev/projects/laravel-wallet-benchmark/tests/Units/SoloTest.php" line="17" assertions="1" time="0.019140"/>
          <testcase name="testGetBalance" class="Bavix\WalletBench\Test\Units\SoloTest" classname="Bavix.WalletBench.Test.Units.SoloTest" file="/Users/babichev/projects/laravel-wallet-benchmark/tests/Units/SoloTest.php" line="17" assertions="1" time="0.017556"/>
          <testcase name="testGetBalance" class="Bavix\WalletBench\Test\Units\SoloTest" classname="Bavix.WalletBench.Test.Units.SoloTest" file="/Users/babichev/projects/laravel-wallet-benchmark/tests/Units/SoloTest.php" line="17" assertions="1" time="0.017866"/>
          <testcase name="testGetBalance" class="Bavix\WalletBench\Test\Units\SoloTest" classname="Bavix.WalletBench.Test.Units.SoloTest" file="/Users/babichev/projects/laravel-wallet-benchmark/tests/Units/SoloTest.php" line="17" assertions="1" time="0.016720"/>
          <testcase name="testGetBalance" class="Bavix\WalletBench\Test\Units\SoloTest" classname="Bavix.WalletBench.Test.Units.SoloTest" file="/Users/babichev/projects/laravel-wallet-benchmark/tests/Units/SoloTest.php" line="17" assertions="1" time="0.018249"/>
          <testcase name="testGetBalance" class="Bavix\WalletBench\Test\Units\SoloTest" classname="Bavix.WalletBench.Test.Units.SoloTest" file="/Users/babichev/projects/laravel-wallet-benchmark/tests/Units/SoloTest.php" line="17" assertions="1" time="0.018240"/>
          <testcase name="testGetBalance" class="Bavix\WalletBench\Test\Units\SoloTest" classname="Bavix.WalletBench.Test.Units.SoloTest" file="/Users/babichev/projects/laravel-wallet-benchmark/tests/Units/SoloTest.php" line="17" assertions="1" time="0.017441"/>
          <testcase name="testGetBalance" class="Bavix\WalletBench\Test\Units\SoloTest" classname="Bavix.WalletBench.Test.Units.SoloTest" file="/Users/babichev/projects/laravel-wallet-benchmark/tests/Units/SoloTest.php" line="17" assertions="1" time="0.015907"/>
          <testcase name="testGetBalance" class="Bavix\WalletBench\Test\Units\SoloTest" classname="Bavix.WalletBench.Test.Units.SoloTest" file="/Users/babichev/projects/laravel-wallet-benchmark/tests/Units/SoloTest.php" line="17" assertions="1" time="0.017560"/>
          <testcase name="testGetBalance" class="Bavix\WalletBench\Test\Units\SoloTest" classname="Bavix.WalletBench.Test.Units.SoloTest" file="/Users/babichev/projects/laravel-wallet-benchmark/tests/Units/SoloTest.php" line="17" assertions="1" time="0.019411"/>
          <testcase name="testGetBalance" class="Bavix\WalletBench\Test\Units\SoloTest" classname="Bavix.WalletBench.Test.Units.SoloTest" file="/Users/babichev/projects/laravel-wallet-benchmark/tests/Units/SoloTest.php" line="17" assertions="1" time="0.017901"/>
          <testcase name="testGetBalance" class="Bavix\WalletBench\Test\Units\SoloTest" classname="Bavix.WalletBench.Test.Units.SoloTest" file="/Users/babichev/projects/laravel-wallet-benchmark/tests/Units/SoloTest.php" line="17" assertions="1" time="0.017181"/>
          <testcase name="testGetBalance" class="Bavix\WalletBench\Test\Units\SoloTest" classname="Bavix.WalletBench.Test.Units.SoloTest" file="/Users/babichev/projects/laravel-wallet-benchmark/tests/Units/SoloTest.php" line="17" assertions="1" time="0.017425"/>
          <testcase name="testGetBalance" class="Bavix\WalletBench\Test\Units\SoloTest" classname="Bavix.WalletBench.Test.Units.SoloTest" file="/Users/babichev/projects/laravel-wallet-benchmark/tests/Units/SoloTest.php" line="17" assertions="1" time="0.018854"/>
          <testcase name="testGetBalance" class="Bavix\WalletBench\Test\Units\SoloTest" classname="Bavix.WalletBench.Test.Units.SoloTest" file="/Users/babichev/projects/laravel-wallet-benchmark/tests/Units/SoloTest.php" line="17" assertions="1" time="0.017499"/>
          <testcase name="testGetBalance" class="Bavix\WalletBench\Test\Units\SoloTest" classname="Bavix.WalletBench.Test.Units.SoloTest" file="/Users/babichev/projects/laravel-wallet-benchmark/tests/Units/SoloTest.php" line="17" assertions="1" time="0.018354"/>
          <testcase name="testGetBalance" class="Bavix\WalletBench\Test\Units\SoloTest" classname="Bavix.WalletBench.Test.Units.SoloTest" file="/Users/babichev/projects/laravel-wallet-benchmark/tests/Units/SoloTest.php" line="17" assertions="1" time="0.017120"/>
          <testcase name="testGetBalance" class="Bavix\WalletBench\Test\Units\SoloTest" classname="Bavix.WalletBench.Test.Units.SoloTest" file="/Users/babichev/projects/laravel-wallet-benchmark/tests/Units/SoloTest.php" line="17" assertions="1" time="0.018009"/>
          <testcase name="testGetBalance" class="Bavix\WalletBench\Test\Units\SoloTest" classname="Bavix.WalletBench.Test.Units.SoloTest" file="/Users/babichev/projects/laravel-wallet-benchmark/tests/Units/SoloTest.php" line="17" assertions="1" time="0.017526"/>
          <testcase name="testGetBalance" class="Bavix\WalletBench\Test\Units\SoloTest" classname="Bavix.WalletBench.Test.Units.SoloTest" file="/Users/babichev/projects/laravel-wallet-benchmark/tests/Units/SoloTest.php" line="17" assertions="1" time="0.017243"/>
          <testcase name="testGetBalance" class="Bavix\WalletBench\Test\Units\SoloTest" classname="Bavix.WalletBench.Test.Units.SoloTest" file="/Users/babichev/projects/laravel-wallet-benchmark/tests/Units/SoloTest.php" line="17" assertions="1" time="0.017764"/>
          <testcase name="testGetBalance" class="Bavix\WalletBench\Test\Units\SoloTest" classname="Bavix.WalletBench.Test.Units.SoloTest" file="/Users/babichev/projects/laravel-wallet-benchmark/tests/Units/SoloTest.php" line="17" assertions="1" time="0.017300"/>
          <testcase name="testGetBalance" class="Bavix\WalletBench\Test\Units\SoloTest" classname="Bavix.WalletBench.Test.Units.SoloTest" file="/Users/babichev/projects/laravel-wallet-benchmark/tests/Units/SoloTest.php" line="17" assertions="1" time="0.018480"/>
          <testcase name="testGetBalance" class="Bavix\WalletBench\Test\Units\SoloTest" classname="Bavix.WalletBench.Test.Units.SoloTest" file="/Users/babichev/projects/laravel-wallet-benchmark/tests/Units/SoloTest.php" line="17" assertions="1" time="0.017752"/>
          <testcase name="testGetBalance" class="Bavix\WalletBench\Test\Units\SoloTest" classname="Bavix.WalletBench.Test.Units.SoloTest" file="/Users/babichev/projects/laravel-wallet-benchmark/tests/Units/SoloTest.php" line="17" assertions="1" time="0.016590"/>
          <testcase name="testGetBalance" class="Bavix\WalletBench\Test\Units\SoloTest" classname="Bavix.WalletBench.Test.Units.SoloTest" file="/Users/babichev/projects/laravel-wallet-benchmark/tests/Units/SoloTest.php" line="17" assertions="1" time="0.017252"/>
          <testcase name="testGetBalance" class="Bavix\WalletBench\Test\Units\SoloTest" classname="Bavix.WalletBench.Test.Units.SoloTest" file="/Users/babichev/projects/laravel-wallet-benchmark/tests/Units/SoloTest.php" line="17" assertions="1" time="0.017133"/>
          <testcase name="testGetBalance" class="Bavix\WalletBench\Test\Units\SoloTest" classname="Bavix.WalletBench.Test.Units.SoloTest" file="/Users/babichev/projects/laravel-wallet-benchmark/tests/Units/SoloTest.php" line="17" assertions="1" time="0.018396"/>
          <testcase name="testGetBalance" class="Bavix\WalletBench\Test\Units\SoloTest" classname="Bavix.WalletBench.Test.Units.SoloTest" file="/Users/babichev/projects/laravel-wallet-benchmark/tests/Units/SoloTest.php" line="17" assertions="1" time="0.017751"/>
          <testcase name="testGetBalance" class="Bavix\WalletBench\Test\Units\SoloTest" classname="Bavix.WalletBench.Test.Units.SoloTest" file="/Users/babichev/projects/laravel-wallet-benchmark/tests/Units/SoloTest.php" line="17" assertions="1" time="0.018354"/>
          <testcase name="testGetBalance" class="Bavix\WalletBench\Test\Units\SoloTest" classname="Bavix.WalletBench.Test.Units.SoloTest" file="/Users/babichev/projects/laravel-wallet-benchmark/tests/Units/SoloTest.php" line="17" assertions="1" time="0.019248"/>
          <testcase name="testGetBalance" class="Bavix\WalletBench\Test\Units\SoloTest" classname="Bavix.WalletBench.Test.Units.SoloTest" file="/Users/babichev/projects/laravel-wallet-benchmark/tests/Units/SoloTest.php" line="17" assertions="1" time="0.018144"/>
          <testcase name="testGetBalance" class="Bavix\WalletBench\Test\Units\SoloTest" classname="Bavix.WalletBench.Test.Units.SoloTest" file="/Users/babichev/projects/laravel-wallet-benchmark/tests/Units/SoloTest.php" line="17" assertions="1" time="0.016865"/>
          <testcase name="testGetBalance" class="Bavix\WalletBench\Test\Units\SoloTest" classname="Bavix.WalletBench.Test.Units.SoloTest" file="/Users/babichev/projects/laravel-wallet-benchmark/tests/Units/SoloTest.php" line="17" assertions="1" time="0.018185"/>
          <testcase name="testGetBalance" class="Bavix\WalletBench\Test\Units\SoloTest" classname="Bavix.WalletBench.Test.Units.SoloTest" file="/Users/babichev/projects/laravel-wallet-benchmark/tests/Units/SoloTest.php" line="17" assertions="1" time="0.016743"/>
          <testcase name="testGetBalance" class="Bavix\WalletBench\Test\Units\SoloTest" classname="Bavix.WalletBench.Test.Units.SoloTest" file="/Users/babichev/projects/laravel-wallet-benchmark/tests/Units/SoloTest.php" line="17" assertions="1" time="0.017209"/>
          <testcase name="testGetBalance" class="Bavix\WalletBench\Test\Units\SoloTest" classname="Bavix.WalletBench.Test.Units.SoloTest" file="/Users/babichev/projects/laravel-wallet-benchmark/tests/Units/SoloTest.php" line="17" assertions="1" time="0.017857"/>
          <testcase name="testGetBalance" class="Bavix\WalletBench\Test\Units\SoloTest" classname="Bavix.WalletBench.Test.Units.SoloTest" file="/Users/babichev/projects/laravel-wallet-benchmark/tests/Units/SoloTest.php" line="17" assertions="1" time="0.018652"/>
          <testcase name="testGetBalance" class="Bavix\WalletBench\Test\Units\SoloTest" classname="Bavix.WalletBench.Test.Units.SoloTest" file="/Users/babichev/projects/laravel-wallet-benchmark/tests/Units/SoloTest.php" line="17" assertions="1" time="0.018034"/>
          <testcase name="testGetBalance" class="Bavix\WalletBench\Test\Units\SoloTest" classname="Bavix.WalletBench.Test.Units.SoloTest" file="/Users/babichev/projects/laravel-wallet-benchmark/tests/Units/SoloTest.php" line="17" assertions="1" time="0.016528"/>
          <testcase name="testGetBalance" class="Bavix\WalletBench\Test\Units\SoloTest" classname="Bavix.WalletBench.Test.Units.SoloTest" file="/Users/babichev/projects/laravel-wallet-benchmark/tests/Units/SoloTest.php" line="17" assertions="1" time="0.017175"/>
          <testcase name="testGetBalance" class="Bavix\WalletBench\Test\Units\SoloTest" classname="Bavix.WalletBench.Test.Units.SoloTest" file="/Users/babichev/projects/laravel-wallet-benchmark/tests/Units/SoloTest.php" line="17" assertions="1" time="0.017286"/>
          <testcase name="testGetBalance" class="Bavix\WalletBench\Test\Units\SoloTest" classname="Bavix.WalletBench.Test.Units.SoloTest" file="/Users/babichev/projects/laravel-wallet-benchmark/tests/Units/SoloTest.php" line="17" assertions="1" time="0.017046"/>
          <testcase name="testGetBalance" class="Bavix\WalletBench\Test\Units\SoloTest" classname="Bavix.WalletBench.Test.Units.SoloTest" file="/Users/babichev/projects/laravel-wallet-benchmark/tests/Units/SoloTest.php" line="17" assertions="1" time="0.018067"/>
          <testcase name="testGetBalance" class="Bavix\WalletBench\Test\Units\SoloTest" classname="Bavix.WalletBench.Test.Units.SoloTest" file="/Users/babichev/projects/laravel-wallet-benchmark/tests/Units/SoloTest.php" line="17" assertions="1" time="0.018706"/>
          <testcase name="testGetBalance" class="Bavix\WalletBench\Test\Units\SoloTest" classname="Bavix.WalletBench.Test.Units.SoloTest" file="/Users/babichev/projects/laravel-wallet-benchmark/tests/Units/SoloTest.php" line="17" assertions="1" time="0.017694"/>
          <testcase name="testGetBalance" class="Bavix\WalletBench\Test\Units\SoloTest" classname="Bavix.WalletBench.Test.Units.SoloTest" file="/Users/babichev/projects/laravel-wallet-benchmark/tests/Units/SoloTest.php" line="17" assertions="1" time="0.017153"/>
          <testcase name="testGetBalance" class="Bavix\WalletBench\Test\Units\SoloTest" classname="Bavix.WalletBench.Test.Units.SoloTest" file="/Users/babichev/projects/laravel-wallet-benchmark/tests/Units/SoloTest.php" line="17" assertions="1" time="0.017377"/>
          <testcase name="testGetBalance" class="Bavix\WalletBench\Test\Units\SoloTest" classname="Bavix.WalletBench.Test.Units.SoloTest" file="/Users/babichev/projects/laravel-wallet-benchmark/tests/Units/SoloTest.php" line="17" assertions="1" time="0.017812"/>
          <testcase name="testGetBalance" class="Bavix\WalletBench\Test\Units\SoloTest" classname="Bavix.WalletBench.Test.Units.SoloTest" file="/Users/babichev/projects/laravel-wallet-benchmark/tests/Units/SoloTest.php" line="17" assertions="1" time="0.017854"/>
          <testcase name="testGetBalance" class="Bavix\WalletBench\Test\Units\SoloTest" classname="Bavix.WalletBench.Test.Units.SoloTest" file="/Users/babichev/projects/laravel-wallet-benchmark/tests/Units/SoloTest.php" line="17" assertions="1" time="0.017688"/>
          <testcase name="testGetBalance" class="Bavix\WalletBench\Test\Units\SoloTest" classname="Bavix.WalletBench.Test.Units.SoloTest" file="/Users/babichev/projects/laravel-wallet-benchmark/tests/Units/SoloTest.php" line="17" assertions="1" time="0.016231"/>
          <testcase name="testGetBalance" class="Bavix\WalletBench\Test\Units\SoloTest" classname="Bavix.WalletBench.Test.Units.SoloTest" file="/Users/babichev/projects/laravel-wallet-benchmark/tests/Units/SoloTest.php" line="17" assertions="1" time="0.018869"/>
          <testcase name="testGetBalance" class="Bavix\WalletBench\Test\Units\SoloTest" classname="Bavix.WalletBench.Test.Units.SoloTest" file="/Users/babichev/projects/laravel-wallet-benchmark/tests/Units/SoloTest.php" line="17" assertions="1" time="0.016916"/>
          <testcase name="testGetBalance" class="Bavix\WalletBench\Test\Units\SoloTest" classname="Bavix.WalletBench.Test.Units.SoloTest" file="/Users/babichev/projects/laravel-wallet-benchmark/tests/Units/SoloTest.php" line="17" assertions="1" time="0.017291"/>
          <testcase name="testGetBalance" class="Bavix\WalletBench\Test\Units\SoloTest" classname="Bavix.WalletBench.Test.Units.SoloTest" file="/Users/babichev/projects/laravel-wallet-benchmark/tests/Units/SoloTest.php" line="17" assertions="1" time="0.018104"/>
          <testcase name="testGetBalance" class="Bavix\WalletBench\Test\Units\SoloTest" classname="Bavix.WalletBench.Test.Units.SoloTest" file="/Users/babichev/projects/laravel-wallet-benchmark/tests/Units/SoloTest.php" line="17" assertions="1" time="0.017888"/>
          <testcase name="testGetBalance" class="Bavix\WalletBench\Test\Units\SoloTest" classname="Bavix.WalletBench.Test.Units.SoloTest" file="/Users/babichev/projects/laravel-wallet-benchmark/tests/Units/SoloTest.php" line="17" assertions="1" time="0.019006"/>
          <testcase name="testGetBalance" class="Bavix\WalletBench\Test\Units\SoloTest" classname="Bavix.WalletBench.Test.Units.SoloTest" file="/Users/babichev/projects/laravel-wallet-benchmark/tests/Units/SoloTest.php" line="17" assertions="1" time="0.020289"/>
          <testcase name="testGetBalance" class="Bavix\WalletBench\Test\Units\SoloTest" classname="Bavix.WalletBench.Test.Units.SoloTest" file="/Users/babichev/projects/laravel-wallet-benchmark/tests/Units/SoloTest.php" line="17" assertions="1" time="0.017756"/>
          <testcase name="testGetBalance" class="Bavix\WalletBench\Test\Units\SoloTest" classname="Bavix.WalletBench.Test.Units.SoloTest" file="/Users/babichev/projects/laravel-wallet-benchmark/tests/Units/SoloTest.php" line="17" assertions="1" time="0.017685"/>
          <testcase name="testGetBalance" class="Bavix\WalletBench\Test\Units\SoloTest" classname="Bavix.WalletBench.Test.Units.SoloTest" file="/Users/babichev/projects/laravel-wallet-benchmark/tests/Units/SoloTest.php" line="17" assertions="1" time="0.017226"/>
          <testcase name="testGetBalance" class="Bavix\WalletBench\Test\Units\SoloTest" classname="Bavix.WalletBench.Test.Units.SoloTest" file="/Users/babichev/projects/laravel-wallet-benchmark/tests/Units/SoloTest.php" line="17" assertions="1" time="0.016806"/>
          <testcase name="testGetBalance" class="Bavix\WalletBench\Test\Units\SoloTest" classname="Bavix.WalletBench.Test.Units.SoloTest" file="/Users/babichev/projects/laravel-wallet-benchmark/tests/Units/SoloTest.php" line="17" assertions="1" time="0.017069"/>
          <testcase name="testGetBalance" class="Bavix\WalletBench\Test\Units\SoloTest" classname="Bavix.WalletBench.Test.Units.SoloTest" file="/Users/babichev/projects/laravel-wallet-benchmark/tests/Units/SoloTest.php" line="17" assertions="1" time="0.016617"/>
          <testcase name="testGetBalance" class="Bavix\WalletBench\Test\Units\SoloTest" classname="Bavix.WalletBench.Test.Units.SoloTest" file="/Users/babichev/projects/laravel-wallet-benchmark/tests/Units/SoloTest.php" line="17" assertions="1" time="0.018498"/>
          <testcase name="testGetBalance" class="Bavix\WalletBench\Test\Units\SoloTest" classname="Bavix.WalletBench.Test.Units.SoloTest" file="/Users/babichev/projects/laravel-wallet-benchmark/tests/Units/SoloTest.php" line="17" assertions="1" time="0.019202"/>
          <testcase name="testGetBalance" class="Bavix\WalletBench\Test\Units\SoloTest" classname="Bavix.WalletBench.Test.Units.SoloTest" file="/Users/babichev/projects/laravel-wallet-benchmark/tests/Units/SoloTest.php" line="17" assertions="1" time="0.018085"/>
          <testcase name="testGetBalance" class="Bavix\WalletBench\Test\Units\SoloTest" classname="Bavix.WalletBench.Test.Units.SoloTest" file="/Users/babichev/projects/laravel-wallet-benchmark/tests/Units/SoloTest.php" line="17" assertions="1" time="0.016439"/>
          <testcase name="testGetBalance" class="Bavix\WalletBench\Test\Units\SoloTest" classname="Bavix.WalletBench.Test.Units.SoloTest" file="/Users/babichev/projects/laravel-wallet-benchmark/tests/Units/SoloTest.php" line="17" assertions="1" time="0.016736"/>
          <testcase name="testGetBalance" class="Bavix\WalletBench\Test\Units\SoloTest" classname="Bavix.WalletBench.Test.Units.SoloTest" file="/Users/babichev/projects/laravel-wallet-benchmark/tests/Units/SoloTest.php" line="17" assertions="1" time="0.018220"/>
          <testcase name="testGetBalance" class="Bavix\WalletBench\Test\Units\SoloTest" classname="Bavix.WalletBench.Test.Units.SoloTest" file="/Users/babichev/projects/laravel-wallet-benchmark/tests/Units/SoloTest.php" line="17" assertions="1" time="0.017038"/>
          <testcase name="testGetBalance" class="Bavix\WalletBench\Test\Units\SoloTest" classname="Bavix.WalletBench.Test.Units.SoloTest" file="/Users/babichev/projects/laravel-wallet-benchmark/tests/Units/SoloTest.php" line="17" assertions="1" time="0.017200"/>
          <testcase name="testGetBalance" class="Bavix\WalletBench\Test\Units\SoloTest" classname="Bavix.WalletBench.Test.Units.SoloTest" file="/Users/babichev/projects/laravel-wallet-benchmark/tests/Units/SoloTest.php" line="17" assertions="1" time="0.018590"/>
          <testcase name="testGetBalance" class="Bavix\WalletBench\Test\Units\SoloTest" classname="Bavix.WalletBench.Test.Units.SoloTest" file="/Users/babichev/projects/laravel-wallet-benchmark/tests/Units/SoloTest.php" line="17" assertions="1" time="0.015414"/>
          <testcase name="testGetBalance" class="Bavix\WalletBench\Test\Units\SoloTest" classname="Bavix.WalletBench.Test.Units.SoloTest" file="/Users/babichev/projects/laravel-wallet-benchmark/tests/Units/SoloTest.php" line="17" assertions="1" time="0.018429"/>
          <testcase name="testGetBalance" class="Bavix\WalletBench\Test\Units\SoloTest" classname="Bavix.WalletBench.Test.Units.SoloTest" file="/Users/babichev/projects/laravel-wallet-benchmark/tests/Units/SoloTest.php" line="17" assertions="1" time="0.016045"/>
          <testcase name="testGetBalance" class="Bavix\WalletBench\Test\Units\SoloTest" classname="Bavix.WalletBench.Test.Units.SoloTest" file="/Users/babichev/projects/laravel-wallet-benchmark/tests/Units/SoloTest.php" line="17" assertions="1" time="0.017071"/>
          <testcase name="testGetBalance" class="Bavix\WalletBench\Test\Units\SoloTest" classname="Bavix.WalletBench.Test.Units.SoloTest" file="/Users/babichev/projects/laravel-wallet-benchmark/tests/Units/SoloTest.php" line="17" assertions="1" time="0.017438"/>
          <testcase name="testGetBalance" class="Bavix\WalletBench\Test\Units\SoloTest" classname="Bavix.WalletBench.Test.Units.SoloTest" file="/Users/babichev/projects/laravel-wallet-benchmark/tests/Units/SoloTest.php" line="17" assertions="1" time="0.017576"/>
          <testcase name="testGetBalance" class="Bavix\WalletBench\Test\Units\SoloTest" classname="Bavix.WalletBench.Test.Units.SoloTest" file="/Users/babichev/projects/laravel-wallet-benchmark/tests/Units/SoloTest.php" line="17" assertions="1" time="0.016342"/>
          <testcase name="testGetBalance" class="Bavix\WalletBench\Test\Units\SoloTest" classname="Bavix.WalletBench.Test.Units.SoloTest" file="/Users/babichev/projects/laravel-wallet-benchmark/tests/Units/SoloTest.php" line="17" assertions="1" time="0.016257"/>
          <testcase name="testGetBalance" class="Bavix\WalletBench\Test\Units\SoloTest" classname="Bavix.WalletBench.Test.Units.SoloTest" file="/Users/babichev/projects/laravel-wallet-benchmark/tests/Units/SoloTest.php" line="17" assertions="1" time="0.017044"/>
          <testcase name="testGetBalance" class="Bavix\WalletBench\Test\Units\SoloTest" classname="Bavix.WalletBench.Test.Units.SoloTest" file="/Users/babichev/projects/laravel-wallet-benchmark/tests/Units/SoloTest.php" line="17" assertions="1" time="0.018216"/>
          <testcase name="testGetBalance" class="Bavix\WalletBench\Test\Units\SoloTest" classname="Bavix.WalletBench.Test.Units.SoloTest" file="/Users/babichev/projects/laravel-wallet-benchmark/tests/Units/SoloTest.php" line="17" assertions="1" time="0.019666"/>
          <testcase name="testGetBalance" class="Bavix\WalletBench\Test\Units\SoloTest" classname="Bavix.WalletBench.Test.Units.SoloTest" file="/Users/babichev/projects/laravel-wallet-benchmark/tests/Units/SoloTest.php" line="17" assertions="1" time="0.017798"/>
          <testcase name="testGetBalance" class="Bavix\WalletBench\Test\Units\SoloTest" classname="Bavix.WalletBench.Test.Units.SoloTest" file="/Users/babichev/projects/laravel-wallet-benchmark/tests/Units/SoloTest.php" line="17" assertions="1" time="0.017391"/>
          <testcase name="testGetBalance" class="Bavix\WalletBench\Test\Units\SoloTest" classname="Bavix.WalletBench.Test.Units.SoloTest" file="/Users/babichev/projects/laravel-wallet-benchmark/tests/Units/SoloTest.php" line="17" assertions="1" time="0.017225"/>
          <testcase name="testGetBalance" class="Bavix\WalletBench\Test\Units\SoloTest" classname="Bavix.WalletBench.Test.Units.SoloTest" file="/Users/babichev/projects/laravel-wallet-benchmark/tests/Units/SoloTest.php" line="17" assertions="1" time="0.017513"/>
          <testcase name="testGetBalance" class="Bavix\WalletBench\Test\Units\SoloTest" classname="Bavix.WalletBench.Test.Units.SoloTest" file="/Users/babichev/projects/laravel-wallet-benchmark/tests/Units/SoloTest.php" line="17" assertions="1" time="0.017598"/>
          <testcase name="testGetBalance" class="Bavix\WalletBench\Test\Units\SoloTest" classname="Bavix.WalletBench.Test.Units.SoloTest" file="/Users/babichev/projects/laravel-wallet-benchmark/tests/Units/SoloTest.php" line="17" assertions="1" time="0.016994"/>
          <testcase name="testGetBalance" class="Bavix\WalletBench\Test\Units\SoloTest" classname="Bavix.WalletBench.Test.Units.SoloTest" file="/Users/babichev/projects/laravel-wallet-benchmark/tests/Units/SoloTest.php" line="17" assertions="1" time="0.016612"/>
          <testcase name="testGetBalance" class="Bavix\WalletBench\Test\Units\SoloTest" classname="Bavix.WalletBench.Test.Units.SoloTest" file="/Users/babichev/projects/laravel-wallet-benchmark/tests/Units/SoloTest.php" line="17" assertions="1" time="0.016052"/>
          <testcase name="testGetBalance" class="Bavix\WalletBench\Test\Units\SoloTest" classname="Bavix.WalletBench.Test.Units.SoloTest" file="/Users/babichev/projects/laravel-wallet-benchmark/tests/Units/SoloTest.php" line="17" assertions="1" time="0.018917"/>
          <testcase name="testGetBalance" class="Bavix\WalletBench\Test\Units\SoloTest" classname="Bavix.WalletBench.Test.Units.SoloTest" file="/Users/babichev/projects/laravel-wallet-benchmark/tests/Units/SoloTest.php" line="17" assertions="1" time="0.017010"/>
          <testcase name="testGetBalance" class="Bavix\WalletBench\Test\Units\SoloTest" classname="Bavix.WalletBench.Test.Units.SoloTest" file="/Users/babichev/projects/laravel-wallet-benchmark/tests/Units/SoloTest.php" line="17" assertions="1" time="0.017750"/>
          <testcase name="testGetBalance" class="Bavix\WalletBench\Test\Units\SoloTest" classname="Bavix.WalletBench.Test.Units.SoloTest" file="/Users/babichev/projects/laravel-wallet-benchmark/tests/Units/SoloTest.php" line="17" assertions="1" time="0.017719"/>
          <testcase name="testGetBalance" class="Bavix\WalletBench\Test\Units\SoloTest" classname="Bavix.WalletBench.Test.Units.SoloTest" file="/Users/babichev/projects/laravel-wallet-benchmark/tests/Units/SoloTest.php" line="17" assertions="1" time="0.016923"/>
          <testcase name="testGetBalance" class="Bavix\WalletBench\Test\Units\SoloTest" classname="Bavix.WalletBench.Test.Units.SoloTest" file="/Users/babichev/projects/laravel-wallet-benchmark/tests/Units/SoloTest.php" line="17" assertions="1" time="0.018348"/>
          <testcase name="testGetBalance" class="Bavix\WalletBench\Test\Units\SoloTest" classname="Bavix.WalletBench.Test.Units.SoloTest" file="/Users/babichev/projects/laravel-wallet-benchmark/tests/Units/SoloTest.php" line="17" assertions="1" time="0.017524"/>
          <testcase name="testGetBalance" class="Bavix\WalletBench\Test\Units\SoloTest" classname="Bavix.WalletBench.Test.Units.SoloTest" file="/Users/babichev/projects/laravel-wallet-benchmark/tests/Units/SoloTest.php" line="17" assertions="1" time="0.018126"/>
          <testcase name="testGetBalance" class="Bavix\WalletBench\Test\Units\SoloTest" classname="Bavix.WalletBench.Test.Units.SoloTest" file="/Users/babichev/projects/laravel-wallet-benchmark/tests/Units/SoloTest.php" line="17" assertions="1" time="0.016723"/>
          <testcase name="testGetBalance" class="Bavix\WalletBench\Test\Units\SoloTest" classname="Bavix.WalletBench.Test.Units.SoloTest" file="/Users/babichev/projects/laravel-wallet-benchmark/tests/Units/SoloTest.php" line="17" assertions="1" time="0.016199"/>
          <testcase name="testGetBalance" class="Bavix\WalletBench\Test\Units\SoloTest" classname="Bavix.WalletBench.Test.Units.SoloTest" file="/Users/babichev/projects/laravel-wallet-benchmark/tests/Units/SoloTest.php" line="17" assertions="1" time="0.016545"/>
          <testcase name="testGetBalance" class="Bavix\WalletBench\Test\Units\SoloTest" classname="Bavix.WalletBench.Test.Units.SoloTest" file="/Users/babichev/projects/laravel-wallet-benchmark/tests/Units/SoloTest.php" line="17" assertions="1" time="0.017680"/>
          <testcase name="testGetBalance" class="Bavix\WalletBench\Test\Units\SoloTest" classname="Bavix.WalletBench.Test.Units.SoloTest" file="/Users/babichev/projects/laravel-wallet-benchmark/tests/Units/SoloTest.php" line="17" assertions="1" time="0.016369"/>
          <testcase name="testGetBalance" class="Bavix\WalletBench\Test\Units\SoloTest" classname="Bavix.WalletBench.Test.Units.SoloTest" file="/Users/babichev/projects/laravel-wallet-benchmark/tests/Units/SoloTest.php" line="17" assertions="1" time="0.016056"/>
          <testcase name="testGetBalance" class="Bavix\WalletBench\Test\Units\SoloTest" classname="Bavix.WalletBench.Test.Units.SoloTest" file="/Users/babichev/projects/laravel-wallet-benchmark/tests/Units/SoloTest.php" line="17" assertions="1" time="0.017736"/>
          <testcase name="testGetBalance" class="Bavix\WalletBench\Test\Units\SoloTest" classname="Bavix.WalletBench.Test.Units.SoloTest" file="/Users/babichev/projects/laravel-wallet-benchmark/tests/Units/SoloTest.php" line="17" assertions="1" time="0.018232"/>
          <testcase name="testGetBalance" class="Bavix\WalletBench\Test\Units\SoloTest" classname="Bavix.WalletBench.Test.Units.SoloTest" file="/Users/babichev/projects/laravel-wallet-benchmark/tests/Units/SoloTest.php" line="17" assertions="1" time="0.017795"/>
          <testcase name="testGetBalance" class="Bavix\WalletBench\Test\Units\SoloTest" classname="Bavix.WalletBench.Test.Units.SoloTest" file="/Users/babichev/projects/laravel-wallet-benchmark/tests/Units/SoloTest.php" line="17" assertions="1" time="0.017801"/>
          <testcase name="testGetBalance" class="Bavix\WalletBench\Test\Units\SoloTest" classname="Bavix.WalletBench.Test.Units.SoloTest" file="/Users/babichev/projects/laravel-wallet-benchmark/tests/Units/SoloTest.php" line="17" assertions="1" time="0.017688"/>
          <testcase name="testGetBalance" class="Bavix\WalletBench\Test\Units\SoloTest" classname="Bavix.WalletBench.Test.Units.SoloTest" file="/Users/babichev/projects/laravel-wallet-benchmark/tests/Units/SoloTest.php" line="17" assertions="1" time="0.018868"/>
          <testcase name="testGetBalance" class="Bavix\WalletBench\Test\Units\SoloTest" classname="Bavix.WalletBench.Test.Units.SoloTest" file="/Users/babichev/projects/laravel-wallet-benchmark/tests/Units/SoloTest.php" line="17" assertions="1" time="0.017644"/>
          <testcase name="testGetBalance" class="Bavix\WalletBench\Test\Units\SoloTest" classname="Bavix.WalletBench.Test.Units.SoloTest" file="/Users/babichev/projects/laravel-wallet-benchmark/tests/Units/SoloTest.php" line="17" assertions="1" time="0.016560"/>
          <testcase name="testGetBalance" class="Bavix\WalletBench\Test\Units\SoloTest" classname="Bavix.WalletBench.Test.Units.SoloTest" file="/Users/babichev/projects/laravel-wallet-benchmark/tests/Units/SoloTest.php" line="17" assertions="1" time="0.017859"/>
          <testcase name="testGetBalance" class="Bavix\WalletBench\Test\Units\SoloTest" classname="Bavix.WalletBench.Test.Units.SoloTest" file="/Users/babichev/projects/laravel-wallet-benchmark/tests/Units/SoloTest.php" line="17" assertions="1" time="0.016740"/>
          <testcase name="testGetBalance" class="Bavix\WalletBench\Test\Units\SoloTest" classname="Bavix.WalletBench.Test.Units.SoloTest" file="/Users/babichev/projects/laravel-wallet-benchmark/tests/Units/SoloTest.php" line="17" assertions="1" time="0.018431"/>
          <testcase name="testGetBalance" class="Bavix\WalletBench\Test\Units\SoloTest" classname="Bavix.WalletBench.Test.Units.SoloTest" file="/Users/babichev/projects/laravel-wallet-benchmark/tests/Units/SoloTest.php" line="17" assertions="1" time="0.017677"/>
          <testcase name="testGetBalance" class="Bavix\WalletBench\Test\Units\SoloTest" classname="Bavix.WalletBench.Test.Units.SoloTest" file="/Users/babichev/projects/laravel-wallet-benchmark/tests/Units/SoloTest.php" line="17" assertions="1" time="0.018188"/>
          <testcase name="testGetBalance" class="Bavix\WalletBench\Test\Units\SoloTest" classname="Bavix.WalletBench.Test.Units.SoloTest" file="/Users/babichev/projects/laravel-wallet-benchmark/tests/Units/SoloTest.php" line="17" assertions="1" time="0.017194"/>
          <testcase name="testGetBalance" class="Bavix\WalletBench\Test\Units\SoloTest" classname="Bavix.WalletBench.Test.Units.SoloTest" file="/Users/babichev/projects/laravel-wallet-benchmark/tests/Units/SoloTest.php" line="17" assertions="1" time="0.016480"/>
          <testcase name="testGetBalance" class="Bavix\WalletBench\Test\Units\SoloTest" classname="Bavix.WalletBench.Test.Units.SoloTest" file="/Users/babichev/projects/laravel-wallet-benchmark/tests/Units/SoloTest.php" line="17" assertions="1" time="0.017131"/>
          <testcase name="testGetBalance" class="Bavix\WalletBench\Test\Units\SoloTest" classname="Bavix.WalletBench.Test.Units.SoloTest" file="/Users/babichev/projects/laravel-wallet-benchmark/tests/Units/SoloTest.php" line="17" assertions="1" time="0.017318"/>
          <testcase name="testGetBalance" class="Bavix\WalletBench\Test\Units\SoloTest" classname="Bavix.WalletBench.Test.Units.SoloTest" file="/Users/babichev/projects/laravel-wallet-benchmark/tests/Units/SoloTest.php" line="17" assertions="1" time="0.016741"/>
          <testcase name="testGetBalance" class="Bavix\WalletBench\Test\Units\SoloTest" classname="Bavix.WalletBench.Test.Units.SoloTest" file="/Users/babichev/projects/laravel-wallet-benchmark/tests/Units/SoloTest.php" line="17" assertions="1" time="0.017241"/>
          <testcase name="testGetBalance" class="Bavix\WalletBench\Test\Units\SoloTest" classname="Bavix.WalletBench.Test.Units.SoloTest" file="/Users/babichev/projects/laravel-wallet-benchmark/tests/Units/SoloTest.php" line="17" assertions="1" time="0.016911"/>
          <testcase name="testGetBalance" class="Bavix\WalletBench\Test\Units\SoloTest" classname="Bavix.WalletBench.Test.Units.SoloTest" file="/Users/babichev/projects/laravel-wallet-benchmark/tests/Units/SoloTest.php" line="17" assertions="1" time="0.030554"/>
          <testcase name="testGetBalance" class="Bavix\WalletBench\Test\Units\SoloTest" classname="Bavix.WalletBench.Test.Units.SoloTest" file="/Users/babichev/projects/laravel-wallet-benchmark/tests/Units/SoloTest.php" line="17" assertions="1" time="0.017027"/>
          <testcase name="testGetBalance" class="Bavix\WalletBench\Test\Units\SoloTest" classname="Bavix.WalletBench.Test.Units.SoloTest" file="/Users/babichev/projects/laravel-wallet-benchmark/tests/Units/SoloTest.php" line="17" assertions="1" time="0.017759"/>
          <testcase name="testGetBalance" class="Bavix\WalletBench\Test\Units\SoloTest" classname="Bavix.WalletBench.Test.Units.SoloTest" file="/Users/babichev/projects/laravel-wallet-benchmark/tests/Units/SoloTest.php" line="17" assertions="1" time="0.015563"/>
          <testcase name="testGetBalance" class="Bavix\WalletBench\Test\Units\SoloTest" classname="Bavix.WalletBench.Test.Units.SoloTest" file="/Users/babichev/projects/laravel-wallet-benchmark/tests/Units/SoloTest.php" line="17" assertions="1" time="0.017243"/>
          <testcase name="testGetBalance" class="Bavix\WalletBench\Test\Units\SoloTest" classname="Bavix.WalletBench.Test.Units.SoloTest" file="/Users/babichev/projects/laravel-wallet-benchmark/tests/Units/SoloTest.php" line="17" assertions="1" time="0.017590"/>
          <testcase name="testGetBalance" class="Bavix\WalletBench\Test\Units\SoloTest" classname="Bavix.WalletBench.Test.Units.SoloTest" file="/Users/babichev/projects/laravel-wallet-benchmark/tests/Units/SoloTest.php" line="17" assertions="1" time="0.017310"/>
          <testcase name="testGetBalance" class="Bavix\WalletBench\Test\Units\SoloTest" classname="Bavix.WalletBench.Test.Units.SoloTest" file="/Users/babichev/projects/laravel-wallet-benchmark/tests/Units/SoloTest.php" line="17" assertions="1" time="0.017152"/>
          <testcase name="testGetBalance" class="Bavix\WalletBench\Test\Units\SoloTest" classname="Bavix.WalletBench.Test.Units.SoloTest" file="/Users/babichev/projects/laravel-wallet-benchmark/tests/Units/SoloTest.php" line="17" assertions="1" time="0.018732"/>
          <testcase name="testGetBalance" class="Bavix\WalletBench\Test\Units\SoloTest" classname="Bavix.WalletBench.Test.Units.SoloTest" file="/Users/babichev/projects/laravel-wallet-benchmark/tests/Units/SoloTest.php" line="17" assertions="1" time="0.018005"/>
          <testcase name="testGetBalance" class="Bavix\WalletBench\Test\Units\SoloTest" classname="Bavix.WalletBench.Test.Units.SoloTest" file="/Users/babichev/projects/laravel-wallet-benchmark/tests/Units/SoloTest.php" line="17" assertions="1" time="0.016511"/>
          <testcase name="testGetBalance" class="Bavix\WalletBench\Test\Units\SoloTest" classname="Bavix.WalletBench.Test.Units.SoloTest" file="/Users/babichev/projects/laravel-wallet-benchmark/tests/Units/SoloTest.php" line="17" assertions="1" time="0.016471"/>
          <testcase name="testGetBalance" class="Bavix\WalletBench\Test\Units\SoloTest" classname="Bavix.WalletBench.Test.Units.SoloTest" file="/Users/babichev/projects/laravel-wallet-benchmark/tests/Units/SoloTest.php" line="17" assertions="1" time="0.017502"/>
          <testcase name="testGetBalance" class="Bavix\WalletBench\Test\Units\SoloTest" classname="Bavix.WalletBench.Test.Units.SoloTest" file="/Users/babichev/projects/laravel-wallet-benchmark/tests/Units/SoloTest.php" line="17" assertions="1" time="0.018572"/>
          <testcase name="testGetBalance" class="Bavix\WalletBench\Test\Units\SoloTest" classname="Bavix.WalletBench.Test.Units.SoloTest" file="/Users/babichev/projects/laravel-wallet-benchmark/tests/Units/SoloTest.php" line="17" assertions="1" time="0.018177"/>
          <testcase name="testGetBalance" class="Bavix\WalletBench\Test\Units\SoloTest" classname="Bavix.WalletBench.Test.Units.SoloTest" file="/Users/babichev/projects/laravel-wallet-benchmark/tests/Units/SoloTest.php" line="17" assertions="1" time="0.018556"/>
          <testcase name="testGetBalance" class="Bavix\WalletBench\Test\Units\SoloTest" classname="Bavix.WalletBench.Test.Units.SoloTest" file="/Users/babichev/projects/laravel-wallet-benchmark/tests/Units/SoloTest.php" line="17" assertions="1" time="0.016993"/>
          <testcase name="testGetBalance" class="Bavix\WalletBench\Test\Units\SoloTest" classname="Bavix.WalletBench.Test.Units.SoloTest" file="/Users/babichev/projects/laravel-wallet-benchmark/tests/Units/SoloTest.php" line="17" assertions="1" time="0.016833"/>
          <testcase name="testGetBalance" class="Bavix\WalletBench\Test\Units\SoloTest" classname="Bavix.WalletBench.Test.Units.SoloTest" file="/Users/babichev/projects/laravel-wallet-benchmark/tests/Units/SoloTest.php" line="17" assertions="1" time="0.017607"/>
          <testcase name="testGetBalance" class="Bavix\WalletBench\Test\Units\SoloTest" classname="Bavix.WalletBench.Test.Units.SoloTest" file="/Users/babichev/projects/laravel-wallet-benchmark/tests/Units/SoloTest.php" line="17" assertions="1" time="0.016217"/>
          <testcase name="testGetBalance" class="Bavix\WalletBench\Test\Units\SoloTest" classname="Bavix.WalletBench.Test.Units.SoloTest" file="/Users/babichev/projects/laravel-wallet-benchmark/tests/Units/SoloTest.php" line="17" assertions="1" time="0.017931"/>
          <testcase name="testGetBalance" class="Bavix\WalletBench\Test\Units\SoloTest" classname="Bavix.WalletBench.Test.Units.SoloTest" file="/Users/babichev/projects/laravel-wallet-benchmark/tests/Units/SoloTest.php" line="17" assertions="1" time="0.017016"/>
          <testcase name="testGetBalance" class="Bavix\WalletBench\Test\Units\SoloTest" classname="Bavix.WalletBench.Test.Units.SoloTest" file="/Users/babichev/projects/laravel-wallet-benchmark/tests/Units/SoloTest.php" line="17" assertions="1" time="0.017726"/>
          <testcase name="testGetBalance" class="Bavix\WalletBench\Test\Units\SoloTest" classname="Bavix.WalletBench.Test.Units.SoloTest" file="/Users/babichev/projects/laravel-wallet-benchmark/tests/Units/SoloTest.php" line="17" assertions="1" time="0.017458"/>
          <testcase name="testGetBalance" class="Bavix\WalletBench\Test\Units\SoloTest" classname="Bavix.WalletBench.Test.Units.SoloTest" file="/Users/babichev/projects/laravel-wallet-benchmark/tests/Units/SoloTest.php" line="17" assertions="1" time="0.015932"/>
          <testcase name="testGetBalance" class="Bavix\WalletBench\Test\Units\SoloTest" classname="Bavix.WalletBench.Test.Units.SoloTest" file="/Users/babichev/projects/laravel-wallet-benchmark/tests/Units/SoloTest.php" line="17" assertions="1" time="0.017348"/>
          <testcase name="testGetBalance" class="Bavix\WalletBench\Test\Units\SoloTest" classname="Bavix.WalletBench.Test.Units.SoloTest" file="/Users/babichev/projects/laravel-wallet-benchmark/tests/Units/SoloTest.php" line="17" assertions="1" time="0.016681"/>
          <testcase name="testGetBalance" class="Bavix\WalletBench\Test\Units\SoloTest" classname="Bavix.WalletBench.Test.Units.SoloTest" file="/Users/babichev/projects/laravel-wallet-benchmark/tests/Units/SoloTest.php" line="17" assertions="1" time="0.017632"/>
          <testcase name="testGetBalance" class="Bavix\WalletBench\Test\Units\SoloTest" classname="Bavix.WalletBench.Test.Units.SoloTest" file="/Users/babichev/projects/laravel-wallet-benchmark/tests/Units/SoloTest.php" line="17" assertions="1" time="0.018056"/>
          <testcase name="testGetBalance" class="Bavix\WalletBench\Test\Units\SoloTest" classname="Bavix.WalletBench.Test.Units.SoloTest" file="/Users/babichev/projects/laravel-wallet-benchmark/tests/Units/SoloTest.php" line="17" assertions="1" time="0.018084"/>
          <testcase name="testGetBalance" class="Bavix\WalletBench\Test\Units\SoloTest" classname="Bavix.WalletBench.Test.Units.SoloTest" file="/Users/babichev/projects/laravel-wallet-benchmark/tests/Units/SoloTest.php" line="17" assertions="1" time="0.016678"/>
          <testcase name="testGetBalance" class="Bavix\WalletBench\Test\Units\SoloTest" classname="Bavix.WalletBench.Test.Units.SoloTest" file="/Users/babichev/projects/laravel-wallet-benchmark/tests/Units/SoloTest.php" line="17" assertions="1" time="0.017759"/>
          <testcase name="testGetBalance" class="Bavix\WalletBench\Test\Units\SoloTest" classname="Bavix.WalletBench.Test.Units.SoloTest" file="/Users/babichev/projects/laravel-wallet-benchmark/tests/Units/SoloTest.php" line="17" assertions="1" time="0.016435"/>
          <testcase name="testGetBalance" class="Bavix\WalletBench\Test\Units\SoloTest" classname="Bavix.WalletBench.Test.Units.SoloTest" file="/Users/babichev/projects/laravel-wallet-benchmark/tests/Units/SoloTest.php" line="17" assertions="1" time="0.017519"/>
          <testcase name="testGetBalance" class="Bavix\WalletBench\Test\Units\SoloTest" classname="Bavix.WalletBench.Test.Units.SoloTest" file="/Users/babichev/projects/laravel-wallet-benchmark/tests/Units/SoloTest.php" line="17" assertions="1" time="0.016859"/>
          <testcase name="testGetBalance" class="Bavix\WalletBench\Test\Units\SoloTest" classname="Bavix.WalletBench.Test.Units.SoloTest" file="/Users/babichev/projects/laravel-wallet-benchmark/tests/Units/SoloTest.php" line="17" assertions="1" time="0.017757"/>
          <testcase name="testGetBalance" class="Bavix\WalletBench\Test\Units\SoloTest" classname="Bavix.WalletBench.Test.Units.SoloTest" file="/Users/babichev/projects/laravel-wallet-benchmark/tests/Units/SoloTest.php" line="17" assertions="1" time="0.016977"/>
          <testcase name="testGetBalance" class="Bavix\WalletBench\Test\Units\SoloTest" classname="Bavix.WalletBench.Test.Units.SoloTest" file="/Users/babichev/projects/laravel-wallet-benchmark/tests/Units/SoloTest.php" line="17" assertions="1" time="0.017547"/>
          <testcase name="testGetBalance" class="Bavix\WalletBench\Test\Units\SoloTest" classname="Bavix.WalletBench.Test.Units.SoloTest" file="/Users/babichev/projects/laravel-wallet-benchmark/tests/Units/SoloTest.php" line="17" assertions="1" time="0.016579"/>
          <testcase name="testGetBalance" class="Bavix\WalletBench\Test\Units\SoloTest" classname="Bavix.WalletBench.Test.Units.SoloTest" file="/Users/babichev/projects/laravel-wallet-benchmark/tests/Units/SoloTest.php" line="17" assertions="1" time="0.015881"/>
          <testcase name="testGetBalance" class="Bavix\WalletBench\Test\Units\SoloTest" classname="Bavix.WalletBench.Test.Units.SoloTest" file="/Users/babichev/projects/laravel-wallet-benchmark/tests/Units/SoloTest.php" line="17" assertions="1" time="0.017224"/>
          <testcase name="testGetBalance" class="Bavix\WalletBench\Test\Units\SoloTest" classname="Bavix.WalletBench.Test.Units.SoloTest" file="/Users/babichev/projects/laravel-wallet-benchmark/tests/Units/SoloTest.php" line="17" assertions="1" time="0.017532"/>
          <testcase name="testGetBalance" class="Bavix\WalletBench\Test\Units\SoloTest" classname="Bavix.WalletBench.Test.Units.SoloTest" file="/Users/babichev/projects/laravel-wallet-benchmark/tests/Units/SoloTest.php" line="17" assertions="1" time="0.018734"/>
          <testcase name="testGetBalance" class="Bavix\WalletBench\Test\Units\SoloTest" classname="Bavix.WalletBench.Test.Units.SoloTest" file="/Users/babichev/projects/laravel-wallet-benchmark/tests/Units/SoloTest.php" line="17" assertions="1" time="0.016479"/>
          <testcase name="testGetBalance" class="Bavix\WalletBench\Test\Units\SoloTest" classname="Bavix.WalletBench.Test.Units.SoloTest" file="/Users/babichev/projects/laravel-wallet-benchmark/tests/Units/SoloTest.php" line="17" assertions="1" time="0.019038"/>
          <testcase name="testGetBalance" class="Bavix\WalletBench\Test\Units\SoloTest" classname="Bavix.WalletBench.Test.Units.SoloTest" file="/Users/babichev/projects/laravel-wallet-benchmark/tests/Units/SoloTest.php" line="17" assertions="1" time="0.016842"/>
          <testcase name="testGetBalance" class="Bavix\WalletBench\Test\Units\SoloTest" classname="Bavix.WalletBench.Test.Units.SoloTest" file="/Users/babichev/projects/laravel-wallet-benchmark/tests/Units/SoloTest.php" line="17" assertions="1" time="0.017176"/>
          <testcase name="testGetBalance" class="Bavix\WalletBench\Test\Units\SoloTest" classname="Bavix.WalletBench.Test.Units.SoloTest" file="/Users/babichev/projects/laravel-wallet-benchmark/tests/Units/SoloTest.php" line="17" assertions="1" time="0.017483"/>
          <testcase name="testGetBalance" class="Bavix\WalletBench\Test\Units\SoloTest" classname="Bavix.WalletBench.Test.Units.SoloTest" file="/Users/babichev/projects/laravel-wallet-benchmark/tests/Units/SoloTest.php" line="17" assertions="1" time="0.018335"/>
          <testcase name="testGetBalance" class="Bavix\WalletBench\Test\Units\SoloTest" classname="Bavix.WalletBench.Test.Units.SoloTest" file="/Users/babichev/projects/laravel-wallet-benchmark/tests/Units/SoloTest.php" line="17" assertions="1" time="0.017678"/>
          <testcase name="testGetBalance" class="Bavix\WalletBench\Test\Units\SoloTest" classname="Bavix.WalletBench.Test.Units.SoloTest" file="/Users/babichev/projects/laravel-wallet-benchmark/tests/Units/SoloTest.php" line="17" assertions="1" time="0.016733"/>
          <testcase name="testGetBalance" class="Bavix\WalletBench\Test\Units\SoloTest" classname="Bavix.WalletBench.Test.Units.SoloTest" file="/Users/babichev/projects/laravel-wallet-benchmark/tests/Units/SoloTest.php" line="17" assertions="1" time="0.017375"/>
          <testcase name="testGetBalance" class="Bavix\WalletBench\Test\Units\SoloTest" classname="Bavix.WalletBench.Test.Units.SoloTest" file="/Users/babichev/projects/laravel-wallet-benchmark/tests/Units/SoloTest.php" line="17" assertions="1" time="0.016192"/>
          <testcase name="testGetBalance" class="Bavix\WalletBench\Test\Units\SoloTest" classname="Bavix.WalletBench.Test.Units.SoloTest" file="/Users/babichev/projects/laravel-wallet-benchmark/tests/Units/SoloTest.php" line="17" assertions="1" time="0.017595"/>
          <testcase name="testGetBalance" class="Bavix\WalletBench\Test\Units\SoloTest" classname="Bavix.WalletBench.Test.Units.SoloTest" file="/Users/babichev/projects/laravel-wallet-benchmark/tests/Units/SoloTest.php" line="17" assertions="1" time="0.016857"/>
          <testcase name="testGetBalance" class="Bavix\WalletBench\Test\Units\SoloTest" classname="Bavix.WalletBench.Test.Units.SoloTest" file="/Users/babichev/projects/laravel-wallet-benchmark/tests/Units/SoloTest.php" line="17" assertions="1" time="0.018996"/>
          <testcase name="testGetBalance" class="Bavix\WalletBench\Test\Units\SoloTest" classname="Bavix.WalletBench.Test.Units.SoloTest" file="/Users/babichev/projects/laravel-wallet-benchmark/tests/Units/SoloTest.php" line="17" assertions="1" time="0.017187"/>
          <testcase name="testGetBalance" class="Bavix\WalletBench\Test\Units\SoloTest" classname="Bavix.WalletBench.Test.Units.SoloTest" file="/Users/babichev/projects/laravel-wallet-benchmark/tests/Units/SoloTest.php" line="17" assertions="1" time="0.016149"/>
          <testcase name="testGetBalance" class="Bavix\WalletBench\Test\Units\SoloTest" classname="Bavix.WalletBench.Test.Units.SoloTest" file="/Users/babichev/projects/laravel-wallet-benchmark/tests/Units/SoloTest.php" line="17" assertions="1" time="0.016848"/>
          <testcase name="testGetBalance" class="Bavix\WalletBench\Test\Units\SoloTest" classname="Bavix.WalletBench.Test.Units.SoloTest" file="/Users/babichev/projects/laravel-wallet-benchmark/tests/Units/SoloTest.php" line="17" assertions="1" time="0.016543"/>
          <testcase name="testGetBalance" class="Bavix\WalletBench\Test\Units\SoloTest" classname="Bavix.WalletBench.Test.Units.SoloTest" file="/Users/babichev/projects/laravel-wallet-benchmark/tests/Units/SoloTest.php" line="17" assertions="1" time="0.016658"/>
          <testcase name="testGetBalance" class="Bavix\WalletBench\Test\Units\SoloTest" classname="Bavix.WalletBench.Test.Units.SoloTest" file="/Users/babichev/projects/laravel-wallet-benchmark/tests/Units/SoloTest.php" line="17" assertions="1" time="0.016850"/>
          <testcase name="testGetBalance" class="Bavix\WalletBench\Test\Units\SoloTest" classname="Bavix.WalletBench.Test.Units.SoloTest" file="/Users/babichev/projects/laravel-wallet-benchmark/tests/Units/SoloTest.php" line="17" assertions="1" time="0.016576"/>
          <testcase name="testGetBalance" class="Bavix\WalletBench\Test\Units\SoloTest" classname="Bavix.WalletBench.Test.Units.SoloTest" file="/Users/babichev/projects/laravel-wallet-benchmark/tests/Units/SoloTest.php" line="17" assertions="1" time="0.017458"/>
          <testcase name="testGetBalance" class="Bavix\WalletBench\Test\Units\SoloTest" classname="Bavix.WalletBench.Test.Units.SoloTest" file="/Users/babichev/projects/laravel-wallet-benchmark/tests/Units/SoloTest.php" line="17" assertions="1" time="0.017254"/>
          <testcase name="testGetBalance" class="Bavix\WalletBench\Test\Units\SoloTest" classname="Bavix.WalletBench.Test.Units.SoloTest" file="/Users/babichev/projects/laravel-wallet-benchmark/tests/Units/SoloTest.php" line="17" assertions="1" time="0.017169"/>
          <testcase name="testGetBalance" class="Bavix\WalletBench\Test\Units\SoloTest" classname="Bavix.WalletBench.Test.Units.SoloTest" file="/Users/babichev/projects/laravel-wallet-benchmark/tests/Units/SoloTest.php" line="17" assertions="1" time="0.017297"/>
          <testcase name="testGetBalance" class="Bavix\WalletBench\Test\Units\SoloTest" classname="Bavix.WalletBench.Test.Units.SoloTest" file="/Users/babichev/projects/laravel-wallet-benchmark/tests/Units/SoloTest.php" line="17" assertions="1" time="0.016857"/>
          <testcase name="testGetBalance" class="Bavix\WalletBench\Test\Units\SoloTest" classname="Bavix.WalletBench.Test.Units.SoloTest" file="/Users/babichev/projects/laravel-wallet-benchmark/tests/Units/SoloTest.php" line="17" assertions="1" time="0.017060"/>
          <testcase name="testGetBalance" class="Bavix\WalletBench\Test\Units\SoloTest" classname="Bavix.WalletBench.Test.Units.SoloTest" file="/Users/babichev/projects/laravel-wallet-benchmark/tests/Units/SoloTest.php" line="17" assertions="1" time="0.016504"/>
          <testcase name="testGetBalance" class="Bavix\WalletBench\Test\Units\SoloTest" classname="Bavix.WalletBench.Test.Units.SoloTest" file="/Users/babichev/projects/laravel-wallet-benchmark/tests/Units/SoloTest.php" line="17" assertions="1" time="0.016486"/>
          <testcase name="testGetBalance" class="Bavix\WalletBench\Test\Units\SoloTest" classname="Bavix.WalletBench.Test.Units.SoloTest" file="/Users/babichev/projects/laravel-wallet-benchmark/tests/Units/SoloTest.php" line="17" assertions="1" time="0.017482"/>
          <testcase name="testGetBalance" class="Bavix\WalletBench\Test\Units\SoloTest" classname="Bavix.WalletBench.Test.Units.SoloTest" file="/Users/babichev/projects/laravel-wallet-benchmark/tests/Units/SoloTest.php" line="17" assertions="1" time="0.016659"/>
          <testcase name="testGetBalance" class="Bavix\WalletBench\Test\Units\SoloTest" classname="Bavix.WalletBench.Test.Units.SoloTest" file="/Users/babichev/projects/laravel-wallet-benchmark/tests/Units/SoloTest.php" line="17" assertions="1" time="0.018315"/>
          <testcase name="testGetBalance" class="Bavix\WalletBench\Test\Units\SoloTest" classname="Bavix.WalletBench.Test.Units.SoloTest" file="/Users/babichev/projects/laravel-wallet-benchmark/tests/Units/SoloTest.php" line="17" assertions="1" time="0.017722"/>
          <testcase name="testGetBalance" class="Bavix\WalletBench\Test\Units\SoloTest" classname="Bavix.WalletBench.Test.Units.SoloTest" file="/Users/babichev/projects/laravel-wallet-benchmark/tests/Units/SoloTest.php" line="17" assertions="1" time="0.018821"/>
          <testcase name="testGetBalance" class="Bavix\WalletBench\Test\Units\SoloTest" classname="Bavix.WalletBench.Test.Units.SoloTest" file="/Users/babichev/projects/laravel-wallet-benchmark/tests/Units/SoloTest.php" line="17" assertions="1" time="0.016766"/>
          <testcase name="testGetBalance" class="Bavix\WalletBench\Test\Units\SoloTest" classname="Bavix.WalletBench.Test.Units.SoloTest" file="/Users/babichev/projects/laravel-wallet-benchmark/tests/Units/SoloTest.php" line="17" assertions="1" time="0.017863"/>
          <testcase name="testGetBalance" class="Bavix\WalletBench\Test\Units\SoloTest" classname="Bavix.WalletBench.Test.Units.SoloTest" file="/Users/babichev/projects/laravel-wallet-benchmark/tests/Units/SoloTest.php" line="17" assertions="1" time="0.017903"/>
          <testcase name="testGetBalance" class="Bavix\WalletBench\Test\Units\SoloTest" classname="Bavix.WalletBench.Test.Units.SoloTest" file="/Users/babichev/projects/laravel-wallet-benchmark/tests/Units/SoloTest.php" line="17" assertions="1" time="0.017544"/>
          <testcase name="testGetBalance" class="Bavix\WalletBench\Test\Units\SoloTest" classname="Bavix.WalletBench.Test.Units.SoloTest" file="/Users/babichev/projects/laravel-wallet-benchmark/tests/Units/SoloTest.php" line="17" assertions="1" time="0.017660"/>
        </testsuite>
        <testsuite name="Bavix\WalletBench\Test\Units\SoloTest::testDeposit" tests="100" assertions="100" errors="0" warnings="0" failures="0" skipped="0" time="2.521358">
          <testcase name="testDeposit" class="Bavix\WalletBench\Test\Units\SoloTest" classname="Bavix.WalletBench.Test.Units.SoloTest" file="/Users/babichev/projects/laravel-wallet-benchmark/tests/Units/SoloTest.php" line="25" assertions="1" time="0.024768"/>
          <testcase name="testDeposit" class="Bavix\WalletBench\Test\Units\SoloTest" classname="Bavix.WalletBench.Test.Units.SoloTest" file="/Users/babichev/projects/laravel-wallet-benchmark/tests/Units/SoloTest.php" line="25" assertions="1" time="0.025174"/>
          <testcase name="testDeposit" class="Bavix\WalletBench\Test\Units\SoloTest" classname="Bavix.WalletBench.Test.Units.SoloTest" file="/Users/babichev/projects/laravel-wallet-benchmark/tests/Units/SoloTest.php" line="25" assertions="1" time="0.024868"/>
          <testcase name="testDeposit" class="Bavix\WalletBench\Test\Units\SoloTest" classname="Bavix.WalletBench.Test.Units.SoloTest" file="/Users/babichev/projects/laravel-wallet-benchmark/tests/Units/SoloTest.php" line="25" assertions="1" time="0.024894"/>
          <testcase name="testDeposit" class="Bavix\WalletBench\Test\Units\SoloTest" classname="Bavix.WalletBench.Test.Units.SoloTest" file="/Users/babichev/projects/laravel-wallet-benchmark/tests/Units/SoloTest.php" line="25" assertions="1" time="0.025567"/>
          <testcase name="testDeposit" class="Bavix\WalletBench\Test\Units\SoloTest" classname="Bavix.WalletBench.Test.Units.SoloTest" file="/Users/babichev/projects/laravel-wallet-benchmark/tests/Units/SoloTest.php" line="25" assertions="1" time="0.024545"/>
          <testcase name="testDeposit" class="Bavix\WalletBench\Test\Units\SoloTest" classname="Bavix.WalletBench.Test.Units.SoloTest" file="/Users/babichev/projects/laravel-wallet-benchmark/tests/Units/SoloTest.php" line="25" assertions="1" time="0.024916"/>
          <testcase name="testDeposit" class="Bavix\WalletBench\Test\Units\SoloTest" classname="Bavix.WalletBench.Test.Units.SoloTest" file="/Users/babichev/projects/laravel-wallet-benchmark/tests/Units/SoloTest.php" line="25" assertions="1" time="0.025043"/>
          <testcase name="testDeposit" class="Bavix\WalletBench\Test\Units\SoloTest" classname="Bavix.WalletBench.Test.Units.SoloTest" file="/Users/babichev/projects/laravel-wallet-benchmark/tests/Units/SoloTest.php" line="25" assertions="1" time="0.024333"/>
          <testcase name="testDeposit" class="Bavix\WalletBench\Test\Units\SoloTest" classname="Bavix.WalletBench.Test.Units.SoloTest" file="/Users/babichev/projects/laravel-wallet-benchmark/tests/Units/SoloTest.php" line="25" assertions="1" time="0.023242"/>
          <testcase name="testDeposit" class="Bavix\WalletBench\Test\Units\SoloTest" classname="Bavix.WalletBench.Test.Units.SoloTest" file="/Users/babichev/projects/laravel-wallet-benchmark/tests/Units/SoloTest.php" line="25" assertions="1" time="0.025340"/>
          <testcase name="testDeposit" class="Bavix\WalletBench\Test\Units\SoloTest" classname="Bavix.WalletBench.Test.Units.SoloTest" file="/Users/babichev/projects/laravel-wallet-benchmark/tests/Units/SoloTest.php" line="25" assertions="1" time="0.024323"/>
          <testcase name="testDeposit" class="Bavix\WalletBench\Test\Units\SoloTest" classname="Bavix.WalletBench.Test.Units.SoloTest" file="/Users/babichev/projects/laravel-wallet-benchmark/tests/Units/SoloTest.php" line="25" assertions="1" time="0.025505"/>
          <testcase name="testDeposit" class="Bavix\WalletBench\Test\Units\SoloTest" classname="Bavix.WalletBench.Test.Units.SoloTest" file="/Users/babichev/projects/laravel-wallet-benchmark/tests/Units/SoloTest.php" line="25" assertions="1" time="0.024902"/>
          <testcase name="testDeposit" class="Bavix\WalletBench\Test\Units\SoloTest" classname="Bavix.WalletBench.Test.Units.SoloTest" file="/Users/babichev/projects/laravel-wallet-benchmark/tests/Units/SoloTest.php" line="25" assertions="1" time="0.026736"/>
          <testcase name="testDeposit" class="Bavix\WalletBench\Test\Units\SoloTest" classname="Bavix.WalletBench.Test.Units.SoloTest" file="/Users/babichev/projects/laravel-wallet-benchmark/tests/Units/SoloTest.php" line="25" assertions="1" time="0.025744"/>
          <testcase name="testDeposit" class="Bavix\WalletBench\Test\Units\SoloTest" classname="Bavix.WalletBench.Test.Units.SoloTest" file="/Users/babichev/projects/laravel-wallet-benchmark/tests/Units/SoloTest.php" line="25" assertions="1" time="0.025177"/>
          <testcase name="testDeposit" class="Bavix\WalletBench\Test\Units\SoloTest" classname="Bavix.WalletBench.Test.Units.SoloTest" file="/Users/babichev/projects/laravel-wallet-benchmark/tests/Units/SoloTest.php" line="25" assertions="1" time="0.024989"/>
          <testcase name="testDeposit" class="Bavix\WalletBench\Test\Units\SoloTest" classname="Bavix.WalletBench.Test.Units.SoloTest" file="/Users/babichev/projects/laravel-wallet-benchmark/tests/Units/SoloTest.php" line="25" assertions="1" time="0.025372"/>
          <testcase name="testDeposit" class="Bavix\WalletBench\Test\Units\SoloTest" classname="Bavix.WalletBench.Test.Units.SoloTest" file="/Users/babichev/projects/laravel-wallet-benchmark/tests/Units/SoloTest.php" line="25" assertions="1" time="0.026092"/>
          <testcase name="testDeposit" class="Bavix\WalletBench\Test\Units\SoloTest" classname="Bavix.WalletBench.Test.Units.SoloTest" file="/Users/babichev/projects/laravel-wallet-benchmark/tests/Units/SoloTest.php" line="25" assertions="1" time="0.027738"/>
          <testcase name="testDeposit" class="Bavix\WalletBench\Test\Units\SoloTest" classname="Bavix.WalletBench.Test.Units.SoloTest" file="/Users/babichev/projects/laravel-wallet-benchmark/tests/Units/SoloTest.php" line="25" assertions="1" time="0.025334"/>
          <testcase name="testDeposit" class="Bavix\WalletBench\Test\Units\SoloTest" classname="Bavix.WalletBench.Test.Units.SoloTest" file="/Users/babichev/projects/laravel-wallet-benchmark/tests/Units/SoloTest.php" line="25" assertions="1" time="0.025591"/>
          <testcase name="testDeposit" class="Bavix\WalletBench\Test\Units\SoloTest" classname="Bavix.WalletBench.Test.Units.SoloTest" file="/Users/babichev/projects/laravel-wallet-benchmark/tests/Units/SoloTest.php" line="25" assertions="1" time="0.026858"/>
          <testcase name="testDeposit" class="Bavix\WalletBench\Test\Units\SoloTest" classname="Bavix.WalletBench.Test.Units.SoloTest" file="/Users/babichev/projects/laravel-wallet-benchmark/tests/Units/SoloTest.php" line="25" assertions="1" time="0.026207"/>
          <testcase name="testDeposit" class="Bavix\WalletBench\Test\Units\SoloTest" classname="Bavix.WalletBench.Test.Units.SoloTest" file="/Users/babichev/projects/laravel-wallet-benchmark/tests/Units/SoloTest.php" line="25" assertions="1" time="0.026588"/>
          <testcase name="testDeposit" class="Bavix\WalletBench\Test\Units\SoloTest" classname="Bavix.WalletBench.Test.Units.SoloTest" file="/Users/babichev/projects/laravel-wallet-benchmark/tests/Units/SoloTest.php" line="25" assertions="1" time="0.025997"/>
          <testcase name="testDeposit" class="Bavix\WalletBench\Test\Units\SoloTest" classname="Bavix.WalletBench.Test.Units.SoloTest" file="/Users/babichev/projects/laravel-wallet-benchmark/tests/Units/SoloTest.php" line="25" assertions="1" time="0.026083"/>
          <testcase name="testDeposit" class="Bavix\WalletBench\Test\Units\SoloTest" classname="Bavix.WalletBench.Test.Units.SoloTest" file="/Users/babichev/projects/laravel-wallet-benchmark/tests/Units/SoloTest.php" line="25" assertions="1" time="0.026414"/>
          <testcase name="testDeposit" class="Bavix\WalletBench\Test\Units\SoloTest" classname="Bavix.WalletBench.Test.Units.SoloTest" file="/Users/babichev/projects/laravel-wallet-benchmark/tests/Units/SoloTest.php" line="25" assertions="1" time="0.026356"/>
          <testcase name="testDeposit" class="Bavix\WalletBench\Test\Units\SoloTest" classname="Bavix.WalletBench.Test.Units.SoloTest" file="/Users/babichev/projects/laravel-wallet-benchmark/tests/Units/SoloTest.php" line="25" assertions="1" time="0.027206"/>
          <testcase name="testDeposit" class="Bavix\WalletBench\Test\Units\SoloTest" classname="Bavix.WalletBench.Test.Units.SoloTest" file="/Users/babichev/projects/laravel-wallet-benchmark/tests/Units/SoloTest.php" line="25" assertions="1" time="0.024733"/>
          <testcase name="testDeposit" class="Bavix\WalletBench\Test\Units\SoloTest" classname="Bavix.WalletBench.Test.Units.SoloTest" file="/Users/babichev/projects/laravel-wallet-benchmark/tests/Units/SoloTest.php" line="25" assertions="1" time="0.024549"/>
          <testcase name="testDeposit" class="Bavix\WalletBench\Test\Units\SoloTest" classname="Bavix.WalletBench.Test.Units.SoloTest" file="/Users/babichev/projects/laravel-wallet-benchmark/tests/Units/SoloTest.php" line="25" assertions="1" time="0.027336"/>
          <testcase name="testDeposit" class="Bavix\WalletBench\Test\Units\SoloTest" classname="Bavix.WalletBench.Test.Units.SoloTest" file="/Users/babichev/projects/laravel-wallet-benchmark/tests/Units/SoloTest.php" line="25" assertions="1" time="0.026246"/>
          <testcase name="testDeposit" class="Bavix\WalletBench\Test\Units\SoloTest" classname="Bavix.WalletBench.Test.Units.SoloTest" file="/Users/babichev/projects/laravel-wallet-benchmark/tests/Units/SoloTest.php" line="25" assertions="1" time="0.024920"/>
          <testcase name="testDeposit" class="Bavix\WalletBench\Test\Units\SoloTest" classname="Bavix.WalletBench.Test.Units.SoloTest" file="/Users/babichev/projects/laravel-wallet-benchmark/tests/Units/SoloTest.php" line="25" assertions="1" time="0.025723"/>
          <testcase name="testDeposit" class="Bavix\WalletBench\Test\Units\SoloTest" classname="Bavix.WalletBench.Test.Units.SoloTest" file="/Users/babichev/projects/laravel-wallet-benchmark/tests/Units/SoloTest.php" line="25" assertions="1" time="0.024954"/>
          <testcase name="testDeposit" class="Bavix\WalletBench\Test\Units\SoloTest" classname="Bavix.WalletBench.Test.Units.SoloTest" file="/Users/babichev/projects/laravel-wallet-benchmark/tests/Units/SoloTest.php" line="25" assertions="1" time="0.025798"/>
          <testcase name="testDeposit" class="Bavix\WalletBench\Test\Units\SoloTest" classname="Bavix.WalletBench.Test.Units.SoloTest" file="/Users/babichev/projects/laravel-wallet-benchmark/tests/Units/SoloTest.php" line="25" assertions="1" time="0.025174"/>
          <testcase name="testDeposit" class="Bavix\WalletBench\Test\Units\SoloTest" classname="Bavix.WalletBench.Test.Units.SoloTest" file="/Users/babichev/projects/laravel-wallet-benchmark/tests/Units/SoloTest.php" line="25" assertions="1" time="0.024747"/>
          <testcase name="testDeposit" class="Bavix\WalletBench\Test\Units\SoloTest" classname="Bavix.WalletBench.Test.Units.SoloTest" file="/Users/babichev/projects/laravel-wallet-benchmark/tests/Units/SoloTest.php" line="25" assertions="1" time="0.026348"/>
          <testcase name="testDeposit" class="Bavix\WalletBench\Test\Units\SoloTest" classname="Bavix.WalletBench.Test.Units.SoloTest" file="/Users/babichev/projects/laravel-wallet-benchmark/tests/Units/SoloTest.php" line="25" assertions="1" time="0.025311"/>
          <testcase name="testDeposit" class="Bavix\WalletBench\Test\Units\SoloTest" classname="Bavix.WalletBench.Test.Units.SoloTest" file="/Users/babichev/projects/laravel-wallet-benchmark/tests/Units/SoloTest.php" line="25" assertions="1" time="0.026427"/>
          <testcase name="testDeposit" class="Bavix\WalletBench\Test\Units\SoloTest" classname="Bavix.WalletBench.Test.Units.SoloTest" file="/Users/babichev/projects/laravel-wallet-benchmark/tests/Units/SoloTest.php" line="25" assertions="1" time="0.025028"/>
          <testcase name="testDeposit" class="Bavix\WalletBench\Test\Units\SoloTest" classname="Bavix.WalletBench.Test.Units.SoloTest" file="/Users/babichev/projects/laravel-wallet-benchmark/tests/Units/SoloTest.php" line="25" assertions="1" time="0.025401"/>
          <testcase name="testDeposit" class="Bavix\WalletBench\Test\Units\SoloTest" classname="Bavix.WalletBench.Test.Units.SoloTest" file="/Users/babichev/projects/laravel-wallet-benchmark/tests/Units/SoloTest.php" line="25" assertions="1" time="0.025650"/>
          <testcase name="testDeposit" class="Bavix\WalletBench\Test\Units\SoloTest" classname="Bavix.WalletBench.Test.Units.SoloTest" file="/Users/babichev/projects/laravel-wallet-benchmark/tests/Units/SoloTest.php" line="25" assertions="1" time="0.023577"/>
          <testcase name="testDeposit" class="Bavix\WalletBench\Test\Units\SoloTest" classname="Bavix.WalletBench.Test.Units.SoloTest" file="/Users/babichev/projects/laravel-wallet-benchmark/tests/Units/SoloTest.php" line="25" assertions="1" time="0.024954"/>
          <testcase name="testDeposit" class="Bavix\WalletBench\Test\Units\SoloTest" classname="Bavix.WalletBench.Test.Units.SoloTest" file="/Users/babichev/projects/laravel-wallet-benchmark/tests/Units/SoloTest.php" line="25" assertions="1" time="0.024961"/>
          <testcase name="testDeposit" class="Bavix\WalletBench\Test\Units\SoloTest" classname="Bavix.WalletBench.Test.Units.SoloTest" file="/Users/babichev/projects/laravel-wallet-benchmark/tests/Units/SoloTest.php" line="25" assertions="1" time="0.026328"/>
          <testcase name="testDeposit" class="Bavix\WalletBench\Test\Units\SoloTest" classname="Bavix.WalletBench.Test.Units.SoloTest" file="/Users/babichev/projects/laravel-wallet-benchmark/tests/Units/SoloTest.php" line="25" assertions="1" time="0.023551"/>
          <testcase name="testDeposit" class="Bavix\WalletBench\Test\Units\SoloTest" classname="Bavix.WalletBench.Test.Units.SoloTest" file="/Users/babichev/projects/laravel-wallet-benchmark/tests/Units/SoloTest.php" line="25" assertions="1" time="0.024940"/>
          <testcase name="testDeposit" class="Bavix\WalletBench\Test\Units\SoloTest" classname="Bavix.WalletBench.Test.Units.SoloTest" file="/Users/babichev/projects/laravel-wallet-benchmark/tests/Units/SoloTest.php" line="25" assertions="1" time="0.024161"/>
          <testcase name="testDeposit" class="Bavix\WalletBench\Test\Units\SoloTest" classname="Bavix.WalletBench.Test.Units.SoloTest" file="/Users/babichev/projects/laravel-wallet-benchmark/tests/Units/SoloTest.php" line="25" assertions="1" time="0.024551"/>
          <testcase name="testDeposit" class="Bavix\WalletBench\Test\Units\SoloTest" classname="Bavix.WalletBench.Test.Units.SoloTest" file="/Users/babichev/projects/laravel-wallet-benchmark/tests/Units/SoloTest.php" line="25" assertions="1" time="0.025184"/>
          <testcase name="testDeposit" class="Bavix\WalletBench\Test\Units\SoloTest" classname="Bavix.WalletBench.Test.Units.SoloTest" file="/Users/babichev/projects/laravel-wallet-benchmark/tests/Units/SoloTest.php" line="25" assertions="1" time="0.024516"/>
          <testcase name="testDeposit" class="Bavix\WalletBench\Test\Units\SoloTest" classname="Bavix.WalletBench.Test.Units.SoloTest" file="/Users/babichev/projects/laravel-wallet-benchmark/tests/Units/SoloTest.php" line="25" assertions="1" time="0.025541"/>
          <testcase name="testDeposit" class="Bavix\WalletBench\Test\Units\SoloTest" classname="Bavix.WalletBench.Test.Units.SoloTest" file="/Users/babichev/projects/laravel-wallet-benchmark/tests/Units/SoloTest.php" line="25" assertions="1" time="0.024526"/>
          <testcase name="testDeposit" class="Bavix\WalletBench\Test\Units\SoloTest" classname="Bavix.WalletBench.Test.Units.SoloTest" file="/Users/babichev/projects/laravel-wallet-benchmark/tests/Units/SoloTest.php" line="25" assertions="1" time="0.024361"/>
          <testcase name="testDeposit" class="Bavix\WalletBench\Test\Units\SoloTest" classname="Bavix.WalletBench.Test.Units.SoloTest" file="/Users/babichev/projects/laravel-wallet-benchmark/tests/Units/SoloTest.php" line="25" assertions="1" time="0.024660"/>
          <testcase name="testDeposit" class="Bavix\WalletBench\Test\Units\SoloTest" classname="Bavix.WalletBench.Test.Units.SoloTest" file="/Users/babichev/projects/laravel-wallet-benchmark/tests/Units/SoloTest.php" line="25" assertions="1" time="0.024150"/>
          <testcase name="testDeposit" class="Bavix\WalletBench\Test\Units\SoloTest" classname="Bavix.WalletBench.Test.Units.SoloTest" file="/Users/babichev/projects/laravel-wallet-benchmark/tests/Units/SoloTest.php" line="25" assertions="1" time="0.023657"/>
          <testcase name="testDeposit" class="Bavix\WalletBench\Test\Units\SoloTest" classname="Bavix.WalletBench.Test.Units.SoloTest" file="/Users/babichev/projects/laravel-wallet-benchmark/tests/Units/SoloTest.php" line="25" assertions="1" time="0.026094"/>
          <testcase name="testDeposit" class="Bavix\WalletBench\Test\Units\SoloTest" classname="Bavix.WalletBench.Test.Units.SoloTest" file="/Users/babichev/projects/laravel-wallet-benchmark/tests/Units/SoloTest.php" line="25" assertions="1" time="0.024155"/>
          <testcase name="testDeposit" class="Bavix\WalletBench\Test\Units\SoloTest" classname="Bavix.WalletBench.Test.Units.SoloTest" file="/Users/babichev/projects/laravel-wallet-benchmark/tests/Units/SoloTest.php" line="25" assertions="1" time="0.026238"/>
          <testcase name="testDeposit" class="Bavix\WalletBench\Test\Units\SoloTest" classname="Bavix.WalletBench.Test.Units.SoloTest" file="/Users/babichev/projects/laravel-wallet-benchmark/tests/Units/SoloTest.php" line="25" assertions="1" time="0.025956"/>
          <testcase name="testDeposit" class="Bavix\WalletBench\Test\Units\SoloTest" classname="Bavix.WalletBench.Test.Units.SoloTest" file="/Users/babichev/projects/laravel-wallet-benchmark/tests/Units/SoloTest.php" line="25" assertions="1" time="0.025404"/>
          <testcase name="testDeposit" class="Bavix\WalletBench\Test\Units\SoloTest" classname="Bavix.WalletBench.Test.Units.SoloTest" file="/Users/babichev/projects/laravel-wallet-benchmark/tests/Units/SoloTest.php" line="25" assertions="1" time="0.027551"/>
          <testcase name="testDeposit" class="Bavix\WalletBench\Test\Units\SoloTest" classname="Bavix.WalletBench.Test.Units.SoloTest" file="/Users/babichev/projects/laravel-wallet-benchmark/tests/Units/SoloTest.php" line="25" assertions="1" time="0.024736"/>
          <testcase name="testDeposit" class="Bavix\WalletBench\Test\Units\SoloTest" classname="Bavix.WalletBench.Test.Units.SoloTest" file="/Users/babichev/projects/laravel-wallet-benchmark/tests/Units/SoloTest.php" line="25" assertions="1" time="0.024242"/>
          <testcase name="testDeposit" class="Bavix\WalletBench\Test\Units\SoloTest" classname="Bavix.WalletBench.Test.Units.SoloTest" file="/Users/babichev/projects/laravel-wallet-benchmark/tests/Units/SoloTest.php" line="25" assertions="1" time="0.025822"/>
          <testcase name="testDeposit" class="Bavix\WalletBench\Test\Units\SoloTest" classname="Bavix.WalletBench.Test.Units.SoloTest" file="/Users/babichev/projects/laravel-wallet-benchmark/tests/Units/SoloTest.php" line="25" assertions="1" time="0.024882"/>
          <testcase name="testDeposit" class="Bavix\WalletBench\Test\Units\SoloTest" classname="Bavix.WalletBench.Test.Units.SoloTest" file="/Users/babichev/projects/laravel-wallet-benchmark/tests/Units/SoloTest.php" line="25" assertions="1" time="0.024601"/>
          <testcase name="testDeposit" class="Bavix\WalletBench\Test\Units\SoloTest" classname="Bavix.WalletBench.Test.Units.SoloTest" file="/Users/babichev/projects/laravel-wallet-benchmark/tests/Units/SoloTest.php" line="25" assertions="1" time="0.024974"/>
          <testcase name="testDeposit" class="Bavix\WalletBench\Test\Units\SoloTest" classname="Bavix.WalletBench.Test.Units.SoloTest" file="/Users/babichev/projects/laravel-wallet-benchmark/tests/Units/SoloTest.php" line="25" assertions="1" time="0.024272"/>
          <testcase name="testDeposit" class="Bavix\WalletBench\Test\Units\SoloTest" classname="Bavix.WalletBench.Test.Units.SoloTest" file="/Users/babichev/projects/laravel-wallet-benchmark/tests/Units/SoloTest.php" line="25" assertions="1" time="0.024586"/>
          <testcase name="testDeposit" class="Bavix\WalletBench\Test\Units\SoloTest" classname="Bavix.WalletBench.Test.Units.SoloTest" file="/Users/babichev/projects/laravel-wallet-benchmark/tests/Units/SoloTest.php" line="25" assertions="1" time="0.025330"/>
          <testcase name="testDeposit" class="Bavix\WalletBench\Test\Units\SoloTest" classname="Bavix.WalletBench.Test.Units.SoloTest" file="/Users/babichev/projects/laravel-wallet-benchmark/tests/Units/SoloTest.php" line="25" assertions="1" time="0.025270"/>
          <testcase name="testDeposit" class="Bavix\WalletBench\Test\Units\SoloTest" classname="Bavix.WalletBench.Test.Units.SoloTest" file="/Users/babichev/projects/laravel-wallet-benchmark/tests/Units/SoloTest.php" line="25" assertions="1" time="0.024335"/>
          <testcase name="testDeposit" class="Bavix\WalletBench\Test\Units\SoloTest" classname="Bavix.WalletBench.Test.Units.SoloTest" file="/Users/babichev/projects/laravel-wallet-benchmark/tests/Units/SoloTest.php" line="25" assertions="1" time="0.023210"/>
          <testcase name="testDeposit" class="Bavix\WalletBench\Test\Units\SoloTest" classname="Bavix.WalletBench.Test.Units.SoloTest" file="/Users/babichev/projects/laravel-wallet-benchmark/tests/Units/SoloTest.php" line="25" assertions="1" time="0.025408"/>
          <testcase name="testDeposit" class="Bavix\WalletBench\Test\Units\SoloTest" classname="Bavix.WalletBench.Test.Units.SoloTest" file="/Users/babichev/projects/laravel-wallet-benchmark/tests/Units/SoloTest.php" line="25" assertions="1" time="0.024589"/>
          <testcase name="testDeposit" class="Bavix\WalletBench\Test\Units\SoloTest" classname="Bavix.WalletBench.Test.Units.SoloTest" file="/Users/babichev/projects/laravel-wallet-benchmark/tests/Units/SoloTest.php" line="25" assertions="1" time="0.025592"/>
          <testcase name="testDeposit" class="Bavix\WalletBench\Test\Units\SoloTest" classname="Bavix.WalletBench.Test.Units.SoloTest" file="/Users/babichev/projects/laravel-wallet-benchmark/tests/Units/SoloTest.php" line="25" assertions="1" time="0.024413"/>
          <testcase name="testDeposit" class="Bavix\WalletBench\Test\Units\SoloTest" classname="Bavix.WalletBench.Test.Units.SoloTest" file="/Users/babichev/projects/laravel-wallet-benchmark/tests/Units/SoloTest.php" line="25" assertions="1" time="0.024375"/>
          <testcase name="testDeposit" class="Bavix\WalletBench\Test\Units\SoloTest" classname="Bavix.WalletBench.Test.Units.SoloTest" file="/Users/babichev/projects/laravel-wallet-benchmark/tests/Units/SoloTest.php" line="25" assertions="1" time="0.025300"/>
          <testcase name="testDeposit" class="Bavix\WalletBench\Test\Units\SoloTest" classname="Bavix.WalletBench.Test.Units.SoloTest" file="/Users/babichev/projects/laravel-wallet-benchmark/tests/Units/SoloTest.php" line="25" assertions="1" time="0.024473"/>
          <testcase name="testDeposit" class="Bavix\WalletBench\Test\Units\SoloTest" classname="Bavix.WalletBench.Test.Units.SoloTest" file="/Users/babichev/projects/laravel-wallet-benchmark/tests/Units/SoloTest.php" line="25" assertions="1" time="0.025853"/>
          <testcase name="testDeposit" class="Bavix\WalletBench\Test\Units\SoloTest" classname="Bavix.WalletBench.Test.Units.SoloTest" file="/Users/babichev/projects/laravel-wallet-benchmark/tests/Units/SoloTest.php" line="25" assertions="1" time="0.026526"/>
          <testcase name="testDeposit" class="Bavix\WalletBench\Test\Units\SoloTest" classname="Bavix.WalletBench.Test.Units.SoloTest" file="/Users/babichev/projects/laravel-wallet-benchmark/tests/Units/SoloTest.php" line="25" assertions="1" time="0.024873"/>
          <testcase name="testDeposit" class="Bavix\WalletBench\Test\Units\SoloTest" classname="Bavix.WalletBench.Test.Units.SoloTest" file="/Users/babichev/projects/laravel-wallet-benchmark/tests/Units/SoloTest.php" line="25" assertions="1" time="0.024777"/>
          <testcase name="testDeposit" class="Bavix\WalletBench\Test\Units\SoloTest" classname="Bavix.WalletBench.Test.Units.SoloTest" file="/Users/babichev/projects/laravel-wallet-benchmark/tests/Units/SoloTest.php" line="25" assertions="1" time="0.025073"/>
          <testcase name="testDeposit" class="Bavix\WalletBench\Test\Units\SoloTest" classname="Bavix.WalletBench.Test.Units.SoloTest" file="/Users/babichev/projects/laravel-wallet-benchmark/tests/Units/SoloTest.php" line="25" assertions="1" time="0.024424"/>
          <testcase name="testDeposit" class="Bavix\WalletBench\Test\Units\SoloTest" classname="Bavix.WalletBench.Test.Units.SoloTest" file="/Users/babichev/projects/laravel-wallet-benchmark/tests/Units/SoloTest.php" line="25" assertions="1" time="0.024365"/>
          <testcase name="testDeposit" class="Bavix\WalletBench\Test\Units\SoloTest" classname="Bavix.WalletBench.Test.Units.SoloTest" file="/Users/babichev/projects/laravel-wallet-benchmark/tests/Units/SoloTest.php" line="25" assertions="1" time="0.024247"/>
          <testcase name="testDeposit" class="Bavix\WalletBench\Test\Units\SoloTest" classname="Bavix.WalletBench.Test.Units.SoloTest" file="/Users/babichev/projects/laravel-wallet-benchmark/tests/Units/SoloTest.php" line="25" assertions="1" time="0.025853"/>
          <testcase name="testDeposit" class="Bavix\WalletBench\Test\Units\SoloTest" classname="Bavix.WalletBench.Test.Units.SoloTest" file="/Users/babichev/projects/laravel-wallet-benchmark/tests/Units/SoloTest.php" line="25" assertions="1" time="0.025359"/>
          <testcase name="testDeposit" class="Bavix\WalletBench\Test\Units\SoloTest" classname="Bavix.WalletBench.Test.Units.SoloTest" file="/Users/babichev/projects/laravel-wallet-benchmark/tests/Units/SoloTest.php" line="25" assertions="1" time="0.024862"/>
          <testcase name="testDeposit" class="Bavix\WalletBench\Test\Units\SoloTest" classname="Bavix.WalletBench.Test.Units.SoloTest" file="/Users/babichev/projects/laravel-wallet-benchmark/tests/Units/SoloTest.php" line="25" assertions="1" time="0.025476"/>
        </testsuite>
        <testsuite name="Bavix\WalletBench\Test\Units\SoloTest::testForceWithdraw" tests="100" assertions="100" errors="0" warnings="0" failures="0" skipped="0" time="2.532929">
          <testcase name="testForceWithdraw" class="Bavix\WalletBench\Test\Units\SoloTest" classname="Bavix.WalletBench.Test.Units.SoloTest" file="/Users/babichev/projects/laravel-wallet-benchmark/tests/Units/SoloTest.php" line="34" assertions="1" time="0.024715"/>
          <testcase name="testForceWithdraw" class="Bavix\WalletBench\Test\Units\SoloTest" classname="Bavix.WalletBench.Test.Units.SoloTest" file="/Users/babichev/projects/laravel-wallet-benchmark/tests/Units/SoloTest.php" line="34" assertions="1" time="0.024534"/>
          <testcase name="testForceWithdraw" class="Bavix\WalletBench\Test\Units\SoloTest" classname="Bavix.WalletBench.Test.Units.SoloTest" file="/Users/babichev/projects/laravel-wallet-benchmark/tests/Units/SoloTest.php" line="34" assertions="1" time="0.025311"/>
          <testcase name="testForceWithdraw" class="Bavix\WalletBench\Test\Units\SoloTest" classname="Bavix.WalletBench.Test.Units.SoloTest" file="/Users/babichev/projects/laravel-wallet-benchmark/tests/Units/SoloTest.php" line="34" assertions="1" time="0.025373"/>
          <testcase name="testForceWithdraw" class="Bavix\WalletBench\Test\Units\SoloTest" classname="Bavix.WalletBench.Test.Units.SoloTest" file="/Users/babichev/projects/laravel-wallet-benchmark/tests/Units/SoloTest.php" line="34" assertions="1" time="0.025820"/>
          <testcase name="testForceWithdraw" class="Bavix\WalletBench\Test\Units\SoloTest" classname="Bavix.WalletBench.Test.Units.SoloTest" file="/Users/babichev/projects/laravel-wallet-benchmark/tests/Units/SoloTest.php" line="34" assertions="1" time="0.026083"/>
          <testcase name="testForceWithdraw" class="Bavix\WalletBench\Test\Units\SoloTest" classname="Bavix.WalletBench.Test.Units.SoloTest" file="/Users/babichev/projects/laravel-wallet-benchmark/tests/Units/SoloTest.php" line="34" assertions="1" time="0.023311"/>
          <testcase name="testForceWithdraw" class="Bavix\WalletBench\Test\Units\SoloTest" classname="Bavix.WalletBench.Test.Units.SoloTest" file="/Users/babichev/projects/laravel-wallet-benchmark/tests/Units/SoloTest.php" line="34" assertions="1" time="0.025976"/>
          <testcase name="testForceWithdraw" class="Bavix\WalletBench\Test\Units\SoloTest" classname="Bavix.WalletBench.Test.Units.SoloTest" file="/Users/babichev/projects/laravel-wallet-benchmark/tests/Units/SoloTest.php" line="34" assertions="1" time="0.024685"/>
          <testcase name="testForceWithdraw" class="Bavix\WalletBench\Test\Units\SoloTest" classname="Bavix.WalletBench.Test.Units.SoloTest" file="/Users/babichev/projects/laravel-wallet-benchmark/tests/Units/SoloTest.php" line="34" assertions="1" time="0.026784"/>
          <testcase name="testForceWithdraw" class="Bavix\WalletBench\Test\Units\SoloTest" classname="Bavix.WalletBench.Test.Units.SoloTest" file="/Users/babichev/projects/laravel-wallet-benchmark/tests/Units/SoloTest.php" line="34" assertions="1" time="0.025225"/>
          <testcase name="testForceWithdraw" class="Bavix\WalletBench\Test\Units\SoloTest" classname="Bavix.WalletBench.Test.Units.SoloTest" file="/Users/babichev/projects/laravel-wallet-benchmark/tests/Units/SoloTest.php" line="34" assertions="1" time="0.025697"/>
          <testcase name="testForceWithdraw" class="Bavix\WalletBench\Test\Units\SoloTest" classname="Bavix.WalletBench.Test.Units.SoloTest" file="/Users/babichev/projects/laravel-wallet-benchmark/tests/Units/SoloTest.php" line="34" assertions="1" time="0.026574"/>
          <testcase name="testForceWithdraw" class="Bavix\WalletBench\Test\Units\SoloTest" classname="Bavix.WalletBench.Test.Units.SoloTest" file="/Users/babichev/projects/laravel-wallet-benchmark/tests/Units/SoloTest.php" line="34" assertions="1" time="0.025747"/>
          <testcase name="testForceWithdraw" class="Bavix\WalletBench\Test\Units\SoloTest" classname="Bavix.WalletBench.Test.Units.SoloTest" file="/Users/babichev/projects/laravel-wallet-benchmark/tests/Units/SoloTest.php" line="34" assertions="1" time="0.025566"/>
          <testcase name="testForceWithdraw" class="Bavix\WalletBench\Test\Units\SoloTest" classname="Bavix.WalletBench.Test.Units.SoloTest" file="/Users/babichev/projects/laravel-wallet-benchmark/tests/Units/SoloTest.php" line="34" assertions="1" time="0.026593"/>
          <testcase name="testForceWithdraw" class="Bavix\WalletBench\Test\Units\SoloTest" classname="Bavix.WalletBench.Test.Units.SoloTest" file="/Users/babichev/projects/laravel-wallet-benchmark/tests/Units/SoloTest.php" line="34" assertions="1" time="0.025430"/>
          <testcase name="testForceWithdraw" class="Bavix\WalletBench\Test\Units\SoloTest" classname="Bavix.WalletBench.Test.Units.SoloTest" file="/Users/babichev/projects/laravel-wallet-benchmark/tests/Units/SoloTest.php" line="34" assertions="1" time="0.024305"/>
          <testcase name="testForceWithdraw" class="Bavix\WalletBench\Test\Units\SoloTest" classname="Bavix.WalletBench.Test.Units.SoloTest" file="/Users/babichev/projects/laravel-wallet-benchmark/tests/Units/SoloTest.php" line="34" assertions="1" time="0.026284"/>
          <testcase name="testForceWithdraw" class="Bavix\WalletBench\Test\Units\SoloTest" classname="Bavix.WalletBench.Test.Units.SoloTest" file="/Users/babichev/projects/laravel-wallet-benchmark/tests/Units/SoloTest.php" line="34" assertions="1" time="0.025517"/>
          <testcase name="testForceWithdraw" class="Bavix\WalletBench\Test\Units\SoloTest" classname="Bavix.WalletBench.Test.Units.SoloTest" file="/Users/babichev/projects/laravel-wallet-benchmark/tests/Units/SoloTest.php" line="34" assertions="1" time="0.026192"/>
          <testcase name="testForceWithdraw" class="Bavix\WalletBench\Test\Units\SoloTest" classname="Bavix.WalletBench.Test.Units.SoloTest" file="/Users/babichev/projects/laravel-wallet-benchmark/tests/Units/SoloTest.php" line="34" assertions="1" time="0.024742"/>
          <testcase name="testForceWithdraw" class="Bavix\WalletBench\Test\Units\SoloTest" classname="Bavix.WalletBench.Test.Units.SoloTest" file="/Users/babichev/projects/laravel-wallet-benchmark/tests/Units/SoloTest.php" line="34" assertions="1" time="0.025478"/>
          <testcase name="testForceWithdraw" class="Bavix\WalletBench\Test\Units\SoloTest" classname="Bavix.WalletBench.Test.Units.SoloTest" file="/Users/babichev/projects/laravel-wallet-benchmark/tests/Units/SoloTest.php" line="34" assertions="1" time="0.024598"/>
          <testcase name="testForceWithdraw" class="Bavix\WalletBench\Test\Units\SoloTest" classname="Bavix.WalletBench.Test.Units.SoloTest" file="/Users/babichev/projects/laravel-wallet-benchmark/tests/Units/SoloTest.php" line="34" assertions="1" time="0.025384"/>
          <testcase name="testForceWithdraw" class="Bavix\WalletBench\Test\Units\SoloTest" classname="Bavix.WalletBench.Test.Units.SoloTest" file="/Users/babichev/projects/laravel-wallet-benchmark/tests/Units/SoloTest.php" line="34" assertions="1" time="0.025167"/>
          <testcase name="testForceWithdraw" class="Bavix\WalletBench\Test\Units\SoloTest" classname="Bavix.WalletBench.Test.Units.SoloTest" file="/Users/babichev/projects/laravel-wallet-benchmark/tests/Units/SoloTest.php" line="34" assertions="1" time="0.024739"/>
          <testcase name="testForceWithdraw" class="Bavix\WalletBench\Test\Units\SoloTest" classname="Bavix.WalletBench.Test.Units.SoloTest" file="/Users/babichev/projects/laravel-wallet-benchmark/tests/Units/SoloTest.php" line="34" assertions="1" time="0.025021"/>
          <testcase name="testForceWithdraw" class="Bavix\WalletBench\Test\Units\SoloTest" classname="Bavix.WalletBench.Test.Units.SoloTest" file="/Users/babichev/projects/laravel-wallet-benchmark/tests/Units/SoloTest.php" line="34" assertions="1" time="0.025159"/>
          <testcase name="testForceWithdraw" class="Bavix\WalletBench\Test\Units\SoloTest" classname="Bavix.WalletBench.Test.Units.SoloTest" file="/Users/babichev/projects/laravel-wallet-benchmark/tests/Units/SoloTest.php" line="34" assertions="1" time="0.024537"/>
          <testcase name="testForceWithdraw" class="Bavix\WalletBench\Test\Units\SoloTest" classname="Bavix.WalletBench.Test.Units.SoloTest" file="/Users/babichev/projects/laravel-wallet-benchmark/tests/Units/SoloTest.php" line="34" assertions="1" time="0.025140"/>
          <testcase name="testForceWithdraw" class="Bavix\WalletBench\Test\Units\SoloTest" classname="Bavix.WalletBench.Test.Units.SoloTest" file="/Users/babichev/projects/laravel-wallet-benchmark/tests/Units/SoloTest.php" line="34" assertions="1" time="0.025080"/>
          <testcase name="testForceWithdraw" class="Bavix\WalletBench\Test\Units\SoloTest" classname="Bavix.WalletBench.Test.Units.SoloTest" file="/Users/babichev/projects/laravel-wallet-benchmark/tests/Units/SoloTest.php" line="34" assertions="1" time="0.025189"/>
          <testcase name="testForceWithdraw" class="Bavix\WalletBench\Test\Units\SoloTest" classname="Bavix.WalletBench.Test.Units.SoloTest" file="/Users/babichev/projects/laravel-wallet-benchmark/tests/Units/SoloTest.php" line="34" assertions="1" time="0.023990"/>
          <testcase name="testForceWithdraw" class="Bavix\WalletBench\Test\Units\SoloTest" classname="Bavix.WalletBench.Test.Units.SoloTest" file="/Users/babichev/projects/laravel-wallet-benchmark/tests/Units/SoloTest.php" line="34" assertions="1" time="0.025470"/>
          <testcase name="testForceWithdraw" class="Bavix\WalletBench\Test\Units\SoloTest" classname="Bavix.WalletBench.Test.Units.SoloTest" file="/Users/babichev/projects/laravel-wallet-benchmark/tests/Units/SoloTest.php" line="34" assertions="1" time="0.026713"/>
          <testcase name="testForceWithdraw" class="Bavix\WalletBench\Test\Units\SoloTest" classname="Bavix.WalletBench.Test.Units.SoloTest" file="/Users/babichev/projects/laravel-wallet-benchmark/tests/Units/SoloTest.php" line="34" assertions="1" time="0.025402"/>
          <testcase name="testForceWithdraw" class="Bavix\WalletBench\Test\Units\SoloTest" classname="Bavix.WalletBench.Test.Units.SoloTest" file="/Users/babichev/projects/laravel-wallet-benchmark/tests/Units/SoloTest.php" line="34" assertions="1" time="0.024846"/>
          <testcase name="testForceWithdraw" class="Bavix\WalletBench\Test\Units\SoloTest" classname="Bavix.WalletBench.Test.Units.SoloTest" file="/Users/babichev/projects/laravel-wallet-benchmark/tests/Units/SoloTest.php" line="34" assertions="1" time="0.025716"/>
          <testcase name="testForceWithdraw" class="Bavix\WalletBench\Test\Units\SoloTest" classname="Bavix.WalletBench.Test.Units.SoloTest" file="/Users/babichev/projects/laravel-wallet-benchmark/tests/Units/SoloTest.php" line="34" assertions="1" time="0.026291"/>
          <testcase name="testForceWithdraw" class="Bavix\WalletBench\Test\Units\SoloTest" classname="Bavix.WalletBench.Test.Units.SoloTest" file="/Users/babichev/projects/laravel-wallet-benchmark/tests/Units/SoloTest.php" line="34" assertions="1" time="0.024483"/>
          <testcase name="testForceWithdraw" class="Bavix\WalletBench\Test\Units\SoloTest" classname="Bavix.WalletBench.Test.Units.SoloTest" file="/Users/babichev/projects/laravel-wallet-benchmark/tests/Units/SoloTest.php" line="34" assertions="1" time="0.025098"/>
          <testcase name="testForceWithdraw" class="Bavix\WalletBench\Test\Units\SoloTest" classname="Bavix.WalletBench.Test.Units.SoloTest" file="/Users/babichev/projects/laravel-wallet-benchmark/tests/Units/SoloTest.php" line="34" assertions="1" time="0.024488"/>
          <testcase name="testForceWithdraw" class="Bavix\WalletBench\Test\Units\SoloTest" classname="Bavix.WalletBench.Test.Units.SoloTest" file="/Users/babichev/projects/laravel-wallet-benchmark/tests/Units/SoloTest.php" line="34" assertions="1" time="0.026674"/>
          <testcase name="testForceWithdraw" class="Bavix\WalletBench\Test\Units\SoloTest" classname="Bavix.WalletBench.Test.Units.SoloTest" file="/Users/babichev/projects/laravel-wallet-benchmark/tests/Units/SoloTest.php" line="34" assertions="1" time="0.024109"/>
          <testcase name="testForceWithdraw" class="Bavix\WalletBench\Test\Units\SoloTest" classname="Bavix.WalletBench.Test.Units.SoloTest" file="/Users/babichev/projects/laravel-wallet-benchmark/tests/Units/SoloTest.php" line="34" assertions="1" time="0.025020"/>
          <testcase name="testForceWithdraw" class="Bavix\WalletBench\Test\Units\SoloTest" classname="Bavix.WalletBench.Test.Units.SoloTest" file="/Users/babichev/projects/laravel-wallet-benchmark/tests/Units/SoloTest.php" line="34" assertions="1" time="0.024536"/>
          <testcase name="testForceWithdraw" class="Bavix\WalletBench\Test\Units\SoloTest" classname="Bavix.WalletBench.Test.Units.SoloTest" file="/Users/babichev/projects/laravel-wallet-benchmark/tests/Units/SoloTest.php" line="34" assertions="1" time="0.025563"/>
          <testcase name="testForceWithdraw" class="Bavix\WalletBench\Test\Units\SoloTest" classname="Bavix.WalletBench.Test.Units.SoloTest" file="/Users/babichev/projects/laravel-wallet-benchmark/tests/Units/SoloTest.php" line="34" assertions="1" time="0.025586"/>
          <testcase name="testForceWithdraw" class="Bavix\WalletBench\Test\Units\SoloTest" classname="Bavix.WalletBench.Test.Units.SoloTest" file="/Users/babichev/projects/laravel-wallet-benchmark/tests/Units/SoloTest.php" line="34" assertions="1" time="0.025206"/>
          <testcase name="testForceWithdraw" class="Bavix\WalletBench\Test\Units\SoloTest" classname="Bavix.WalletBench.Test.Units.SoloTest" file="/Users/babichev/projects/laravel-wallet-benchmark/tests/Units/SoloTest.php" line="34" assertions="1" time="0.026926"/>
          <testcase name="testForceWithdraw" class="Bavix\WalletBench\Test\Units\SoloTest" classname="Bavix.WalletBench.Test.Units.SoloTest" file="/Users/babichev/projects/laravel-wallet-benchmark/tests/Units/SoloTest.php" line="34" assertions="1" time="0.024979"/>
          <testcase name="testForceWithdraw" class="Bavix\WalletBench\Test\Units\SoloTest" classname="Bavix.WalletBench.Test.Units.SoloTest" file="/Users/babichev/projects/laravel-wallet-benchmark/tests/Units/SoloTest.php" line="34" assertions="1" time="0.024698"/>
          <testcase name="testForceWithdraw" class="Bavix\WalletBench\Test\Units\SoloTest" classname="Bavix.WalletBench.Test.Units.SoloTest" file="/Users/babichev/projects/laravel-wallet-benchmark/tests/Units/SoloTest.php" line="34" assertions="1" time="0.025834"/>
          <testcase name="testForceWithdraw" class="Bavix\WalletBench\Test\Units\SoloTest" classname="Bavix.WalletBench.Test.Units.SoloTest" file="/Users/babichev/projects/laravel-wallet-benchmark/tests/Units/SoloTest.php" line="34" assertions="1" time="0.025761"/>
          <testcase name="testForceWithdraw" class="Bavix\WalletBench\Test\Units\SoloTest" classname="Bavix.WalletBench.Test.Units.SoloTest" file="/Users/babichev/projects/laravel-wallet-benchmark/tests/Units/SoloTest.php" line="34" assertions="1" time="0.024520"/>
          <testcase name="testForceWithdraw" class="Bavix\WalletBench\Test\Units\SoloTest" classname="Bavix.WalletBench.Test.Units.SoloTest" file="/Users/babichev/projects/laravel-wallet-benchmark/tests/Units/SoloTest.php" line="34" assertions="1" time="0.026666"/>
          <testcase name="testForceWithdraw" class="Bavix\WalletBench\Test\Units\SoloTest" classname="Bavix.WalletBench.Test.Units.SoloTest" file="/Users/babichev/projects/laravel-wallet-benchmark/tests/Units/SoloTest.php" line="34" assertions="1" time="0.027069"/>
          <testcase name="testForceWithdraw" class="Bavix\WalletBench\Test\Units\SoloTest" classname="Bavix.WalletBench.Test.Units.SoloTest" file="/Users/babichev/projects/laravel-wallet-benchmark/tests/Units/SoloTest.php" line="34" assertions="1" time="0.024529"/>
          <testcase name="testForceWithdraw" class="Bavix\WalletBench\Test\Units\SoloTest" classname="Bavix.WalletBench.Test.Units.SoloTest" file="/Users/babichev/projects/laravel-wallet-benchmark/tests/Units/SoloTest.php" line="34" assertions="1" time="0.025767"/>
          <testcase name="testForceWithdraw" class="Bavix\WalletBench\Test\Units\SoloTest" classname="Bavix.WalletBench.Test.Units.SoloTest" file="/Users/babichev/projects/laravel-wallet-benchmark/tests/Units/SoloTest.php" line="34" assertions="1" time="0.025940"/>
          <testcase name="testForceWithdraw" class="Bavix\WalletBench\Test\Units\SoloTest" classname="Bavix.WalletBench.Test.Units.SoloTest" file="/Users/babichev/projects/laravel-wallet-benchmark/tests/Units/SoloTest.php" line="34" assertions="1" time="0.025468"/>
          <testcase name="testForceWithdraw" class="Bavix\WalletBench\Test\Units\SoloTest" classname="Bavix.WalletBench.Test.Units.SoloTest" file="/Users/babichev/projects/laravel-wallet-benchmark/tests/Units/SoloTest.php" line="34" assertions="1" time="0.024723"/>
          <testcase name="testForceWithdraw" class="Bavix\WalletBench\Test\Units\SoloTest" classname="Bavix.WalletBench.Test.Units.SoloTest" file="/Users/babichev/projects/laravel-wallet-benchmark/tests/Units/SoloTest.php" line="34" assertions="1" time="0.026810"/>
          <testcase name="testForceWithdraw" class="Bavix\WalletBench\Test\Units\SoloTest" classname="Bavix.WalletBench.Test.Units.SoloTest" file="/Users/babichev/projects/laravel-wallet-benchmark/tests/Units/SoloTest.php" line="34" assertions="1" time="0.024996"/>
          <testcase name="testForceWithdraw" class="Bavix\WalletBench\Test\Units\SoloTest" classname="Bavix.WalletBench.Test.Units.SoloTest" file="/Users/babichev/projects/laravel-wallet-benchmark/tests/Units/SoloTest.php" line="34" assertions="1" time="0.025156"/>
          <testcase name="testForceWithdraw" class="Bavix\WalletBench\Test\Units\SoloTest" classname="Bavix.WalletBench.Test.Units.SoloTest" file="/Users/babichev/projects/laravel-wallet-benchmark/tests/Units/SoloTest.php" line="34" assertions="1" time="0.027063"/>
          <testcase name="testForceWithdraw" class="Bavix\WalletBench\Test\Units\SoloTest" classname="Bavix.WalletBench.Test.Units.SoloTest" file="/Users/babichev/projects/laravel-wallet-benchmark/tests/Units/SoloTest.php" line="34" assertions="1" time="0.025654"/>
          <testcase name="testForceWithdraw" class="Bavix\WalletBench\Test\Units\SoloTest" classname="Bavix.WalletBench.Test.Units.SoloTest" file="/Users/babichev/projects/laravel-wallet-benchmark/tests/Units/SoloTest.php" line="34" assertions="1" time="0.024503"/>
          <testcase name="testForceWithdraw" class="Bavix\WalletBench\Test\Units\SoloTest" classname="Bavix.WalletBench.Test.Units.SoloTest" file="/Users/babichev/projects/laravel-wallet-benchmark/tests/Units/SoloTest.php" line="34" assertions="1" time="0.025196"/>
          <testcase name="testForceWithdraw" class="Bavix\WalletBench\Test\Units\SoloTest" classname="Bavix.WalletBench.Test.Units.SoloTest" file="/Users/babichev/projects/laravel-wallet-benchmark/tests/Units/SoloTest.php" line="34" assertions="1" time="0.024692"/>
          <testcase name="testForceWithdraw" class="Bavix\WalletBench\Test\Units\SoloTest" classname="Bavix.WalletBench.Test.Units.SoloTest" file="/Users/babichev/projects/laravel-wallet-benchmark/tests/Units/SoloTest.php" line="34" assertions="1" time="0.024363"/>
          <testcase name="testForceWithdraw" class="Bavix\WalletBench\Test\Units\SoloTest" classname="Bavix.WalletBench.Test.Units.SoloTest" file="/Users/babichev/projects/laravel-wallet-benchmark/tests/Units/SoloTest.php" line="34" assertions="1" time="0.025699"/>
          <testcase name="testForceWithdraw" class="Bavix\WalletBench\Test\Units\SoloTest" classname="Bavix.WalletBench.Test.Units.SoloTest" file="/Users/babichev/projects/laravel-wallet-benchmark/tests/Units/SoloTest.php" line="34" assertions="1" time="0.025981"/>
          <testcase name="testForceWithdraw" class="Bavix\WalletBench\Test\Units\SoloTest" classname="Bavix.WalletBench.Test.Units.SoloTest" file="/Users/babichev/projects/laravel-wallet-benchmark/tests/Units/SoloTest.php" line="34" assertions="1" time="0.025662"/>
          <testcase name="testForceWithdraw" class="Bavix\WalletBench\Test\Units\SoloTest" classname="Bavix.WalletBench.Test.Units.SoloTest" file="/Users/babichev/projects/laravel-wallet-benchmark/tests/Units/SoloTest.php" line="34" assertions="1" time="0.025897"/>
          <testcase name="testForceWithdraw" class="Bavix\WalletBench\Test\Units\SoloTest" classname="Bavix.WalletBench.Test.Units.SoloTest" file="/Users/babichev/projects/laravel-wallet-benchmark/tests/Units/SoloTest.php" line="34" assertions="1" time="0.026262"/>
          <testcase name="testForceWithdraw" class="Bavix\WalletBench\Test\Units\SoloTest" classname="Bavix.WalletBench.Test.Units.SoloTest" file="/Users/babichev/projects/laravel-wallet-benchmark/tests/Units/SoloTest.php" line="34" assertions="1" time="0.025603"/>
          <testcase name="testForceWithdraw" class="Bavix\WalletBench\Test\Units\SoloTest" classname="Bavix.WalletBench.Test.Units.SoloTest" file="/Users/babichev/projects/laravel-wallet-benchmark/tests/Units/SoloTest.php" line="34" assertions="1" time="0.023979"/>
          <testcase name="testForceWithdraw" class="Bavix\WalletBench\Test\Units\SoloTest" classname="Bavix.WalletBench.Test.Units.SoloTest" file="/Users/babichev/projects/laravel-wallet-benchmark/tests/Units/SoloTest.php" line="34" assertions="1" time="0.024628"/>
          <testcase name="testForceWithdraw" class="Bavix\WalletBench\Test\Units\SoloTest" classname="Bavix.WalletBench.Test.Units.SoloTest" file="/Users/babichev/projects/laravel-wallet-benchmark/tests/Units/SoloTest.php" line="34" assertions="1" time="0.025562"/>
          <testcase name="testForceWithdraw" class="Bavix\WalletBench\Test\Units\SoloTest" classname="Bavix.WalletBench.Test.Units.SoloTest" file="/Users/babichev/projects/laravel-wallet-benchmark/tests/Units/SoloTest.php" line="34" assertions="1" time="0.024996"/>
          <testcase name="testForceWithdraw" class="Bavix\WalletBench\Test\Units\SoloTest" classname="Bavix.WalletBench.Test.Units.SoloTest" file="/Users/babichev/projects/laravel-wallet-benchmark/tests/Units/SoloTest.php" line="34" assertions="1" time="0.024684"/>
          <testcase name="testForceWithdraw" class="Bavix\WalletBench\Test\Units\SoloTest" classname="Bavix.WalletBench.Test.Units.SoloTest" file="/Users/babichev/projects/laravel-wallet-benchmark/tests/Units/SoloTest.php" line="34" assertions="1" time="0.025570"/>
          <testcase name="testForceWithdraw" class="Bavix\WalletBench\Test\Units\SoloTest" classname="Bavix.WalletBench.Test.Units.SoloTest" file="/Users/babichev/projects/laravel-wallet-benchmark/tests/Units/SoloTest.php" line="34" assertions="1" time="0.024986"/>
          <testcase name="testForceWithdraw" class="Bavix\WalletBench\Test\Units\SoloTest" classname="Bavix.WalletBench.Test.Units.SoloTest" file="/Users/babichev/projects/laravel-wallet-benchmark/tests/Units/SoloTest.php" line="34" assertions="1" time="0.023953"/>
          <testcase name="testForceWithdraw" class="Bavix\WalletBench\Test\Units\SoloTest" classname="Bavix.WalletBench.Test.Units.SoloTest" file="/Users/babichev/projects/laravel-wallet-benchmark/tests/Units/SoloTest.php" line="34" assertions="1" time="0.025527"/>
          <testcase name="testForceWithdraw" class="Bavix\WalletBench\Test\Units\SoloTest" classname="Bavix.WalletBench.Test.Units.SoloTest" file="/Users/babichev/projects/laravel-wallet-benchmark/tests/Units/SoloTest.php" line="34" assertions="1" time="0.025332"/>
          <testcase name="testForceWithdraw" class="Bavix\WalletBench\Test\Units\SoloTest" classname="Bavix.WalletBench.Test.Units.SoloTest" file="/Users/babichev/projects/laravel-wallet-benchmark/tests/Units/SoloTest.php" line="34" assertions="1" time="0.024926"/>
          <testcase name="testForceWithdraw" class="Bavix\WalletBench\Test\Units\SoloTest" classname="Bavix.WalletBench.Test.Units.SoloTest" file="/Users/babichev/projects/laravel-wallet-benchmark/tests/Units/SoloTest.php" line="34" assertions="1" time="0.026236"/>
          <testcase name="testForceWithdraw" class="Bavix\WalletBench\Test\Units\SoloTest" classname="Bavix.WalletBench.Test.Units.SoloTest" file="/Users/babichev/projects/laravel-wallet-benchmark/tests/Units/SoloTest.php" line="34" assertions="1" time="0.024498"/>
          <testcase name="testForceWithdraw" class="Bavix\WalletBench\Test\Units\SoloTest" classname="Bavix.WalletBench.Test.Units.SoloTest" file="/Users/babichev/projects/laravel-wallet-benchmark/tests/Units/SoloTest.php" line="34" assertions="1" time="0.024482"/>
          <testcase name="testForceWithdraw" class="Bavix\WalletBench\Test\Units\SoloTest" classname="Bavix.WalletBench.Test.Units.SoloTest" file="/Users/babichev/projects/laravel-wallet-benchmark/tests/Units/SoloTest.php" line="34" assertions="1" time="0.024848"/>
          <testcase name="testForceWithdraw" class="Bavix\WalletBench\Test\Units\SoloTest" classname="Bavix.WalletBench.Test.Units.SoloTest" file="/Users/babichev/projects/laravel-wallet-benchmark/tests/Units/SoloTest.php" line="34" assertions="1" time="0.025540"/>
          <testcase name="testForceWithdraw" class="Bavix\WalletBench\Test\Units\SoloTest" classname="Bavix.WalletBench.Test.Units.SoloTest" file="/Users/babichev/projects/laravel-wallet-benchmark/tests/Units/SoloTest.php" line="34" assertions="1" time="0.024313"/>
          <testcase name="testForceWithdraw" class="Bavix\WalletBench\Test\Units\SoloTest" classname="Bavix.WalletBench.Test.Units.SoloTest" file="/Users/babichev/projects/laravel-wallet-benchmark/tests/Units/SoloTest.php" line="34" assertions="1" time="0.024812"/>
          <testcase name="testForceWithdraw" class="Bavix\WalletBench\Test\Units\SoloTest" classname="Bavix.WalletBench.Test.Units.SoloTest" file="/Users/babichev/projects/laravel-wallet-benchmark/tests/Units/SoloTest.php" line="34" assertions="1" time="0.025467"/>
          <testcase name="testForceWithdraw" class="Bavix\WalletBench\Test\Units\SoloTest" classname="Bavix.WalletBench.Test.Units.SoloTest" file="/Users/babichev/projects/laravel-wallet-benchmark/tests/Units/SoloTest.php" line="34" assertions="1" time="0.024873"/>
          <testcase name="testForceWithdraw" class="Bavix\WalletBench\Test\Units\SoloTest" classname="Bavix.WalletBench.Test.Units.SoloTest" file="/Users/babichev/projects/laravel-wallet-benchmark/tests/Units/SoloTest.php" line="34" assertions="1" time="0.027127"/>
          <testcase name="testForceWithdraw" class="Bavix\WalletBench\Test\Units\SoloTest" classname="Bavix.WalletBench.Test.Units.SoloTest" file="/Users/babichev/projects/laravel-wallet-benchmark/tests/Units/SoloTest.php" line="34" assertions="1" time="0.025030"/>
        </testsuite>
        <testsuite name="Bavix\WalletBench\Test\Units\SoloTest::testTransfer" tests="100" assertions="100" errors="0" warnings="0" failures="0" skipped="0" time="4.860995">
          <testcase name="testTransfer" class="Bavix\WalletBench\Test\Units\SoloTest" classname="Bavix.WalletBench.Test.Units.SoloTest" file="/Users/babichev/projects/laravel-wallet-benchmark/tests/Units/SoloTest.php" line="43" assertions="1" time="0.049794"/>
          <testcase name="testTransfer" class="Bavix\WalletBench\Test\Units\SoloTest" classname="Bavix.WalletBench.Test.Units.SoloTest" file="/Users/babichev/projects/laravel-wallet-benchmark/tests/Units/SoloTest.php" line="43" assertions="1" time="0.046096"/>
          <testcase name="testTransfer" class="Bavix\WalletBench\Test\Units\SoloTest" classname="Bavix.WalletBench.Test.Units.SoloTest" file="/Users/babichev/projects/laravel-wallet-benchmark/tests/Units/SoloTest.php" line="43" assertions="1" time="0.046840"/>
          <testcase name="testTransfer" class="Bavix\WalletBench\Test\Units\SoloTest" classname="Bavix.WalletBench.Test.Units.SoloTest" file="/Users/babichev/projects/laravel-wallet-benchmark/tests/Units/SoloTest.php" line="43" assertions="1" time="0.047877"/>
          <testcase name="testTransfer" class="Bavix\WalletBench\Test\Units\SoloTest" classname="Bavix.WalletBench.Test.Units.SoloTest" file="/Users/babichev/projects/laravel-wallet-benchmark/tests/Units/SoloTest.php" line="43" assertions="1" time="0.046745"/>
          <testcase name="testTransfer" class="Bavix\WalletBench\Test\Units\SoloTest" classname="Bavix.WalletBench.Test.Units.SoloTest" file="/Users/babichev/projects/laravel-wallet-benchmark/tests/Units/SoloTest.php" line="43" assertions="1" time="0.047003"/>
          <testcase name="testTransfer" class="Bavix\WalletBench\Test\Units\SoloTest" classname="Bavix.WalletBench.Test.Units.SoloTest" file="/Users/babichev/projects/laravel-wallet-benchmark/tests/Units/SoloTest.php" line="43" assertions="1" time="0.047288"/>
          <testcase name="testTransfer" class="Bavix\WalletBench\Test\Units\SoloTest" classname="Bavix.WalletBench.Test.Units.SoloTest" file="/Users/babichev/projects/laravel-wallet-benchmark/tests/Units/SoloTest.php" line="43" assertions="1" time="0.046166"/>
          <testcase name="testTransfer" class="Bavix\WalletBench\Test\Units\SoloTest" classname="Bavix.WalletBench.Test.Units.SoloTest" file="/Users/babichev/projects/laravel-wallet-benchmark/tests/Units/SoloTest.php" line="43" assertions="1" time="0.048620"/>
          <testcase name="testTransfer" class="Bavix\WalletBench\Test\Units\SoloTest" classname="Bavix.WalletBench.Test.Units.SoloTest" file="/Users/babichev/projects/laravel-wallet-benchmark/tests/Units/SoloTest.php" line="43" assertions="1" time="0.046994"/>
          <testcase name="testTransfer" class="Bavix\WalletBench\Test\Units\SoloTest" classname="Bavix.WalletBench.Test.Units.SoloTest" file="/Users/babichev/projects/laravel-wallet-benchmark/tests/Units/SoloTest.php" line="43" assertions="1" time="0.046819"/>
          <testcase name="testTransfer" class="Bavix\WalletBench\Test\Units\SoloTest" classname="Bavix.WalletBench.Test.Units.SoloTest" file="/Users/babichev/projects/laravel-wallet-benchmark/tests/Units/SoloTest.php" line="43" assertions="1" time="0.047330"/>
          <testcase name="testTransfer" class="Bavix\WalletBench\Test\Units\SoloTest" classname="Bavix.WalletBench.Test.Units.SoloTest" file="/Users/babichev/projects/laravel-wallet-benchmark/tests/Units/SoloTest.php" line="43" assertions="1" time="0.046485"/>
          <testcase name="testTransfer" class="Bavix\WalletBench\Test\Units\SoloTest" classname="Bavix.WalletBench.Test.Units.SoloTest" file="/Users/babichev/projects/laravel-wallet-benchmark/tests/Units/SoloTest.php" line="43" assertions="1" time="0.045269"/>
          <testcase name="testTransfer" class="Bavix\WalletBench\Test\Units\SoloTest" classname="Bavix.WalletBench.Test.Units.SoloTest" file="/Users/babichev/projects/laravel-wallet-benchmark/tests/Units/SoloTest.php" line="43" assertions="1" time="0.047234"/>
          <testcase name="testTransfer" class="Bavix\WalletBench\Test\Units\SoloTest" classname="Bavix.WalletBench.Test.Units.SoloTest" file="/Users/babichev/projects/laravel-wallet-benchmark/tests/Units/SoloTest.php" line="43" assertions="1" time="0.050105"/>
          <testcase name="testTransfer" class="Bavix\WalletBench\Test\Units\SoloTest" classname="Bavix.WalletBench.Test.Units.SoloTest" file="/Users/babichev/projects/laravel-wallet-benchmark/tests/Units/SoloTest.php" line="43" assertions="1" time="0.048203"/>
          <testcase name="testTransfer" class="Bavix\WalletBench\Test\Units\SoloTest" classname="Bavix.WalletBench.Test.Units.SoloTest" file="/Users/babichev/projects/laravel-wallet-benchmark/tests/Units/SoloTest.php" line="43" assertions="1" time="0.051478"/>
          <testcase name="testTransfer" class="Bavix\WalletBench\Test\Units\SoloTest" classname="Bavix.WalletBench.Test.Units.SoloTest" file="/Users/babichev/projects/laravel-wallet-benchmark/tests/Units/SoloTest.php" line="43" assertions="1" time="0.048059"/>
          <testcase name="testTransfer" class="Bavix\WalletBench\Test\Units\SoloTest" classname="Bavix.WalletBench.Test.Units.SoloTest" file="/Users/babichev/projects/laravel-wallet-benchmark/tests/Units/SoloTest.php" line="43" assertions="1" time="0.047232"/>
          <testcase name="testTransfer" class="Bavix\WalletBench\Test\Units\SoloTest" classname="Bavix.WalletBench.Test.Units.SoloTest" file="/Users/babichev/projects/laravel-wallet-benchmark/tests/Units/SoloTest.php" line="43" assertions="1" time="0.053562"/>
          <testcase name="testTransfer" class="Bavix\WalletBench\Test\Units\SoloTest" classname="Bavix.WalletBench.Test.Units.SoloTest" file="/Users/babichev/projects/laravel-wallet-benchmark/tests/Units/SoloTest.php" line="43" assertions="1" time="0.047577"/>
          <testcase name="testTransfer" class="Bavix\WalletBench\Test\Units\SoloTest" classname="Bavix.WalletBench.Test.Units.SoloTest" file="/Users/babichev/projects/laravel-wallet-benchmark/tests/Units/SoloTest.php" line="43" assertions="1" time="0.049082"/>
          <testcase name="testTransfer" class="Bavix\WalletBench\Test\Units\SoloTest" classname="Bavix.WalletBench.Test.Units.SoloTest" file="/Users/babichev/projects/laravel-wallet-benchmark/tests/Units/SoloTest.php" line="43" assertions="1" time="0.045401"/>
          <testcase name="testTransfer" class="Bavix\WalletBench\Test\Units\SoloTest" classname="Bavix.WalletBench.Test.Units.SoloTest" file="/Users/babichev/projects/laravel-wallet-benchmark/tests/Units/SoloTest.php" line="43" assertions="1" time="0.045620"/>
          <testcase name="testTransfer" class="Bavix\WalletBench\Test\Units\SoloTest" classname="Bavix.WalletBench.Test.Units.SoloTest" file="/Users/babichev/projects/laravel-wallet-benchmark/tests/Units/SoloTest.php" line="43" assertions="1" time="0.048487"/>
          <testcase name="testTransfer" class="Bavix\WalletBench\Test\Units\SoloTest" classname="Bavix.WalletBench.Test.Units.SoloTest" file="/Users/babichev/projects/laravel-wallet-benchmark/tests/Units/SoloTest.php" line="43" assertions="1" time="0.049043"/>
          <testcase name="testTransfer" class="Bavix\WalletBench\Test\Units\SoloTest" classname="Bavix.WalletBench.Test.Units.SoloTest" file="/Users/babichev/projects/laravel-wallet-benchmark/tests/Units/SoloTest.php" line="43" assertions="1" time="0.046852"/>
          <testcase name="testTransfer" class="Bavix\WalletBench\Test\Units\SoloTest" classname="Bavix.WalletBench.Test.Units.SoloTest" file="/Users/babichev/projects/laravel-wallet-benchmark/tests/Units/SoloTest.php" line="43" assertions="1" time="0.051758"/>
          <testcase name="testTransfer" class="Bavix\WalletBench\Test\Units\SoloTest" classname="Bavix.WalletBench.Test.Units.SoloTest" file="/Users/babichev/projects/laravel-wallet-benchmark/tests/Units/SoloTest.php" line="43" assertions="1" time="0.050061"/>
          <testcase name="testTransfer" class="Bavix\WalletBench\Test\Units\SoloTest" classname="Bavix.WalletBench.Test.Units.SoloTest" file="/Users/babichev/projects/laravel-wallet-benchmark/tests/Units/SoloTest.php" line="43" assertions="1" time="0.049084"/>
          <testcase name="testTransfer" class="Bavix\WalletBench\Test\Units\SoloTest" classname="Bavix.WalletBench.Test.Units.SoloTest" file="/Users/babichev/projects/laravel-wallet-benchmark/tests/Units/SoloTest.php" line="43" assertions="1" time="0.051094"/>
          <testcase name="testTransfer" class="Bavix\WalletBench\Test\Units\SoloTest" classname="Bavix.WalletBench.Test.Units.SoloTest" file="/Users/babichev/projects/laravel-wallet-benchmark/tests/Units/SoloTest.php" line="43" assertions="1" time="0.048371"/>
          <testcase name="testTransfer" class="Bavix\WalletBench\Test\Units\SoloTest" classname="Bavix.WalletBench.Test.Units.SoloTest" file="/Users/babichev/projects/laravel-wallet-benchmark/tests/Units/SoloTest.php" line="43" assertions="1" time="0.052581"/>
          <testcase name="testTransfer" class="Bavix\WalletBench\Test\Units\SoloTest" classname="Bavix.WalletBench.Test.Units.SoloTest" file="/Users/babichev/projects/laravel-wallet-benchmark/tests/Units/SoloTest.php" line="43" assertions="1" time="0.047395"/>
          <testcase name="testTransfer" class="Bavix\WalletBench\Test\Units\SoloTest" classname="Bavix.WalletBench.Test.Units.SoloTest" file="/Users/babichev/projects/laravel-wallet-benchmark/tests/Units/SoloTest.php" line="43" assertions="1" time="0.051838"/>
          <testcase name="testTransfer" class="Bavix\WalletBench\Test\Units\SoloTest" classname="Bavix.WalletBench.Test.Units.SoloTest" file="/Users/babichev/projects/laravel-wallet-benchmark/tests/Units/SoloTest.php" line="43" assertions="1" time="0.048290"/>
          <testcase name="testTransfer" class="Bavix\WalletBench\Test\Units\SoloTest" classname="Bavix.WalletBench.Test.Units.SoloTest" file="/Users/babichev/projects/laravel-wallet-benchmark/tests/Units/SoloTest.php" line="43" assertions="1" time="0.049701"/>
          <testcase name="testTransfer" class="Bavix\WalletBench\Test\Units\SoloTest" classname="Bavix.WalletBench.Test.Units.SoloTest" file="/Users/babichev/projects/laravel-wallet-benchmark/tests/Units/SoloTest.php" line="43" assertions="1" time="0.048495"/>
          <testcase name="testTransfer" class="Bavix\WalletBench\Test\Units\SoloTest" classname="Bavix.WalletBench.Test.Units.SoloTest" file="/Users/babichev/projects/laravel-wallet-benchmark/tests/Units/SoloTest.php" line="43" assertions="1" time="0.048961"/>
          <testcase name="testTransfer" class="Bavix\WalletBench\Test\Units\SoloTest" classname="Bavix.WalletBench.Test.Units.SoloTest" file="/Users/babichev/projects/laravel-wallet-benchmark/tests/Units/SoloTest.php" line="43" assertions="1" time="0.046144"/>
          <testcase name="testTransfer" class="Bavix\WalletBench\Test\Units\SoloTest" classname="Bavix.WalletBench.Test.Units.SoloTest" file="/Users/babichev/projects/laravel-wallet-benchmark/tests/Units/SoloTest.php" line="43" assertions="1" time="0.047307"/>
          <testcase name="testTransfer" class="Bavix\WalletBench\Test\Units\SoloTest" classname="Bavix.WalletBench.Test.Units.SoloTest" file="/Users/babichev/projects/laravel-wallet-benchmark/tests/Units/SoloTest.php" line="43" assertions="1" time="0.050080"/>
          <testcase name="testTransfer" class="Bavix\WalletBench\Test\Units\SoloTest" classname="Bavix.WalletBench.Test.Units.SoloTest" file="/Users/babichev/projects/laravel-wallet-benchmark/tests/Units/SoloTest.php" line="43" assertions="1" time="0.046330"/>
          <testcase name="testTransfer" class="Bavix\WalletBench\Test\Units\SoloTest" classname="Bavix.WalletBench.Test.Units.SoloTest" file="/Users/babichev/projects/laravel-wallet-benchmark/tests/Units/SoloTest.php" line="43" assertions="1" time="0.049774"/>
          <testcase name="testTransfer" class="Bavix\WalletBench\Test\Units\SoloTest" classname="Bavix.WalletBench.Test.Units.SoloTest" file="/Users/babichev/projects/laravel-wallet-benchmark/tests/Units/SoloTest.php" line="43" assertions="1" time="0.048902"/>
          <testcase name="testTransfer" class="Bavix\WalletBench\Test\Units\SoloTest" classname="Bavix.WalletBench.Test.Units.SoloTest" file="/Users/babichev/projects/laravel-wallet-benchmark/tests/Units/SoloTest.php" line="43" assertions="1" time="0.048204"/>
          <testcase name="testTransfer" class="Bavix\WalletBench\Test\Units\SoloTest" classname="Bavix.WalletBench.Test.Units.SoloTest" file="/Users/babichev/projects/laravel-wallet-benchmark/tests/Units/SoloTest.php" line="43" assertions="1" time="0.047562"/>
          <testcase name="testTransfer" class="Bavix\WalletBench\Test\Units\SoloTest" classname="Bavix.WalletBench.Test.Units.SoloTest" file="/Users/babichev/projects/laravel-wallet-benchmark/tests/Units/SoloTest.php" line="43" assertions="1" time="0.048036"/>
          <testcase name="testTransfer" class="Bavix\WalletBench\Test\Units\SoloTest" classname="Bavix.WalletBench.Test.Units.SoloTest" file="/Users/babichev/projects/laravel-wallet-benchmark/tests/Units/SoloTest.php" line="43" assertions="1" time="0.048932"/>
          <testcase name="testTransfer" class="Bavix\WalletBench\Test\Units\SoloTest" classname="Bavix.WalletBench.Test.Units.SoloTest" file="/Users/babichev/projects/laravel-wallet-benchmark/tests/Units/SoloTest.php" line="43" assertions="1" time="0.052057"/>
          <testcase name="testTransfer" class="Bavix\WalletBench\Test\Units\SoloTest" classname="Bavix.WalletBench.Test.Units.SoloTest" file="/Users/babichev/projects/laravel-wallet-benchmark/tests/Units/SoloTest.php" line="43" assertions="1" time="0.052082"/>
          <testcase name="testTransfer" class="Bavix\WalletBench\Test\Units\SoloTest" classname="Bavix.WalletBench.Test.Units.SoloTest" file="/Users/babichev/projects/laravel-wallet-benchmark/tests/Units/SoloTest.php" line="43" assertions="1" time="0.047387"/>
          <testcase name="testTransfer" class="Bavix\WalletBench\Test\Units\SoloTest" classname="Bavix.WalletBench.Test.Units.SoloTest" file="/Users/babichev/projects/laravel-wallet-benchmark/tests/Units/SoloTest.php" line="43" assertions="1" time="0.046575"/>
          <testcase name="testTransfer" class="Bavix\WalletBench\Test\Units\SoloTest" classname="Bavix.WalletBench.Test.Units.SoloTest" file="/Users/babichev/projects/laravel-wallet-benchmark/tests/Units/SoloTest.php" line="43" assertions="1" time="0.048877"/>
          <testcase name="testTransfer" class="Bavix\WalletBench\Test\Units\SoloTest" classname="Bavix.WalletBench.Test.Units.SoloTest" file="/Users/babichev/projects/laravel-wallet-benchmark/tests/Units/SoloTest.php" line="43" assertions="1" time="0.047560"/>
          <testcase name="testTransfer" class="Bavix\WalletBench\Test\Units\SoloTest" classname="Bavix.WalletBench.Test.Units.SoloTest" file="/Users/babichev/projects/laravel-wallet-benchmark/tests/Units/SoloTest.php" line="43" assertions="1" time="0.046866"/>
          <testcase name="testTransfer" class="Bavix\WalletBench\Test\Units\SoloTest" classname="Bavix.WalletBench.Test.Units.SoloTest" file="/Users/babichev/projects/laravel-wallet-benchmark/tests/Units/SoloTest.php" line="43" assertions="1" time="0.051495"/>
          <testcase name="testTransfer" class="Bavix\WalletBench\Test\Units\SoloTest" classname="Bavix.WalletBench.Test.Units.SoloTest" file="/Users/babichev/projects/laravel-wallet-benchmark/tests/Units/SoloTest.php" line="43" assertions="1" time="0.054956"/>
          <testcase name="testTransfer" class="Bavix\WalletBench\Test\Units\SoloTest" classname="Bavix.WalletBench.Test.Units.SoloTest" file="/Users/babichev/projects/laravel-wallet-benchmark/tests/Units/SoloTest.php" line="43" assertions="1" time="0.049746"/>
          <testcase name="testTransfer" class="Bavix\WalletBench\Test\Units\SoloTest" classname="Bavix.WalletBench.Test.Units.SoloTest" file="/Users/babichev/projects/laravel-wallet-benchmark/tests/Units/SoloTest.php" line="43" assertions="1" time="0.047038"/>
          <testcase name="testTransfer" class="Bavix\WalletBench\Test\Units\SoloTest" classname="Bavix.WalletBench.Test.Units.SoloTest" file="/Users/babichev/projects/laravel-wallet-benchmark/tests/Units/SoloTest.php" line="43" assertions="1" time="0.052962"/>
          <testcase name="testTransfer" class="Bavix\WalletBench\Test\Units\SoloTest" classname="Bavix.WalletBench.Test.Units.SoloTest" file="/Users/babichev/projects/laravel-wallet-benchmark/tests/Units/SoloTest.php" line="43" assertions="1" time="0.049065"/>
          <testcase name="testTransfer" class="Bavix\WalletBench\Test\Units\SoloTest" classname="Bavix.WalletBench.Test.Units.SoloTest" file="/Users/babichev/projects/laravel-wallet-benchmark/tests/Units/SoloTest.php" line="43" assertions="1" time="0.051765"/>
          <testcase name="testTransfer" class="Bavix\WalletBench\Test\Units\SoloTest" classname="Bavix.WalletBench.Test.Units.SoloTest" file="/Users/babichev/projects/laravel-wallet-benchmark/tests/Units/SoloTest.php" line="43" assertions="1" time="0.046131"/>
          <testcase name="testTransfer" class="Bavix\WalletBench\Test\Units\SoloTest" classname="Bavix.WalletBench.Test.Units.SoloTest" file="/Users/babichev/projects/laravel-wallet-benchmark/tests/Units/SoloTest.php" line="43" assertions="1" time="0.047477"/>
          <testcase name="testTransfer" class="Bavix\WalletBench\Test\Units\SoloTest" classname="Bavix.WalletBench.Test.Units.SoloTest" file="/Users/babichev/projects/laravel-wallet-benchmark/tests/Units/SoloTest.php" line="43" assertions="1" time="0.051846"/>
          <testcase name="testTransfer" class="Bavix\WalletBench\Test\Units\SoloTest" classname="Bavix.WalletBench.Test.Units.SoloTest" file="/Users/babichev/projects/laravel-wallet-benchmark/tests/Units/SoloTest.php" line="43" assertions="1" time="0.049625"/>
          <testcase name="testTransfer" class="Bavix\WalletBench\Test\Units\SoloTest" classname="Bavix.WalletBench.Test.Units.SoloTest" file="/Users/babichev/projects/laravel-wallet-benchmark/tests/Units/SoloTest.php" line="43" assertions="1" time="0.046616"/>
          <testcase name="testTransfer" class="Bavix\WalletBench\Test\Units\SoloTest" classname="Bavix.WalletBench.Test.Units.SoloTest" file="/Users/babichev/projects/laravel-wallet-benchmark/tests/Units/SoloTest.php" line="43" assertions="1" time="0.050475"/>
          <testcase name="testTransfer" class="Bavix\WalletBench\Test\Units\SoloTest" classname="Bavix.WalletBench.Test.Units.SoloTest" file="/Users/babichev/projects/laravel-wallet-benchmark/tests/Units/SoloTest.php" line="43" assertions="1" time="0.047181"/>
          <testcase name="testTransfer" class="Bavix\WalletBench\Test\Units\SoloTest" classname="Bavix.WalletBench.Test.Units.SoloTest" file="/Users/babichev/projects/laravel-wallet-benchmark/tests/Units/SoloTest.php" line="43" assertions="1" time="0.050864"/>
          <testcase name="testTransfer" class="Bavix\WalletBench\Test\Units\SoloTest" classname="Bavix.WalletBench.Test.Units.SoloTest" file="/Users/babichev/projects/laravel-wallet-benchmark/tests/Units/SoloTest.php" line="43" assertions="1" time="0.049296"/>
          <testcase name="testTransfer" class="Bavix\WalletBench\Test\Units\SoloTest" classname="Bavix.WalletBench.Test.Units.SoloTest" file="/Users/babichev/projects/laravel-wallet-benchmark/tests/Units/SoloTest.php" line="43" assertions="1" time="0.048758"/>
          <testcase name="testTransfer" class="Bavix\WalletBench\Test\Units\SoloTest" classname="Bavix.WalletBench.Test.Units.SoloTest" file="/Users/babichev/projects/laravel-wallet-benchmark/tests/Units/SoloTest.php" line="43" assertions="1" time="0.050654"/>
          <testcase name="testTransfer" class="Bavix\WalletBench\Test\Units\SoloTest" classname="Bavix.WalletBench.Test.Units.SoloTest" file="/Users/babichev/projects/laravel-wallet-benchmark/tests/Units/SoloTest.php" line="43" assertions="1" time="0.047206"/>
          <testcase name="testTransfer" class="Bavix\WalletBench\Test\Units\SoloTest" classname="Bavix.WalletBench.Test.Units.SoloTest" file="/Users/babichev/projects/laravel-wallet-benchmark/tests/Units/SoloTest.php" line="43" assertions="1" time="0.050319"/>
          <testcase name="testTransfer" class="Bavix\WalletBench\Test\Units\SoloTest" classname="Bavix.WalletBench.Test.Units.SoloTest" file="/Users/babichev/projects/laravel-wallet-benchmark/tests/Units/SoloTest.php" line="43" assertions="1" time="0.046479"/>
          <testcase name="testTransfer" class="Bavix\WalletBench\Test\Units\SoloTest" classname="Bavix.WalletBench.Test.Units.SoloTest" file="/Users/babichev/projects/laravel-wallet-benchmark/tests/Units/SoloTest.php" line="43" assertions="1" time="0.049840"/>
          <testcase name="testTransfer" class="Bavix\WalletBench\Test\Units\SoloTest" classname="Bavix.WalletBench.Test.Units.SoloTest" file="/Users/babichev/projects/laravel-wallet-benchmark/tests/Units/SoloTest.php" line="43" assertions="1" time="0.050845"/>
          <testcase name="testTransfer" class="Bavix\WalletBench\Test\Units\SoloTest" classname="Bavix.WalletBench.Test.Units.SoloTest" file="/Users/babichev/projects/laravel-wallet-benchmark/tests/Units/SoloTest.php" line="43" assertions="1" time="0.048265"/>
          <testcase name="testTransfer" class="Bavix\WalletBench\Test\Units\SoloTest" classname="Bavix.WalletBench.Test.Units.SoloTest" file="/Users/babichev/projects/laravel-wallet-benchmark/tests/Units/SoloTest.php" line="43" assertions="1" time="0.045640"/>
          <testcase name="testTransfer" class="Bavix\WalletBench\Test\Units\SoloTest" classname="Bavix.WalletBench.Test.Units.SoloTest" file="/Users/babichev/projects/laravel-wallet-benchmark/tests/Units/SoloTest.php" line="43" assertions="1" time="0.049202"/>
          <testcase name="testTransfer" class="Bavix\WalletBench\Test\Units\SoloTest" classname="Bavix.WalletBench.Test.Units.SoloTest" file="/Users/babichev/projects/laravel-wallet-benchmark/tests/Units/SoloTest.php" line="43" assertions="1" time="0.047782"/>
          <testcase name="testTransfer" class="Bavix\WalletBench\Test\Units\SoloTest" classname="Bavix.WalletBench.Test.Units.SoloTest" file="/Users/babichev/projects/laravel-wallet-benchmark/tests/Units/SoloTest.php" line="43" assertions="1" time="0.045240"/>
          <testcase name="testTransfer" class="Bavix\WalletBench\Test\Units\SoloTest" classname="Bavix.WalletBench.Test.Units.SoloTest" file="/Users/babichev/projects/laravel-wallet-benchmark/tests/Units/SoloTest.php" line="43" assertions="1" time="0.045326"/>
          <testcase name="testTransfer" class="Bavix\WalletBench\Test\Units\SoloTest" classname="Bavix.WalletBench.Test.Units.SoloTest" file="/Users/babichev/projects/laravel-wallet-benchmark/tests/Units/SoloTest.php" line="43" assertions="1" time="0.046774"/>
          <testcase name="testTransfer" class="Bavix\WalletBench\Test\Units\SoloTest" classname="Bavix.WalletBench.Test.Units.SoloTest" file="/Users/babichev/projects/laravel-wallet-benchmark/tests/Units/SoloTest.php" line="43" assertions="1" time="0.047537"/>
          <testcase name="testTransfer" class="Bavix\WalletBench\Test\Units\SoloTest" classname="Bavix.WalletBench.Test.Units.SoloTest" file="/Users/babichev/projects/laravel-wallet-benchmark/tests/Units/SoloTest.php" line="43" assertions="1" time="0.048180"/>
          <testcase name="testTransfer" class="Bavix\WalletBench\Test\Units\SoloTest" classname="Bavix.WalletBench.Test.Units.SoloTest" file="/Users/babichev/projects/laravel-wallet-benchmark/tests/Units/SoloTest.php" line="43" assertions="1" time="0.049209"/>
          <testcase name="testTransfer" class="Bavix\WalletBench\Test\Units\SoloTest" classname="Bavix.WalletBench.Test.Units.SoloTest" file="/Users/babichev/projects/laravel-wallet-benchmark/tests/Units/SoloTest.php" line="43" assertions="1" time="0.046174"/>
          <testcase name="testTransfer" class="Bavix\WalletBench\Test\Units\SoloTest" classname="Bavix.WalletBench.Test.Units.SoloTest" file="/Users/babichev/projects/laravel-wallet-benchmark/tests/Units/SoloTest.php" line="43" assertions="1" time="0.051503"/>
          <testcase name="testTransfer" class="Bavix\WalletBench\Test\Units\SoloTest" classname="Bavix.WalletBench.Test.Units.SoloTest" file="/Users/babichev/projects/laravel-wallet-benchmark/tests/Units/SoloTest.php" line="43" assertions="1" time="0.049671"/>
          <testcase name="testTransfer" class="Bavix\WalletBench\Test\Units\SoloTest" classname="Bavix.WalletBench.Test.Units.SoloTest" file="/Users/babichev/projects/laravel-wallet-benchmark/tests/Units/SoloTest.php" line="43" assertions="1" time="0.048519"/>
          <testcase name="testTransfer" class="Bavix\WalletBench\Test\Units\SoloTest" classname="Bavix.WalletBench.Test.Units.SoloTest" file="/Users/babichev/projects/laravel-wallet-benchmark/tests/Units/SoloTest.php" line="43" assertions="1" time="0.046468"/>
          <testcase name="testTransfer" class="Bavix\WalletBench\Test\Units\SoloTest" classname="Bavix.WalletBench.Test.Units.SoloTest" file="/Users/babichev/projects/laravel-wallet-benchmark/tests/Units/SoloTest.php" line="43" assertions="1" time="0.046737"/>
          <testcase name="testTransfer" class="Bavix\WalletBench\Test\Units\SoloTest" classname="Bavix.WalletBench.Test.Units.SoloTest" file="/Users/babichev/projects/laravel-wallet-benchmark/tests/Units/SoloTest.php" line="43" assertions="1" time="0.051815"/>
          <testcase name="testTransfer" class="Bavix\WalletBench\Test\Units\SoloTest" classname="Bavix.WalletBench.Test.Units.SoloTest" file="/Users/babichev/projects/laravel-wallet-benchmark/tests/Units/SoloTest.php" line="43" assertions="1" time="0.048185"/>
          <testcase name="testTransfer" class="Bavix\WalletBench\Test\Units\SoloTest" classname="Bavix.WalletBench.Test.Units.SoloTest" file="/Users/babichev/projects/laravel-wallet-benchmark/tests/Units/SoloTest.php" line="43" assertions="1" time="0.050348"/>
          <testcase name="testTransfer" class="Bavix\WalletBench\Test\Units\SoloTest" classname="Bavix.WalletBench.Test.Units.SoloTest" file="/Users/babichev/projects/laravel-wallet-benchmark/tests/Units/SoloTest.php" line="43" assertions="1" time="0.050214"/>
        </testsuite>
      </testsuite>
      <testsuite name="Bavix\WalletBench\Test\Units\StateTest" file="/Users/babichev/projects/laravel-wallet-benchmark/tests/Units/StateTest.php" tests="25" assertions="25" errors="0" warnings="0" failures="0" skipped="0" time="32.303855">
        <testsuite name="Bavix\WalletBench\Test\Units\StateTest::testInTransaction" tests="25" assertions="25" errors="0" warnings="0" failures="0" skipped="0" time="32.303855">
          <testcase name="testInTransaction" class="Bavix\WalletBench\Test\Units\StateTest" classname="Bavix.WalletBench.Test.Units.StateTest" file="/Users/babichev/projects/laravel-wallet-benchmark/tests/Units/StateTest.php" line="24" assertions="1" time="1.286089"/>
          <testcase name="testInTransaction" class="Bavix\WalletBench\Test\Units\StateTest" classname="Bavix.WalletBench.Test.Units.StateTest" file="/Users/babichev/projects/laravel-wallet-benchmark/tests/Units/StateTest.php" line="24" assertions="1" time="1.276276"/>
          <testcase name="testInTransaction" class="Bavix\WalletBench\Test\Units\StateTest" classname="Bavix.WalletBench.Test.Units.StateTest" file="/Users/babichev/projects/laravel-wallet-benchmark/tests/Units/StateTest.php" line="24" assertions="1" time="1.286277"/>
          <testcase name="testInTransaction" class="Bavix\WalletBench\Test\Units\StateTest" classname="Bavix.WalletBench.Test.Units.StateTest" file="/Users/babichev/projects/laravel-wallet-benchmark/tests/Units/StateTest.php" line="24" assertions="1" time="1.292607"/>
          <testcase name="testInTransaction" class="Bavix\WalletBench\Test\Units\StateTest" classname="Bavix.WalletBench.Test.Units.StateTest" file="/Users/babichev/projects/laravel-wallet-benchmark/tests/Units/StateTest.php" line="24" assertions="1" time="1.297080"/>
          <testcase name="testInTransaction" class="Bavix\WalletBench\Test\Units\StateTest" classname="Bavix.WalletBench.Test.Units.StateTest" file="/Users/babichev/projects/laravel-wallet-benchmark/tests/Units/StateTest.php" line="24" assertions="1" time="1.293763"/>
          <testcase name="testInTransaction" class="Bavix\WalletBench\Test\Units\StateTest" classname="Bavix.WalletBench.Test.Units.StateTest" file="/Users/babichev/projects/laravel-wallet-benchmark/tests/Units/StateTest.php" line="24" assertions="1" time="1.281127"/>
          <testcase name="testInTransaction" class="Bavix\WalletBench\Test\Units\StateTest" classname="Bavix.WalletBench.Test.Units.StateTest" file="/Users/babichev/projects/laravel-wallet-benchmark/tests/Units/StateTest.php" line="24" assertions="1" time="1.298319"/>
          <testcase name="testInTransaction" class="Bavix\WalletBench\Test\Units\StateTest" classname="Bavix.WalletBench.Test.Units.StateTest" file="/Users/babichev/projects/laravel-wallet-benchmark/tests/Units/StateTest.php" line="24" assertions="1" time="1.303551"/>
          <testcase name="testInTransaction" class="Bavix\WalletBench\Test\Units\StateTest" classname="Bavix.WalletBench.Test.Units.StateTest" file="/Users/babichev/projects/laravel-wallet-benchmark/tests/Units/StateTest.php" line="24" assertions="1" time="1.289121"/>
          <testcase name="testInTransaction" class="Bavix\WalletBench\Test\Units\StateTest" classname="Bavix.WalletBench.Test.Units.StateTest" file="/Users/babichev/projects/laravel-wallet-benchmark/tests/Units/StateTest.php" line="24" assertions="1" time="1.304643"/>
          <testcase name="testInTransaction" class="Bavix\WalletBench\Test\Units\StateTest" classname="Bavix.WalletBench.Test.Units.StateTest" file="/Users/babichev/projects/laravel-wallet-benchmark/tests/Units/StateTest.php" line="24" assertions="1" time="1.277236"/>
          <testcase name="testInTransaction" class="Bavix\WalletBench\Test\Units\StateTest" classname="Bavix.WalletBench.Test.Units.StateTest" file="/Users/babichev/projects/laravel-wallet-benchmark/tests/Units/StateTest.php" line="24" assertions="1" time="1.300702"/>
          <testcase name="testInTransaction" class="Bavix\WalletBench\Test\Units\StateTest" classname="Bavix.WalletBench.Test.Units.StateTest" file="/Users/babichev/projects/laravel-wallet-benchmark/tests/Units/StateTest.php" line="24" assertions="1" time="1.286586"/>
          <testcase name="testInTransaction" class="Bavix\WalletBench\Test\Units\StateTest" classname="Bavix.WalletBench.Test.Units.StateTest" file="/Users/babichev/projects/laravel-wallet-benchmark/tests/Units/StateTest.php" line="24" assertions="1" time="1.290498"/>
          <testcase name="testInTransaction" class="Bavix\WalletBench\Test\Units\StateTest" classname="Bavix.WalletBench.Test.Units.StateTest" file="/Users/babichev/projects/laravel-wallet-benchmark/tests/Units/StateTest.php" line="24" assertions="1" time="1.305329"/>
          <testcase name="testInTransaction" class="Bavix\WalletBench\Test\Units\StateTest" classname="Bavix.WalletBench.Test.Units.StateTest" file="/Users/babichev/projects/laravel-wallet-benchmark/tests/Units/StateTest.php" line="24" assertions="1" time="1.286886"/>
          <testcase name="testInTransaction" class="Bavix\WalletBench\Test\Units\StateTest" classname="Bavix.WalletBench.Test.Units.StateTest" file="/Users/babichev/projects/laravel-wallet-benchmark/tests/Units/StateTest.php" line="24" assertions="1" time="1.284236"/>
          <testcase name="testInTransaction" class="Bavix\WalletBench\Test\Units\StateTest" classname="Bavix.WalletBench.Test.Units.StateTest" file="/Users/babichev/projects/laravel-wallet-benchmark/tests/Units/StateTest.php" line="24" assertions="1" time="1.298340"/>
          <testcase name="testInTransaction" class="Bavix\WalletBench\Test\Units\StateTest" classname="Bavix.WalletBench.Test.Units.StateTest" file="/Users/babichev/projects/laravel-wallet-benchmark/tests/Units/StateTest.php" line="24" assertions="1" time="1.287843"/>
          <testcase name="testInTransaction" class="Bavix\WalletBench\Test\Units\StateTest" classname="Bavix.WalletBench.Test.Units.StateTest" file="/Users/babichev/projects/laravel-wallet-benchmark/tests/Units/StateTest.php" line="24" assertions="1" time="1.287809"/>
          <testcase name="testInTransaction" class="Bavix\WalletBench\Test\Units\StateTest" classname="Bavix.WalletBench.Test.Units.StateTest" file="/Users/babichev/projects/laravel-wallet-benchmark/tests/Units/StateTest.php" line="24" assertions="1" time="1.310043"/>
          <testcase name="testInTransaction" class="Bavix\WalletBench\Test\Units\StateTest" classname="Bavix.WalletBench.Test.Units.StateTest" file="/Users/babichev/projects/laravel-wallet-benchmark/tests/Units/StateTest.php" line="24" assertions="1" time="1.293657"/>
          <testcase name="testInTransaction" class="Bavix\WalletBench\Test\Units\StateTest" classname="Bavix.WalletBench.Test.Units.StateTest" file="/Users/babichev/projects/laravel-wallet-benchmark/tests/Units/StateTest.php" line="24" assertions="1" time="1.305645"/>
          <testcase name="testInTransaction" class="Bavix\WalletBench\Test\Units\StateTest" classname="Bavix.WalletBench.Test.Units.StateTest" file="/Users/babichev/projects/laravel-wallet-benchmark/tests/Units/StateTest.php" line="24" assertions="1" time="1.280192"/>
        </testsuite>
      </testsuite>
    </testsuite>
  </testsuite>
</testsuites>
